Page 1           Source Listing                  CALDWP2
2022-02-15 16:38                                 CALDWP2.f

      1       SUBROUTINE CALDWP2(P1D,Q1D,TDWP,T1D)
      2 C$$$  SUBPROGRAM DOCUMENTATION BLOCK
      3 C                .      .    .     
      4 C SUBPROGRAM:    CALDWP2     COMPUTES 
      5 C   PRGRMMR: TREADON         ORG: W/NP2      DATE: 92-12-22
      6 C     
      7 C ABSTRACT:  COMPUTES ANEMOMETER LEVEL WINDS.  AT EACH WIND
      8 C   POINT IN THE GRID FIT A LOGRITHMIC, THEN LINEAR PROFILE 
      9 C   BETWEEN THE WIND COMPONENTS AT Z0 AND THOSE IN THE FIRST
     10 C   ATMOSPHERIC ETA LAYER.  WE MATCH THE TWO PROFILES AT A
     11 C   CRITICAL HEIGHT, ZC, MAINTAINING ZEROTH AND FIRST ORDER 
     12 C   CONTINUITY.   IF THE DISTANCE BETWEEN THE SURFACE AND 
     13 C   THE FIRST ATMOSPHERIC ETA LAYER EXCEEDS A SWITCH HEIGHT,
     14 C   ZSWITCH, WE ASSUME AN INVERSE EXPONENTIAL PROFILE BETWEEN
     15 C   THE WIND COMPONENTS AT Z0 AND THOSE IN THE FIRST ATMOSPHERIC
     16 C   ETA LAYER.  THIS INVERSE EXPONENTIAL PROFILE WAS A TEMPORARY
     17 C   FIX TO AVOID UNREASONABLY SMALL ANEMOMETER LEVEL WINDS.
     18 C   .     
     19 C     
     20 C PROGRAM HISTORY LOG:
     21 C   92-12-22  RUSS TREADON
     22 C   93-10-04  RUSS TREADON - ADDED CHECK TO BOUND DEWPOINT
     23 C                            TEMPERATURE TO NOT EXCEED THE
     24 C                            AMBIENT TEMPERATURE.
     25 C   98-06-08  T BLACK      - CONVERSION FROM 1-D TO 2-D
     26 C   00-01-04  JIM TUCCILLO - MPI VERSION                
     27 C     
     28 C USAGE:    CALL CALDWP2(P1D,Q1D,TDWP,T1D)
     29 C   INPUT ARGUMENT LIST:
     30 C     P1D      - PRESSURE (PA)
     31 C     Q1D      - SPECIFIC HUMIDITY (KG/KG)
     32 C     T1D      - TEMPERATURE (K)
     33 C
     34 C   OUTPUT ARGUMENT LIST: 
     35 C     TDWP     - DEWPOINT TEMPERATURE (K)
     36 
     37 C     
     38 C   OUTPUT FILES:
     39 C     NONE
     40 C     
     41 C   SUBPROGRAMS CALLED:
     42 C     UTILITIES:
     43 C       DEWPOINT - COMPUTES DEWPOINT GIVEN VAPOR PRESSURE.
     44 C     LIBRARY:
     45 C       NONE
     46 C     
     47 C   ATTRIBUTES:
     48 C     LANGUAGE: FORTRAN 90
     49 C     MACHINE : CRAY C-90
     50 C$$$  
     51 C
     52 C
     53 C     SET PARAMETERS.
     54       INCLUDE "parmeta" 
     72       INCLUDE "params"
    114       INCLUDE "CTLBLK.comm"
    115 C     

Page 2           Source Listing                  CALDWP2
2022-02-15 16:38                                 CALDWP2.f

    116 C     DECLARE VARIABLES.
    117 C     
    132       REAL EVP(IM,JM),P1D(IM,JM),Q1D(IM,JM),TDWP(IM,JM),T1D(IM,JM)
    133 C     
    134 C     
    135 C****************************************************************************
    136 C     START CALDWP2 HERE.
    137 C     
    138 C     COMPUTE VAPOR PRESSURE.  CONVERT TO CENITBARS.
    139 C     
    140       DO J=JSTA,JEND
    141       DO I=1,IM
    142         EVP(I,J) = P1D(I,J)*Q1D(I,J)/(EPS+ONEPS*Q1D(I,J))
    143         EVP(I,J) = EVP(I,J)*D001
    144         EVP(I,J) = AMAX1(H1M12,EVP(I,J))
    145       ENDDO
    146       ENDDO
    147 C     
    148 C     COMPUTE DEWPOINT TEMPERATURE.
    149 C     
    150       CALL DEWPOINT(EVP,TDWP,IM,JM)
    151 C     
    152 C     ENSURE DEWPOINT TEMPERATURE DOES NOT EXCEED AMBIENT TEMPERATURE.
    153 C     
    154       DO J=JSTA,JEND
    155       DO I=1,IM
    156         IF (TDWP(I,J).GT.T1D(I,J)) TDWP(I,J) = T1D(I,J)
    157       ENDDO
    158       ENDDO
    159 C
    160 C     END OF ROUTINE.
    161 C     
    162       RETURN
    163       END

Page 3           Source Listing                  CALDWP2
2022-02-15 16:38 Entry Points                    CALDWP2.f



ENTRY POINTS

  Name                
                      
 caldwp2_             


SYMBOL CROSS REFERENCE

 Name                       Object Declared Type            Bytes Dimen Elements Attributes       References                        
                                                                                                                                    
 A2                         Param  113      R(4)            4           scalar                                                      
 A3                         Param  113      R(4)            4           scalar                                                      
 A4                         Param  113      R(4)            4           scalar                                                      
 AD05                       Param  105      R(4)            4           scalar                                                      
 AMAX1                      Func   144                                  scalar                    144                               
 BETA                       Param  109      R(4)            4           scalar                    109                               
 BTG                        Param  109      R(4)            4           scalar                                                      
 CALDWP2                    Subr   1                                                                                                
 CAPA                       Param  100      R(4)            4           scalar                    107                               
 CFT0                       Param  105      R(4)            4           scalar                                                      
 CM1                        Param  95       R(4)            4           scalar                                                      
 CM2                        Param  95       R(4)            4           scalar                                                      
 CM3                        Param  95       R(4)            4           scalar                                                      
 CP                         Param  106      R(4)            4           scalar                    108,112                           
 CPDR                       Param  108      R(4)            4           scalar                                                      
 CTLBLK                     Common 119                                  96       SAVE                                               
 D00                        Param  97       R(4)            4           scalar                                                      
 D001                       Param  97       R(4)            4           scalar                    143                               
 D0065                      Param  101      R(4)            4           scalar                                                      
 D01                        Param  97       R(4)            4           scalar                                                      
 D05                        Param  101      R(4)            4           scalar                    105                               
 D1                         Param  97       R(4)            4           scalar                                                      
 D115                       Param  101      R(4)            4           scalar                                                      
 D125                       Param  99       R(4)            4           scalar                                                      
 D25                        Param  99       R(4)            4           scalar                                                      
 D50                        Param  97       R(4)            4           scalar                                                      
 D608                       Param  101      R(4)            4           scalar                                                      
 DEWPOINT                   Subr   150                                                            150                               
 DP10M                      Param  107      R(4)            4           scalar                                                      
 DTR                        Param  106      R(4)            4           scalar                    106                               
 ELDR                       Param  108      R(4)            4           scalar                                                      
 ELWV                       Param  108      R(4)            4           scalar                    108                               
 EPS                        Param  111      R(4)            4           scalar                    111,142                           
 EPSQ2                      Param  112      R(4)            4           scalar                                                      
 ERAD                       Param  106      R(4)            4           scalar                                                      
 EVP                        Local  132      R(4)            4     2     91719                     142,143,144,150                   
 FMD                        Param  111      R(4)            4           scalar                    111                               
 FMW                        Param  111      R(4)            4           scalar                    111                               
 G                          Param  104      R(4)            4           scalar                    104                               
 GI                         Param  104      R(4)            4           scalar                    108                               
 H1                         Param  98       R(4)            4           scalar                    105                               
 H100                       Param  99       R(4)            4           scalar                                                      
 H1000                      Param  99       R(4)            4           scalar                                                      
 H10000                     Param  100      R(4)            4           scalar                                                      

Page 4           Source Listing                  CALDWP2
2022-02-15 16:38 Symbol Table                    CALDWP2.f

 Name                       Object Declared Type            Bytes Dimen Elements Attributes       References                        
                                                                                                                                    
 H10E5                      Param  100      R(4)            4           scalar                                                      
 H1E2                       Param  102      R(4)            4           scalar                                                      
 H1E4                       Param  102      R(4)            4           scalar                                                      
 H1M12                      Param  98       R(4)            4           scalar                    144                               
 H1M2                       Param  102      R(4)            4           scalar                                                      
 H1M5                       Param  99       R(4)            4           scalar                                                      
 H2                         Param  98       R(4)            4           scalar                                                      
 H4                         Param  98       R(4)            4           scalar                                                      
 H999                       Param  97       R(4)            4           scalar                                                      
 H99999                     Param  98       R(4)            4           scalar                                                      
 I                          Local  141      I(4)            4           scalar                    141,142,143,144,155,156           
 IDIM1                      Param  68       I(4)            4           scalar                                                      
 IDIM2                      Param  68       I(4)            4           scalar                                                      
 IGSTL                      Param  63       I(4)            4           scalar                    68                                
 IGSTR                      Param  63       I(4)            4           scalar                    68                                
 IM                         Param  57       I(4)            4           scalar                    65,68,76,78,79,81,132,141,150,155 
 IM1                        Param  78       I(4)            4           scalar                                                      
 IMT                        Param  76       I(4)            4           scalar                                                      
 INPES                      Param  60       I(4)            4           scalar                    65,68                             
 ITAIL                      Param  65       I(4)            4           scalar                                                      
 J                          Local  140      I(4)            4           scalar                    140,142,143,144,154,156           
 JAM                        Param  78       I(4)            4           scalar                                                      
 JDIM1                      Param  69       I(4)            4           scalar                                                      
 JDIM2                      Param  69       I(4)            4           scalar                                                      
 JGSTL                      Param  64       I(4)            4           scalar                    69                                
 JGSTR                      Param  64       I(4)            4           scalar                    69                                
 JM                         Param  57       I(4)            4           scalar                    66,69,76,78,81,132,150            
 JM2                        Param  78       I(4)            4           scalar                                                      
 JMT                        Param  76       I(4)            4           scalar                                                      
 JNPES                      Param  60       I(4)            4           scalar                    66,69                             
 JTAIL                      Param  66       I(4)            4           scalar                                                      
 KSAV                       Param  86       I(4)            4           scalar                                                      
 KSFI                       Param  85       I(4)            4           scalar                                                      
 KSLI                       Param  86       I(4)            4           scalar                                                      
 KSLP                       Param  86       I(4)            4           scalar                                                      
 KSLPD                      Param  85       I(4)            4           scalar                                                      
 KSMUD                      Param  85       I(4)            4           scalar                                                      
 KSRH                       Param  86       I(4)            4           scalar                                                      
 KSSLP                      Param  85       I(4)            4           scalar                                                      
 KST                        Param  85       I(4)            4           scalar                                                      
 KSUV                       Param  86       I(4)            4           scalar                                                      
 LB                         Param  81       I(4)            4           scalar                                                      
 LHEAT                      Param  112      I(4)            4           scalar                    112                               
 LHTOCP                     Param  112      I(4)            4           scalar                                                      
 LM                         Param  57       I(4)            4           scalar                    80,91                             
 LM1                        Param  80       I(4)            4           scalar                                                      
 LP1                        Param  80       I(4)            4           scalar                                                      
 LSM                        Param  57       I(4)            4           scalar                                                      
 NINC                       Param  79       I(4)            4           scalar                                                      
 NSTAT                      Param  91       I(4)            4           scalar                                                      
 NSUMD                      Param  87       I(4)            4           scalar                                                      
 NWORD                      Param  91       I(4)            4           scalar                    91                                
 NWORD3                     Param  91       I(4)            4           scalar                                                      
 NWORD6                     Param  91       I(4)            4           scalar                                                      
 ONEPS                      Param  111      R(4)            4           scalar                    142                               

Page 5           Source Listing                  CALDWP2
2022-02-15 16:38 Symbol Table                    CALDWP2.f

 Name                       Object Declared Type            Bytes Dimen Elements Attributes       References                        
                                                                                                                                    
 OVERRC                     Param  105      R(4)            4           scalar                    105                               
 P1000                      Param  107      R(4)            4           scalar                                                      
 P1D                        Dummy  1        R(4)            4     2     91719    ARG,INOUT        142                               
 PARALLEL                   Common 126                                  8240                                                        
 PQ0                        Param  113      R(4)            4           scalar                                                      
 Q1D                        Dummy  1        R(4)            4     2     91719    ARG,INOUT        142                               
 RCAPA                      Param  107      R(4)            4           scalar                                                      
 RD                         Param  104      R(4)            4           scalar                    104,108,112                       
 RDOCP                      Param  112      R(4)            4           scalar                                                      
 RG                         Param  108      R(4)            4           scalar                                                      
 ROG                        Param  104      R(4)            4           scalar                                                      
 RTD                        Param  106      R(4)            4           scalar                                                      
 SMTHA                      Param  87       R(4)            4           scalar                                                      
 SMTHB                      Param  87       R(4)            4           scalar                                                      
 T1D                        Dummy  1        R(4)            4     2     91719    ARG,INOUT        156                               
 TDWP                       Dummy  1        R(4)            4     2     91719    ARG,INOUT        150,156                           
 TFRZ                       Param  111      R(4)            4           scalar                                                      


TYPE COMPONENTS/COMMON VARIABLES

 Name                       Type            Bytes Offset   Dimen Elements Attributes       References                         
                                                                                                                              
 DT                         R(4)            4     48             scalar   COM                                                 
 FIRST                      R(4)            4     24             scalar   COM                                                 
 ICNT                       I(4)            4     40       1     1024     COM                                                 
 IDAT                       I(4)            4     8        1     3        COM                                                 
 IDN                        I(4)            4     36             scalar   COM                                                 
 IDSP                       I(4)            4     4136     1     1024     COM                                                 
 IDTAD                      I(4)            4     68             scalar   COM                                                 
 IHRST                      I(4)            4     20             scalar   COM                                                 
 IOUT                       I(4)            4     44             scalar   COM                                                 
 IUP                        I(4)            4     32             scalar   COM                                                 
 JEND                       I(4)            4     12             scalar   COM              140,154                            
 JEND_2U                    I(4)            4     8236           scalar   COM                                                 
 JEND_M                     I(4)            4     20             scalar   COM                                                 
 JEND_M2                    I(4)            4     28             scalar   COM                                                 
 JSTA                       I(4)            4     8              scalar   COM              140,154                            
 JSTA_2L                    I(4)            4     8232           scalar   COM                                                 
 JSTA_M                     I(4)            4     16             scalar   COM                                                 
 JSTA_M2                    I(4)            4     24             scalar   COM                                                 
 LIST                       I(4)            4     40             scalar   COM                                                 
 ME                         I(4)            4     4              scalar   COM                                                 
 NBC                        I(4)            4     36             scalar   COM                                                 
 NBOCO                      I(4)            4     72             scalar   COM                                                 
 NCP                        I(4)            4     80             scalar   COM                                                 
 NDDAMP                     I(4)            4     60             scalar   COM                                                 
 NFCST                      I(4)            4     32             scalar   COM                                                 
 NPHS                       I(4)            4     84             scalar   COM                                                 
 NPREC                      I(4)            4     64             scalar   COM                                                 
 NRADL                      I(4)            4     92             scalar   COM                                                 
 NRADS                      I(4)            4     88             scalar   COM                                                 
 NSHDE                      I(4)            4     76             scalar   COM                                                 
 NTSD                       I(4)            4     52             scalar   COM                                                 
 NTSTM                      I(4)            4     56             scalar   COM                                                 

Page 6           Source Listing                  CALDWP2
2022-02-15 16:38 Symbol Table                    CALDWP2.f

 Name                       Type            Bytes Offset   Dimen Elements Attributes       References                         
                                                                                                                              
 NUM_PROCS                  I(4)            4     0              scalar   COM                                                 
 RESTRT                     R(4)            4     28             scalar   COM                                                 
 RUN                        R(4)            4     4              scalar   COM                                                 
 SIGMA                      R(4)            4     0              scalar   COM                                                 

Page 7           Source Listing                  CALDWP2
2022-02-15 16:38 Subprograms/Common Blocks       CALDWP2.f



SUBPROGRAMS/COMMON BLOCKS

 Name                       Object Declared Type            Bytes Dimen Elements Attributes       References                        
                                                                                                                                    
 CALDWP2                    Subr   1                                                                                                
 CTLBLK                     Common 119                                  96       SAVE                                               
 PARALLEL                   Common 126                                  8240                                                        

COMPILER OPTIONS BEING USED

       -align noall                          -align nonone
       -align nocommons                      -align nodcommons
       -align noqcommons                     -align nozcommons
       -align records                        -align nosequence
       -align norec1byte                     -align norec2byte
       -align norec4byte                     -align norec8byte
       -align norec16byte                    -align norec32byte
       -align norec64byte                    -align noarray8byte
       -align noarray16byte                  -align noarray32byte
       -align noarray64byte                  -align noarray128byte
       -align noarray256byte                 -altparam
       -assume accuracy_sensitive            -assume nobscc
       -assume nobuffered_io                 -assume nobuffered_stdout
       -assume byterecl                      -assume nocontiguous_assumed_shape
       -assume nocontiguous_pointer          -assume nocc_omp
       -assume nocstring                     -assume nodummy_aliases
       -assume nofpe_summary                 -assume noieee_fpe_flags
       -assume nominus0                      -assume noold_boz
       -assume old_complex_align             -assume old_unit_star
       -assume old_inquire_recl              -assume old_ldout_format
       -assume old_ldout_zero                -assume noold_logical_assign
       -assume noold_logical_ldio            -assume old_maxminloc
       -assume old_xor                       -assume noprotect_allocates
       -assume protect_constants             -assume noprotect_parens
       -assume split_common                  -assume source_include
       -assume nostd_intent_in               -assume std_minus0_rounding
       -assume nostd_mod_proc_name           -assume std_value
       -assume realloc_lhs                   -assume underscore
       -assume no2underscores                -assume norecursion
  no   -auto                                 -auto_scalar
  no   -bintext                              -ccdefault default
       -check noarg_temp_created             -check noassume
       -check nobounds                       -check nocontiguous
       -check noformat                       -check nooutput_conversion
       -check nooverflow                     -check nopointers
       -check noshape                        -check nostack
       -check nouninitialized                -check noudio_iostat
       -coarray-num-procs 0             no   -coarray-config-file
       -convert big_endian                   -cross_reference
       -D __INTEL_COMPILER=1910              -D __INTEL_COMPILER_UPDATE=3
       -D __unix__                           -D __unix
       -D __linux__                          -D __linux
       -D __gnu_linux__                      -D unix
       -D linux                              -D __ELF__
       -D __x86_64                           -D __x86_64__

Page 8           Source Listing                  CALDWP2
2022-02-15 16:38                                 CALDWP2.f

       -D __amd64                            -D __amd64__
       -D __INTEL_COMPILER_BUILD_DATE=20200925       -D __INTEL_OFFLOAD
       -D __MMX__                            -D __SSE__
       -D __SSE_MATH__                       -D __SSE2__
       -D __SSE2_MATH__                      -D __SSE3__
       -D __SSSE3__                          -D __SSE4_1__
       -D __SSE4_2__                         -D __POPCNT__
       -D __PCLMUL__                         -D __AES__
       -D __AVX__                            -D __F16C__
       -D __AVX_I__                          -D __RDRND__
       -D __FMA__                            -D __FP_FAST_FMA
       -D __FP_FAST_FMAF                     -D __BMI__
       -D __LZCNT__                          -D __AVX2__
       -D __haswell                          -D __haswell__
       -D __tune_haswell__                   -D __core_avx2
       -D __core_avx2__                      -D __tune_core_avx2__
       -D __CRAY_X86_ROME                    -D __CRAYXT_COMPUTE_LINUX_TARGET
       -double_size 64                  no   -d_lines
  no   -Qdyncom                              -error_limit 30
  no   -f66                             no   -f77rtl
  no   -fast                                 -fpscomp nofilesfromcmd
       -fpscomp nogeneral                    -fpscomp noioformat
       -fpscomp noldio_spacing               -fpscomp nologicals
       -fixed                           no   -fpconstant
       -fpe3                                 -fprm nearest
  no   -ftz                                  -fp_model noprecise
       -fp_model fast                        -fp_model nostrict
       -fp_model nosource                    -fp_model nodouble
       -fp_model noextended                  -fp_model novery_fast
       -fp_model noexcept                    -fp_model nono_except
       -heap_arrays 0                   no   -threadprivate_compat
       -g2                                   -iface nomixed_str_len_arg
       -iface nono_mixed_str_len_arg         -init noarrays
       -init nohuge                          -init noinfinity
       -init nominus_huge                    -init nominus_infinity
       -init nominus_tiny                    -init nonan
       -init nosnan                          -init notiny
       -init nozero                     no   -intconstant
       -integer_size 32                 no   -mixed_str_len_arg
  no   -module                               -names lowercase
  no   -noinclude                       no   -o
       -offload-build=host                   -openmp-simd
       -O2                              no   -pad_source
       -real_size 32                    no   -recursive
       -reentrancy threaded                  -vec=simd
       -show nofullpath                      -show noinclude
       -show map                             -show options
  no   -syntax_only                     no   -threadcom
  no   -U                               no   -vms
       -w noall                              -w nonone
       -w alignments                         -w nodeclarations
       -w noexternals                        -w general
       -w noignore_bounds                    -w noignore_loc
       -w nointerfaces                       -w noshape
       -w notruncated_source                 -w uncalled
       -w uninitialized                      -w nounused
       -w usage                         no   -wrap-margins

Page 9           Source Listing                  CALDWP2
2022-02-15 16:38                                 CALDWP2.f

       -includepath : /pe/intel/compilers_and_libraries_2020.4.304/linux/pstl/include/,/pe/intel/compilers_and_libraries_2020.4.304/linux/compiler/include/,
           .f90,./.f90,/opt/cray/pe/mpich/8.1.9/ofi/intel/19.0/include/.f90,/pe/intel/compilers_and_libraries_2020.4.304/linux/ipp/include/.f90,
           /pe/intel/compilers_and_libraries_2020.4.304/linux/mkl/include/.f90,/pe/intel/compilers_and_libraries_2020.4.304/linux/pstl/include/.f90,
           /pe/intel/compilers_and_libraries_2020.4.304/linux/pstl/stdlib/.f90,/pe/intel/compilers_and_libraries_2020.4.304/linux/tbb/include/.f90,
           /pe/intel/compilers_and_libraries_2020.4.304/linux/compiler/include/intel64/.f90,/pe/intel/compilers_and_libraries_2020.4.304/linux/compiler/include/icc/.f90,
           /pe/intel/compilers_and_libraries_2020.4.304/linux/compiler/include/.f90,/usr/lib64/gcc/x86_64-suse-linux/7/include/.f90,
           /usr/lib64/gcc/x86_64-suse-linux/7/include-fixed/.f90,/usr/include/.f90,/usr/include/.f90,/usr/include/.f90
       -list filename : CALDWP2.lst
  no   -o

COMPILER: Intel(R) Fortran 19.1-1655
