Page 1           Source Listing                  CHR2INT
2022-02-15 16:38                                 CHR2INT.f

      1       SUBROUTINE CHR2INT(CHR,ILEN,IVAL)
      2 C$$$  SUBPROGRAM DOCUMENTATION BLOCK
      3 C                .      .    .     
      4 C SUBPROGRAM:    CHR2INT     CONVERTS CHR STRING TO INTEGER
      5 C   PRGRMMR: TREADON         ORG: W/NP2      DATE: 92-12-31
      6 C     
      7 C ABSTRACT:  
      8 C     GIVEN A CHARACTER STRING, CHR, OF LENGTH LEN CONTAINING
      9 C     INTEGERS OR BLANKS, THIS ROUTINE RETURNS THE INTEGER
     10 C     VALUE IN IVAL.
     11 C   .     
     12 C     
     13 C PROGRAM HISTORY LOG:
     14 C   92-12-31  RUSS TREADON
     15 C     
     16 C USAGE:    CALL CHR2INT(CHR,ILEN,IVAL)
     17 C   INPUT ARGUMENT LIST:
     18 C     CHR      - CHARACTER STRING CONTAINING INTEGERS OR BLANKS.
     19 C     LEN      - LENGTH OF CHR.
     20 C
     21 C   OUTPUT ARGUMENT LIST: 
     22 C     IVAL     - INTEGER EQUIVALENT TO CHR.
     23 C     
     24 C   OUTPUT FILES:
     25 C     NONE
     26 C     
     27 C   SUBPROGRAMS CALLED:
     28 C     UTILITIES:
     29 C       NONE
     30 C     LIBRARY:
     31 C       NONE
     32 C     
     33 C   ATTRIBUTES:
     34 C     LANGUAGE: FORTRAN
     35 C     MACHINE : CRAY C-90
     36 C$$$  
     37 C     
     38 C     
     39 C     SET PARAMETER IOFF.  IOFF IS THE ASCII CODE FOR
     40 C     THE ZERO CHARACTER.  CHARACTERS 48 THROUGH 57
     41 C     ARE INTEGER 0 THROUGH 9, RESPECTIVELY.
     42 C
     43       PARAMETER (IOFF=48)
     44 C
     45 C     DECLARE VARIABLES.
     46 C     
     47       CHARACTER CHR*(*)
     48 C
     49 C     
     50 C***********************************************************************
     51 C     START CHR2INT HERE.
     52 C     
     53 C     LOOP OVER LENGTH OF CHARACTER STRING. CONSTRUCT
     54 C     THE INTEGER EQUIVALENT TO THE INTEGER IN THE 
     55 C     CHARACTER STRING.
     56 C     
     57       ISUM = 0

Page 2           Source Listing                  CHR2INT
2022-02-15 16:38                                 CHR2INT.f

     58       isum1 = 0
     59         write(*,*) '>> IPOS=',ilen
     60 
     61       DO IPOS = 1,ilen
     62          ICVAL = ICHAR(CHR(IPOS:IPOS))
     63          IF ((ICVAL.GE.48).AND.(ICVAL.LE.57)) THEN
     64             isum1 = isum1 * 10 + (icval-ioff)
     65          endif
     66       enddo
     67           
     68 
     69       DO 10 IPOS = ILEN,1,-1
     70         write(*,*) '>> ILEN,IPOS=',ilen,ipos,chr(IPOS:IPOS)
     71          ICVAL = ICHAR(CHR(IPOS:IPOS))
     72         write(*,*) '>>ICVAL=',ICVAL
     73 
     74          IPOWER = ILEN-IPOS
     75          IF ((ICVAL.GE.48).AND.(ICVAL.LE.57)) THEN
     76             INTVAL = ICVAL-IOFF
     77             ISUM = ISUM + INTVAL*10**IPOWER
     78          ENDIF
     79  10   CONTINUE
     80         write(*,*) '>>isum=',isum1,isum
     81 
     82 C     
     83 C     SET INTEGER VALUE.
     84 C
     85       IVAL = ISUM
     86 C     
     87 C     END OF ROUTINE.
     88 C     
     89       RETURN
     90       END

Page 3           Source Listing                  CHR2INT
2022-02-15 16:38 Entry Points                    CHR2INT.f



ENTRY POINTS

  Name                
                      
 chr2int_             


SYMBOL CROSS REFERENCE

 Name                       Object Declared Type            Bytes Dimen Elements Attributes       References                        
                                                                                                                                    
 10                         Label  79                                                             69                                
 CHR                        Dummy  1        CHAR                        scalar   ARG,INOUT        62,70,71                          
 CHR2INT                    Subr   1                                                                                                
 ICHAR                      Func   62                                   scalar                    62,71                             
 ICVAL                      Local  62       I(4)            4           scalar                    62,63,64,71,72,75,76              
 ILEN                       Dummy  1        I(4)            4           scalar   ARG,INOUT        59,61,69,70,74                    
 INTVAL                     Local  76       I(4)            4           scalar                    76,77                             
 IOFF                       Param  43       I(4)            4           scalar                    64,76                             
 IPOS                       Local  61       I(4)            4           scalar                    61,62,69,70,71,74                 
 IPOWER                     Local  74       I(4)            4           scalar                    74,77                             
 ISUM                       Local  57       I(4)            4           scalar                    57,77,80,85                       
 ISUM1                      Local  58       I(4)            4           scalar                    58,64,80                          
 IVAL                       Dummy  1        I(4)            4           scalar   ARG,INOUT        85                                

Page 4           Source Listing                  CHR2INT
2022-02-15 16:38 Subprograms/Common Blocks       CHR2INT.f



SUBPROGRAMS/COMMON BLOCKS

 Name                       Object Declared Type            Bytes Dimen Elements Attributes       References                        
                                                                                                                                    
 CHR2INT                    Subr   1                                                                                                

COMPILER OPTIONS BEING USED

       -align noall                          -align nonone
       -align nocommons                      -align nodcommons
       -align noqcommons                     -align nozcommons
       -align records                        -align nosequence
       -align norec1byte                     -align norec2byte
       -align norec4byte                     -align norec8byte
       -align norec16byte                    -align norec32byte
       -align norec64byte                    -align noarray8byte
       -align noarray16byte                  -align noarray32byte
       -align noarray64byte                  -align noarray128byte
       -align noarray256byte                 -altparam
       -assume accuracy_sensitive            -assume nobscc
       -assume nobuffered_io                 -assume nobuffered_stdout
       -assume byterecl                      -assume nocontiguous_assumed_shape
       -assume nocontiguous_pointer          -assume nocc_omp
       -assume nocstring                     -assume nodummy_aliases
       -assume nofpe_summary                 -assume noieee_fpe_flags
       -assume nominus0                      -assume noold_boz
       -assume old_complex_align             -assume old_unit_star
       -assume old_inquire_recl              -assume old_ldout_format
       -assume old_ldout_zero                -assume noold_logical_assign
       -assume noold_logical_ldio            -assume old_maxminloc
       -assume old_xor                       -assume noprotect_allocates
       -assume protect_constants             -assume noprotect_parens
       -assume split_common                  -assume source_include
       -assume nostd_intent_in               -assume std_minus0_rounding
       -assume nostd_mod_proc_name           -assume std_value
       -assume realloc_lhs                   -assume underscore
       -assume no2underscores                -assume norecursion
  no   -auto                                 -auto_scalar
  no   -bintext                              -ccdefault default
       -check noarg_temp_created             -check noassume
       -check nobounds                       -check nocontiguous
       -check noformat                       -check nooutput_conversion
       -check nooverflow                     -check nopointers
       -check noshape                        -check nostack
       -check nouninitialized                -check noudio_iostat
       -coarray-num-procs 0             no   -coarray-config-file
       -convert big_endian                   -cross_reference
       -D __INTEL_COMPILER=1910              -D __INTEL_COMPILER_UPDATE=3
       -D __unix__                           -D __unix
       -D __linux__                          -D __linux
       -D __gnu_linux__                      -D unix
       -D linux                              -D __ELF__
       -D __x86_64                           -D __x86_64__
       -D __amd64                            -D __amd64__
       -D __INTEL_COMPILER_BUILD_DATE=20200925       -D __INTEL_OFFLOAD

Page 5           Source Listing                  CHR2INT
2022-02-15 16:38                                 CHR2INT.f

       -D __MMX__                            -D __SSE__
       -D __SSE_MATH__                       -D __SSE2__
       -D __SSE2_MATH__                      -D __SSE3__
       -D __SSSE3__                          -D __SSE4_1__
       -D __SSE4_2__                         -D __POPCNT__
       -D __PCLMUL__                         -D __AES__
       -D __AVX__                            -D __F16C__
       -D __AVX_I__                          -D __RDRND__
       -D __FMA__                            -D __FP_FAST_FMA
       -D __FP_FAST_FMAF                     -D __BMI__
       -D __LZCNT__                          -D __AVX2__
       -D __haswell                          -D __haswell__
       -D __tune_haswell__                   -D __core_avx2
       -D __core_avx2__                      -D __tune_core_avx2__
       -D __CRAY_X86_ROME                    -D __CRAYXT_COMPUTE_LINUX_TARGET
       -double_size 64                  no   -d_lines
  no   -Qdyncom                              -error_limit 30
  no   -f66                             no   -f77rtl
  no   -fast                                 -fpscomp nofilesfromcmd
       -fpscomp nogeneral                    -fpscomp noioformat
       -fpscomp noldio_spacing               -fpscomp nologicals
       -fixed                           no   -fpconstant
       -fpe3                                 -fprm nearest
  no   -ftz                                  -fp_model noprecise
       -fp_model fast                        -fp_model nostrict
       -fp_model nosource                    -fp_model nodouble
       -fp_model noextended                  -fp_model novery_fast
       -fp_model noexcept                    -fp_model nono_except
       -heap_arrays 0                   no   -threadprivate_compat
       -g2                                   -iface nomixed_str_len_arg
       -iface nono_mixed_str_len_arg         -init noarrays
       -init nohuge                          -init noinfinity
       -init nominus_huge                    -init nominus_infinity
       -init nominus_tiny                    -init nonan
       -init nosnan                          -init notiny
       -init nozero                     no   -intconstant
       -integer_size 32                 no   -mixed_str_len_arg
  no   -module                               -names lowercase
  no   -noinclude                       no   -o
       -offload-build=host                   -openmp-simd
       -O2                              no   -pad_source
       -real_size 32                    no   -recursive
       -reentrancy threaded                  -vec=simd
       -show nofullpath                      -show noinclude
       -show map                             -show options
  no   -syntax_only                     no   -threadcom
  no   -U                               no   -vms
       -w noall                              -w nonone
       -w alignments                         -w nodeclarations
       -w noexternals                        -w general
       -w noignore_bounds                    -w noignore_loc
       -w nointerfaces                       -w noshape
       -w notruncated_source                 -w uncalled
       -w uninitialized                      -w nounused
       -w usage                         no   -wrap-margins

       -includepath : /pe/intel/compilers_and_libraries_2020.4.304/linux/pstl/include/,/pe/intel/compilers_and_libraries_2020.4.304/linux/compiler/include/,

Page 6           Source Listing                  CHR2INT
2022-02-15 16:38                                 CHR2INT.f

           .f90,./.f90,/opt/cray/pe/mpich/8.1.9/ofi/intel/19.0/include/.f90,/pe/intel/compilers_and_libraries_2020.4.304/linux/ipp/include/.f90,
           /pe/intel/compilers_and_libraries_2020.4.304/linux/mkl/include/.f90,/pe/intel/compilers_and_libraries_2020.4.304/linux/pstl/include/.f90,
           /pe/intel/compilers_and_libraries_2020.4.304/linux/pstl/stdlib/.f90,/pe/intel/compilers_and_libraries_2020.4.304/linux/tbb/include/.f90,
           /pe/intel/compilers_and_libraries_2020.4.304/linux/compiler/include/intel64/.f90,/pe/intel/compilers_and_libraries_2020.4.304/linux/compiler/include/icc/.f90,
           /pe/intel/compilers_and_libraries_2020.4.304/linux/compiler/include/.f90,/usr/lib64/gcc/x86_64-suse-linux/7/include/.f90,
           /usr/lib64/gcc/x86_64-suse-linux/7/include-fixed/.f90,/usr/include/.f90,/usr/include/.f90,/usr/include/.f90
       -list filename : CHR2INT.lst
  no   -o

COMPILER: Intel(R) Fortran 19.1-1655
