Page 1           Source Listing                  COEFI
2022-02-15 16:38                                 COEFI.f

      1       SUBROUTINE COEFI(ARRX,IDIM,JDIM,I,J,C1,C2,C3,C4)
      2 C$$$  SUBPROGRAM DOCUMENTATION BLOCK
      3 C                .      .    .     
      4 C SUBPROGRAM:    COEFI       INTRP WGTS FOR FILLED E-GRID ROWS
      5 C   PRGRMMR: TREADON         ORG: W/NP2 
      6 C     
      7 C ABSTRACT:  
      8 C     THIS ROUTINE RETURNS WEIGHTED E-GRID VALUES FOR CUBIC
      9 C     INTERPOLATION OF ROWS ON FILLED E-GRID.
     10 C   .     
     11 C     
     12 C PROGRAM HISTORY LOG:
     13 C   93-05-12  RUSS TREADON
     14 C     
     15 C USAGE:    CALL COEFI(ARRX,IDIM,JDIM,I,J,C1,C2,C3,C4)
     16 C   INPUT ARGUMENT LIST:
     17 C     ARRX     - ARRAY TO CONTAIN FILLED E-GRID.
     18 C     IDIM     - 2*IM-1, FIRST DIMENSION OF ARRX
     19 C     JDIM     - JM, SECOND DIMENSION OF ARRX
     20 C     I        - TARGET POINT I INDEX
     21 C     J        - TARGET POINT J INDEX
     22 C
     23 C   OUTPUT ARGUMENT LIST: 
     24 C     C1,C2,C3,C4 - WEIGHTED FILLED E-GRID VALUES.
     25 C
     26 C   OUTPUT FILES:
     27 C     NONE
     28 C     
     29 C   SUBPROGRAMS CALLED:
     30 C     UTILITIES:
     31 C       NONE
     32 C     LIBRARY:
     33 C       NONE
     34 C     
     35 C   ATTRIBUTES:
     36 C     LANGUAGE: FORTRAN
     37 C     MACHINE : CRAY C-90
     38 C$$$  
     39 C
     40       PARAMETER (C11=.166667,C12=-.5,C13=.5,C14=-.166667)
     41       PARAMETER (C21=-1.,C22=3.5,C23=-4.,C24=1.5)
     42       PARAMETER (C31=1.833333,C32=-7.,C33=9.5,C34=-4.333333)
     43       PARAMETER (C41=-1.,C42=4.,C43=-6.,C44=4.)
     44       DIMENSION ARRX(IDIM,JDIM)
     45       C1=C11*ARRX(I+6,J)+C12*ARRX(I+4,J)+C13*ARRX(I+2,J)+C14*ARRX(I,J)
     46       C2=C21*ARRX(I+6,J)+C22*ARRX(I+4,J)+C23*ARRX(I+2,J)+C24*ARRX(I,J)
     47       C3=C31*ARRX(I+6,J)+C32*ARRX(I+4,J)+C33*ARRX(I+2,J)+C34*ARRX(I,J)
     48       C4=C41*ARRX(I+6,J)+C42*ARRX(I+4,J)+C43*ARRX(I+2,J)+C44*ARRX(I,J)
     49       RETURN
     50       END

Page 2           Source Listing                  COEFI
2022-02-15 16:38 Entry Points                    COEFI.f



ENTRY POINTS

  Name              
                    
 coefi_             


SYMBOL CROSS REFERENCE

 Name                       Object Declared Type            Bytes Dimen Elements Attributes       References                        
                                                                                                                                    
 ARRX                       Dummy  1        R(4)            4     2     0        ARG,INOUT        45,46,47,48                       
 C1                         Dummy  1        R(4)            4           scalar   ARG,INOUT        45                                
 C11                        Param  40       R(4)            4           scalar                    45                                
 C12                        Param  40       R(4)            4           scalar                    45                                
 C13                        Param  40       R(4)            4           scalar                    45                                
 C14                        Param  40       R(4)            4           scalar                    45                                
 C2                         Dummy  1        R(4)            4           scalar   ARG,INOUT        46                                
 C21                        Param  41       R(4)            4           scalar                    46                                
 C22                        Param  41       R(4)            4           scalar                    46                                
 C23                        Param  41       R(4)            4           scalar                    46                                
 C24                        Param  41       R(4)            4           scalar                    46                                
 C3                         Dummy  1        R(4)            4           scalar   ARG,INOUT        47                                
 C31                        Param  42       R(4)            4           scalar                    47                                
 C32                        Param  42       R(4)            4           scalar                    47                                
 C33                        Param  42       R(4)            4           scalar                    47                                
 C34                        Param  42       R(4)            4           scalar                    47                                
 C4                         Dummy  1        R(4)            4           scalar   ARG,INOUT        48                                
 C41                        Param  43       R(4)            4           scalar                    48                                
 C42                        Param  43       R(4)            4           scalar                    48                                
 C43                        Param  43       R(4)            4           scalar                    48                                
 C44                        Param  43       R(4)            4           scalar                    48                                
 COEFI                      Subr   1                                                                                                
 I                          Dummy  1        I(4)            4           scalar   ARG,INOUT        45,46,47,48                       
 IDIM                       Dummy  1        I(4)            4           scalar   ARG,INOUT        44                                
 J                          Dummy  1        I(4)            4           scalar   ARG,INOUT        45,46,47,48                       
 JDIM                       Dummy  1        I(4)            4           scalar   ARG,INOUT        44                                

Page 3           Source Listing                  COEFI
2022-02-15 16:38 Subprograms/Common Blocks       COEFI.f



SUBPROGRAMS/COMMON BLOCKS

 Name                       Object Declared Type            Bytes Dimen Elements Attributes       References                        
                                                                                                                                    
 COEFI                      Subr   1                                                                                                

COMPILER OPTIONS BEING USED

       -align noall                          -align nonone
       -align nocommons                      -align nodcommons
       -align noqcommons                     -align nozcommons
       -align records                        -align nosequence
       -align norec1byte                     -align norec2byte
       -align norec4byte                     -align norec8byte
       -align norec16byte                    -align norec32byte
       -align norec64byte                    -align noarray8byte
       -align noarray16byte                  -align noarray32byte
       -align noarray64byte                  -align noarray128byte
       -align noarray256byte                 -altparam
       -assume accuracy_sensitive            -assume nobscc
       -assume nobuffered_io                 -assume nobuffered_stdout
       -assume byterecl                      -assume nocontiguous_assumed_shape
       -assume nocontiguous_pointer          -assume nocc_omp
       -assume nocstring                     -assume nodummy_aliases
       -assume nofpe_summary                 -assume noieee_fpe_flags
       -assume nominus0                      -assume noold_boz
       -assume old_complex_align             -assume old_unit_star
       -assume old_inquire_recl              -assume old_ldout_format
       -assume old_ldout_zero                -assume noold_logical_assign
       -assume noold_logical_ldio            -assume old_maxminloc
       -assume old_xor                       -assume noprotect_allocates
       -assume protect_constants             -assume noprotect_parens
       -assume split_common                  -assume source_include
       -assume nostd_intent_in               -assume std_minus0_rounding
       -assume nostd_mod_proc_name           -assume std_value
       -assume realloc_lhs                   -assume underscore
       -assume no2underscores                -assume norecursion
  no   -auto                                 -auto_scalar
  no   -bintext                              -ccdefault default
       -check noarg_temp_created             -check noassume
       -check nobounds                       -check nocontiguous
       -check noformat                       -check nooutput_conversion
       -check nooverflow                     -check nopointers
       -check noshape                        -check nostack
       -check nouninitialized                -check noudio_iostat
       -coarray-num-procs 0             no   -coarray-config-file
       -convert big_endian                   -cross_reference
       -D __INTEL_COMPILER=1910              -D __INTEL_COMPILER_UPDATE=3
       -D __unix__                           -D __unix
       -D __linux__                          -D __linux
       -D __gnu_linux__                      -D unix
       -D linux                              -D __ELF__
       -D __x86_64                           -D __x86_64__
       -D __amd64                            -D __amd64__
       -D __INTEL_COMPILER_BUILD_DATE=20200925       -D __INTEL_OFFLOAD

Page 4           Source Listing                  COEFI
2022-02-15 16:38                                 COEFI.f

       -D __MMX__                            -D __SSE__
       -D __SSE_MATH__                       -D __SSE2__
       -D __SSE2_MATH__                      -D __SSE3__
       -D __SSSE3__                          -D __SSE4_1__
       -D __SSE4_2__                         -D __POPCNT__
       -D __PCLMUL__                         -D __AES__
       -D __AVX__                            -D __F16C__
       -D __AVX_I__                          -D __RDRND__
       -D __FMA__                            -D __FP_FAST_FMA
       -D __FP_FAST_FMAF                     -D __BMI__
       -D __LZCNT__                          -D __AVX2__
       -D __haswell                          -D __haswell__
       -D __tune_haswell__                   -D __core_avx2
       -D __core_avx2__                      -D __tune_core_avx2__
       -D __CRAY_X86_ROME                    -D __CRAYXT_COMPUTE_LINUX_TARGET
       -double_size 64                  no   -d_lines
  no   -Qdyncom                              -error_limit 30
  no   -f66                             no   -f77rtl
  no   -fast                                 -fpscomp nofilesfromcmd
       -fpscomp nogeneral                    -fpscomp noioformat
       -fpscomp noldio_spacing               -fpscomp nologicals
       -fixed                           no   -fpconstant
       -fpe3                                 -fprm nearest
  no   -ftz                                  -fp_model noprecise
       -fp_model fast                        -fp_model nostrict
       -fp_model nosource                    -fp_model nodouble
       -fp_model noextended                  -fp_model novery_fast
       -fp_model noexcept                    -fp_model nono_except
       -heap_arrays 0                   no   -threadprivate_compat
       -g2                                   -iface nomixed_str_len_arg
       -iface nono_mixed_str_len_arg         -init noarrays
       -init nohuge                          -init noinfinity
       -init nominus_huge                    -init nominus_infinity
       -init nominus_tiny                    -init nonan
       -init nosnan                          -init notiny
       -init nozero                     no   -intconstant
       -integer_size 32                 no   -mixed_str_len_arg
  no   -module                               -names lowercase
  no   -noinclude                       no   -o
       -offload-build=host                   -openmp-simd
       -O2                              no   -pad_source
       -real_size 32                    no   -recursive
       -reentrancy threaded                  -vec=simd
       -show nofullpath                      -show noinclude
       -show map                             -show options
  no   -syntax_only                     no   -threadcom
  no   -U                               no   -vms
       -w noall                              -w nonone
       -w alignments                         -w nodeclarations
       -w noexternals                        -w general
       -w noignore_bounds                    -w noignore_loc
       -w nointerfaces                       -w noshape
       -w notruncated_source                 -w uncalled
       -w uninitialized                      -w nounused
       -w usage                         no   -wrap-margins

       -includepath : /pe/intel/compilers_and_libraries_2020.4.304/linux/pstl/include/,/pe/intel/compilers_and_libraries_2020.4.304/linux/compiler/include/,

Page 5           Source Listing                  COEFI
2022-02-15 16:38                                 COEFI.f

           .f90,./.f90,/opt/cray/pe/mpich/8.1.9/ofi/intel/19.0/include/.f90,/pe/intel/compilers_and_libraries_2020.4.304/linux/ipp/include/.f90,
           /pe/intel/compilers_and_libraries_2020.4.304/linux/mkl/include/.f90,/pe/intel/compilers_and_libraries_2020.4.304/linux/pstl/include/.f90,
           /pe/intel/compilers_and_libraries_2020.4.304/linux/pstl/stdlib/.f90,/pe/intel/compilers_and_libraries_2020.4.304/linux/tbb/include/.f90,
           /pe/intel/compilers_and_libraries_2020.4.304/linux/compiler/include/intel64/.f90,/pe/intel/compilers_and_libraries_2020.4.304/linux/compiler/include/icc/.f90,
           /pe/intel/compilers_and_libraries_2020.4.304/linux/compiler/include/.f90,/usr/lib64/gcc/x86_64-suse-linux/7/include/.f90,
           /usr/lib64/gcc/x86_64-suse-linux/7/include-fixed/.f90,/usr/include/.f90,/usr/include/.f90,/usr/include/.f90
       -list filename : COEFI.lst
  no   -o

COMPILER: Intel(R) Fortran 19.1-1655
