Page 1           Source Listing                  COLLECT
2022-02-15 16:38                                 COLLECT.f

      1       SUBROUTINE COLLECT ( A ) 
      2 C$$$  SUBPROGRAM DOCUMENTATION BLOCK
      3 C                .      .    .
      4 C SUBPROGRAM:    COLLECT     GATHERS FROM ALL MPI TASKS
      5 C   PRGRMMR: TUCCILLO        ORG: IBM
      6 C
      7 C ABSTRACT:
      8 C     GATHER "A" FROM ALL MPI TASKS ONTO TASK 0
      9 C   .
     10 C
     11 C PROGRAM HISTORY LOG:
     12 C   00-01-06  TUCCILLO - ORIGINAL
     13 C
     14 C USAGE:    CALL COLLECT(A)
     15 C   INPUT ARGUMENT LIST:
     16 C     A        - ARRAY BEING GATHERED
     17 C
     18 C   OUTPUT ARGUMENT LIST:
     19 C     A        - GATHERED ARRAY - ONLY VALID ON TASK 0
     20 C
     21 C   OUTPUT FILES:
     22 C     STDOUT  - RUN TIME STANDARD OUT.
     23 C
     24 C   SUBPROGRAMS CALLED:
     25 C       MPI_GATHERV
     26 C     UTILITIES:
     27 C       NONE
     28 C     LIBRARY:
     29 C       COMMON   - CTLBLK.comm
     30 C
     31 C   ATTRIBUTES:
     32 C     LANGUAGE: FORTRAN
     33 C     MACHINE : IBM RS/6000 SP
     34 C$$$
     35 
     36       include "parmeta"
     54       include "CTLBLK.comm"
     69       include 'mpif.h'
    287       real a ( im, jm ) 
    288       real b ( im, jm ) 
    289       integer i, j
    290       integer ierr
    291 c
    292       if ( num_procs .eq. 1 ) return
    293 c
    294       call mpi_gatherv(a(1,jsta),icnt(me),MPI_REAL,
    295      &    b,icnt,idsp,MPI_REAL,0,MPI_COMM_WORLD, ierr )
    296       if ( me .eq. 0 ) then
    297        do j = 1, jm
    298           do i = 1, im
    299              a ( i, j ) = b ( i, j )
    300           end do
    301        end do
    302       end if
    303       end               

Page 2           Source Listing                  COLLECT
2022-02-15 16:38 Entry Points                    COLLECT.f



ENTRY POINTS

  Name                
                      
 collect_             


SYMBOL CROSS REFERENCE

 Name                       Object Declared Type            Bytes Dimen Elements Attributes       References                        
                                                                                                                                    
 A                          Dummy  1        R(4)            4     2     91719    ARG,INOUT        294,299                           
 B                          Local  288      R(4)            4     2     91719                     295,299                           
 COLLECT                    Subr   1                                                                                                
 CTLBLK                     Common 56                                   96       SAVE                                               
 I                          Local  289      I(4)            4           scalar                    298,299                           
 IDIM1                      Param  50       I(4)            4           scalar                                                      
 IDIM2                      Param  50       I(4)            4           scalar                                                      
 IERR                       Local  290      I(4)            4           scalar                    295                               
 IGSTL                      Param  45       I(4)            4           scalar                    50                                
 IGSTR                      Param  45       I(4)            4           scalar                    50                                
 IM                         Param  39       I(4)            4           scalar                    47,50,287,288,298                 
 INPES                      Param  42       I(4)            4           scalar                    47,50                             
 ITAIL                      Param  47       I(4)            4           scalar                                                      
 J                          Local  289      I(4)            4           scalar                    297,299                           
 JDIM1                      Param  51       I(4)            4           scalar                                                      
 JDIM2                      Param  51       I(4)            4           scalar                                                      
 JGSTL                      Param  46       I(4)            4           scalar                    51                                
 JGSTR                      Param  46       I(4)            4           scalar                    51                                
 JM                         Param  39       I(4)            4           scalar                    48,51,287,288,297                 
 JNPES                      Param  42       I(4)            4           scalar                    48,51                             
 JTAIL                      Param  48       I(4)            4           scalar                                                      
 LM                         Param  39       I(4)            4           scalar                                                      
 LSM                        Param  39       I(4)            4           scalar                                                      
 MPIPRIV                    Common 278                                  36       SAVE                                               
 MPI_2COMPLEX               Param  179      I(4)            4           scalar                                                      
 MPI_2DOUBLE_COMPLEX        Param  179      I(4)            4           scalar                                                      
 MPI_2DOUBLE_PRECISION      Param  179      I(4)            4           scalar                                                      
 MPI_2INTEGER               Param  178      I(4)            4           scalar                                                      
 MPI_2REAL                  Param  178      I(4)            4           scalar                                                      
 MPI_ADDRESS_KIND           Param  258      I(4)            4           scalar                                                      
 MPI_ANY_SOURCE             Param  249      I(4)            4           scalar                                                      
 MPI_ANY_TAG                Param  251      I(4)            4           scalar                                                      
 MPI_BAND                   Param  183      I(4)            4           scalar                                                      
 MPI_BOR                    Param  184      I(4)            4           scalar                                                      
 MPI_BSEND_OVERHEAD         Param  124      I(4)            4           scalar                                                      
 MPI_BXOR                   Param  184      I(4)            4           scalar                                                      
 MPI_BYTE                   Param  178      I(4)            4           scalar                                                      
 MPI_CART                   Param  119      I(4)            4           scalar                                                      
 MPI_CHARACTER              Param  178      I(4)            4           scalar                                                      
 MPI_COMM_NULL              Param  137      I(4)            4           scalar                                                      
 MPI_COMM_SELF              Param  182      I(4)            4           scalar                                                      
 MPI_COMM_WORLD             Param  182      I(4)            4           scalar                    295                               
 MPI_COMPLEX                Param  177      I(4)            4           scalar                                                      
 MPI_COMPLEX16              Param  216      I(4)            4           scalar                                                      

Page 3           Source Listing                  COLLECT
2022-02-15 16:38 Symbol Table                    COLLECT.f

 Name                       Object Declared Type            Bytes Dimen Elements Attributes       References                        
                                                                                                                                    
 MPI_COMPLEX32              Param  216      I(4)            4           scalar                                                      
 MPI_COMPLEX8               Param  216      I(4)            4           scalar                                                      
 MPI_CONGRUENT              Param  155      I(4)            4           scalar                                                      
 MPI_DATATYPE_NULL          Param  140      I(4)            4           scalar                                                      
 MPI_DISTRIBUTE_BLOCK       Param  200      I(4)            4           scalar                                                      
 MPI_DISTRIBUTE_CYCLIC      Param  200      I(4)            4           scalar                                                      
 MPI_DISTRIBUTE_DFLT_DARG   Param  201      I(4)            4           scalar                                                      
 MPI_DISTRIBUTE_NONE        Param  201      I(4)            4           scalar                                                      
 MPI_DOUBLE_COMPLEX         Param  177      I(4)            4           scalar                                                      
 MPI_DOUBLE_PRECISION       Param  176      I(4)            4           scalar                                                      
 MPI_ERRHANDLER_NULL        Param  143      I(4)            4           scalar                                                      
 MPI_ERROR                  Param  127      I(4)            4           scalar                                                      
 MPI_ERRORS_ARE_FATAL       Param  187      I(4)            4           scalar                                                      
 MPI_ERRORS_RETURN          Param  187      I(4)            4           scalar                                                      
 MPI_ERR_ARG                Param  102      I(4)            4           scalar                                                      
 MPI_ERR_BUFFER             Param  99       I(4)            4           scalar                                                      
 MPI_ERR_COMM               Param  100      I(4)            4           scalar                                                      
 MPI_ERR_COUNT              Param  99       I(4)            4           scalar                                                      
 MPI_ERR_DIMS               Param  102      I(4)            4           scalar                                                      
 MPI_ERR_GROUP              Param  101      I(4)            4           scalar                                                      
 MPI_ERR_INTERN             Param  104      I(4)            4           scalar                                                      
 MPI_ERR_IN_STATUS          Param  104      I(4)            4           scalar                                                      
 MPI_ERR_LASTCODE           Param  105      I(4)            4           scalar                                                      
 MPI_ERR_OP                 Param  102      I(4)            4           scalar                                                      
 MPI_ERR_OTHER              Param  103      I(4)            4           scalar                                                      
 MPI_ERR_PENDING            Param  104      I(4)            4           scalar                                                      
 MPI_ERR_RANK               Param  100      I(4)            4           scalar                                                      
 MPI_ERR_REQUEST            Param  105      I(4)            4           scalar                                                      
 MPI_ERR_ROOT               Param  100      I(4)            4           scalar                                                      
 MPI_ERR_TAG                Param  100      I(4)            4           scalar                                                      
 MPI_ERR_TOPOLOGY           Param  102      I(4)            4           scalar                                                      
 MPI_ERR_TRUNCATE           Param  103      I(4)            4           scalar                                                      
 MPI_ERR_TYPE               Param  99       I(4)            4           scalar                                                      
 MPI_ERR_UNKNOWN            Param  103      I(4)            4           scalar                                                      
 MPI_GATHERV                Subr   294                                                            294                               
 MPI_GRAPH                  Param  119      I(4)            4           scalar                                                      
 MPI_GROUP_EMPTY            Param  182      I(4)            4           scalar                                                      
 MPI_GROUP_NULL             Param  146      I(4)            4           scalar                                                      
 MPI_HOST                   Param  172      I(4)            4           scalar                                                      
 MPI_IDENT                  Param  155      I(4)            4           scalar                                                      
 MPI_INFO_NULL              Param  207      I(4)            4           scalar                                                      
 MPI_INTEGER                Param  176      I(4)            4           scalar                                                      
 MPI_INTEGER1               Param  213      I(4)            4           scalar                                                      
 MPI_INTEGER16              Param  214      I(4)            4           scalar                                                      
 MPI_INTEGER2               Param  213      I(4)            4           scalar                                                      
 MPI_INTEGER4               Param  213      I(4)            4           scalar                                                      
 MPI_INTEGER8               Param  213      I(4)            4           scalar                                                      
 MPI_IO                     Param  172      I(4)            4           scalar                                                      
 MPI_KEYVAL_INVALID         Param  149      I(4)            4           scalar                                                      
 MPI_LAND                   Param  183      I(4)            4           scalar                                                      
 MPI_LB                     Param  180      I(4)            4           scalar                                                      
 MPI_LOGICAL                Param  177      I(4)            4           scalar                                                      
 MPI_LOR                    Param  184      I(4)            4           scalar                                                      
 MPI_LXOR                   Param  184      I(4)            4           scalar                                                      
 MPI_MAX                    Param  183      I(4)            4           scalar                                                      

Page 4           Source Listing                  COLLECT
2022-02-15 16:38 Symbol Table                    COLLECT.f

 Name                       Object Declared Type            Bytes Dimen Elements Attributes       References                        
                                                                                                                                    
 MPI_MAXLOC                 Param  185      I(4)            4           scalar                                                      
 MPI_MAX_ERROR_STRING       Param  131      I(4)            4           scalar                                                      
 MPI_MAX_INFO_KEY           Param  205      I(4)            4           scalar                                                      
 MPI_MAX_INFO_VAL           Param  205      I(4)            4           scalar                                                      
 MPI_MAX_NAME_STRING        Param  134      I(4)            4           scalar                                                      
 MPI_MAX_PROCESSOR_NAME     Param  131      I(4)            4           scalar                                                      
 MPI_MIN                    Param  183      I(4)            4           scalar                                                      
 MPI_MINLOC                 Param  184      I(4)            4           scalar                                                      
 MPI_OFFSET_KIND            Param  258      I(4)            4           scalar                                                      
 MPI_OP_NULL                Param  186      I(4)            4           scalar                                                      
 MPI_ORDER_C                Param  198      I(4)            4           scalar                                                      
 MPI_ORDER_FORTRAN          Param  198      I(4)            4           scalar                                                      
 MPI_PACKED                 Param  181      I(4)            4           scalar                                                      
 MPI_PROC_NULL              Param  121      I(4)            4           scalar                                                      
 MPI_PROD                   Param  183      I(4)            4           scalar                                                      
 MPI_REAL                   Param  176      I(4)            4           scalar                    294,295                           
 MPI_REAL16                 Param  215      I(4)            4           scalar                                                      
 MPI_REAL4                  Param  215      I(4)            4           scalar                                                      
 MPI_REAL8                  Param  215      I(4)            4           scalar                                                      
 MPI_REQUEST_NULL           Param  152      I(4)            4           scalar                                                      
 MPI_SIMILAR                Param  155      I(4)            4           scalar                                                      
 MPI_SOURCE                 Param  127      I(4)            4           scalar                                                      
 MPI_STATUS_SIZE            Param  129      I(4)            4           scalar                    174,175                           
 MPI_SUBVERSION             Param  254      I(4)            4           scalar                                                      
 MPI_SUCCESS                Param  99       I(4)            4           scalar                                                      
 MPI_SUM                    Param  183      I(4)            4           scalar                                                      
 MPI_TAG                    Param  127      I(4)            4           scalar                                                      
 MPI_TAG_UB                 Param  172      I(4)            4           scalar                                                      
 MPI_UB                     Param  180      I(4)            4           scalar                                                      
 MPI_UNDEFINED              Param  116      I(4)            4           scalar                                                      
 MPI_UNEQUAL                Param  155      I(4)            4           scalar                                                      
 MPI_VERSION                Param  254      I(4)            4           scalar                                                      
 MPI_WTIME_IS_GLOBAL        Param  181      I(4)            4           scalar                                                      
 PARALLEL                   Common 63                                   8240                                                        


TYPE COMPONENTS/COMMON VARIABLES

 Name                       Type            Bytes Offset   Dimen Elements Attributes       References                         
                                                                                                                              
 DT                         R(4)            4     48             scalar   COM                                                 
 FIRST                      R(4)            4     24             scalar   COM                                                 
 ICNT                       I(4)            4     40       1     1024     COM              294,295                            
 IDAT                       I(4)            4     8        1     3        COM                                                 
 IDN                        I(4)            4     36             scalar   COM                                                 
 IDSP                       I(4)            4     4136     1     1024     COM              295                                
 IDTAD                      I(4)            4     68             scalar   COM                                                 
 IHRST                      I(4)            4     20             scalar   COM                                                 
 IOUT                       I(4)            4     44             scalar   COM                                                 
 IUP                        I(4)            4     32             scalar   COM                                                 
 JEND                       I(4)            4     12             scalar   COM                                                 
 JEND_2U                    I(4)            4     8236           scalar   COM                                                 
 JEND_M                     I(4)            4     20             scalar   COM                                                 
 JEND_M2                    I(4)            4     28             scalar   COM                                                 
 JSTA                       I(4)            4     8              scalar   COM              294                                

Page 5           Source Listing                  COLLECT
2022-02-15 16:38 Symbol Table                    COLLECT.f

 Name                       Type            Bytes Offset   Dimen Elements Attributes       References                         
                                                                                                                              
 JSTA_2L                    I(4)            4     8232           scalar   COM                                                 
 JSTA_M                     I(4)            4     16             scalar   COM                                                 
 JSTA_M2                    I(4)            4     24             scalar   COM                                                 
 LIST                       I(4)            4     40             scalar   COM                                                 
 ME                         I(4)            4     4              scalar   COM              294,296                            
 MPI_BOTTOM                 I(4)            4     0              scalar   COM                                                 
 MPI_STATUSES_IGNORE        I(4)            4     20       1     4        COM                                                 
 MPI_STATUS_IGNORE          I(4)            4     4        1     4        COM                                                 
 NBC                        I(4)            4     36             scalar   COM                                                 
 NBOCO                      I(4)            4     72             scalar   COM                                                 
 NCP                        I(4)            4     80             scalar   COM                                                 
 NDDAMP                     I(4)            4     60             scalar   COM                                                 
 NFCST                      I(4)            4     32             scalar   COM                                                 
 NPHS                       I(4)            4     84             scalar   COM                                                 
 NPREC                      I(4)            4     64             scalar   COM                                                 
 NRADL                      I(4)            4     92             scalar   COM                                                 
 NRADS                      I(4)            4     88             scalar   COM                                                 
 NSHDE                      I(4)            4     76             scalar   COM                                                 
 NTSD                       I(4)            4     52             scalar   COM                                                 
 NTSTM                      I(4)            4     56             scalar   COM                                                 
 NUM_PROCS                  I(4)            4     0              scalar   COM              292                                
 RESTRT                     R(4)            4     28             scalar   COM                                                 
 RUN                        R(4)            4     4              scalar   COM                                                 
 SIGMA                      R(4)            4     0              scalar   COM                                                 

Page 6           Source Listing                  COLLECT
2022-02-15 16:38 Subprograms/Common Blocks       COLLECT.f



SUBPROGRAMS/COMMON BLOCKS

 Name                       Object Declared Type            Bytes Dimen Elements Attributes       References                        
                                                                                                                                    
 COLLECT                    Subr   1                                                                                                
 CTLBLK                     Common 56                                   96       SAVE                                               
 MPIPRIV                    Common 278                                  36       SAVE                                               
 PARALLEL                   Common 63                                   8240                                                        

COMPILER OPTIONS BEING USED

       -align noall                          -align nonone
       -align nocommons                      -align nodcommons
       -align noqcommons                     -align nozcommons
       -align records                        -align nosequence
       -align norec1byte                     -align norec2byte
       -align norec4byte                     -align norec8byte
       -align norec16byte                    -align norec32byte
       -align norec64byte                    -align noarray8byte
       -align noarray16byte                  -align noarray32byte
       -align noarray64byte                  -align noarray128byte
       -align noarray256byte                 -altparam
       -assume accuracy_sensitive            -assume nobscc
       -assume nobuffered_io                 -assume nobuffered_stdout
       -assume byterecl                      -assume nocontiguous_assumed_shape
       -assume nocontiguous_pointer          -assume nocc_omp
       -assume nocstring                     -assume nodummy_aliases
       -assume nofpe_summary                 -assume noieee_fpe_flags
       -assume nominus0                      -assume noold_boz
       -assume old_complex_align             -assume old_unit_star
       -assume old_inquire_recl              -assume old_ldout_format
       -assume old_ldout_zero                -assume noold_logical_assign
       -assume noold_logical_ldio            -assume old_maxminloc
       -assume old_xor                       -assume noprotect_allocates
       -assume protect_constants             -assume noprotect_parens
       -assume split_common                  -assume source_include
       -assume nostd_intent_in               -assume std_minus0_rounding
       -assume nostd_mod_proc_name           -assume std_value
       -assume realloc_lhs                   -assume underscore
       -assume no2underscores                -assume norecursion
  no   -auto                                 -auto_scalar
  no   -bintext                              -ccdefault default
       -check noarg_temp_created             -check noassume
       -check nobounds                       -check nocontiguous
       -check noformat                       -check nooutput_conversion
       -check nooverflow                     -check nopointers
       -check noshape                        -check nostack
       -check nouninitialized                -check noudio_iostat
       -coarray-num-procs 0             no   -coarray-config-file
       -convert big_endian                   -cross_reference
       -D __INTEL_COMPILER=1910              -D __INTEL_COMPILER_UPDATE=3
       -D __unix__                           -D __unix
       -D __linux__                          -D __linux
       -D __gnu_linux__                      -D unix
       -D linux                              -D __ELF__

Page 7           Source Listing                  COLLECT
2022-02-15 16:38                                 COLLECT.f

       -D __x86_64                           -D __x86_64__
       -D __amd64                            -D __amd64__
       -D __INTEL_COMPILER_BUILD_DATE=20200925       -D __INTEL_OFFLOAD
       -D __MMX__                            -D __SSE__
       -D __SSE_MATH__                       -D __SSE2__
       -D __SSE2_MATH__                      -D __SSE3__
       -D __SSSE3__                          -D __SSE4_1__
       -D __SSE4_2__                         -D __POPCNT__
       -D __PCLMUL__                         -D __AES__
       -D __AVX__                            -D __F16C__
       -D __AVX_I__                          -D __RDRND__
       -D __FMA__                            -D __FP_FAST_FMA
       -D __FP_FAST_FMAF                     -D __BMI__
       -D __LZCNT__                          -D __AVX2__
       -D __haswell                          -D __haswell__
       -D __tune_haswell__                   -D __core_avx2
       -D __core_avx2__                      -D __tune_core_avx2__
       -D __CRAY_X86_ROME                    -D __CRAYXT_COMPUTE_LINUX_TARGET
       -double_size 64                  no   -d_lines
  no   -Qdyncom                              -error_limit 30
  no   -f66                             no   -f77rtl
  no   -fast                                 -fpscomp nofilesfromcmd
       -fpscomp nogeneral                    -fpscomp noioformat
       -fpscomp noldio_spacing               -fpscomp nologicals
       -fixed                           no   -fpconstant
       -fpe3                                 -fprm nearest
  no   -ftz                                  -fp_model noprecise
       -fp_model fast                        -fp_model nostrict
       -fp_model nosource                    -fp_model nodouble
       -fp_model noextended                  -fp_model novery_fast
       -fp_model noexcept                    -fp_model nono_except
       -heap_arrays 0                   no   -threadprivate_compat
       -g2                                   -iface nomixed_str_len_arg
       -iface nono_mixed_str_len_arg         -init noarrays
       -init nohuge                          -init noinfinity
       -init nominus_huge                    -init nominus_infinity
       -init nominus_tiny                    -init nonan
       -init nosnan                          -init notiny
       -init nozero                     no   -intconstant
       -integer_size 32                 no   -mixed_str_len_arg
  no   -module                               -names lowercase
  no   -noinclude                       no   -o
       -offload-build=host                   -openmp-simd
       -O2                              no   -pad_source
       -real_size 32                    no   -recursive
       -reentrancy threaded                  -vec=simd
       -show nofullpath                      -show noinclude
       -show map                             -show options
  no   -syntax_only                     no   -threadcom
  no   -U                               no   -vms
       -w noall                              -w nonone
       -w alignments                         -w nodeclarations
       -w noexternals                        -w general
       -w noignore_bounds                    -w noignore_loc
       -w nointerfaces                       -w noshape
       -w notruncated_source                 -w uncalled
       -w uninitialized                      -w nounused

Page 8           Source Listing                  COLLECT
2022-02-15 16:38                                 COLLECT.f

       -w usage                         no   -wrap-margins

       -includepath : /pe/intel/compilers_and_libraries_2020.4.304/linux/pstl/include/,/pe/intel/compilers_and_libraries_2020.4.304/linux/compiler/include/,
           .f90,./.f90,/opt/cray/pe/mpich/8.1.9/ofi/intel/19.0/include/.f90,/pe/intel/compilers_and_libraries_2020.4.304/linux/ipp/include/.f90,
           /pe/intel/compilers_and_libraries_2020.4.304/linux/mkl/include/.f90,/pe/intel/compilers_and_libraries_2020.4.304/linux/pstl/include/.f90,
           /pe/intel/compilers_and_libraries_2020.4.304/linux/pstl/stdlib/.f90,/pe/intel/compilers_and_libraries_2020.4.304/linux/tbb/include/.f90,
           /pe/intel/compilers_and_libraries_2020.4.304/linux/compiler/include/intel64/.f90,/pe/intel/compilers_and_libraries_2020.4.304/linux/compiler/include/icc/.f90,
           /pe/intel/compilers_and_libraries_2020.4.304/linux/compiler/include/.f90,/usr/lib64/gcc/x86_64-suse-linux/7/include/.f90,
           /usr/lib64/gcc/x86_64-suse-linux/7/include-fixed/.f90,/usr/include/.f90,/usr/include/.f90,/usr/include/.f90
       -list filename : COLLECT.lst
  no   -o

COMPILER: Intel(R) Fortran 19.1-1655
