Page 1           Source Listing                  EXTRACT
2022-02-15 16:38                                 EXTRACT.f

      1       SUBROUTINE EXTRACT(DUM,A)
      2 C$$$  SUBPROGRAM DOCUMENTATION BLOCK
      3 C                .      .    .
      4 C SUBPROGRAM:    EXTRACT    EXTRACT THE DATA WE WILL "OWN"
      5 C   PRGRMMR: TUCCILLO        ORG: IBM
      6 C
      7 C ABSTRACT:
      8 C     EXTRACT THE DATA WE WILL "OWN". SETUP ONE HALO ROW.
      9 C   .
     10 C
     11 C PROGRAM HISTORY LOG:
     12 C   00-01-06  TUCCILLO - ORIGINAL
     13 C
     14 C USAGE:    CALL EXTRACT(DUM,A)
     15 C   INPUT ARGUMENT LIST:
     16 C      DUM - ARRAY TO EXTRACT FROM
     17 C
     18 C   OUTPUT ARGUMENT LIST:
     19 C      A - ARRAY WITH EXTRACTED DATA
     20 C
     21 C   OUTPUT FILES:
     22 C     STDOUT  - RUN TIME STANDARD OUT.
     23 C
     24 C   SUBPROGRAMS CALLED:
     25 C     UTILITIES:
     26 C       NONE
     27 C     LIBRARY:
     28 C       COMMON - CTLBLK.comm
     29 C
     30 C   ATTRIBUTES:
     31 C     LANGUAGE: FORTRAN
     32 C     MACHINE : IBM RS/6000 SP
     33 C$$$
     34       include 'parmeta'
     52       include "CTLBLK.comm"
     67       real dum ( im, jm ), a ( im, jm )
     68 C
     69       do j = jsta_2l, jend_2u
     70          do i = 1, im
     71             a ( i, j ) = dum ( i, j )
     72          end do
     73       end do
     74 c
     75       end

Page 2           Source Listing                  EXTRACT
2022-02-15 16:38 Entry Points                    EXTRACT.f



ENTRY POINTS

  Name                
                      
 extract_             


SYMBOL CROSS REFERENCE

 Name                       Object Declared Type            Bytes Dimen Elements Attributes       References                        
                                                                                                                                    
 A                          Dummy  1        R(4)            4     2     91719    ARG,INOUT        71                                
 CTLBLK                     Common 54                                   96       SAVE                                               
 DUM                        Dummy  1        R(4)            4     2     91719    ARG,INOUT        71                                
 EXTRACT                    Subr   1                                                                                                
 I                          Local  70       I(4)            4           scalar                    70,71                             
 IDIM1                      Param  48       I(4)            4           scalar                                                      
 IDIM2                      Param  48       I(4)            4           scalar                                                      
 IGSTL                      Param  43       I(4)            4           scalar                    48                                
 IGSTR                      Param  43       I(4)            4           scalar                    48                                
 IM                         Param  37       I(4)            4           scalar                    45,48,67,70                       
 INPES                      Param  40       I(4)            4           scalar                    45,48                             
 ITAIL                      Param  45       I(4)            4           scalar                                                      
 J                          Local  69       I(4)            4           scalar                    69,71                             
 JDIM1                      Param  49       I(4)            4           scalar                                                      
 JDIM2                      Param  49       I(4)            4           scalar                                                      
 JGSTL                      Param  44       I(4)            4           scalar                    49                                
 JGSTR                      Param  44       I(4)            4           scalar                    49                                
 JM                         Param  37       I(4)            4           scalar                    46,49,67                          
 JNPES                      Param  40       I(4)            4           scalar                    46,49                             
 JTAIL                      Param  46       I(4)            4           scalar                                                      
 LM                         Param  37       I(4)            4           scalar                                                      
 LSM                        Param  37       I(4)            4           scalar                                                      
 PARALLEL                   Common 61                                   8240                                                        


TYPE COMPONENTS/COMMON VARIABLES

 Name                       Type            Bytes Offset   Dimen Elements Attributes       References                         
                                                                                                                              
 DT                         R(4)            4     48             scalar   COM                                                 
 FIRST                      R(4)            4     24             scalar   COM                                                 
 ICNT                       I(4)            4     40       1     1024     COM                                                 
 IDAT                       I(4)            4     8        1     3        COM                                                 
 IDN                        I(4)            4     36             scalar   COM                                                 
 IDSP                       I(4)            4     4136     1     1024     COM                                                 
 IDTAD                      I(4)            4     68             scalar   COM                                                 
 IHRST                      I(4)            4     20             scalar   COM                                                 
 IOUT                       I(4)            4     44             scalar   COM                                                 
 IUP                        I(4)            4     32             scalar   COM                                                 
 JEND                       I(4)            4     12             scalar   COM                                                 
 JEND_2U                    I(4)            4     8236           scalar   COM              69                                 
 JEND_M                     I(4)            4     20             scalar   COM                                                 
 JEND_M2                    I(4)            4     28             scalar   COM                                                 
 JSTA                       I(4)            4     8              scalar   COM                                                 

Page 3           Source Listing                  EXTRACT
2022-02-15 16:38 Symbol Table                    EXTRACT.f

 Name                       Type            Bytes Offset   Dimen Elements Attributes       References                         
                                                                                                                              
 JSTA_2L                    I(4)            4     8232           scalar   COM              69                                 
 JSTA_M                     I(4)            4     16             scalar   COM                                                 
 JSTA_M2                    I(4)            4     24             scalar   COM                                                 
 LIST                       I(4)            4     40             scalar   COM                                                 
 ME                         I(4)            4     4              scalar   COM                                                 
 NBC                        I(4)            4     36             scalar   COM                                                 
 NBOCO                      I(4)            4     72             scalar   COM                                                 
 NCP                        I(4)            4     80             scalar   COM                                                 
 NDDAMP                     I(4)            4     60             scalar   COM                                                 
 NFCST                      I(4)            4     32             scalar   COM                                                 
 NPHS                       I(4)            4     84             scalar   COM                                                 
 NPREC                      I(4)            4     64             scalar   COM                                                 
 NRADL                      I(4)            4     92             scalar   COM                                                 
 NRADS                      I(4)            4     88             scalar   COM                                                 
 NSHDE                      I(4)            4     76             scalar   COM                                                 
 NTSD                       I(4)            4     52             scalar   COM                                                 
 NTSTM                      I(4)            4     56             scalar   COM                                                 
 NUM_PROCS                  I(4)            4     0              scalar   COM                                                 
 RESTRT                     R(4)            4     28             scalar   COM                                                 
 RUN                        R(4)            4     4              scalar   COM                                                 
 SIGMA                      R(4)            4     0              scalar   COM                                                 

Page 4           Source Listing                  EXTRACT
2022-02-15 16:38 Subprograms/Common Blocks       EXTRACT.f



SUBPROGRAMS/COMMON BLOCKS

 Name                       Object Declared Type            Bytes Dimen Elements Attributes       References                        
                                                                                                                                    
 CTLBLK                     Common 54                                   96       SAVE                                               
 EXTRACT                    Subr   1                                                                                                
 PARALLEL                   Common 61                                   8240                                                        

COMPILER OPTIONS BEING USED

       -align noall                          -align nonone
       -align nocommons                      -align nodcommons
       -align noqcommons                     -align nozcommons
       -align records                        -align nosequence
       -align norec1byte                     -align norec2byte
       -align norec4byte                     -align norec8byte
       -align norec16byte                    -align norec32byte
       -align norec64byte                    -align noarray8byte
       -align noarray16byte                  -align noarray32byte
       -align noarray64byte                  -align noarray128byte
       -align noarray256byte                 -altparam
       -assume accuracy_sensitive            -assume nobscc
       -assume nobuffered_io                 -assume nobuffered_stdout
       -assume byterecl                      -assume nocontiguous_assumed_shape
       -assume nocontiguous_pointer          -assume nocc_omp
       -assume nocstring                     -assume nodummy_aliases
       -assume nofpe_summary                 -assume noieee_fpe_flags
       -assume nominus0                      -assume noold_boz
       -assume old_complex_align             -assume old_unit_star
       -assume old_inquire_recl              -assume old_ldout_format
       -assume old_ldout_zero                -assume noold_logical_assign
       -assume noold_logical_ldio            -assume old_maxminloc
       -assume old_xor                       -assume noprotect_allocates
       -assume protect_constants             -assume noprotect_parens
       -assume split_common                  -assume source_include
       -assume nostd_intent_in               -assume std_minus0_rounding
       -assume nostd_mod_proc_name           -assume std_value
       -assume realloc_lhs                   -assume underscore
       -assume no2underscores                -assume norecursion
  no   -auto                                 -auto_scalar
  no   -bintext                              -ccdefault default
       -check noarg_temp_created             -check noassume
       -check nobounds                       -check nocontiguous
       -check noformat                       -check nooutput_conversion
       -check nooverflow                     -check nopointers
       -check noshape                        -check nostack
       -check nouninitialized                -check noudio_iostat
       -coarray-num-procs 0             no   -coarray-config-file
       -convert big_endian                   -cross_reference
       -D __INTEL_COMPILER=1910              -D __INTEL_COMPILER_UPDATE=3
       -D __unix__                           -D __unix
       -D __linux__                          -D __linux
       -D __gnu_linux__                      -D unix
       -D linux                              -D __ELF__
       -D __x86_64                           -D __x86_64__

Page 5           Source Listing                  EXTRACT
2022-02-15 16:38                                 EXTRACT.f

       -D __amd64                            -D __amd64__
       -D __INTEL_COMPILER_BUILD_DATE=20200925       -D __INTEL_OFFLOAD
       -D __MMX__                            -D __SSE__
       -D __SSE_MATH__                       -D __SSE2__
       -D __SSE2_MATH__                      -D __SSE3__
       -D __SSSE3__                          -D __SSE4_1__
       -D __SSE4_2__                         -D __POPCNT__
       -D __PCLMUL__                         -D __AES__
       -D __AVX__                            -D __F16C__
       -D __AVX_I__                          -D __RDRND__
       -D __FMA__                            -D __FP_FAST_FMA
       -D __FP_FAST_FMAF                     -D __BMI__
       -D __LZCNT__                          -D __AVX2__
       -D __haswell                          -D __haswell__
       -D __tune_haswell__                   -D __core_avx2
       -D __core_avx2__                      -D __tune_core_avx2__
       -D __CRAY_X86_ROME                    -D __CRAYXT_COMPUTE_LINUX_TARGET
       -double_size 64                  no   -d_lines
  no   -Qdyncom                              -error_limit 30
  no   -f66                             no   -f77rtl
  no   -fast                                 -fpscomp nofilesfromcmd
       -fpscomp nogeneral                    -fpscomp noioformat
       -fpscomp noldio_spacing               -fpscomp nologicals
       -fixed                           no   -fpconstant
       -fpe3                                 -fprm nearest
  no   -ftz                                  -fp_model noprecise
       -fp_model fast                        -fp_model nostrict
       -fp_model nosource                    -fp_model nodouble
       -fp_model noextended                  -fp_model novery_fast
       -fp_model noexcept                    -fp_model nono_except
       -heap_arrays 0                   no   -threadprivate_compat
       -g2                                   -iface nomixed_str_len_arg
       -iface nono_mixed_str_len_arg         -init noarrays
       -init nohuge                          -init noinfinity
       -init nominus_huge                    -init nominus_infinity
       -init nominus_tiny                    -init nonan
       -init nosnan                          -init notiny
       -init nozero                     no   -intconstant
       -integer_size 32                 no   -mixed_str_len_arg
  no   -module                               -names lowercase
  no   -noinclude                       no   -o
       -offload-build=host                   -openmp-simd
       -O2                              no   -pad_source
       -real_size 32                    no   -recursive
       -reentrancy threaded                  -vec=simd
       -show nofullpath                      -show noinclude
       -show map                             -show options
  no   -syntax_only                     no   -threadcom
  no   -U                               no   -vms
       -w noall                              -w nonone
       -w alignments                         -w nodeclarations
       -w noexternals                        -w general
       -w noignore_bounds                    -w noignore_loc
       -w nointerfaces                       -w noshape
       -w notruncated_source                 -w uncalled
       -w uninitialized                      -w nounused
       -w usage                         no   -wrap-margins

Page 6           Source Listing                  EXTRACT
2022-02-15 16:38                                 EXTRACT.f

       -includepath : /pe/intel/compilers_and_libraries_2020.4.304/linux/pstl/include/,/pe/intel/compilers_and_libraries_2020.4.304/linux/compiler/include/,
           .f90,./.f90,/opt/cray/pe/mpich/8.1.9/ofi/intel/19.0/include/.f90,/pe/intel/compilers_and_libraries_2020.4.304/linux/ipp/include/.f90,
           /pe/intel/compilers_and_libraries_2020.4.304/linux/mkl/include/.f90,/pe/intel/compilers_and_libraries_2020.4.304/linux/pstl/include/.f90,
           /pe/intel/compilers_and_libraries_2020.4.304/linux/pstl/stdlib/.f90,/pe/intel/compilers_and_libraries_2020.4.304/linux/tbb/include/.f90,
           /pe/intel/compilers_and_libraries_2020.4.304/linux/compiler/include/intel64/.f90,/pe/intel/compilers_and_libraries_2020.4.304/linux/compiler/include/icc/.f90,
           /pe/intel/compilers_and_libraries_2020.4.304/linux/compiler/include/.f90,/usr/lib64/gcc/x86_64-suse-linux/7/include/.f90,
           /usr/lib64/gcc/x86_64-suse-linux/7/include-fixed/.f90,/usr/include/.f90,/usr/include/.f90,/usr/include/.f90
       -list filename : EXTRACT.lst
  no   -o

COMPILER: Intel(R) Fortran 19.1-1655
