Page 1           Source Listing                  GD2EG
2022-02-15 16:38                                 GD2EG.f

      1       SUBROUTINE GD2EG(IMOUT,JMOUT)
      2 C
      3 C$$$  SUBPROGRAM DOCUMENTATION BLOCK
      4 C                .      .    .     
      5 C SUBPROGRAM:    GD2EG       CNVRT OUT (I,J) TO E (I,J)
      6 C   PRGRMMR: TREADON         ORG: W/NP2      DATE: 93-01-03       
      7 C     
      8 C ABSTRACT:
      9 C     THIS ROUTINE CONVERTS OUTPUT GRID INTEGER (I,J) 
     10 C     TO FILLED E-GRID FLOATING POINT (I,J).  SUBROUTINE
     11 C     INTERP3 USES THIS INFORMATION TO BILINEARLY 
     12 C     INTERPOLATE FROM A FILLED E-GRID TO THE OUTPUT GRID.
     13 C   .     
     14 C     
     15 C PROGRAM HISTORY LOG:
     16 C   93-01-03  RUSS TREADON
     17 C     
     18 C USAGE:    CALL GD2EG(IMOUT,JMOUT)
     19 C   INPUT ARGUMENT LIST:
     20 C     IMOUT    - FIRST DIMENSION OF OUTPUT GRID.
     21 C     JMOUT    - SECOND DIMENSION OF OUTPUT GRID.
     22 C
     23 C   OUTPUT ARGUMENT LIST: 
     24 C     
     25 C   OUTPUT FILES:
     26 C     STDOUT  - RUN TIME STANDARD OUT.
     27 C     
     28 C   SUBPROGRAMS CALLED:
     29 C     UTILITIES:
     30 C       LL2EG - CONVERT (LAT,LON) TO FLOATING POINT E-GRID (I,J)
     31 C     LIBRARY:
     32 C       COMMON - IOUNIT
     33 C                LLGRDS
     34 C     
     35 C   ATTRIBUTES:
     36 C     LANGUAGE: FORTRAN
     37 C     MACHINE : CRAY C-90
     38 C$$$  
     39 C     
     40 C     
     41 C     INCLUDE MAXIMUM OUTPUT GRID DIMENSIONS.
     42       INCLUDE "parmeta"
     60       INCLUDE "parmout"
     64       PARAMETER (imjm=im*jm-jm/2,IMT=2*IM-1,JMT=JM)
     65       PARAMETER (FMAXI=IMT-1.,FMAXJ=JMT-1.)
     66 C     
     67 C     INCLUDE COMMON BLOCKS.
     68       INCLUDE "IOUNIT.comm"
     76       INCLUDE "LLGRDS.comm"
     77 C     
     78 C*********************************************************************
     79 C     START GD2EG HERE.
     80 C     
     81 C     INITIALIZE ARRAYS.
     82 C     
     83 CMIC$ DO ALL VECTOR AUTOSCOPE
     97       DO 10 J = 1,JMX

Page 2           Source Listing                  GD2EG
2022-02-15 16:38                                 GD2EG.f

     98       DO 10 I = 1,IMX
     99          EGRDI(I,J) = -1
    100          EGRDJ(I,J) = -1
    101  10   CONTINUE
    102 C     
    103 C     LOOP OVER OUTPUT GRID (I,J).  FOR EACH OUTPUT GRID (I,J) FIND
    104 C     THE CORRESPONDING E-GRID (I,J).
    105 C     
    106       WRITE(STDOUT,*)'GD2EG:  FIND E-GRID (I,J) ON OUTPUT GRID'
    107       DO 20 J = 1,JMOUT
    108       DO 20 I = 1,IMOUT
    109          ALAT = GDLAT(I,J)
    110          ALON = GDLON(I,J)
    111          CALL LL2EG(ALAT,ALON,EI,EJ)
    112          EGRDI(I,J) = EI
    113          EGRDJ(I,J) = EJ
    114  20   CONTINUE
    115 C     
    116 C     END OF ROUTINE.
    117 C     
    118       RETURN
    119       END


ENTRY POINTS

  Name              
                    
 gd2eg_             

Page 3           Source Listing                  GD2EG
2022-02-15 16:38 Symbol Table                    GD2EG.f



SYMBOL CROSS REFERENCE

 Name                       Object Declared Type            Bytes Dimen Elements Attributes       References                        
                                                                                                                                    
 10                         Label  101                                                            97,98                             
 20                         Label  114                                                            107,108                           
 ALAT                       Local  109      R(4)            4           scalar                    109,111                           
 ALON                       Local  110      R(4)            4           scalar                    110,111                           
 EI                         Local  111      R(4)            4           scalar                    111,112                           
 EJ                         Local  111      R(4)            4           scalar                    111,113                           
 FMAXI                      Param  65       R(4)            4           scalar                                                      
 FMAXJ                      Param  65       R(4)            4           scalar                                                      
 GD2EG                      Subr   1                                                                                                
 I                          Local  98       I(4)            4           scalar                    98,99,100,108,109,110,112,113     
 IDIM1                      Param  56       I(4)            4           scalar                                                      
 IDIM2                      Param  56       I(4)            4           scalar                                                      
 IGSTL                      Param  51       I(4)            4           scalar                    56                                
 IGSTR                      Param  51       I(4)            4           scalar                    56                                
 IM                         Param  45       I(4)            4           scalar                    53,56,63,64,88,89,90              
 IMJM                       Param  64       I(4)            4           scalar                                                      
 IMOUT                      Dummy  1        I(4)            4           scalar   ARG,INOUT        108                               
 IMT                        Param  64       I(4)            4           scalar                    65,90,91                          
 IMX                        Param  63       I(4)            4           scalar                    86,87,92,93,94,95,98              
 INPES                      Param  48       I(4)            4           scalar                    53,56                             
 IOUNIT                     Common 72                                   20       SAVE                                               
 ITAIL                      Param  53       I(4)            4           scalar                                                      
 J                          Local  97       I(4)            4           scalar                    97,99,100,107,109,110,112,113     
 JDIM1                      Param  57       I(4)            4           scalar                                                      
 JDIM2                      Param  57       I(4)            4           scalar                                                      
 JGSTL                      Param  52       I(4)            4           scalar                    57                                
 JGSTR                      Param  52       I(4)            4           scalar                    57                                
 JM                         Param  45       I(4)            4           scalar                    54,57,63,64,88,89,90              
 JMOUT                      Dummy  1        I(4)            4           scalar   ARG,INOUT        107                               
 JMT                        Param  64       I(4)            4           scalar                    65,90,91                          
 JMX                        Param  63       I(4)            4           scalar                    86,87,92,93,94,95,97              
 JNPES                      Param  48       I(4)            4           scalar                    54,57                             
 JTAIL                      Param  54       I(4)            4           scalar                                                      
 LL2EG                      Subr   111                                                            111                               
 LLGRDS                     Common 85                                   9167256  SAVE                                               
 LM                         Param  45       I(4)            4           scalar                    63                                
 LSM                        Param  45       I(4)            4           scalar                                                      
 MXFLD                      Param  63       I(4)            4           scalar                                                      
 MXLVL                      Param  63       I(4)            4           scalar                                                      


TYPE COMPONENTS/COMMON VARIABLES

 Name                       Type            Bytes Offset   Dimen Elements Attributes       References                         
                                                                                                                              
 EGRDI                      R(4)            4     5865372  2     91719    COM              99,112                             
 EGRDJ                      R(4)            4     6232248  2     91719    COM              100,113                            
 EVLAT                      R(4)            4     4400964  2     183051   COM                                                 
 EVLON                      R(4)            4     5133168  2     183051   COM                                                 
 FVTLON                     R(4)            4     3668760  2     183051   COM                                                 
 GDLAT                      R(4)            4     0        2     91719    COM              109                                

Page 4           Source Listing                  GD2EG
2022-02-15 16:38 Symbol Table                    GD2EG.f

 Name                       Type            Bytes Offset   Dimen Elements Attributes       References                         
                                                                                                                              
 GDLON                      R(4)            4     366876   2     91719    COM              110                                
 GDTLAT                     R(4)            4     733752   2     91719    COM                                                 
 GDTLON                     R(4)            4     1100628  2     91719    COM                                                 
 HTLAT                      R(4)            4     1467504  2     91719    COM                                                 
 HTLON                      R(4)            4     1834380  2     91719    COM                                                 
 IEGRD                      I(4)            4     6599124  2     91719    COM                                                 
 IEGRDK                     I(4)            4     2201256  2     91719    COM                                                 
 IWGT                       I(4)            4     7332876  2     91719    COM                                                 
 JEGRD                      I(4)            4     6966000  2     91719    COM                                                 
 JEGRDK                     I(4)            4     2568132  2     91719    COM                                                 
 LCNTRL                     I(4)            4     4              scalar   COM                                                 
 LUNCO                      I(4)            4     8              scalar   COM                                                 
 LUNLL                      I(4)            4     12             scalar   COM                                                 
 LUNOUT                     I(4)            4     16             scalar   COM                                                 
 STDOUT                     I(4)            4     0              scalar   COM              106                                
 VTLAT                      R(4)            4     2935008  2     91719    COM                                                 
 VTLON                      R(4)            4     3301884  2     91719    COM                                                 
 WIJ                        R(4)            4     7699752  2     91719    COM                                                 
 WIJP                       R(4)            4     8433504  2     91719    COM                                                 
 WIPJ                       R(4)            4     8066628  2     91719    COM                                                 
 WIPJP                      R(4)            4     8800380  2     91719    COM                                                 

Page 5           Source Listing                  GD2EG
2022-02-15 16:38 Subprograms/Common Blocks       GD2EG.f



SUBPROGRAMS/COMMON BLOCKS

 Name                       Object Declared Type            Bytes Dimen Elements Attributes       References                        
                                                                                                                                    
 GD2EG                      Subr   1                                                                                                
 IOUNIT                     Common 72                                   20       SAVE                                               
 LLGRDS                     Common 85                                   9167256  SAVE                                               

COMPILER OPTIONS BEING USED

       -align noall                          -align nonone
       -align nocommons                      -align nodcommons
       -align noqcommons                     -align nozcommons
       -align records                        -align nosequence
       -align norec1byte                     -align norec2byte
       -align norec4byte                     -align norec8byte
       -align norec16byte                    -align norec32byte
       -align norec64byte                    -align noarray8byte
       -align noarray16byte                  -align noarray32byte
       -align noarray64byte                  -align noarray128byte
       -align noarray256byte                 -altparam
       -assume accuracy_sensitive            -assume nobscc
       -assume nobuffered_io                 -assume nobuffered_stdout
       -assume byterecl                      -assume nocontiguous_assumed_shape
       -assume nocontiguous_pointer          -assume nocc_omp
       -assume nocstring                     -assume nodummy_aliases
       -assume nofpe_summary                 -assume noieee_fpe_flags
       -assume nominus0                      -assume noold_boz
       -assume old_complex_align             -assume old_unit_star
       -assume old_inquire_recl              -assume old_ldout_format
       -assume old_ldout_zero                -assume noold_logical_assign
       -assume noold_logical_ldio            -assume old_maxminloc
       -assume old_xor                       -assume noprotect_allocates
       -assume protect_constants             -assume noprotect_parens
       -assume split_common                  -assume source_include
       -assume nostd_intent_in               -assume std_minus0_rounding
       -assume nostd_mod_proc_name           -assume std_value
       -assume realloc_lhs                   -assume underscore
       -assume no2underscores                -assume norecursion
  no   -auto                                 -auto_scalar
  no   -bintext                              -ccdefault default
       -check noarg_temp_created             -check noassume
       -check nobounds                       -check nocontiguous
       -check noformat                       -check nooutput_conversion
       -check nooverflow                     -check nopointers
       -check noshape                        -check nostack
       -check nouninitialized                -check noudio_iostat
       -coarray-num-procs 0             no   -coarray-config-file
       -convert big_endian                   -cross_reference
       -D __INTEL_COMPILER=1910              -D __INTEL_COMPILER_UPDATE=3
       -D __unix__                           -D __unix
       -D __linux__                          -D __linux
       -D __gnu_linux__                      -D unix
       -D linux                              -D __ELF__
       -D __x86_64                           -D __x86_64__

Page 6           Source Listing                  GD2EG
2022-02-15 16:38                                 GD2EG.f

       -D __amd64                            -D __amd64__
       -D __INTEL_COMPILER_BUILD_DATE=20200925       -D __INTEL_OFFLOAD
       -D __MMX__                            -D __SSE__
       -D __SSE_MATH__                       -D __SSE2__
       -D __SSE2_MATH__                      -D __SSE3__
       -D __SSSE3__                          -D __SSE4_1__
       -D __SSE4_2__                         -D __POPCNT__
       -D __PCLMUL__                         -D __AES__
       -D __AVX__                            -D __F16C__
       -D __AVX_I__                          -D __RDRND__
       -D __FMA__                            -D __FP_FAST_FMA
       -D __FP_FAST_FMAF                     -D __BMI__
       -D __LZCNT__                          -D __AVX2__
       -D __haswell                          -D __haswell__
       -D __tune_haswell__                   -D __core_avx2
       -D __core_avx2__                      -D __tune_core_avx2__
       -D __CRAY_X86_ROME                    -D __CRAYXT_COMPUTE_LINUX_TARGET
       -double_size 64                  no   -d_lines
  no   -Qdyncom                              -error_limit 30
  no   -f66                             no   -f77rtl
  no   -fast                                 -fpscomp nofilesfromcmd
       -fpscomp nogeneral                    -fpscomp noioformat
       -fpscomp noldio_spacing               -fpscomp nologicals
       -fixed                           no   -fpconstant
       -fpe3                                 -fprm nearest
  no   -ftz                                  -fp_model noprecise
       -fp_model fast                        -fp_model nostrict
       -fp_model nosource                    -fp_model nodouble
       -fp_model noextended                  -fp_model novery_fast
       -fp_model noexcept                    -fp_model nono_except
       -heap_arrays 0                   no   -threadprivate_compat
       -g2                                   -iface nomixed_str_len_arg
       -iface nono_mixed_str_len_arg         -init noarrays
       -init nohuge                          -init noinfinity
       -init nominus_huge                    -init nominus_infinity
       -init nominus_tiny                    -init nonan
       -init nosnan                          -init notiny
       -init nozero                     no   -intconstant
       -integer_size 32                 no   -mixed_str_len_arg
  no   -module                               -names lowercase
  no   -noinclude                       no   -o
       -offload-build=host                   -openmp-simd
       -O2                              no   -pad_source
       -real_size 32                    no   -recursive
       -reentrancy threaded                  -vec=simd
       -show nofullpath                      -show noinclude
       -show map                             -show options
  no   -syntax_only                     no   -threadcom
  no   -U                               no   -vms
       -w noall                              -w nonone
       -w alignments                         -w nodeclarations
       -w noexternals                        -w general
       -w noignore_bounds                    -w noignore_loc
       -w nointerfaces                       -w noshape
       -w notruncated_source                 -w uncalled
       -w uninitialized                      -w nounused
       -w usage                         no   -wrap-margins

Page 7           Source Listing                  GD2EG
2022-02-15 16:38                                 GD2EG.f

       -includepath : /pe/intel/compilers_and_libraries_2020.4.304/linux/pstl/include/,/pe/intel/compilers_and_libraries_2020.4.304/linux/compiler/include/,
           .f90,./.f90,/opt/cray/pe/mpich/8.1.9/ofi/intel/19.0/include/.f90,/pe/intel/compilers_and_libraries_2020.4.304/linux/ipp/include/.f90,
           /pe/intel/compilers_and_libraries_2020.4.304/linux/mkl/include/.f90,/pe/intel/compilers_and_libraries_2020.4.304/linux/pstl/include/.f90,
           /pe/intel/compilers_and_libraries_2020.4.304/linux/pstl/stdlib/.f90,/pe/intel/compilers_and_libraries_2020.4.304/linux/tbb/include/.f90,
           /pe/intel/compilers_and_libraries_2020.4.304/linux/compiler/include/intel64/.f90,/pe/intel/compilers_and_libraries_2020.4.304/linux/compiler/include/icc/.f90,
           /pe/intel/compilers_and_libraries_2020.4.304/linux/compiler/include/.f90,/usr/lib64/gcc/x86_64-suse-linux/7/include/.f90,
           /usr/lib64/gcc/x86_64-suse-linux/7/include-fixed/.f90,/usr/include/.f90,/usr/include/.f90,/usr/include/.f90
       -list filename : GD2EG.lst
  no   -o

COMPILER: Intel(R) Fortran 19.1-1655
