Page 1           Source Listing                  INTERP3
2022-02-15 16:39                                 INTERP3.f

      1       SUBROUTINE INTERP3(EGFUL,GDOUT,IMOT,JMOT)
      2 C
      3 C$$$  SUBPROGRAM DOCUMENTATION BLOCK
      4 C                .      .    .     
      5 C SUBPROGRAM:    INTERP3     BILINEAR INTERPOLATION
      6 C   PRGRMMR: TREADON         ORG: W/NP2      DATE: 92-12-23
      7 C     
      8 C ABSTRACT: 
      9 C     THIS ROUTINE BILINEARLY INTERPOLATES DATA FROM A 
     10 C     REGULAR INPUT GRID (FILLED E-GRID) TO A SPECIFIED
     11 C     REGULAR OUTPUT GRID.  THE ROUTINE ASSUMES THE 
     12 C     INTERPOLATION COEFFICIENTS HAVE BEEN PRECOMPUTED
     13 C     EITHER EARLIER IN THE POST RUN BY SUBROUTINE GENBIL
     14 C     OR READ IN WHILE IN SUBROUTINE READCNTRL2.
     15 C   .     
     16 C     
     17 C PROGRAM HISTORY LOG:
     18 C   ??-??-??  DAVID PLUMMER - SUBROUTINE INTERP
     19 C   92-12-23  RUSS TREADON - BROKE INTERP INTO SEVERAL PIECES
     20 C                            ONE OF WHICH BECAME THIS
     21 C                            INTERPOLATION ROUTINE.
     22 C   95-05-03  MIKE BALDWIN - ADDED BIT MAP ARRAY
     23 C     
     24 C USAGE:    CALL INTERP3(EGFUL,GDOUT,IMOT,JMOT)
     25 C   INPUT ARGUMENT LIST:
     26 C     EGFUL    - DATA ON FILLED E-GRID.
     27 C     IMOT     - FIRST DIMENSION OF OUTPUT GRID.
     28 C     JMOT     - SECOND DIMENSION OF OUTPUT GRID.
     29 C
     30 C   OUTPUT ARGUMENT LIST: 
     31 C     GDOUT    - DATA INTERPOLATED TO OUTPUT GRID.
     32 C     
     33 C   OUTPUT FILES:
     34 C     STDOUT  - RUN TIME STANDARD OUT.
     35 C     
     36 C   SUBPROGRAMS CALLED:
     37 C     UTILITIES:
     38 C       EXTEND   - FILLS MISSING VALUES ON OUTPUT GRID WITH 
     39 C                  EITHER AN EXTENSION OF BORDER VALUES OR
     40 C                  THE FIELD MEAN.
     41 C     LIBRARY:
     42 C       COMMON   - OPTIONS
     43 C                  LLGRDS
     44 C                  IOUNIT
     45 C     
     46 C   ATTRIBUTES:
     47 C     LANGUAGE: FORTRAN
     48 C     MACHINE : CRAY Y-MP
     49 C$$$  
     50 C     
     51 C     
     52 C     INCLUDE DECLARED GRID DIMENSIONS.
     53 C-----------------------------------------------------------------
     54       INCLUDE "parmeta"
     72       INCLUDE "parmout"
     73 C-----------------------------------------------------------------
     77       PARAMETER (IMT=2*IM-1,JMT=JM)

Page 2           Source Listing                  INTERP3
2022-02-15 16:39                                 INTERP3.f

     78 C     
     79 C     DECLARE VARIABLES.
     80 C-----------------------------------------------------------------
     81       INTEGER IMOT,JMOT
     82       REAL EGFUL(IMT,JMT),GDOUT(IMOT,JMOT)
     83       DOUBLE PRECISION SUM
     84 C-----------------------------------------------------------------
     85 C     
     86 C     INCLUDE COMMON.
     87       INCLUDE "OPTIONS.comm"
     91       INCLUDE "LLGRDS.comm"
    105       INCLUDE "BITMAP.comm"
    111       INCLUDE "IOUNIT.comm"
    112 C
    113 C     SET TOLERANCE LIMITS.
    114 C     
    122       DATA MXPASS,SPVC,SMALL /2,1.E20,1.E-4/
    123 C     
    124 C******************************************************************
    125 C     START INTERP3 HERE.
    126 C     
    127 C     BILINEAR INTERPOLATION OF FILLED E-GRID TO OUTPUT GRID.
    128 C     THE WEIGHT ARRAYS W*(I,J) ARE PASSED THROUGH COMMON 
    129 C     BLOCK LLGRDS.  WHILE INTERPOLATING, COMPUTE FIELD 
    130 C     AVERAGE ON OUTPUT GRID.
    131 C 
    132       SUM = 0.0
    133       NPTS=0
    134 C
    135 !$omp  parallel do
    136       DO J=1,JMOT
    137       DO I=1,IMOT
    138         GDOUT(I,J)=SPVC
    139       ENDDO
    140       ENDDO
    141 C
    142 !$omp  parallel do
    143 !$omp& private(m,n)
    144       DO 120 J = 1,JMOT
    145       DO 120 I = 1,IMOT
    146 c       GDOUT(I,J) = SPVC
    147         IBMAP(I,J) = IWGT(I,J)
    148         IF (IWGT(I,J).EQ.1) THEN
    149           M = IEGRD(I,J)
    150           N = JEGRD(I,J) 
    151           GDOUT(I,J) = 
    152      X        WIJ(I,J)  *EGFUL(M,N)   +
    153      X        WIPJ(I,J) *EGFUL(M+1,N) +
    154      X        WIJP(I,J) *EGFUL(M,N+1) +
    155      X        WIPJP(I,J)*EGFUL(M+1,N+1) 
    156         ENDIF
    157  120  CONTINUE
    158 C
    159       DO J=1,JMOT
    160       DO I=1,IMOT
    161         IF(IWGT(I,J).EQ.1)THEN
    162           SUM=SUM+GDOUT(I,J)

Page 3           Source Listing                  INTERP3
2022-02-15 16:39                                 INTERP3.f

    163           NPTS=NPTS+1
    164         ENDIF
    165       ENDDO
    166       ENDDO
    167 C
    168       IF(NPTS.EQ.0)THEN
    169         WRITE(STDOUT,*)'INTERP3:  OUTPUT GRID NPTS IS ZERO'
    170         RETURN
    171       ENDIF
    172       AVG=SUM/NPTS
    173 C     
    174 C     DONE WITH INTERPOLATION.  FILL MISSING VALUES WITH BOUNDARY VALUES.
    175 C     
    176       CALL EXTEND(GDOUT,IMOT,JMOT,AVG,SPVC)
    177       print*,'End of INTERP3'
    178 C     
    179 C     END OF ROUTINE.
    180 C
    181       RETURN
    182       END


ENTRY POINTS

  Name                
                      
 interp3_             


SYMBOL CROSS REFERENCE

 Name                       Object Declared Type            Bytes Dimen Elements Attributes       References                        
                                                                                                                                    
 120                        Label  157                                                            144,145                           
 AVG                        Local  172      R(4)            4           scalar                    172,176                           
 BITMAP                     Common 107                                  366876   SAVE                                               
 EGFUL                      Dummy  1        R(4)            4     2     183051   ARG,INOUT        152,153,154,155                   
 EXTEND                     Subr   176                                                            176                               
 GDOUT                      Dummy  1        R(4)            4     2     0        ARG,INOUT        138,151,162,176                   
 I                          Local  137      I(4)            4           scalar                    137,138,145,147,148,149,150,151,15
                                                                                                  2,153,154,155,160,161,162         
 IDIM1                      Param  68       I(4)            4           scalar                                                      
 IDIM2                      Param  68       I(4)            4           scalar                                                      
 IGSTL                      Param  63       I(4)            4           scalar                    68                                
 IGSTR                      Param  63       I(4)            4           scalar                    68                                
 IM                         Param  57       I(4)            4           scalar                    65,68,76,77,96,97,98              
 IMOT                       Dummy  1        I(4)            4           scalar   ARG,INOUT        82,137,145,160,176                
 IMT                        Param  77       I(4)            4           scalar                    82,98,99                          
 IMX                        Param  76       I(4)            4           scalar                    94,95,100,101,102,103,108         
 INPES                      Param  60       I(4)            4           scalar                    65,68                             
 INTERP3                    Subr   1                                                                                                
 IOUNIT                     Common 118                                  20       SAVE                                               
 ITAIL                      Param  65       I(4)            4           scalar                                                      
 J                          Local  136      I(4)            4           scalar                    136,138,144,147,148,149,150,151,15
                                                                                                  2,153,154,155,159,161,162         
 JDIM1                      Param  69       I(4)            4           scalar                                                      
 JDIM2                      Param  69       I(4)            4           scalar                                                      

Page 4           Source Listing                  INTERP3
2022-02-15 16:39 Symbol Table                    INTERP3.f

 Name                       Object Declared Type            Bytes Dimen Elements Attributes       References                        
                                                                                                                                    
 JGSTL                      Param  64       I(4)            4           scalar                    69                                
 JGSTR                      Param  64       I(4)            4           scalar                    69                                
 JM                         Param  57       I(4)            4           scalar                    66,69,76,77,96,97,98              
 JMOT                       Dummy  1        I(4)            4           scalar   ARG,INOUT        82,136,144,159,176                
 JMT                        Param  77       I(4)            4           scalar                    82,98,99                          
 JMX                        Param  76       I(4)            4           scalar                    94,95,100,101,102,103,108         
 JNPES                      Param  60       I(4)            4           scalar                    66,69                             
 JTAIL                      Param  66       I(4)            4           scalar                                                      
 LLGRDS                     Common 93                                   9167256  SAVE                                               
 LM                         Param  57       I(4)            4           scalar                    76                                
 LSM                        Param  57       I(4)            4           scalar                                                      
 M                          Local  149      I(4)            4           scalar                    149,152,153,154,155               
 MXFLD                      Param  76       I(4)            4           scalar                                                      
 MXLVL                      Param  76       I(4)            4           scalar                                                      
 MXPASS                     Local  122      I(4)            4           scalar                    122                               
 N                          Local  150      I(4)            4           scalar                    150,152,153,154,155               
 NPTS                       Local  133      I(4)            4           scalar                    133,163,168,172                   
 OPTIONS                    Common 89                                   24       SAVE                                               
 SMALL                      Local  122      R(4)            4           scalar                    122                               
 SPVC                       Local  122      R(4)            4           scalar                    122,138,176                       
 SUM                        Local  83       R(8)            8           scalar                    132,162,172                       


TYPE COMPONENTS/COMMON VARIABLES

 Name                       Type            Bytes Offset   Dimen Elements Attributes       References                         
                                                                                                                              
 EGRDI                      R(4)            4     5865372  2     91719    COM                                                 
 EGRDJ                      R(4)            4     6232248  2     91719    COM                                                 
 EVLAT                      R(4)            4     4400964  2     183051   COM                                                 
 EVLON                      R(4)            4     5133168  2     183051   COM                                                 
 FVTLON                     R(4)            4     3668760  2     183051   COM                                                 
 GDLAT                      R(4)            4     0        2     91719    COM                                                 
 GDLON                      R(4)            4     366876   2     91719    COM                                                 
 GDTLAT                     R(4)            4     733752   2     91719    COM                                                 
 GDTLON                     R(4)            4     1100628  2     91719    COM                                                 
 HTLAT                      R(4)            4     1467504  2     91719    COM                                                 
 HTLON                      R(4)            4     1834380  2     91719    COM                                                 
 IBESSL                     I(4)            4     4              scalar   COM                                                 
 IBMAP                      I(4)            4     0        2     91719    COM              147                                
 IEGRD                      I(4)            4     6599124  2     91719    COM              149                                
 IEGRDK                     I(4)            4     2201256  2     91719    COM                                                 
 IFLAG                      I(4)            4     16             scalar   COM                                                 
 IOFFS                      I(4)            4     12             scalar   COM                                                 
 IWGT                       I(4)            4     7332876  2     91719    COM              147,148,161                        
 JEGRD                      I(4)            4     6966000  2     91719    COM              150                                
 JEGRDK                     I(4)            4     2568132  2     91719    COM                                                 
 KSB                        I(4)            4     8              scalar   COM                                                 
 LCNTRL                     I(4)            4     4              scalar   COM                                                 
 LUNCO                      I(4)            4     8              scalar   COM                                                 
 LUNLL                      I(4)            4     12             scalar   COM                                                 
 LUNOUT                     I(4)            4     16             scalar   COM                                                 
 SATDEL                     R(4)            4     20             scalar   COM                                                 
 SPVAL                      R(4)            4     0              scalar   COM                                                 
 STDOUT                     I(4)            4     0              scalar   COM              169                                

Page 5           Source Listing                  INTERP3
2022-02-15 16:39 Symbol Table                    INTERP3.f

 Name                       Type            Bytes Offset   Dimen Elements Attributes       References                         
                                                                                                                              
 VTLAT                      R(4)            4     2935008  2     91719    COM                                                 
 VTLON                      R(4)            4     3301884  2     91719    COM                                                 
 WIJ                        R(4)            4     7699752  2     91719    COM              152                                
 WIJP                       R(4)            4     8433504  2     91719    COM              154                                
 WIPJ                       R(4)            4     8066628  2     91719    COM              153                                
 WIPJP                      R(4)            4     8800380  2     91719    COM              155                                

Page 6           Source Listing                  INTERP3
2022-02-15 16:39 Subprograms/Common Blocks       INTERP3.f



SUBPROGRAMS/COMMON BLOCKS

 Name                       Object Declared Type            Bytes Dimen Elements Attributes       References                        
                                                                                                                                    
 BITMAP                     Common 107                                  366876   SAVE                                               
 INTERP3                    Subr   1                                                                                                
 IOUNIT                     Common 118                                  20       SAVE                                               
 LLGRDS                     Common 93                                   9167256  SAVE                                               
 OPTIONS                    Common 89                                   24       SAVE                                               

COMPILER OPTIONS BEING USED

       -align noall                          -align nonone
       -align nocommons                      -align nodcommons
       -align noqcommons                     -align nozcommons
       -align records                        -align nosequence
       -align norec1byte                     -align norec2byte
       -align norec4byte                     -align norec8byte
       -align norec16byte                    -align norec32byte
       -align norec64byte                    -align noarray8byte
       -align noarray16byte                  -align noarray32byte
       -align noarray64byte                  -align noarray128byte
       -align noarray256byte                 -altparam
       -assume accuracy_sensitive            -assume nobscc
       -assume nobuffered_io                 -assume nobuffered_stdout
       -assume byterecl                      -assume nocontiguous_assumed_shape
       -assume nocontiguous_pointer          -assume nocc_omp
       -assume nocstring                     -assume nodummy_aliases
       -assume nofpe_summary                 -assume noieee_fpe_flags
       -assume nominus0                      -assume noold_boz
       -assume old_complex_align             -assume old_unit_star
       -assume old_inquire_recl              -assume old_ldout_format
       -assume old_ldout_zero                -assume noold_logical_assign
       -assume noold_logical_ldio            -assume old_maxminloc
       -assume old_xor                       -assume noprotect_allocates
       -assume protect_constants             -assume noprotect_parens
       -assume split_common                  -assume source_include
       -assume nostd_intent_in               -assume std_minus0_rounding
       -assume nostd_mod_proc_name           -assume std_value
       -assume realloc_lhs                   -assume underscore
       -assume no2underscores                -assume norecursion
  no   -auto                                 -auto_scalar
  no   -bintext                              -ccdefault default
       -check noarg_temp_created             -check noassume
       -check nobounds                       -check nocontiguous
       -check noformat                       -check nooutput_conversion
       -check nooverflow                     -check nopointers
       -check noshape                        -check nostack
       -check nouninitialized                -check noudio_iostat
       -coarray-num-procs 0             no   -coarray-config-file
       -convert big_endian                   -cross_reference
       -D __INTEL_COMPILER=1910              -D __INTEL_COMPILER_UPDATE=3
       -D __unix__                           -D __unix
       -D __linux__                          -D __linux
       -D __gnu_linux__                      -D unix

Page 7           Source Listing                  INTERP3
2022-02-15 16:39                                 INTERP3.f

       -D linux                              -D __ELF__
       -D __x86_64                           -D __x86_64__
       -D __amd64                            -D __amd64__
       -D __INTEL_COMPILER_BUILD_DATE=20200925       -D __INTEL_OFFLOAD
       -D __MMX__                            -D __SSE__
       -D __SSE_MATH__                       -D __SSE2__
       -D __SSE2_MATH__                      -D __SSE3__
       -D __SSSE3__                          -D __SSE4_1__
       -D __SSE4_2__                         -D __POPCNT__
       -D __PCLMUL__                         -D __AES__
       -D __AVX__                            -D __F16C__
       -D __AVX_I__                          -D __RDRND__
       -D __FMA__                            -D __FP_FAST_FMA
       -D __FP_FAST_FMAF                     -D __BMI__
       -D __LZCNT__                          -D __AVX2__
       -D __haswell                          -D __haswell__
       -D __tune_haswell__                   -D __core_avx2
       -D __core_avx2__                      -D __tune_core_avx2__
       -D __CRAY_X86_ROME                    -D __CRAYXT_COMPUTE_LINUX_TARGET
       -double_size 64                  no   -d_lines
  no   -Qdyncom                              -error_limit 30
  no   -f66                             no   -f77rtl
  no   -fast                                 -fpscomp nofilesfromcmd
       -fpscomp nogeneral                    -fpscomp noioformat
       -fpscomp noldio_spacing               -fpscomp nologicals
       -fixed                           no   -fpconstant
       -fpe3                                 -fprm nearest
  no   -ftz                                  -fp_model noprecise
       -fp_model fast                        -fp_model nostrict
       -fp_model nosource                    -fp_model nodouble
       -fp_model noextended                  -fp_model novery_fast
       -fp_model noexcept                    -fp_model nono_except
       -heap_arrays 0                   no   -threadprivate_compat
       -g2                                   -iface nomixed_str_len_arg
       -iface nono_mixed_str_len_arg         -init noarrays
       -init nohuge                          -init noinfinity
       -init nominus_huge                    -init nominus_infinity
       -init nominus_tiny                    -init nonan
       -init nosnan                          -init notiny
       -init nozero                     no   -intconstant
       -integer_size 32                 no   -mixed_str_len_arg
  no   -module                               -names lowercase
  no   -noinclude                       no   -o
       -offload-build=host                   -openmp-simd
       -O2                              no   -pad_source
       -real_size 32                    no   -recursive
       -reentrancy threaded                  -vec=simd
       -show nofullpath                      -show noinclude
       -show map                             -show options
  no   -syntax_only                     no   -threadcom
  no   -U                               no   -vms
       -w noall                              -w nonone
       -w alignments                         -w nodeclarations
       -w noexternals                        -w general
       -w noignore_bounds                    -w noignore_loc
       -w nointerfaces                       -w noshape
       -w notruncated_source                 -w uncalled

Page 8           Source Listing                  INTERP3
2022-02-15 16:39                                 INTERP3.f

       -w uninitialized                      -w nounused
       -w usage                         no   -wrap-margins

       -includepath : /pe/intel/compilers_and_libraries_2020.4.304/linux/pstl/include/,/pe/intel/compilers_and_libraries_2020.4.304/linux/compiler/include/,
           .f90,./.f90,/opt/cray/pe/mpich/8.1.9/ofi/intel/19.0/include/.f90,/pe/intel/compilers_and_libraries_2020.4.304/linux/ipp/include/.f90,
           /pe/intel/compilers_and_libraries_2020.4.304/linux/mkl/include/.f90,/pe/intel/compilers_and_libraries_2020.4.304/linux/pstl/include/.f90,
           /pe/intel/compilers_and_libraries_2020.4.304/linux/pstl/stdlib/.f90,/pe/intel/compilers_and_libraries_2020.4.304/linux/tbb/include/.f90,
           /pe/intel/compilers_and_libraries_2020.4.304/linux/compiler/include/intel64/.f90,/pe/intel/compilers_and_libraries_2020.4.304/linux/compiler/include/icc/.f90,
           /pe/intel/compilers_and_libraries_2020.4.304/linux/compiler/include/.f90,/usr/lib64/gcc/x86_64-suse-linux/7/include/.f90,
           /usr/lib64/gcc/x86_64-suse-linux/7/include-fixed/.f90,/usr/include/.f90,/usr/include/.f90,/usr/include/.f90
       -list filename : INTERP3.lst
  no   -o

COMPILER: Intel(R) Fortran 19.1-1655
