Page 1           Source Listing                  PROCESS
2022-02-15 16:39                                 PROCESS.f

      1       SUBROUTINE PROCESS
      2 C$$$  SUBPROGRAM DOCUMENTATION BLOCK
      3 C                .      .    .     
      4 C SUBPROGRAM:    PROCESS     DRIVER FOR MAJOR POST ROUTINES.
      5 C   PRGRMMR: TREADON         ORG: W/NP2      DATE: 92-12-21       
      6 C     
      7 C ABSTRACT:
      8 C     THIS ROUTINE CALLS THE MAJOR POST PROCESSOR ROUTINES.
      9 C     THESE ROUTINES ARE
     10 C        ETAFLD2 - CALCULATE NMC SLP, SET BELOW SURFACE FIELDS,
     11 C                  AND POSTS DATA ON ETA SURFACES.
     12 C        ETA2P   - POSTS DATA ON ISOBARIC SURFACES.
     13 C        SURFCE2 - POSTS SOUNDING DATA, SURFACE BASED FIELDS, 
     14 C                  AND STATIC OR FIXED FIELDS.
     15 C        CLDRAD  - POST SOUNDING/CLOUD/RADIATION FIELDS.
     16 C        MISCLN  - POST MISCELLANEOUS (SPECIAL) FIELDS.
     17 C        FIXED   - POST FIXED FIELDS.
     18 C   .     
     19 C     
     20 C PROGRAM HISTORY LOG:
     21 C   92-12-21  RUSS TREADON
     22 C   98-06-01  T BLACK - CONVERSION OF POST FROM 1-D TO 2-D
     23 C   00-01-05  JIM TUCCILLO - MPI VERSION
     24 C     
     25 C USAGE:    CALL PROCESS
     26 C   INPUT ARGUMENT LIST:
     27 C     NONE     
     28 C
     29 C   OUTPUT ARGUMENT LIST: 
     30 C     NONE
     31 C     
     32 C   OUTPUT FILES:
     33 C     NONE
     34 C     
     35 C   SUBPROGRAMS CALLED:
     36 C     UTILITIES:
     37 C       ETAFLD2  - POST DATA ETA SURFACES.
     38 C       ETA2P    - POST DATA ON PRESSURE SURFACES.
     39 C       SURFCE2  - POST SURFACE BASED FIELDS.
     40 C       CLDRAD   - POST SOUNDING/CLOUD/RADIATION FIELDS.
     41 C       MISCLN   - POST MISCELLANEOUS FIELDS.
     42 C       FIXED    - POST FIXED FIELDS.
     43 C     LIBRARY:
     44 C       COMMON   - OUTGRD
     45 C     
     46 C   ATTRIBUTES:
     47 C     LANGUAGE: FORTRAN
     48 C     MACHINE : CRAY C-90
     49 C$$$  
     50 C
     51 C     
     52 C     INCLUDE PARAMETERS.
     53       INCLUDE "parmeta"
     71       INCLUDE "parmout"
     72 C
     73 C     DECLARE VARIABLES.
     74 C     

Page 2           Source Listing                  PROCESS
2022-02-15 16:39                                 PROCESS.f

     78       CHARACTER*6  DATSET,PROJ
     79       LOGICAL NORTH
     80 C     
     81 C     INCLUDE I/O COMMON BLOCK.
     82       INCLUDE "OUTGRD.comm"
     83 c
     88       common/tim_info/ETAFLD2_tim,ETA2P_tim,SURFCE2_tim, CLDRAD_tim,
     89      *                MISCLN_tim,FIXED_tim
     90 C
     91 C****************************************************************************
     92 C     START SUBROUTINE PROCESS.
     93 C
     94 C     
     95 C     COMPUTE/POST FIELDS ON ETA SURFACES.
     96 C
     97       btim = timef()
     98       CALL ETAFLD2(IGOUT,JGOUT)
     99       ETAFLD2_tim = ETAFLD2_tim +(timef() - btim)
    100 C
    101 C     COMPUTE/POST FIELDS ON PRESSURE SURFACES.
    102       btim = timef()
    103       CALL ETA2P(IGOUT,JGOUT)
    104       ETA2P_tim = ETA2P_tim +(timef() - btim)
    105 C
    106 C     COMPUTE/POST SURFACE RELATED FIELDS.
    107       btim = timef()
    108       CALL SURFCE2(IGOUT,JGOUT)
    109       SURFCE2_tim = SURFCE2_tim +(timef() - btim)
    110 C
    111 C     COMPUTE/POST SOUNDING AND CLOUD RELATED FIELDS.
    112       btim = timef()
    113       CALL CLDRAD(IGOUT,JGOUT)
    114       CLDRAD_tim = CLDRAD_tim +(timef() - btim)
    115 C
    116 C     COMPUTE/POST TROPOPAUSE DATA, FD LEVEL FIELDS,
    117 C     FREEZING LEVEL HEIGHT AND RH, BOUNDARY LAYER FIELDS,
    118 C     AND LFM-NGM LOOK-ALIKE FIELDS.
    119       btim = timef()
    120       CALL MISCLN(IGOUT,JGOUT)
    121       MISCLN_tim = MISCLN_tim +(timef() - btim)
    122 C
    123 C     POST FIXED FIELDS.
    124       btim = timef()
    125       CALL FIXED(IGOUT,JGOUT)
    126       FIXED_tim =  FIXED_tim +(timef() - btim)
    127 C     
    128 C     END OF ROUTINE.
    129 C     
    130       RETURN
    131       END

Page 3           Source Listing                  PROCESS
2022-02-15 16:39 Entry Points                    PROCESS.f



ENTRY POINTS

  Name                
                      
 process_             


SYMBOL CROSS REFERENCE

 Name                       Object Declared Type            Bytes Dimen Elements Attributes       References                        
                                                                                                                                    
 BTIM                       Local  97       R(4)            4           scalar                    97,99,102,104,107,109,112,114,119,
                                                                                                  121,124,126                       
 CLDRAD                     Subr   113                                                            113                               
 DATSET                     Local  78       CHAR            6           scalar                                                      
 ETA2P                      Subr   103                                                            103                               
 ETAFLD2                    Subr   98                                                             98                                
 FIXED                      Subr   125                                                            125                               
 IDIM1                      Param  67       I(4)            4           scalar                                                      
 IDIM2                      Param  67       I(4)            4           scalar                                                      
 IGSTL                      Param  62       I(4)            4           scalar                    67                                
 IGSTR                      Param  62       I(4)            4           scalar                    67                                
 IM                         Param  56       I(4)            4           scalar                    64,67,77                          
 IMX                        Param  77       I(4)            4           scalar                                                      
 INPES                      Param  59       I(4)            4           scalar                    64,67                             
 ITAIL                      Param  64       I(4)            4           scalar                                                      
 JDIM1                      Param  68       I(4)            4           scalar                                                      
 JDIM2                      Param  68       I(4)            4           scalar                                                      
 JGSTL                      Param  63       I(4)            4           scalar                    68                                
 JGSTR                      Param  63       I(4)            4           scalar                    68                                
 JM                         Param  56       I(4)            4           scalar                    65,68,77                          
 JMX                        Param  77       I(4)            4           scalar                                                      
 JNPES                      Param  59       I(4)            4           scalar                    65,68                             
 JTAIL                      Param  65       I(4)            4           scalar                                                      
 LM                         Param  56       I(4)            4           scalar                    77                                
 LSM                        Param  56       I(4)            4           scalar                                                      
 MISCLN                     Subr   120                                                            120                               
 MXFLD                      Param  77       I(4)            4           scalar                                                      
 MXLVL                      Param  77       I(4)            4           scalar                                                      
 OUTGRD                     Common 85                                   50       SAVE                                               
 PROCESS                    Subr   1                                                                                                
 SURFCE2                    Subr   108                                                            108                               
 TIMEF                      Func   97       R(4)            4           scalar                    97,99,102,104,107,109,112,114,119,
                                                                                                  121,124,126                       
 TIM_INFO                   Common 88                                   24                                                          



Page 4           Source Listing                  PROCESS
2022-02-15 16:39 Symbol Table                    PROCESS.f

TYPE COMPONENTS/COMMON VARIABLES

 Name                       Type            Bytes Offset   Dimen Elements Attributes       References                         
                                                                                                                              
 ALATVT                     R(4)            4     0              scalar   COM                                                 
 ALONVT                     R(4)            4     4              scalar   COM                                                 
 CLDRAD_TIM                 R(4)            4     12             scalar   COM              114                                
 ETA2P_TIM                  R(4)            4     4              scalar   COM              104                                
 ETAFLD2_TIM                R(4)            4     0              scalar   COM              99                                 
 FIXED_TIM                  R(4)            4     20             scalar   COM              126                                
 GI2                        R(4)            4     36             scalar   COM                                                 
 IGOUT                      I(4)            4     20             scalar   COM              98,103,108,113,120,125             
 IMDLTY                     I(4)            4     28             scalar   COM                                                 
 JGOUT                      I(4)            4     24             scalar   COM              98,103,108,113,120,125             
 MISCLN_TIM                 I(4)            4     16             scalar   COM              121                                
 NORTH                      L(4)            4     40             scalar   COM                                                 
 POLEI                      R(4)            4     8              scalar   COM                                                 
 POLEJ                      R(4)            4     12             scalar   COM                                                 
 PROJ                       CHAR            6     44             scalar   COM                                                 
 RE                         R(4)            4     32             scalar   COM                                                 
 SURFCE2_TIM                R(4)            4     8              scalar   COM              109                                
 XMESHL                     R(4)            4     16             scalar   COM                                                 

Page 5           Source Listing                  PROCESS
2022-02-15 16:39 Subprograms/Common Blocks       PROCESS.f



SUBPROGRAMS/COMMON BLOCKS

 Name                       Object Declared Type            Bytes Dimen Elements Attributes       References                        
                                                                                                                                    
 OUTGRD                     Common 85                                   50       SAVE                                               
 PROCESS                    Subr   1                                                                                                
 TIM_INFO                   Common 88                                   24                                                          

COMPILER OPTIONS BEING USED

       -align noall                          -align nonone
       -align nocommons                      -align nodcommons
       -align noqcommons                     -align nozcommons
       -align records                        -align nosequence
       -align norec1byte                     -align norec2byte
       -align norec4byte                     -align norec8byte
       -align norec16byte                    -align norec32byte
       -align norec64byte                    -align noarray8byte
       -align noarray16byte                  -align noarray32byte
       -align noarray64byte                  -align noarray128byte
       -align noarray256byte                 -altparam
       -assume accuracy_sensitive            -assume nobscc
       -assume nobuffered_io                 -assume nobuffered_stdout
       -assume byterecl                      -assume nocontiguous_assumed_shape
       -assume nocontiguous_pointer          -assume nocc_omp
       -assume nocstring                     -assume nodummy_aliases
       -assume nofpe_summary                 -assume noieee_fpe_flags
       -assume nominus0                      -assume noold_boz
       -assume old_complex_align             -assume old_unit_star
       -assume old_inquire_recl              -assume old_ldout_format
       -assume old_ldout_zero                -assume noold_logical_assign
       -assume noold_logical_ldio            -assume old_maxminloc
       -assume old_xor                       -assume noprotect_allocates
       -assume protect_constants             -assume noprotect_parens
       -assume split_common                  -assume source_include
       -assume nostd_intent_in               -assume std_minus0_rounding
       -assume nostd_mod_proc_name           -assume std_value
       -assume realloc_lhs                   -assume underscore
       -assume no2underscores                -assume norecursion
  no   -auto                                 -auto_scalar
  no   -bintext                              -ccdefault default
       -check noarg_temp_created             -check noassume
       -check nobounds                       -check nocontiguous
       -check noformat                       -check nooutput_conversion
       -check nooverflow                     -check nopointers
       -check noshape                        -check nostack
       -check nouninitialized                -check noudio_iostat
       -coarray-num-procs 0             no   -coarray-config-file
       -convert big_endian                   -cross_reference
       -D __INTEL_COMPILER=1910              -D __INTEL_COMPILER_UPDATE=3
       -D __unix__                           -D __unix
       -D __linux__                          -D __linux
       -D __gnu_linux__                      -D unix
       -D linux                              -D __ELF__
       -D __x86_64                           -D __x86_64__

Page 6           Source Listing                  PROCESS
2022-02-15 16:39                                 PROCESS.f

       -D __amd64                            -D __amd64__
       -D __INTEL_COMPILER_BUILD_DATE=20200925       -D __INTEL_OFFLOAD
       -D __MMX__                            -D __SSE__
       -D __SSE_MATH__                       -D __SSE2__
       -D __SSE2_MATH__                      -D __SSE3__
       -D __SSSE3__                          -D __SSE4_1__
       -D __SSE4_2__                         -D __POPCNT__
       -D __PCLMUL__                         -D __AES__
       -D __AVX__                            -D __F16C__
       -D __AVX_I__                          -D __RDRND__
       -D __FMA__                            -D __FP_FAST_FMA
       -D __FP_FAST_FMAF                     -D __BMI__
       -D __LZCNT__                          -D __AVX2__
       -D __haswell                          -D __haswell__
       -D __tune_haswell__                   -D __core_avx2
       -D __core_avx2__                      -D __tune_core_avx2__
       -D __CRAY_X86_ROME                    -D __CRAYXT_COMPUTE_LINUX_TARGET
       -double_size 64                  no   -d_lines
  no   -Qdyncom                              -error_limit 30
  no   -f66                             no   -f77rtl
  no   -fast                                 -fpscomp nofilesfromcmd
       -fpscomp nogeneral                    -fpscomp noioformat
       -fpscomp noldio_spacing               -fpscomp nologicals
       -fixed                           no   -fpconstant
       -fpe3                                 -fprm nearest
  no   -ftz                                  -fp_model noprecise
       -fp_model fast                        -fp_model nostrict
       -fp_model nosource                    -fp_model nodouble
       -fp_model noextended                  -fp_model novery_fast
       -fp_model noexcept                    -fp_model nono_except
       -heap_arrays 0                   no   -threadprivate_compat
       -g2                                   -iface nomixed_str_len_arg
       -iface nono_mixed_str_len_arg         -init noarrays
       -init nohuge                          -init noinfinity
       -init nominus_huge                    -init nominus_infinity
       -init nominus_tiny                    -init nonan
       -init nosnan                          -init notiny
       -init nozero                     no   -intconstant
       -integer_size 32                 no   -mixed_str_len_arg
  no   -module                               -names lowercase
  no   -noinclude                       no   -o
       -offload-build=host                   -openmp-simd
       -O2                              no   -pad_source
       -real_size 32                    no   -recursive
       -reentrancy threaded                  -vec=simd
       -show nofullpath                      -show noinclude
       -show map                             -show options
  no   -syntax_only                     no   -threadcom
  no   -U                               no   -vms
       -w noall                              -w nonone
       -w alignments                         -w nodeclarations
       -w noexternals                        -w general
       -w noignore_bounds                    -w noignore_loc
       -w nointerfaces                       -w noshape
       -w notruncated_source                 -w uncalled
       -w uninitialized                      -w nounused
       -w usage                         no   -wrap-margins

Page 7           Source Listing                  PROCESS
2022-02-15 16:39                                 PROCESS.f

       -includepath : /pe/intel/compilers_and_libraries_2020.4.304/linux/pstl/include/,/pe/intel/compilers_and_libraries_2020.4.304/linux/compiler/include/,
           .f90,./.f90,/opt/cray/pe/mpich/8.1.9/ofi/intel/19.0/include/.f90,/pe/intel/compilers_and_libraries_2020.4.304/linux/ipp/include/.f90,
           /pe/intel/compilers_and_libraries_2020.4.304/linux/mkl/include/.f90,/pe/intel/compilers_and_libraries_2020.4.304/linux/pstl/include/.f90,
           /pe/intel/compilers_and_libraries_2020.4.304/linux/pstl/stdlib/.f90,/pe/intel/compilers_and_libraries_2020.4.304/linux/tbb/include/.f90,
           /pe/intel/compilers_and_libraries_2020.4.304/linux/compiler/include/intel64/.f90,/pe/intel/compilers_and_libraries_2020.4.304/linux/compiler/include/icc/.f90,
           /pe/intel/compilers_and_libraries_2020.4.304/linux/compiler/include/.f90,/usr/lib64/gcc/x86_64-suse-linux/7/include/.f90,
           /usr/lib64/gcc/x86_64-suse-linux/7/include-fixed/.f90,/usr/include/.f90,/usr/include/.f90,/usr/include/.f90
       -list filename : PROCESS.lst
  no   -o

COMPILER: Intel(R) Fortran 19.1-1655
