Page 1           Source Listing                  TRNSGD
2022-02-15 16:39                                 TRNSGD.f

      1       SUBROUTINE TRNSGD
      2 C$$$  SUBPROGRAM DOCUMENTATION BLOCK
      3 C                .      .    .     
      4 C SUBPROGRAM:    TRNSGD      SET OUTPUT GRID PARAMETERS
      5 C   PRGRMMR: TREADON         ORG: W/NP2      DATE: 92-12-23       
      6 C     
      7 C ABSTRACT:
      8 C     THIS ROUTINE LOADS COMMON BLOCK OUTGRD WITH 
      9 C     OUTPUT GRID SPECIFICATIONS.
     10 C   .     
     11 C     
     12 C PROGRAM HISTORY LOG:
     13 C   ??-??-??  DAVID PLUMMER - SUBROUTINE TRNSCG IN ETAPACKC
     14 C   92-12-23  RUSS TREADON  - MODIFIED ETAPACKC TRNSCG FOR
     15 C                             USE IN ETA POST PROCESSOR.
     16 C   93-06-13  RUSS TREADON  - ADDED LOGIC PROJECTION PARAMETER.
     17 C     
     18 C USAGE:    CALL TRNSGD
     19 C   INPUT ARGUMENT LIST:
     20 C     NONE     
     21 C
     22 C   OUTPUT ARGUMENT LIST: 
     23 C     NONE
     24 C     
     25 C   OUTPUT FILES:
     26 C     STDOUT     - RUN-TIME STANDARD OUT.
     27 C     
     28 C   SUBPROGRAMS CALLED:
     29 C     UTILITIES:
     30 C       NONE
     31 C     LIBRARY:
     32 C       COMMON   - OUTGRD
     33 C                  IOUNIT
     34 C     
     35 C   ATTRIBUTES:
     36 C     LANGUAGE: FORTRAN
     37 C     MACHINE : CRAY C-90
     38 C$$$  
     39 C
     40 C     
     41 C     
     42 C     DECLARE VARIABLES, COMMONS, AND CONSTANTS.
     43 C     
     44       LOGICAL NORTH
     45       CHARACTER*6 PROJ
     46       INTEGER IDIM, JDIM
     47       REAL ALONVT, GI2, POLEI, POLEJ, RE, XMESHL
     48 C     
     49 C     INCLUDE OUTPUT GRID COMMON BLOCK.
     50       INCLUDE "OUTGRD.comm"
     55       INCLUDE "IOUNIT.comm"
     56 C     
     57 C     SET EARTH RADIUS (KM).
     65       DATA EARTHR/6371.2/
     66 C     
     67 C******************************************************************
     68 C     START TRNSGD HERE.

Page 2           Source Listing                  TRNSGD
2022-02-15 16:39                                 TRNSGD.f

     69 C     
     70 C     SET COMMON BLOCK CONSTANTS.
     71 C
     72       RE  = (EARTHR * 1.86603) / XMESHL
     73       GI2 = RE * RE
     74 C     
     75       WRITE(STDOUT,*)'TRNSGD:  COMMON BLOCK OUTGRD BELOW'
     76       WRITE(STDOUT,*)'  PROJ         :  ',PROJ
     77       WRITE(STDOUT,*)'  NORTH        :  ',NORTH
     78       WRITE(STDOUT,*)'  ALATVT,ALONVT:  ',ALATVT,ALONVT
     79       WRITE(STDOUT,*)'  XMESHL       :  ',XMESHL
     80       WRITE(STDOUT,*)'  POLEI,POLEJ  :  ',POLEI,POLEJ
     81       WRITE(STDOUT,*)'  IGOUT,JGOUT  :  ',IGOUT,JGOUT
     82       WRITE(STDOUT,*)'  RE,GI2       :  ',RE,GI2
     83 C     
     84       RETURN
     85       END


ENTRY POINTS

  Name               
                     
 trnsgd_             


SYMBOL CROSS REFERENCE

 Name                       Object Declared Type            Bytes Dimen Elements Attributes       References                        
                                                                                                                                    
 EARTHR                     Local  65       R(4)            4           scalar                    65,72                             
 IDIM                       Local  46       I(4)            4           scalar                                                      
 IOUNIT                     Common 61                                   20       SAVE                                               
 JDIM                       Local  46       I(4)            4           scalar                                                      
 OUTGRD                     Common 52                                   50       SAVE                                               
 TRNSGD                     Subr   1                                                                                                


TYPE COMPONENTS/COMMON VARIABLES

 Name                       Type            Bytes Offset   Dimen Elements Attributes       References                         
                                                                                                                              
 ALATVT                     R(4)            4     0              scalar   COM              78                                 
 ALONVT                     R(4)            4     4              scalar   COM              78                                 
 GI2                        R(4)            4     36             scalar   COM              73,82                              
 IGOUT                      I(4)            4     20             scalar   COM              81                                 
 IMDLTY                     I(4)            4     28             scalar   COM                                                 
 JGOUT                      I(4)            4     24             scalar   COM              81                                 
 LCNTRL                     I(4)            4     4              scalar   COM                                                 
 LUNCO                      I(4)            4     8              scalar   COM                                                 
 LUNLL                      I(4)            4     12             scalar   COM                                                 
 LUNOUT                     I(4)            4     16             scalar   COM                                                 
 NORTH                      L(4)            4     40             scalar   COM              77                                 
 POLEI                      R(4)            4     8              scalar   COM              80                                 
 POLEJ                      R(4)            4     12             scalar   COM              80                                 
 PROJ                       CHAR            6     44             scalar   COM              76                                 
 RE                         R(4)            4     32             scalar   COM              72,73,82                           

Page 3           Source Listing                  TRNSGD
2022-02-15 16:39 Symbol Table                    TRNSGD.f

 Name                       Type            Bytes Offset   Dimen Elements Attributes       References                         
                                                                                                                              
 STDOUT                     I(4)            4     0              scalar   COM              75,76,77,78,79,80,81,82            
 XMESHL                     R(4)            4     16             scalar   COM              72,79                              

Page 4           Source Listing                  TRNSGD
2022-02-15 16:39 Subprograms/Common Blocks       TRNSGD.f



SUBPROGRAMS/COMMON BLOCKS

 Name                       Object Declared Type            Bytes Dimen Elements Attributes       References                        
                                                                                                                                    
 IOUNIT                     Common 61                                   20       SAVE                                               
 OUTGRD                     Common 52                                   50       SAVE                                               
 TRNSGD                     Subr   1                                                                                                

COMPILER OPTIONS BEING USED

       -align noall                          -align nonone
       -align nocommons                      -align nodcommons
       -align noqcommons                     -align nozcommons
       -align records                        -align nosequence
       -align norec1byte                     -align norec2byte
       -align norec4byte                     -align norec8byte
       -align norec16byte                    -align norec32byte
       -align norec64byte                    -align noarray8byte
       -align noarray16byte                  -align noarray32byte
       -align noarray64byte                  -align noarray128byte
       -align noarray256byte                 -altparam
       -assume accuracy_sensitive            -assume nobscc
       -assume nobuffered_io                 -assume nobuffered_stdout
       -assume byterecl                      -assume nocontiguous_assumed_shape
       -assume nocontiguous_pointer          -assume nocc_omp
       -assume nocstring                     -assume nodummy_aliases
       -assume nofpe_summary                 -assume noieee_fpe_flags
       -assume nominus0                      -assume noold_boz
       -assume old_complex_align             -assume old_unit_star
       -assume old_inquire_recl              -assume old_ldout_format
       -assume old_ldout_zero                -assume noold_logical_assign
       -assume noold_logical_ldio            -assume old_maxminloc
       -assume old_xor                       -assume noprotect_allocates
       -assume protect_constants             -assume noprotect_parens
       -assume split_common                  -assume source_include
       -assume nostd_intent_in               -assume std_minus0_rounding
       -assume nostd_mod_proc_name           -assume std_value
       -assume realloc_lhs                   -assume underscore
       -assume no2underscores                -assume norecursion
  no   -auto                                 -auto_scalar
  no   -bintext                              -ccdefault default
       -check noarg_temp_created             -check noassume
       -check nobounds                       -check nocontiguous
       -check noformat                       -check nooutput_conversion
       -check nooverflow                     -check nopointers
       -check noshape                        -check nostack
       -check nouninitialized                -check noudio_iostat
       -coarray-num-procs 0             no   -coarray-config-file
       -convert big_endian                   -cross_reference
       -D __INTEL_COMPILER=1910              -D __INTEL_COMPILER_UPDATE=3
       -D __unix__                           -D __unix
       -D __linux__                          -D __linux
       -D __gnu_linux__                      -D unix
       -D linux                              -D __ELF__
       -D __x86_64                           -D __x86_64__

Page 5           Source Listing                  TRNSGD
2022-02-15 16:39                                 TRNSGD.f

       -D __amd64                            -D __amd64__
       -D __INTEL_COMPILER_BUILD_DATE=20200925       -D __INTEL_OFFLOAD
       -D __MMX__                            -D __SSE__
       -D __SSE_MATH__                       -D __SSE2__
       -D __SSE2_MATH__                      -D __SSE3__
       -D __SSSE3__                          -D __SSE4_1__
       -D __SSE4_2__                         -D __POPCNT__
       -D __PCLMUL__                         -D __AES__
       -D __AVX__                            -D __F16C__
       -D __AVX_I__                          -D __RDRND__
       -D __FMA__                            -D __FP_FAST_FMA
       -D __FP_FAST_FMAF                     -D __BMI__
       -D __LZCNT__                          -D __AVX2__
       -D __haswell                          -D __haswell__
       -D __tune_haswell__                   -D __core_avx2
       -D __core_avx2__                      -D __tune_core_avx2__
       -D __CRAY_X86_ROME                    -D __CRAYXT_COMPUTE_LINUX_TARGET
       -double_size 64                  no   -d_lines
  no   -Qdyncom                              -error_limit 30
  no   -f66                             no   -f77rtl
  no   -fast                                 -fpscomp nofilesfromcmd
       -fpscomp nogeneral                    -fpscomp noioformat
       -fpscomp noldio_spacing               -fpscomp nologicals
       -fixed                           no   -fpconstant
       -fpe3                                 -fprm nearest
  no   -ftz                                  -fp_model noprecise
       -fp_model fast                        -fp_model nostrict
       -fp_model nosource                    -fp_model nodouble
       -fp_model noextended                  -fp_model novery_fast
       -fp_model noexcept                    -fp_model nono_except
       -heap_arrays 0                   no   -threadprivate_compat
       -g2                                   -iface nomixed_str_len_arg
       -iface nono_mixed_str_len_arg         -init noarrays
       -init nohuge                          -init noinfinity
       -init nominus_huge                    -init nominus_infinity
       -init nominus_tiny                    -init nonan
       -init nosnan                          -init notiny
       -init nozero                     no   -intconstant
       -integer_size 32                 no   -mixed_str_len_arg
  no   -module                               -names lowercase
  no   -noinclude                       no   -o
       -offload-build=host                   -openmp-simd
       -O2                              no   -pad_source
       -real_size 32                    no   -recursive
       -reentrancy threaded                  -vec=simd
       -show nofullpath                      -show noinclude
       -show map                             -show options
  no   -syntax_only                     no   -threadcom
  no   -U                               no   -vms
       -w noall                              -w nonone
       -w alignments                         -w nodeclarations
       -w noexternals                        -w general
       -w noignore_bounds                    -w noignore_loc
       -w nointerfaces                       -w noshape
       -w notruncated_source                 -w uncalled
       -w uninitialized                      -w nounused
       -w usage                         no   -wrap-margins

Page 6           Source Listing                  TRNSGD
2022-02-15 16:39                                 TRNSGD.f

       -includepath : /pe/intel/compilers_and_libraries_2020.4.304/linux/pstl/include/,/pe/intel/compilers_and_libraries_2020.4.304/linux/compiler/include/,
           .f90,./.f90,/opt/cray/pe/mpich/8.1.9/ofi/intel/19.0/include/.f90,/pe/intel/compilers_and_libraries_2020.4.304/linux/ipp/include/.f90,
           /pe/intel/compilers_and_libraries_2020.4.304/linux/mkl/include/.f90,/pe/intel/compilers_and_libraries_2020.4.304/linux/pstl/include/.f90,
           /pe/intel/compilers_and_libraries_2020.4.304/linux/pstl/stdlib/.f90,/pe/intel/compilers_and_libraries_2020.4.304/linux/tbb/include/.f90,
           /pe/intel/compilers_and_libraries_2020.4.304/linux/compiler/include/intel64/.f90,/pe/intel/compilers_and_libraries_2020.4.304/linux/compiler/include/icc/.f90,
           /pe/intel/compilers_and_libraries_2020.4.304/linux/compiler/include/.f90,/usr/lib64/gcc/x86_64-suse-linux/7/include/.f90,
           /usr/lib64/gcc/x86_64-suse-linux/7/include-fixed/.f90,/usr/include/.f90,/usr/include/.f90,/usr/include/.f90
       -list filename : TRNSGD.lst
  no   -o

COMPILER: Intel(R) Fortran 19.1-1655
