Page 1           Source Listing                  DIFCOF
2022-02-15 16:38                                 /tmp/ifortjwYS4g.i

      1 # 1 "DIFCOF.F"
      2 C&&&&&&&&&&&&&&&&&&&&&&&&&&&&&&&&&&&&&&&&&&&&&&&&&&&&&&&&&&&&&&&&&&&&&&&
      3       SUBROUTINE DIFCOF(LMHK,GM,GH,EL,Q2,Z,AKM,AKH)
      4 C     ******************************************************************
      5 C     *                                                                *
      6 C     *                LEVEL 2.5 DIFFUSION COEFFICIENTS                *
      7 C     *                                                                *
      8 C     ******************************************************************
      9 C-----------------------------------------------------------------------
     10       INCLUDE "parmeta"
     34       INCLUDE "mpp.h"
     35 # 1 "./sp.h" 1 
     36 # 4
     37 
     38 # 12 "DIFCOF.F" 2 
     39 C-----------------------------------------------------------------------
     98                              P A R A M E T E R
     99      &(LP1=LM+1,LM1=LM-1)
    100 C-----------------------------------------------------------------------
    101                              P A R A M E T E R
    102 C-----------------------------------------------------------------------
    103      &(G=9.8,BETA=1./270.,BTG=BETA*G
    104      &,PRT=1.0,GAM1=0.2222222222222222222
    105      &,A1=0.659888514560862645,A2=0.6574209922667784586
    106      &,B1=11.87799326209552761,B2=7.226971804046074028
    107      &,C1=0.000830955950095854396)
    108 C-----------------------------------------------------------------------
    109 CUN     &(G=9.8,BETA=1./270.,BTG=BETA*G
    110 CUN     &,PRT=1.0,GAM1=0.2222222222222222222
    111 CUN     &,A1=0.3310949523016403346,A2=0.8273378704055731278
    112 CUN     &,B1=5.959709141429526024,B2=3.626088092074591135
    113 CUN     &,C1=-0.3330651924968952113)
    114 C-----------------------------------------------------------------------
    115 CMY     &(G=9.8,BETA=1./270.,BTG=BETA*G
    116 CMY     &,PRT=0.8,GAM1=0.2222222222222222222
    117 CMY     &,A1=0.9222222350809054114,A2=0.7350190142719400952
    118 CMY     &,B1=16.60000023145629741,B2=10.10000014082581951
    119 CMY     &,C1=0.0805318118080613468)
    120 C-----------------------------------------------------------------------
    121                              P A R A M E T E R
    122 C--------------COEFFICIENTS FOR THE SM AND SH DETERMINANTS--------------
    123      &(BSMH=-3.*A1*A2*(3.*A2+3.*B2*C1+12.*A1*C1-B2)*BTG
    124      &,CESM=    A1*(1.-3.*C1)
    125 C
    126      &,BSHM=18.*A1*A1*A2*C1
    127      &,BSHH= 9.*A1*A2*A2*BTG
    128      &,CESH=    A2
    129 C--------------COEFFICIENTS OF THE TERMS IN THE DENOMINATOR-------------
    130      &,ADNM=18.*A1*A1*A2*(B2-3.*A2)*BTG
    131      &,ADNH= 9.*A1*A2*A2*(12.*A1+3.*B2)*BTG*BTG
    132      &,BDNM= 6.*A1*A1
    133      &,BDNH= 3.*A2*(7.*A1+B2)*BTG)
    134 C-----------------------------------------------------------------------
    135                              D I M E N S I O N
    136      & Q2    (LM)
    137                              D I M E N S I O N
    138      & GM    (LM1),GH    (LM1),EL    (LM1)

Page 2           Source Listing                  DIFCOF
2022-02-15 16:38                                 DIFCOF.F

    139      &,AKM   (LM1),AKH   (LM1)
    140      &,Z     (LP1)
    141 C-----------------------------------------------------------------------
    142 C***********************************************************************
    143       LMHM=LMHK-1
    144       LMHP=LMHK+1
    145           DO 100 L=1,LMHM
    146       ELL=EL(L)
    147 C-----------------------------------------------------------------------
    148       ELOQ2=ELL*ELL/Q2(L)
    149       ELOQ4=ELOQ2*ELOQ2
    150 C-----------------------------------------------------------------------
    151       GML=GM(L)
    152       GHL=GH(L)
    153 C--------------COEFFICIENTS OF THE TERMS IN THE DENOMINATOR-------------
    154       ADEN=(ADNM*GML+ADNH*GHL)*GHL
    155       BDEN= BDNM*GML+BDNH*GHL
    156       CDEN= 1.
    157 C--------------COEFFICIENTS FOR THE SM DETERMINANT----------------------
    158       BESM=BSMH*GHL
    159 C--------------COEFFICIENTS FOR THE SH DETERMINANT----------------------
    160       BESH=BSHM*GML+BSHH*GHL
    161 C--------------1./DENOMINATOR-------------------------------------------
    162       RDEN=1./(ADEN*ELOQ4+BDEN*ELOQ2+CDEN)
    163 C--------------SM AND SH------------------------------------------------
    164       ESM=(BESM*ELOQ2+CESM)*RDEN
    165       ESH=(BESH*ELOQ2+CESH)*RDEN
    166 C--------------DIFFUSION COEFFICIENTS-----------------------------------
    167       RDZ=2./(Z(L)-Z(L+2))
    168       Q1L=SQRT(Q2(L))
    169       ELQDZ=ELL*Q1L*RDZ
    170       AKM(L)=ELQDZ*ESM
    171       AKH(L)=ELQDZ*ESH
    172 C-----------------------------------------------------------------------
    173   100 CONTINUE
    174 C-----------------------------------------------------------------------
    175                            RETURN
    176 			   END

Page 3           Source Listing                  DIFCOF
2022-02-15 16:38 Entry Points                    DIFCOF.F



ENTRY POINTS

  Name               
                     
 difcof_             


SYMBOL CROSS REFERENCE

 Name                       Object Declared Type            Bytes Dimen Elements Attributes       References                        
                                                                                                                                    
 100                        Label  173                                                            145                               
 A1                         Param  105      R(4)            4           scalar                    123,124,126,127,130,131,132,133   
 A2                         Param  105      R(4)            4           scalar                    123,126,127,128,130,131,133       
 ADEN                       Local  154      R(4)            4           scalar                    154,162                           
 ADNH                       Param  131      R(4)            4           scalar                    154                               
 ADNM                       Param  130      R(4)            4           scalar                    154                               
 AKH                        Dummy  3        R(4)            4     1     44       ARG,INOUT        171                               
 AKM                        Dummy  3        R(4)            4     1     44       ARG,INOUT        170                               
 B1                         Param  106      R(4)            4           scalar                                                      
 B2                         Param  106      R(4)            4           scalar                    123,130,131,133                   
 BDEN                       Local  155      R(4)            4           scalar                    155,162                           
 BDNH                       Param  133      R(4)            4           scalar                    155                               
 BDNM                       Param  132      R(4)            4           scalar                    155                               
 BESH                       Local  160      R(4)            4           scalar                    160,165                           
 BESM                       Local  158      R(4)            4           scalar                    158,164                           
 BETA                       Param  103      R(4)            4           scalar                    103                               
 BSHH                       Param  127      R(4)            4           scalar                    160                               
 BSHM                       Param  126      R(4)            4           scalar                    160                               
 BSMH                       Param  123      R(4)            4           scalar                    158                               
 BTG                        Param  103      R(4)            4           scalar                    123,127,130,131,133               
 C1                         Param  107      R(4)            4           scalar                    123,124,126                       
 CDEN                       Local  156      R(4)            4           scalar                    156,162                           
 CESH                       Param  128      R(4)            4           scalar                    165                               
 CESM                       Param  124      R(4)            4           scalar                    164                               
 DIFCOF                     Subr   3                                                                                                
 EL                         Dummy  3        R(4)            4     1     44       ARG,INOUT        146                               
 ELL                        Local  146      R(4)            4           scalar                    146,148,169                       
 ELOQ2                      Local  148      R(4)            4           scalar                    148,149,162,164,165               
 ELOQ4                      Local  149      R(4)            4           scalar                    149,162                           
 ELQDZ                      Local  169      R(4)            4           scalar                    169,170,171                       
 ESH                        Local  165      R(4)            4           scalar                    165,171                           
 ESM                        Local  164      R(4)            4           scalar                    164,170                           
 G                          Param  103      R(4)            4           scalar                    103                               
 GAM1                       Param  104      R(4)            4           scalar                                                      
 GH                         Dummy  3        R(4)            4     1     44       ARG,INOUT        152                               
 GHL                        Local  152      R(4)            4           scalar                    152,154,155,158,160               
 GLB_TABLE                  Common 76                                   336      SAVE                                               
 GM                         Dummy  3        R(4)            4     1     44       ARG,INOUT        151                               
 GML                        Local  151      R(4)            4           scalar                    151,154,155,160                   
 IDIM1                      Param  30       I(4)            4           scalar                                                      
 IDIM2                      Param  30       I(4)            4           scalar                                                      
 IGSTL                      Param  25       I(4)            4           scalar                    30                                
 IGSTR                      Param  25       I(4)            4           scalar                    30                                
 IM                         Param  13       I(4)            4           scalar                    27,30,82,83,84,85,86,90,91,96     

Page 4           Source Listing                  DIFCOF
2022-02-15 16:38 Symbol Table                    DIFCOF.F

 Name                       Object Declared Type            Bytes Dimen Elements Attributes       References                        
                                                                                                                                    
 INPES                      Param  22       I(4)            4           scalar                    27,30,66,67,68,77,78              
 ITAIL                      Param  27       I(4)            4           scalar                                                      
 JDIM1                      Param  31       I(4)            4           scalar                                                      
 JDIM2                      Param  31       I(4)            4           scalar                                                      
 JGSTL                      Param  26       I(4)            4           scalar                    31                                
 JGSTR                      Param  26       I(4)            4           scalar                    31                                
 JM                         Param  13       I(4)            4           scalar                    28,31,82,83,84,85,86,90,91,96     
 JNPES                      Param  22       I(4)            4           scalar                    28,31,66,67,68,77,78              
 JTAIL                      Param  28       I(4)            4           scalar                                                      
 L                          Local  145      I(4)            4           scalar                    145,146,148,151,152,167,168,170,17
                                                                                                  1                                 
 LM                         Param  13       I(4)            4           scalar                    91,99,136                         
 LM1                        Param  99       I(4)            4           scalar                    138,139                           
 LMHK                       Dummy  3        I(4)            4           scalar   ARG,INOUT        143,144                           
 LMHM                       Local  143      I(4)            4           scalar                    143,145                           
 LMHP                       Local  144      I(4)            4           scalar                    144                               
 LP1                        Param  99       I(4)            4           scalar                    140                               
 LSM                        Param  13       I(4)            4           scalar                                                      
 MAPPINGS                   Common 95                                   5024     SAVE                                               
 MPPCOM                     Common 40                                   1724     SAVE                                               
 PRT                        Param  104      R(4)            4           scalar                                                      
 Q1L                        Local  168      R(4)            4           scalar                    168,169                           
 Q2                         Dummy  3        R(4)            4     1     45       ARG,INOUT        148,168                           
 RDEN                       Local  162      R(4)            4           scalar                    162,164,165                       
 RDZ                        Local  167      R(4)            4           scalar                    167,169                           
 SQRT                       Func   168                                  scalar                    168                               
 TEMPCOM                    Common 81                                   6603768  SAVE                                               
 TOPO                       Common 89                                   17478548 SAVE                                               
 Z                          Dummy  3        R(4)            4     1     46       ARG,INOUT        167                               


TYPE COMPONENTS/COMMON VARIABLES

 Name                       Type            Bytes Offset   Dimen Elements Attributes       References                         
                                                                                                                              
 G2LI                       I(4)            4     0        1     239      COM                                                 
 G2LJ                       I(4)            4     1912     1     389      COM                                                 
 HTMG                       R(4)            4     743768   3     4183695  COM                                                 
 IBROW                      I(4)            4     404            scalar   COM                                                 
 ICHUNKTAB                  I(4)            4     828      1     21       COM                                                 
 IE_GLB_TABLE               I(4)            4     84       1     21       COM                                                 
 IE_LOC_TABLE               I(4)            4     660      1     21       COM                                                 
 ILCOL                      I(4)            4     396            scalar   COM                                                 
 ILPAD1                     I(4)            4     412            scalar   COM                                                 
 ILPAD2                     I(4)            4     416            scalar   COM                                                 
 ILPAD3                     I(4)            4     420            scalar   COM                                                 
 ILPAD4                     I(4)            4     424            scalar   COM                                                 
 ILPAD5                     I(4)            4     428            scalar   COM                                                 
 INUMQ                      I(4)            4     1324     1     100      COM                                                 
 IQUILT_GROUP               I(4)            4     1320           scalar   COM                                                 
 IRCOL                      I(4)            4     400            scalar   COM                                                 
 IRPAD1                     I(4)            4     432            scalar   COM                                                 
 IRPAD2                     I(4)            4     436            scalar   COM                                                 
 IRPAD3                     I(4)            4     440            scalar   COM                                                 
 IRPAD4                     I(4)            4     444            scalar   COM                                                 

Page 5           Source Listing                  DIFCOF
2022-02-15 16:38 Symbol Table                    DIFCOF.F

 Name                       Type            Bytes Offset   Dimen Elements Attributes       References                         
                                                                                                                              
 IRPAD5                     I(4)            4     448            scalar   COM                                                 
 IS_GLB_TABLE               I(4)            4     0        1     21       COM                                                 
 IS_LOC_TABLE               I(4)            4     492      1     21       COM                                                 
 ITEMP                      I(4)            4     5870016  2     91719    COM                                                 
 ITEMP2                     I(4)            4     6236892  2     91719    COM                                                 
 ITROW                      I(4)            4     408            scalar   COM                                                 
 JBPAD1                     I(4)            4     452            scalar   COM                                                 
 JBPAD2                     I(4)            4     456            scalar   COM                                                 
 JBPAD3                     I(4)            4     460            scalar   COM                                                 
 JBPAD4                     I(4)            4     464            scalar   COM                                                 
 JBPAD5                     I(4)            4     468            scalar   COM                                                 
 JE_GLB_TABLE               I(4)            4     252      1     21       COM                                                 
 JE_LOC_TABLE               I(4)            4     744      1     21       COM                                                 
 JS_GLB_TABLE               I(4)            4     168      1     21       COM                                                 
 JS_LOC_TABLE               I(4)            4     576      1     21       COM                                                 
 JTPAD1                     I(4)            4     472            scalar   COM                                                 
 JTPAD2                     I(4)            4     476            scalar   COM                                                 
 JTPAD3                     I(4)            4     480            scalar   COM                                                 
 JTPAD4                     I(4)            4     484            scalar   COM                                                 
 JTPAD5                     I(4)            4     488            scalar   COM                                                 
 L2GI                       I(4)            4     956      1     239      COM                                                 
 L2GJ                       I(4)            4     3468     1     389      COM                                                 
 MPI_COMM_COMP              I(4)            4     912            scalar   COM                                                 
 MPI_COMM_INTER             I(4)            4     916            scalar   COM                                                 
 MPI_COMM_INTER_ARRAY       I(4)            4     920      1     100      COM                                                 
 MYIE                       I(4)            4     52             scalar   COM                                                 
 MYIE1                      I(4)            4     56             scalar   COM                                                 
 MYIE1_P1                   I(4)            4     120            scalar   COM                                                 
 MYIE1_P2                   I(4)            4     124            scalar   COM                                                 
 MYIE1_P3                   I(4)            4     128            scalar   COM                                                 
 MYIE1_P4                   I(4)            4     132            scalar   COM                                                 
 MYIE2                      I(4)            4     60             scalar   COM                                                 
 MYIE2_P1                   I(4)            4     136            scalar   COM                                                 
 MYIE_P1                    I(4)            4     100            scalar   COM                                                 
 MYIE_P2                    I(4)            4     104            scalar   COM                                                 
 MYIE_P3                    I(4)            4     108            scalar   COM                                                 
 MYIE_P4                    I(4)            4     112            scalar   COM                                                 
 MYIE_P5                    I(4)            4     116            scalar   COM                                                 
 MYIS                       I(4)            4     40             scalar   COM                                                 
 MYIS1                      I(4)            4     44             scalar   COM                                                 
 MYIS1_P1                   I(4)            4     84             scalar   COM                                                 
 MYIS1_P2                   I(4)            4     88             scalar   COM                                                 
 MYIS1_P3                   I(4)            4     92             scalar   COM                                                 
 MYIS1_P4                   I(4)            4     96             scalar   COM                                                 
 MYIS2                      I(4)            4     48             scalar   COM                                                 
 MYIS_P1                    I(4)            4     64             scalar   COM                                                 
 MYIS_P2                    I(4)            4     68             scalar   COM                                                 
 MYIS_P3                    I(4)            4     72             scalar   COM                                                 
 MYIS_P4                    I(4)            4     76             scalar   COM                                                 
 MYIS_P5                    I(4)            4     80             scalar   COM                                                 
 MYJE                       I(4)            4     236            scalar   COM                                                 
 MYJE1                      I(4)            4     240            scalar   COM                                                 
 MYJE1_P1                   I(4)            4     280            scalar   COM                                                 
 MYJE1_P2                   I(4)            4     284            scalar   COM                                                 
 MYJE1_P3                   I(4)            4     288            scalar   COM                                                 

Page 6           Source Listing                  DIFCOF
2022-02-15 16:38 Symbol Table                    DIFCOF.F

 Name                       Type            Bytes Offset   Dimen Elements Attributes       References                         
                                                                                                                              
 MYJE1_P4                   I(4)            4     292            scalar   COM                                                 
 MYJE2                      I(4)            4     244            scalar   COM                                                 
 MYJE2_P1                   I(4)            4     296            scalar   COM                                                 
 MYJE2_P2                   I(4)            4     300            scalar   COM                                                 
 MYJE2_P3                   I(4)            4     304            scalar   COM                                                 
 MYJE2_P4                   I(4)            4     308            scalar   COM                                                 
 MYJE3                      I(4)            4     248            scalar   COM                                                 
 MYJE3_P4                   I(4)            4     312            scalar   COM                                                 
 MYJE4                      I(4)            4     252            scalar   COM                                                 
 MYJE4_P1                   I(4)            4     316            scalar   COM                                                 
 MYJE4_P4                   I(4)            4     320            scalar   COM                                                 
 MYJE5                      I(4)            4     256            scalar   COM                                                 
 MYJE5_P1                   I(4)            4     324            scalar   COM                                                 
 MYJE5_P2                   I(4)            4     328            scalar   COM                                                 
 MYJE_P1                    I(4)            4     260            scalar   COM                                                 
 MYJE_P2                    I(4)            4     264            scalar   COM                                                 
 MYJE_P3                    I(4)            4     268            scalar   COM                                                 
 MYJE_P4                    I(4)            4     272            scalar   COM                                                 
 MYJE_P5                    I(4)            4     276            scalar   COM                                                 
 MYJS                       I(4)            4     140            scalar   COM                                                 
 MYJS1                      I(4)            4     144            scalar   COM                                                 
 MYJS1_P1                   I(4)            4     184            scalar   COM                                                 
 MYJS1_P2                   I(4)            4     188            scalar   COM                                                 
 MYJS1_P3                   I(4)            4     192            scalar   COM                                                 
 MYJS1_P4                   I(4)            4     196            scalar   COM                                                 
 MYJS2                      I(4)            4     148            scalar   COM                                                 
 MYJS2_P1                   I(4)            4     200            scalar   COM                                                 
 MYJS2_P2                   I(4)            4     204            scalar   COM                                                 
 MYJS2_P3                   I(4)            4     208            scalar   COM                                                 
 MYJS2_P4                   I(4)            4     212            scalar   COM                                                 
 MYJS3                      I(4)            4     152            scalar   COM                                                 
 MYJS3_P4                   I(4)            4     216            scalar   COM                                                 
 MYJS4                      I(4)            4     156            scalar   COM                                                 
 MYJS4_P1                   I(4)            4     220            scalar   COM                                                 
 MYJS4_P4                   I(4)            4     224            scalar   COM                                                 
 MYJS5                      I(4)            4     160            scalar   COM                                                 
 MYJS5_P1                   I(4)            4     228            scalar   COM                                                 
 MYJS5_P2                   I(4)            4     232            scalar   COM                                                 
 MYJS_P1                    I(4)            4     164            scalar   COM                                                 
 MYJS_P2                    I(4)            4     168            scalar   COM                                                 
 MYJS_P3                    I(4)            4     172            scalar   COM                                                 
 MYJS_P4                    I(4)            4     176            scalar   COM                                                 
 MYJS_P5                    I(4)            4     180            scalar   COM                                                 
 MYPE                       I(4)            4     0              scalar   COM                                                 
 MY_E                       I(4)            4     336            scalar   COM                                                 
 MY_IE_GLB                  I(4)            4     12             scalar   COM                                                 
 MY_IE_LOC                  I(4)            4     28             scalar   COM                                                 
 MY_IS_GLB                  I(4)            4     8              scalar   COM                                                 
 MY_IS_LOC                  I(4)            4     24             scalar   COM                                                 
 MY_JE_GLB                  I(4)            4     20             scalar   COM                                                 
 MY_JE_LOC                  I(4)            4     36             scalar   COM                                                 
 MY_JS_GLB                  I(4)            4     16             scalar   COM                                                 
 MY_JS_LOC                  I(4)            4     32             scalar   COM                                                 
 MY_N                       I(4)            4     332            scalar   COM                                                 
 MY_NE                      I(4)            4     348            scalar   COM                                                 

Page 7           Source Listing                  DIFCOF
2022-02-15 16:38 Symbol Table                    DIFCOF.F

 Name                       Type            Bytes Offset   Dimen Elements Attributes       References                         
                                                                                                                              
 MY_NEB                     I(4)            4     364      1     8        COM                                                 
 MY_NW                      I(4)            4     360            scalar   COM                                                 
 MY_S                       I(4)            4     340            scalar   COM                                                 
 MY_SE                      I(4)            4     352            scalar   COM                                                 
 MY_SW                      I(4)            4     356            scalar   COM                                                 
 MY_W                       I(4)            4     344            scalar   COM                                                 
 NPES                       I(4)            4     4              scalar   COM                                                 
 TEMP1                      R(4)            4     0        2     91719    COM                                                 
 TEMP10                     R(4)            4     3301884  2     91719    COM                                                 
 TEMP11                     R(4)            4     3668760  2     91719    COM                                                 
 TEMP12                     R(4)            4     4035636  2     91719    COM                                                 
 TEMP13                     R(4)            4     4402512  2     91719    COM                                                 
 TEMP14                     R(4)            4     4769388  2     91719    COM                                                 
 TEMP15                     R(4)            4     5136264  2     91719    COM                                                 
 TEMP16                     R(4)            4     5503140  2     91719    COM                                                 
 TEMP2                      R(4)            4     366876   2     91719    COM                                                 
 TEMP2X                     R(4)            4     0        2     92971    COM                                                 
 TEMP3                      R(4)            4     733752   2     91719    COM                                                 
 TEMP4                      R(4)            4     1100628  2     91719    COM                                                 
 TEMP5                      R(4)            4     1467504  2     91719    COM                                                 
 TEMP6                      R(4)            4     1834380  2     91719    COM                                                 
 TEMP7                      R(4)            4     2201256  2     91719    COM                                                 
 TEMP8                      R(4)            4     2568132  2     91719    COM                                                 
 TEMP9                      R(4)            4     2935008  2     91719    COM                                                 
 TTVG                       R(4)            4     371884   2     92971    COM                                                 

Page 8           Source Listing                  DIFCOF
2022-02-15 16:38 Subprograms/Common Blocks       DIFCOF.F



SUBPROGRAMS/COMMON BLOCKS

 Name                       Object Declared Type            Bytes Dimen Elements Attributes       References                        
                                                                                                                                    
 DIFCOF                     Subr   3                                                                                                
 GLB_TABLE                  Common 76                                   336      SAVE                                               
 MAPPINGS                   Common 95                                   5024     SAVE                                               
 MPPCOM                     Common 40                                   1724     SAVE                                               
 TEMPCOM                    Common 81                                   6603768  SAVE                                               
 TOPO                       Common 89                                   17478548 SAVE                                               

COMPILER OPTIONS BEING USED

       -align noall                          -align nonone
       -align nocommons                      -align nodcommons
       -align noqcommons                     -align nozcommons
       -align records                        -align nosequence
       -align norec1byte                     -align norec2byte
       -align norec4byte                     -align norec8byte
       -align norec16byte                    -align norec32byte
       -align norec64byte                    -align noarray8byte
       -align noarray16byte                  -align noarray32byte
       -align noarray64byte                  -align noarray128byte
       -align noarray256byte                 -altparam
       -assume accuracy_sensitive            -assume nobscc
       -assume nobuffered_io                 -assume nobuffered_stdout
       -assume byterecl                      -assume nocontiguous_assumed_shape
       -assume nocontiguous_pointer          -assume nocc_omp
       -assume nocstring                     -assume nodummy_aliases
       -assume nofpe_summary                 -assume noieee_fpe_flags
       -assume nominus0                      -assume noold_boz
       -assume old_complex_align             -assume old_unit_star
       -assume old_inquire_recl              -assume old_ldout_format
       -assume old_ldout_zero                -assume noold_logical_assign
       -assume noold_logical_ldio            -assume old_maxminloc
       -assume old_xor                       -assume noprotect_allocates
       -assume protect_constants             -assume noprotect_parens
       -assume split_common                  -assume source_include
       -assume nostd_intent_in               -assume std_minus0_rounding
       -assume nostd_mod_proc_name           -assume std_value
       -assume realloc_lhs                   -assume underscore
       -assume no2underscores                -assume norecursion
  no   -auto                                 -auto_scalar
  no   -bintext                              -ccdefault default
       -check noarg_temp_created             -check noassume
       -check nobounds                       -check nocontiguous
       -check noformat                       -check nooutput_conversion
       -check nooverflow                     -check nopointers
       -check noshape                        -check nostack
       -check nouninitialized                -check noudio_iostat
       -coarray-num-procs 0             no   -coarray-config-file
       -convert big_endian                   -cross_reference
       -D __INTEL_COMPILER=1910              -D __INTEL_COMPILER_UPDATE=3
       -D __unix__                           -D __unix
       -D __linux__                          -D __linux

Page 9           Source Listing                  DIFCOF
2022-02-15 16:38                                 DIFCOF.F

       -D __gnu_linux__                      -D unix
       -D linux                              -D __ELF__
       -D __x86_64                           -D __x86_64__
       -D __amd64                            -D __amd64__
       -D __INTEL_COMPILER_BUILD_DATE=20200925       -D __INTEL_OFFLOAD
       -D __MMX__                            -D __SSE__
       -D __SSE_MATH__                       -D __SSE2__
       -D __SSE2_MATH__                      -D __SSE3__
       -D __SSSE3__                          -D __SSE4_1__
       -D __SSE4_2__                         -D __POPCNT__
       -D __PCLMUL__                         -D __AES__
       -D __AVX__                            -D __F16C__
       -D __AVX_I__                          -D __RDRND__
       -D __FMA__                            -D __FP_FAST_FMA
       -D __FP_FAST_FMAF                     -D __BMI__
       -D __LZCNT__                          -D __AVX2__
       -D __haswell                          -D __haswell__
       -D __tune_haswell__                   -D __core_avx2
       -D __core_avx2__                      -D __tune_core_avx2__
       -D __CRAY_X86_ROME                    -D __CRAYXT_COMPUTE_LINUX_TARGET
       -double_size 64                  no   -d_lines
  no   -Qdyncom                              -error_limit 30
  no   -f66                             no   -f77rtl
  no   -fast                                 -fpscomp nofilesfromcmd
       -fpscomp nogeneral                    -fpscomp noioformat
       -fpscomp noldio_spacing               -fpscomp nologicals
       -fixed                           no   -fpconstant
       -fpe3                                 -fprm nearest
  no   -ftz                                  -fp_model precise
       -fp_model nofast                      -fp_model nostrict
       -fp_model nosource                    -fp_model nodouble
       -fp_model noextended                  -fp_model novery_fast
       -fp_model noexcept                    -fp_model nono_except
       -fp_modbits nofp_contract             -fp_modbits nono_fp_contract
       -fp_modbits nofenv_access             -fp_modbits nono_fenv_access
       -fp_modbits nocx_limited_range        -fp_modbits nono_cx_limited_range
       -fp_modbits noprec_div                -fp_modbits nono_prec_div
       -fp_modbits noprec_sqrt               -fp_modbits nono_prec_sqrt
       -fp_modbits noftz                     -fp_modbits no_ftz
       -fp_modbits nointrin_limited_range       -fp_modbits nono_intrin_limited_range
       -fp_modbits notrunc_compares          -fp_modbits nono_trunc_compares
       -fp_modbits noieee_nan_compares       -fp_modbits nono_ieee_nan_compares
       -fp_modbits nohonor_f32_conversion       -fp_modbits nono_honor_f32_conversion
       -fp_modbits nohonor_f64_conversion       -fp_modbits nono_honor_f64_conversion
       -fp_modbits nono_x87_copy             -fp_modbits nono_no_x87_copy
       -fp_modbits noexception_semantics       -fp_modbits nono_exception_semantics
       -fp_modbits noprecise_libm_functions       -fp_modbits nono_precise_libm_functions
       -heap_arrays 0                   no   -threadprivate_compat
       -g2                                   -iface nomixed_str_len_arg
       -iface nono_mixed_str_len_arg         -init noarrays
       -init nohuge                          -init noinfinity
       -init nominus_huge                    -init nominus_infinity
       -init nominus_tiny                    -init nonan
       -init nosnan                          -init notiny
       -init nozero                     no   -intconstant
       -integer_size 32                 no   -mixed_str_len_arg
  no   -module                               -names lowercase

Page 10          Source Listing                  DIFCOF
2022-02-15 16:38                                 DIFCOF.F

  no   -noinclude                       no   -o
       -offload-build=host                   -openmp-simd
       -O2                              no   -pad_source
       -real_size 32                    no   -recursive
       -reentrancy threaded                  -vec=simd
       -show nofullpath                      -show noinclude
       -show map                             -show options
  no   -syntax_only                     no   -threadcom
  no   -U                               no   -vms
       -w noall                              -w nonone
       -w alignments                         -w nodeclarations
       -w noexternals                        -w general
       -w noignore_bounds                    -w noignore_loc
       -w nointerfaces                       -w noshape
       -w notruncated_source                 -w uncalled
       -w uninitialized                      -w nounused
       -w usage                         no   -wrap-margins

       -includepath : /pe/intel/compilers_and_libraries_2020.4.304/linux/pstl/include/,/pe/intel/compilers_and_libraries_2020.4.304/linux/compiler/include/,
           .f90,./.f90,/opt/cray/pe/mpich/8.1.9/ofi/intel/19.0/include/.f90,/pe/intel/compilers_and_libraries_2020.4.304/linux/ipp/include/.f90,
           /pe/intel/compilers_and_libraries_2020.4.304/linux/mkl/include/.f90,/pe/intel/compilers_and_libraries_2020.4.304/linux/pstl/include/.f90,
           /pe/intel/compilers_and_libraries_2020.4.304/linux/pstl/stdlib/.f90,/pe/intel/compilers_and_libraries_2020.4.304/linux/tbb/include/.f90,
           /pe/intel/compilers_and_libraries_2020.4.304/linux/compiler/include/intel64/.f90,/pe/intel/compilers_and_libraries_2020.4.304/linux/compiler/include/icc/.f90,
           /pe/intel/compilers_and_libraries_2020.4.304/linux/compiler/include/.f90,/usr/lib64/gcc/x86_64-suse-linux/7/include/.f90,
           /usr/lib64/gcc/x86_64-suse-linux/7/include-fixed/.f90,/usr/include/.f90,/usr/include/.f90,/usr/include/.f90
       -list filename : DIFCOF.lst
  no   -o

COMPILER: Intel(R) Fortran 19.1-1655
