Page 1           Source Listing                  DSTRB
2022-02-15 16:38                                 /tmp/ifortaLAh0I.i

      1 # 1 "DSTRB.F"
      2 C&&&&&&&&&&&&&&&&&&&&&&&&&&&&&&&&&&&&&&&&&&&&&&&&&&&&&&&&&&&&&&&&&&&&&&&&&&&
      3                      SUBROUTINE DSTRB(ARRG,ARRL,LG,LL,L1)
      4 C     ******************************************************************
      5 C$$$  SUBPROGRAM DOCUMENTATION BLOCK
      6 C                .      .    .
      7 C SUBPROGRAM:    DSTRB       DISTRIBUTE GLOBAL ARRAY TO LOCAL ARRAYS
      8 C   PRGRMMR: BLACK           ORG: W/NP2      DATE: 97-08-29
      9 C
     10 C ABSTRACT:
     11 C     DSTRB DISTRIBUTES THE ELEMENTS OF REAL GLOBAL ARRAY ARRG TO THE
     12 C     REAL LOCAL ARRAYS ARRL.  LG IS THE VERTICAL DIMENSION OF THE
     13 C     GLOBAL ARRAY.  LL IS THE VERTICAL DIMENSION OF THE LOCAL ARRAY.
     14 C     L1 IS THE SPECIFIC LEVEL OF ARRL THAT IS BEING FILLED DURING
     15 C     THIS CALL (PERTINENT WHEN LG=1 AND LL>1).
     16 C
     17 C PROGRAM HISTORY LOG:
     18 C   97-08-29  BLACK      - ORIGINATOR
     19 C   12-11-13  EBISUZAKI    CHANGE ARRX(:,:,:) => ARRX(:)
     20 C
     21 C USAGE: CALL READ_NFCST FROM SUBROUTINE INIT
     22 C   INPUT ARGUMENT LIST:
     23 C     ARRG - GLOBAL ARRAY
     24 C     LG   - VERTICAL DIMENSION OF GLOBAL ARRAY
     25 C     LL   - VERTICAL DIMENSION OF LOCAL ARRAY
     26 C     L1   - VERTICAL LEVEL OF ARRL BEING FILLED IN THIS CALL
     27 C            (USED ONLY WHEN LG=1 AND LL>1, I.E. WHEN THE GLOBAL
     28 C             ARRAY IS ACTUALLY JUST ONE LEVEL OF A MULTI_LEVEL
     29 C             ARRAY)
     30 C
     31 C   OUTPUT ARGUMENT LIST:
     32 C     ARRL - LOCAL ARRAY
     33 C
     34 C   OUTPUT FILES:
     35 C     NONE
     36 C
     37 C   SUBPROGRAMS CALLED:
     38 C     UNIQUE: NONE
     39 C
     40 C     LIBRARY: NONE
     41 C
     42 C   COMMON BLOCKS: NONE
     43 C
     44 C   ATTRIBUTES:
     45 C     LANGUAGE: FORTRAN 90
     46 C     MACHINE : IBM SP
     47 C$$$
     48 C---------------------------------------------------------------------------
     49 C***  DISTRIBUTE ARRAYS FROM GLOBAL TO LOCAL
     50 C---------------------------------------------------------------------------
     51       INCLUDE "parmeta"
     75       INCLUDE "mpp.h"
    134       INCLUDE "mpif.h"
    135 # 1 "./sp.h" 1 
    136 # 4
    137 
    138 # 54 "DSTRB.F" 2 

Page 2           Source Listing                  DSTRB
2022-02-15 16:38                                 DSTRB.F

    139 C---------------------------------------------------------------------------
    701       REAL ARRG(IM,JM,LG),ARRX(IM*JM*LG)
    702      1,    ARRL(IDIM1:IDIM2,JDIM1:JDIM2,LL)
    703       INTEGER ISTAT(MPI_STATUS_SIZE)
    704 C---------------------------------------------------------------------------
    705 C***
    706 C***  PE0 FILLS ITS OWN LOCAL DOMAIN THEN PARCELS OUT ALL THE OTHER PIECES
    707 C***  TO THE OTHER PEs.
    708 C***
    709       IF(MYPE.EQ.0)THEN
    710 C
    711         IF(LG.EQ.1)THEN
    712           DO JGLB=JS_GLB_TABLE(0),JE_GLB_TABLE(0)
    713           LOCJ=G2LJ(JGLB)
    714           DO IGLB=IS_GLB_TABLE(0),IE_GLB_TABLE(0)
    715             LOCI=G2LI(IGLB)
    716             ARRL(LOCI,LOCJ,L1)=ARRG(IGLB,JGLB,1)
    717           ENDDO
    718           ENDDO
    719 C
    720         ELSE
    721 C
    722           DO L=1,LG
    723             DO JGLB=JS_GLB_TABLE(0),JE_GLB_TABLE(0)
    724             LOCJ=G2LJ(JGLB)
    725             DO IGLB=IS_GLB_TABLE(0),IE_GLB_TABLE(0)
    726               LOCI=G2LI(IGLB)
    727               ARRL(LOCI,LOCJ,L)=ARRG(IGLB,JGLB,L)
    728             ENDDO
    729             ENDDO
    730           ENDDO
    731         ENDIF
    732 C
    733         DO IPE=1,NPES-1
    734           KNT=0
    735 C
    736           DO L=1,LG
    737           DO JGLB=JS_GLB_TABLE(IPE),JE_GLB_TABLE(IPE)
    738           DO IGLB=IS_GLB_TABLE(IPE),IE_GLB_TABLE(IPE)
    739             KNT=KNT+1
    740             ARRX(KNT)=ARRG(IGLB,JGLB,L)
    741           ENDDO
    742           ENDDO
    743           ENDDO
    744 C
    745           CALL MPI_SEND(ARRX,KNT,MPI_REAL,IPE,IPE
    746      1,                 MPI_COMM_COMP,ISEND)
    747         ENDDO
    748 C--------------------------------------------------------------------
    749 C***
    750 C***  ALL OTHER PEs RECEIVE THEIR PIECE FROM PE0 AND THEN FILL
    751 C***  THEIR LOCAL ARRAY.
    752 C***
    753       ELSE
    754         NUMVALS=(IE_GLB_TABLE(MYPE)-IS_GLB_TABLE(MYPE)+1)
    755      1         *(JE_GLB_TABLE(MYPE)-JS_GLB_TABLE(MYPE)+1)*LG
    756         CALL MPI_RECV(ARRX,NUMVALS,MPI_REAL,0,MYPE

Page 3           Source Listing                  DSTRB
2022-02-15 16:38                                 DSTRB.F

    757      1,               MPI_COMM_COMP,ISTAT,IRECV)
    758 C
    759         KNT=0
    760         IF(LG.EQ.1)THEN
    761           DO J=MY_JS_LOC,MY_JE_LOC
    762           DO I=MY_IS_LOC,MY_IE_LOC
    763             KNT=KNT+1
    764             ARRL(I,J,L1)=ARRX(KNT)
    765           ENDDO
    766           ENDDO
    767         ELSE
    768           DO L=1,LG
    769           DO J=MY_JS_LOC,MY_JE_LOC
    770           DO I=MY_IS_LOC,MY_IE_LOC
    771             KNT=KNT+1
    772             ARRL(I,J,L)=ARRX(KNT)
    773           ENDDO
    774           ENDDO
    775           ENDDO
    776         ENDIF
    777 C
    778       ENDIF
    779 C
    780       CALL MPI_BARRIER(MPI_COMM_COMP,IRTN)
    781 C
    782       RETURN
    783       END


ENTRY POINTS

  Name              
                    
 dstrb_             

Page 4           Source Listing                  DSTRB
2022-02-15 16:38 Symbol Table                    DSTRB.F



SYMBOL CROSS REFERENCE

 Name                       Object Declared Type            Bytes Dimen Elements Attributes       References                        
                                                                                                                                    
 ARRG                       Dummy  3        R(4)            4     3     0        ARG,INOUT        716,727,740                       
 ARRL                       Dummy  3        R(4)            4     3     0        ARG,INOUT        716,727,764,772                   
 ARRX                       Local  701      R(4)            4     1     0                         740,745,756,764,772               
 DSTRB                      Subr   3                                                                                                
 GLB_TABLE                  Common 112                                  336      SAVE                                               
 I                          Local  762      I(4)            4           scalar                    762,764,770,772                   
 IDIM1                      Param  71       I(4)            4           scalar                    702                               
 IDIM2                      Param  71       I(4)            4           scalar                    702                               
 IGLB                       Local  714      I(4)            4           scalar                    714,715,716,725,726,727,738,740   
 IGSTL                      Param  66       I(4)            4           scalar                    71                                
 IGSTR                      Param  66       I(4)            4           scalar                    71                                
 IM                         Param  54       I(4)            4           scalar                    68,71,118,119,120,121,122,126,127,
                                                                                                  132,701                           
 INPES                      Param  63       I(4)            4           scalar                    68,71,102,103,104,113,114         
 IPE                        Local  733      I(4)            4           scalar                    733,737,738,745                   
 IRECV                      Local  757      I(4)            4           scalar                    757                               
 IRTN                       Local  780      I(4)            4           scalar                    780                               
 ISEND                      Local  746      I(4)            4           scalar                    746                               
 ISTAT                      Local  703      I(4)            4     1     5                         757                               
 ITAIL                      Param  68       I(4)            4           scalar                                                      
 J                          Local  761      I(4)            4           scalar                    761,764,769,772                   
 JDIM1                      Param  72       I(4)            4           scalar                    702                               
 JDIM2                      Param  72       I(4)            4           scalar                    702                               
 JGLB                       Local  712      I(4)            4           scalar                    712,713,716,723,724,727,737,740   
 JGSTL                      Param  67       I(4)            4           scalar                    72                                
 JGSTR                      Param  67       I(4)            4           scalar                    72                                
 JM                         Param  54       I(4)            4           scalar                    69,72,118,119,120,121,122,126,127,
                                                                                                  132,701                           
 JNPES                      Param  63       I(4)            4           scalar                    69,72,102,103,104,113,114         
 JTAIL                      Param  69       I(4)            4           scalar                                                      
 KNT                        Local  734      I(4)            4           scalar                    734,739,740,745,759,763,764,771,77
                                                                                                  2                                 
 L                          Local  722      I(4)            4           scalar                    722,727,736,740,768,772           
 L1                         Dummy  3        I(4)            4           scalar   ARG,INOUT        716,764                           
 LG                         Dummy  3        I(4)            4           scalar   ARG,INOUT        701,711,722,736,755,760,768       
 LL                         Dummy  3        I(4)            4           scalar   ARG,INOUT        702                               
 LM                         Param  54       I(4)            4           scalar                    127                               
 LOCI                       Local  715      I(4)            4           scalar                    715,716,726,727                   
 LOCJ                       Local  713      I(4)            4           scalar                    713,716,724,727                   
 LSM                        Param  54       I(4)            4           scalar                                                      
 MAPPINGS                   Common 131                                  5024     SAVE                                               
 MPIFCMB5                   Common 689                                  4        SAVE                                               
 MPIFCMB9                   Common 690                                  4        SAVE                                               
 MPIPRIV1                   Common 694                                  28       SAVE                                               
 MPIPRIV2                   Common 696                                  24       SAVE                                               
 MPIPRIVC                   Common 699                                  2        SAVE                                               
 MPI_2DOUBLE_PRECISION      Param  435      I(4)            4           scalar                                                      
 MPI_2INT                   Param  519      I(4)            4           scalar                                                      
 MPI_2INTEGER               Param  433      I(4)            4           scalar                                                      
 MPI_2REAL                  Param  437      I(4)            4           scalar                                                      
 MPI_ADDRESS_KIND           Param  471      I(4)            4           scalar                                                      

Page 5           Source Listing                  DSTRB
2022-02-15 16:38 Symbol Table                    DSTRB.F

 Name                       Object Declared Type            Bytes Dimen Elements Attributes       References                        
                                                                                                                                    
 MPI_AINT                   Param  549      I(4)            4           scalar                                                      
 MPI_ANY_SOURCE             Param  401      I(4)            4           scalar                                                      
 MPI_ANY_TAG                Param  403      I(4)            4           scalar                                                      
 MPI_APPNUM                 Param  365      I(4)            4           scalar                                                      
 MPI_ASYNC_PROTECTS_NONBLOC                                                                                                         
 KING                       Param  671      L(4)            4           scalar                                                      
 MPI_BAND                   Param  309      I(4)            4           scalar                                                      
 MPI_BARRIER                Subr   780                                                            780                               
 MPI_BOR                    Param  313      I(4)            4           scalar                                                      
 MPI_BSEND_OVERHEAD         Param  397      I(4)            4           scalar                                                      
 MPI_BXOR                   Param  317      I(4)            4           scalar                                                      
 MPI_BYTE                   Param  441      I(4)            4           scalar                                                      
 MPI_CART                   Param  409      I(4)            4           scalar                                                      
 MPI_CHAR                   Param  479      I(4)            4           scalar                                                      
 MPI_CHARACTER              Param  439      I(4)            4           scalar                                                      
 MPI_COMBINER_CONTIGUOUS    Param  567      I(4)            4           scalar                                                      
 MPI_COMBINER_DARRAY        Param  589      I(4)            4           scalar                                                      
 MPI_COMBINER_DUP           Param  565      I(4)            4           scalar                                                      
 MPI_COMBINER_F90_COMPLEX   Param  593      I(4)            4           scalar                                                      
 MPI_COMBINER_F90_INTEGER   Param  595      I(4)            4           scalar                                                      
 MPI_COMBINER_F90_REAL      Param  591      I(4)            4           scalar                                                      
 MPI_COMBINER_HINDEXED      Param  579      I(4)            4           scalar                                                      
 MPI_COMBINER_HINDEXED_BLOC                                                                                                         
 K                          Param  599      I(4)            4           scalar                                                      
 MPI_COMBINER_HINDEXED_INTE                                                                                                         
 GER                        Param  577      I(4)            4           scalar                                                      
 MPI_COMBINER_HVECTOR       Param  573      I(4)            4           scalar                                                      
 MPI_COMBINER_HVECTOR_INTEG                                                                                                         
 ER                         Param  571      I(4)            4           scalar                                                      
 MPI_COMBINER_INDEXED       Param  575      I(4)            4           scalar                                                      
 MPI_COMBINER_INDEXED_BLOCK Param  581      I(4)            4           scalar                                                      
 MPI_COMBINER_NAMED         Param  563      I(4)            4           scalar                                                      
 MPI_COMBINER_RESIZED       Param  597      I(4)            4           scalar                                                      
 MPI_COMBINER_STRUCT        Param  585      I(4)            4           scalar                                                      
 MPI_COMBINER_STRUCT_INTEGE                                                                                                         
 R                          Param  583      I(4)            4           scalar                                                      
 MPI_COMBINER_SUBARRAY      Param  587      I(4)            4           scalar                                                      
 MPI_COMBINER_VECTOR        Param  569      I(4)            4           scalar                                                      
 MPI_COMM_DUP_FN            Subr   678                                  scalar                                                      
 MPI_COMM_NULL              Param  333      I(4)            4           scalar                                                      
 MPI_COMM_NULL_COPY_FN      Subr   679                                  scalar                                                      
 MPI_COMM_NULL_DELETE_FN    Subr   678                                  scalar                                                      
 MPI_COMM_SELF              Param  329      I(4)            4           scalar                                                      
 MPI_COMM_TYPE_SHARED       Param  617      I(4)            4           scalar                                                      
 MPI_COMM_WORLD             Param  327      I(4)            4           scalar                                                      
 MPI_COMPLEX                Param  421      I(4)            4           scalar                                                      
 MPI_COMPLEX16              Param  467      I(4)            4           scalar                                                      
 MPI_COMPLEX32              Param  469      I(4)            4           scalar                                                      
 MPI_COMPLEX8               Param  465      I(4)            4           scalar                                                      
 MPI_CONGRUENT              Param  281      I(4)            4           scalar                                                      
 MPI_CONVERSION_FN_NULL     Subr   684                                  scalar                                                      
 MPI_COUNT                  Param  553      I(4)            4           scalar                                                      
 MPI_COUNT_KIND             Param  475      I(4)            4           scalar                                                      
 MPI_CXX_BOOL               Param  555      I(4)            4           scalar                                                      
 MPI_CXX_DOUBLE_COMPLEX     Param  559      I(4)            4           scalar                                                      

Page 6           Source Listing                  DSTRB
2022-02-15 16:38 Symbol Table                    DSTRB.F

 Name                       Object Declared Type            Bytes Dimen Elements Attributes       References                        
                                                                                                                                    
 MPI_CXX_FLOAT_COMPLEX      Param  557      I(4)            4           scalar                                                      
 MPI_CXX_LONG_DOUBLE_COMPLE                                                                                                         
 X                          Param  561      I(4)            4           scalar                                                      
 MPI_C_BOOL                 Param  539      I(4)            4           scalar                                                      
 MPI_C_COMPLEX              Param  543      I(4)            4           scalar                                                      
 MPI_C_DOUBLE_COMPLEX       Param  545      I(4)            4           scalar                                                      
 MPI_C_FLOAT_COMPLEX        Param  541      I(4)            4           scalar                                                      
 MPI_C_LONG_DOUBLE_COMPLEX  Param  547      I(4)            4           scalar                                                      
 MPI_DATATYPE_NULL          Param  343      I(4)            4           scalar                    458,556,558,560,562               
 MPI_DISPLACEMENT_CURRENT   Param  667      I(8)            8           scalar                                                      
 MPI_DISTRIBUTE_BLOCK       Param  659      I(4)            4           scalar                                                      
 MPI_DISTRIBUTE_CYCLIC      Param  661      I(4)            4           scalar                                                      
 MPI_DISTRIBUTE_DFLT_DARG   Param  665      I(4)            4           scalar                                                      
 MPI_DISTRIBUTE_NONE        Param  663      I(4)            4           scalar                                                      
 MPI_DIST_GRAPH             Param  411      I(4)            4           scalar                                                      
 MPI_DOUBLE                 Param  501      I(4)            4           scalar                                                      
 MPI_DOUBLE_COMPLEX         Param  423      I(4)            4           scalar                                                      
 MPI_DOUBLE_INT             Param  513      I(4)            4           scalar                                                      
 MPI_DOUBLE_PRECISION       Param  429      I(4)            4           scalar                                                      
 MPI_DUP_FN                 Subr   675                                  scalar                                                      
 MPI_ERRHANDLER_NULL        Param  347      I(4)            4           scalar                                                      
 MPI_ERROR                  Param  148      I(4)            4           scalar                                                      
 MPI_ERRORS_ARE_FATAL       Param  275      I(4)            4           scalar                                                      
 MPI_ERRORS_RETURN          Param  277      I(4)            4           scalar                                                      
 MPI_ERR_ACCESS             Param  261      I(4)            4           scalar                                                      
 MPI_ERR_AMODE              Param  227      I(4)            4           scalar                                                      
 MPI_ERR_ARG                Param  237      I(4)            4           scalar                                                      
 MPI_ERR_ASSERT             Param  171      I(4)            4           scalar                                                      
 MPI_ERR_BAD_FILE           Param  233      I(4)            4           scalar                                                      
 MPI_ERR_BASE               Param  271      I(4)            4           scalar                                                      
 MPI_ERR_BUFFER             Param  189      I(4)            4           scalar                                                      
 MPI_ERR_COMM               Param  269      I(4)            4           scalar                                                      
 MPI_ERR_CONVERSION         Param  251      I(4)            4           scalar                                                      
 MPI_ERR_COUNT              Param  181      I(4)            4           scalar                                                      
 MPI_ERR_DIMS               Param  159      I(4)            4           scalar                                                      
 MPI_ERR_DISP               Param  217      I(4)            4           scalar                                                      
 MPI_ERR_DUP_DATAREP        Param  247      I(4)            4           scalar                                                      
 MPI_ERR_FILE               Param  207      I(4)            4           scalar                                                      
 MPI_ERR_FILE_EXISTS        Param  259      I(4)            4           scalar                                                      
 MPI_ERR_FILE_IN_USE        Param  253      I(4)            4           scalar                                                      
 MPI_ERR_GROUP              Param  169      I(4)            4           scalar                                                      
 MPI_ERR_INFO               Param  175      I(4)            4           scalar                                                      
 MPI_ERR_INFO_KEY           Param  205      I(4)            4           scalar                                                      
 MPI_ERR_INFO_NOKEY         Param  249      I(4)            4           scalar                                                      
 MPI_ERR_INFO_VALUE         Param  197      I(4)            4           scalar                                                      
 MPI_ERR_INTERN             Param  225      I(4)            4           scalar                                                      
 MPI_ERR_IN_STATUS          Param  199      I(4)            4           scalar                                                      
 MPI_ERR_IO                 Param  185      I(4)            4           scalar                                                      
 MPI_ERR_KEYVAL             Param  229      I(4)            4           scalar                                                      
 MPI_ERR_LASTCODE           Param  265      I(4)            4           scalar                                                      
 MPI_ERR_LOCKTYPE           Param  245      I(4)            4           scalar                                                      
 MPI_ERR_NAME               Param  165      I(4)            4           scalar                                                      
 MPI_ERR_NOT_SAME           Param  183      I(4)            4           scalar                                                      
 MPI_ERR_NO_MEM             Param  195      I(4)            4           scalar                                                      
 MPI_ERR_NO_SPACE           Param  187      I(4)            4           scalar                                                      

Page 7           Source Listing                  DSTRB
2022-02-15 16:38 Symbol Table                    DSTRB.F

 Name                       Object Declared Type            Bytes Dimen Elements Attributes       References                        
                                                                                                                                    
 MPI_ERR_NO_SUCH_FILE       Param  257      I(4)            4           scalar                                                      
 MPI_ERR_OP                 Param  161      I(4)            4           scalar                                                      
 MPI_ERR_OTHER              Param  213      I(4)            4           scalar                                                      
 MPI_ERR_PENDING            Param  201      I(4)            4           scalar                                                      
 MPI_ERR_PORT               Param  191      I(4)            4           scalar                                                      
 MPI_ERR_QUOTA              Param  163      I(4)            4           scalar                                                      
 MPI_ERR_RANK               Param  267      I(4)            4           scalar                                                      
 MPI_ERR_READ_ONLY          Param  209      I(4)            4           scalar                                                      
 MPI_ERR_REQUEST            Param  211      I(4)            4           scalar                                                      
 MPI_ERR_RMA_ATTACH         Param  193      I(4)            4           scalar                                                      
 MPI_ERR_RMA_CONFLICT       Param  179      I(4)            4           scalar                                                      
 MPI_ERR_RMA_FLAVOR         Param  167      I(4)            4           scalar                                                      
 MPI_ERR_RMA_RANGE          Param  203      I(4)            4           scalar                                                      
 MPI_ERR_RMA_SHARED         Param  263      I(4)            4           scalar                                                      
 MPI_ERR_RMA_SYNC           Param  243      I(4)            4           scalar                                                      
 MPI_ERR_ROOT               Param  231      I(4)            4           scalar                                                      
 MPI_ERR_SERVICE            Param  255      I(4)            4           scalar                                                      
 MPI_ERR_SIZE               Param  177      I(4)            4           scalar                                                      
 MPI_ERR_SPAWN              Param  219      I(4)            4           scalar                                                      
 MPI_ERR_TAG                Param  239      I(4)            4           scalar                                                      
 MPI_ERR_TOPOLOGY           Param  241      I(4)            4           scalar                                                      
 MPI_ERR_TRUNCATE           Param  215      I(4)            4           scalar                                                      
 MPI_ERR_TYPE               Param  235      I(4)            4           scalar                                                      
 MPI_ERR_UNKNOWN            Param  223      I(4)            4           scalar                                                      
 MPI_ERR_UNSUPPORTED_DATARE                                                                                                         
 P                          Param  173      I(4)            4           scalar                                                      
 MPI_ERR_UNSUPPORTED_OPERAT                                                                                                         
 ION                        Param  221      I(4)            4           scalar                                                      
 MPI_ERR_WIN                Param  273      I(4)            4           scalar                                                      
 MPI_FILE_NULL              Param  337      I(4)            4           scalar                                                      
 MPI_FLOAT                  Param  499      I(4)            4           scalar                                                      
 MPI_FLOAT_INT              Param  511      I(4)            4           scalar                                                      
 MPI_GRAPH                  Param  407      I(4)            4           scalar                                                      
 MPI_GROUP_EMPTY            Param  331      I(4)            4           scalar                                                      
 MPI_GROUP_NULL             Param  339      I(4)            4           scalar                                                      
 MPI_HOST                   Param  355      I(4)            4           scalar                                                      
 MPI_IDENT                  Param  279      I(4)            4           scalar                                                      
 MPI_INFO_ENV               Param  351      I(4)            4           scalar                                                      
 MPI_INFO_NULL              Param  349      I(4)            4           scalar                                                      
 MPI_INT                    Param  491      I(4)            4           scalar                                                      
 MPI_INT16_T                Param  525      I(4)            4           scalar                                                      
 MPI_INT32_T                Param  527      I(4)            4           scalar                                                      
 MPI_INT64_T                Param  529      I(4)            4           scalar                                                      
 MPI_INT8_T                 Param  523      I(4)            4           scalar                                                      
 MPI_INTEGER                Param  431      I(4)            4           scalar                                                      
 MPI_INTEGER1               Param  449      I(4)            4           scalar                                                      
 MPI_INTEGER16              Param  457      I(4)            4           scalar                                                      
 MPI_INTEGER2               Param  451      I(4)            4           scalar                                                      
 MPI_INTEGER4               Param  453      I(4)            4           scalar                                                      
 MPI_INTEGER8               Param  455      I(4)            4           scalar                                                      
 MPI_INTEGER_KIND           Param  477      I(4)            4           scalar                                                      
 MPI_IO                     Param  357      I(4)            4           scalar                                                      
 MPI_KEYVAL_INVALID         Param  395      I(4)            4           scalar                                                      
 MPI_LAND                   Param  307      I(4)            4           scalar                                                      
 MPI_LASTUSEDCODE           Param  363      I(4)            4           scalar                                                      

Page 8           Source Listing                  DSTRB
2022-02-15 16:38 Symbol Table                    DSTRB.F

 Name                       Object Declared Type            Bytes Dimen Elements Attributes       References                        
                                                                                                                                    
 MPI_LB                     Param  445      I(4)            4           scalar                                                      
 MPI_LOCK_EXCLUSIVE         Param  417      I(4)            4           scalar                                                      
 MPI_LOCK_SHARED            Param  419      I(4)            4           scalar                                                      
 MPI_LOGICAL                Param  425      I(4)            4           scalar                                                      
 MPI_LONG                   Param  495      I(4)            4           scalar                                                      
 MPI_LONG_DOUBLE            Param  503      I(4)            4           scalar                                                      
 MPI_LONG_DOUBLE_INT        Param  521      I(4)            4           scalar                                                      
 MPI_LONG_INT               Param  515      I(4)            4           scalar                                                      
 MPI_LONG_LONG              Param  509      I(4)            4           scalar                                                      
 MPI_LONG_LONG_INT          Param  505      I(4)            4           scalar                                                      
 MPI_LOR                    Param  311      I(4)            4           scalar                                                      
 MPI_LXOR                   Param  315      I(4)            4           scalar                                                      
 MPI_MAX                    Param  299      I(4)            4           scalar                                                      
 MPI_MAXLOC                 Param  321      I(4)            4           scalar                                                      
 MPI_MAX_DATAREP_STRING     Param  389      I(4)            4           scalar                                                      
 MPI_MAX_ERROR_STRING       Param  377      I(4)            4           scalar                                                      
 MPI_MAX_INFO_KEY           Param  383      I(4)            4           scalar                                                      
 MPI_MAX_INFO_VAL           Param  385      I(4)            4           scalar                                                      
 MPI_MAX_LIBRARY_VERSION_ST                                                                                                         
 RING                       Param  391      I(4)            4           scalar                                                      
 MPI_MAX_OBJECT_NAME        Param  381      I(4)            4           scalar                                                      
 MPI_MAX_PORT_NAME          Param  379      I(4)            4           scalar                                                      
 MPI_MAX_PROCESSOR_NAME     Param  387      I(4)            4           scalar                                                      
 MPI_MESSAGE_NO_PROC        Param  621      I(4)            4           scalar                                                      
 MPI_MESSAGE_NULL           Param  619      I(4)            4           scalar                                                      
 MPI_MIN                    Param  301      I(4)            4           scalar                                                      
 MPI_MINLOC                 Param  319      I(4)            4           scalar                                                      
 MPI_MODE_APPEND            Param  645      I(4)            4           scalar                                                      
 MPI_MODE_CREATE            Param  641      I(4)            4           scalar                                                      
 MPI_MODE_DELETE_ON_CLOSE   Param  637      I(4)            4           scalar                                                      
 MPI_MODE_EXCL              Param  643      I(4)            4           scalar                                                      
 MPI_MODE_NOCHECK           Param  607      I(4)            4           scalar                                                      
 MPI_MODE_NOPRECEDE         Param  613      I(4)            4           scalar                                                      
 MPI_MODE_NOPUT             Param  611      I(4)            4           scalar                                                      
 MPI_MODE_NOSTORE           Param  609      I(4)            4           scalar                                                      
 MPI_MODE_NOSUCCEED         Param  615      I(4)            4           scalar                                                      
 MPI_MODE_RDONLY            Param  631      I(4)            4           scalar                                                      
 MPI_MODE_RDWR              Param  633      I(4)            4           scalar                                                      
 MPI_MODE_SEQUENTIAL        Param  647      I(4)            4           scalar                                                      
 MPI_MODE_UNIQUE_OPEN       Param  639      I(4)            4           scalar                                                      
 MPI_MODE_WRONLY            Param  635      I(4)            4           scalar                                                      
 MPI_NO_OP                  Param  325      I(4)            4           scalar                                                      
 MPI_NULL_COPY_FN           Subr   675                                  scalar                                                      
 MPI_NULL_DELETE_FN         Subr   675                                  scalar                                                      
 MPI_OFFSET                 Param  551      I(4)            4           scalar                                                      
 MPI_OFFSET_KIND            Param  473      I(4)            4           scalar                                                      
 MPI_OP_NULL                Param  341      I(4)            4           scalar                                                      
 MPI_ORDER_C                Param  655      I(4)            4           scalar                                                      
 MPI_ORDER_FORTRAN          Param  657      I(4)            4           scalar                                                      
 MPI_PACKED                 Param  447      I(4)            4           scalar                                                      
 MPI_PROC_NULL              Param  399      I(4)            4           scalar                                                      
 MPI_PROD                   Param  305      I(4)            4           scalar                                                      
 MPI_REAL                   Param  427      I(4)            4           scalar                    745,756                           
 MPI_REAL16                 Param  463      I(4)            4           scalar                                                      
 MPI_REAL4                  Param  459      I(4)            4           scalar                                                      

Page 9           Source Listing                  DSTRB
2022-02-15 16:38 Symbol Table                    DSTRB.F

 Name                       Object Declared Type            Bytes Dimen Elements Attributes       References                        
                                                                                                                                    
 MPI_REAL8                  Param  461      I(4)            4           scalar                                                      
 MPI_RECV                   Subr   756                                                            756                               
 MPI_REPLACE                Param  323      I(4)            4           scalar                                                      
 MPI_REQUEST_NULL           Param  345      I(4)            4           scalar                                                      
 MPI_ROOT                   Param  405      I(4)            4           scalar                                                      
 MPI_SEEK_CUR               Param  651      I(4)            4           scalar                                                      
 MPI_SEEK_END               Param  653      I(4)            4           scalar                                                      
 MPI_SEEK_SET               Param  649      I(4)            4           scalar                                                      
 MPI_SEND                   Subr   745                                                            745                               
 MPI_SHORT                  Param  487      I(4)            4           scalar                                                      
 MPI_SHORT_INT              Param  517      I(4)            4           scalar                                                      
 MPI_SIGNED_CHAR            Param  481      I(4)            4           scalar                                                      
 MPI_SIMILAR                Param  283      I(4)            4           scalar                                                      
 MPI_SOURCE                 Param  148      I(4)            4           scalar                                                      
 MPI_STATUS_SIZE            Param  150      I(4)            4           scalar                    152,153,703                       
 MPI_SUBARRAYS_SUPPORTED    Param  669      L(4)            4           scalar                                                      
 MPI_SUBVERSION             Param  415      I(4)            4           scalar                                                      
 MPI_SUCCESS                Param  157      I(4)            4           scalar                                                      
 MPI_SUM                    Param  303      I(4)            4           scalar                                                      
 MPI_TAG                    Param  148      I(4)            4           scalar                                                      
 MPI_TAG_UB                 Param  353      I(4)            4           scalar                                                      
 MPI_THREAD_FUNNELED        Param  625      I(4)            4           scalar                                                      
 MPI_THREAD_MULTIPLE        Param  629      I(4)            4           scalar                                                      
 MPI_THREAD_SERIALIZED      Param  627      I(4)            4           scalar                                                      
 MPI_THREAD_SINGLE          Param  623      I(4)            4           scalar                                                      
 MPI_TYPECLASS_COMPLEX      Param  605      I(4)            4           scalar                                                      
 MPI_TYPECLASS_INTEGER      Param  603      I(4)            4           scalar                                                      
 MPI_TYPECLASS_REAL         Param  601      I(4)            4           scalar                                                      
 MPI_TYPE_DUP_FN            Subr   682                                  scalar                                                      
 MPI_TYPE_NULL_COPY_FN      Subr   683                                  scalar                                                      
 MPI_TYPE_NULL_DELETE_FN    Subr   682                                  scalar                                                      
 MPI_UB                     Param  443      I(4)            4           scalar                                                      
 MPI_UINT16_T               Param  533      I(4)            4           scalar                                                      
 MPI_UINT32_T               Param  535      I(4)            4           scalar                                                      
 MPI_UINT64_T               Param  537      I(4)            4           scalar                                                      
 MPI_UINT8_T                Param  531      I(4)            4           scalar                                                      
 MPI_UNDEFINED              Param  393      I(4)            4           scalar                                                      
 MPI_UNEQUAL                Param  285      I(4)            4           scalar                                                      
 MPI_UNIVERSE_SIZE          Param  361      I(4)            4           scalar                                                      
 MPI_UNSIGNED               Param  493      I(4)            4           scalar                                                      
 MPI_UNSIGNED_CHAR          Param  483      I(4)            4           scalar                                                      
 MPI_UNSIGNED_LONG          Param  497      I(4)            4           scalar                                                      
 MPI_UNSIGNED_LONG_LONG     Param  507      I(4)            4           scalar                                                      
 MPI_UNSIGNED_SHORT         Param  489      I(4)            4           scalar                                                      
 MPI_VERSION                Param  413      I(4)            4           scalar                                                      
 MPI_WCHAR                  Param  485      I(4)            4           scalar                                                      
 MPI_WIN_BASE               Param  367      I(4)            4           scalar                                                      
 MPI_WIN_CREATE_FLAVOR      Param  373      I(4)            4           scalar                                                      
 MPI_WIN_DISP_UNIT          Param  371      I(4)            4           scalar                                                      
 MPI_WIN_DUP_FN             Subr   680                                  scalar                                                      
 MPI_WIN_FLAVOR_ALLOCATE    Param  289      I(4)            4           scalar                                                      
 MPI_WIN_FLAVOR_CREATE      Param  287      I(4)            4           scalar                                                      
 MPI_WIN_FLAVOR_DYNAMIC     Param  291      I(4)            4           scalar                                                      
 MPI_WIN_FLAVOR_SHARED      Param  293      I(4)            4           scalar                                                      
 MPI_WIN_MODEL              Param  375      I(4)            4           scalar                                                      

Page 10          Source Listing                  DSTRB
2022-02-15 16:38 Symbol Table                    DSTRB.F

 Name                       Object Declared Type            Bytes Dimen Elements Attributes       References                        
                                                                                                                                    
 MPI_WIN_NULL               Param  335      I(4)            4           scalar                                                      
 MPI_WIN_NULL_COPY_FN       Subr   681                                  scalar                                                      
 MPI_WIN_NULL_DELETE_FN     Subr   680                                  scalar                                                      
 MPI_WIN_SEPARATE           Param  295      I(4)            4           scalar                                                      
 MPI_WIN_SIZE               Param  369      I(4)            4           scalar                                                      
 MPI_WIN_UNIFIED            Param  297      I(4)            4           scalar                                                      
 MPI_WTICK                  Func   676      R(8)            8           scalar                                                      
 MPI_WTIME                  Func   676      R(8)            8           scalar                                                      
 MPI_WTIME_IS_GLOBAL        Param  359      I(4)            4           scalar                                                      
 MPPCOM                     Common 76                                   1724     SAVE                                               
 NUMVALS                    Local  754      I(4)            4           scalar                    754,756                           
 PMPI_WTICK                 Func   677      R(8)            8           scalar                                                      
 PMPI_WTIME                 Func   677      R(8)            8           scalar                                                      
 TEMPCOM                    Common 117                                  6603768  SAVE                                               
 TOPO                       Common 125                                  17478548 SAVE                                               


TYPE COMPONENTS/COMMON VARIABLES

 Name                       Type            Bytes Offset   Dimen Elements Attributes       References                         
                                                                                                                              
 G2LI                       I(4)            4     0        1     239      COM              715,726                            
 G2LJ                       I(4)            4     1912     1     389      COM              713,724                            
 HTMG                       R(4)            4     743768   3     4183695  COM                                                 
 IBROW                      I(4)            4     404            scalar   COM                                                 
 ICHUNKTAB                  I(4)            4     828      1     21       COM                                                 
 IE_GLB_TABLE               I(4)            4     84       1     21       COM              714,725,738,754                    
 IE_LOC_TABLE               I(4)            4     660      1     21       COM                                                 
 ILCOL                      I(4)            4     396            scalar   COM                                                 
 ILPAD1                     I(4)            4     412            scalar   COM                                                 
 ILPAD2                     I(4)            4     416            scalar   COM                                                 
 ILPAD3                     I(4)            4     420            scalar   COM                                                 
 ILPAD4                     I(4)            4     424            scalar   COM                                                 
 ILPAD5                     I(4)            4     428            scalar   COM                                                 
 INUMQ                      I(4)            4     1324     1     100      COM                                                 
 IQUILT_GROUP               I(4)            4     1320           scalar   COM                                                 
 IRCOL                      I(4)            4     400            scalar   COM                                                 
 IRPAD1                     I(4)            4     432            scalar   COM                                                 
 IRPAD2                     I(4)            4     436            scalar   COM                                                 
 IRPAD3                     I(4)            4     440            scalar   COM                                                 
 IRPAD4                     I(4)            4     444            scalar   COM                                                 
 IRPAD5                     I(4)            4     448            scalar   COM                                                 
 IS_GLB_TABLE               I(4)            4     0        1     21       COM              714,725,738,754                    
 IS_LOC_TABLE               I(4)            4     492      1     21       COM                                                 
 ITEMP                      I(4)            4     5870016  2     91719    COM                                                 
 ITEMP2                     I(4)            4     6236892  2     91719    COM                                                 
 ITROW                      I(4)            4     408            scalar   COM                                                 
 JBPAD1                     I(4)            4     452            scalar   COM                                                 
 JBPAD2                     I(4)            4     456            scalar   COM                                                 
 JBPAD3                     I(4)            4     460            scalar   COM                                                 
 JBPAD4                     I(4)            4     464            scalar   COM                                                 
 JBPAD5                     I(4)            4     468            scalar   COM                                                 
 JE_GLB_TABLE               I(4)            4     252      1     21       COM              712,723,737,755                    
 JE_LOC_TABLE               I(4)            4     744      1     21       COM                                                 
 JS_GLB_TABLE               I(4)            4     168      1     21       COM              712,723,737,755                    

Page 11          Source Listing                  DSTRB
2022-02-15 16:38 Symbol Table                    DSTRB.F

 Name                       Type            Bytes Offset   Dimen Elements Attributes       References                         
                                                                                                                              
 JS_LOC_TABLE               I(4)            4     576      1     21       COM                                                 
 JTPAD1                     I(4)            4     472            scalar   COM                                                 
 JTPAD2                     I(4)            4     476            scalar   COM                                                 
 JTPAD3                     I(4)            4     480            scalar   COM                                                 
 JTPAD4                     I(4)            4     484            scalar   COM                                                 
 JTPAD5                     I(4)            4     488            scalar   COM                                                 
 L2GI                       I(4)            4     956      1     239      COM                                                 
 L2GJ                       I(4)            4     3468     1     389      COM                                                 
 MPI_ARGVS_NULL             CHAR            1     0        2     1        COM                                                 
 MPI_ARGV_NULL              CHAR            1     1        1     1        COM                                                 
 MPI_BOTTOM                 I(4)            4     0              scalar   COM                                                 
 MPI_COMM_COMP              I(4)            4     912            scalar   COM              746,757,780                        
 MPI_COMM_INTER             I(4)            4     916            scalar   COM                                                 
 MPI_COMM_INTER_ARRAY       I(4)            4     920      1     100      COM                                                 
 MPI_ERRCODES_IGNORE        I(4)            4     20       1     1        COM                                                 
 MPI_IN_PLACE               I(4)            4     4              scalar   COM                                                 
 MPI_STATUSES_IGNORE        I(4)            4     0        2     5        COM                                                 
 MPI_STATUS_IGNORE          I(4)            4     8        1     5        COM                                                 
 MPI_UNWEIGHTED             I(4)            4     0              scalar   COM                                                 
 MPI_WEIGHTS_EMPTY          I(4)            4     0              scalar   COM                                                 
 MYIE                       I(4)            4     52             scalar   COM                                                 
 MYIE1                      I(4)            4     56             scalar   COM                                                 
 MYIE1_P1                   I(4)            4     120            scalar   COM                                                 
 MYIE1_P2                   I(4)            4     124            scalar   COM                                                 
 MYIE1_P3                   I(4)            4     128            scalar   COM                                                 
 MYIE1_P4                   I(4)            4     132            scalar   COM                                                 
 MYIE2                      I(4)            4     60             scalar   COM                                                 
 MYIE2_P1                   I(4)            4     136            scalar   COM                                                 
 MYIE_P1                    I(4)            4     100            scalar   COM                                                 
 MYIE_P2                    I(4)            4     104            scalar   COM                                                 
 MYIE_P3                    I(4)            4     108            scalar   COM                                                 
 MYIE_P4                    I(4)            4     112            scalar   COM                                                 
 MYIE_P5                    I(4)            4     116            scalar   COM                                                 
 MYIS                       I(4)            4     40             scalar   COM                                                 
 MYIS1                      I(4)            4     44             scalar   COM                                                 
 MYIS1_P1                   I(4)            4     84             scalar   COM                                                 
 MYIS1_P2                   I(4)            4     88             scalar   COM                                                 
 MYIS1_P3                   I(4)            4     92             scalar   COM                                                 
 MYIS1_P4                   I(4)            4     96             scalar   COM                                                 
 MYIS2                      I(4)            4     48             scalar   COM                                                 
 MYIS_P1                    I(4)            4     64             scalar   COM                                                 
 MYIS_P2                    I(4)            4     68             scalar   COM                                                 
 MYIS_P3                    I(4)            4     72             scalar   COM                                                 
 MYIS_P4                    I(4)            4     76             scalar   COM                                                 
 MYIS_P5                    I(4)            4     80             scalar   COM                                                 
 MYJE                       I(4)            4     236            scalar   COM                                                 
 MYJE1                      I(4)            4     240            scalar   COM                                                 
 MYJE1_P1                   I(4)            4     280            scalar   COM                                                 
 MYJE1_P2                   I(4)            4     284            scalar   COM                                                 
 MYJE1_P3                   I(4)            4     288            scalar   COM                                                 
 MYJE1_P4                   I(4)            4     292            scalar   COM                                                 
 MYJE2                      I(4)            4     244            scalar   COM                                                 
 MYJE2_P1                   I(4)            4     296            scalar   COM                                                 
 MYJE2_P2                   I(4)            4     300            scalar   COM                                                 
 MYJE2_P3                   I(4)            4     304            scalar   COM                                                 

Page 12          Source Listing                  DSTRB
2022-02-15 16:38 Symbol Table                    DSTRB.F

 Name                       Type            Bytes Offset   Dimen Elements Attributes       References                         
                                                                                                                              
 MYJE2_P4                   I(4)            4     308            scalar   COM                                                 
 MYJE3                      I(4)            4     248            scalar   COM                                                 
 MYJE3_P4                   I(4)            4     312            scalar   COM                                                 
 MYJE4                      I(4)            4     252            scalar   COM                                                 
 MYJE4_P1                   I(4)            4     316            scalar   COM                                                 
 MYJE4_P4                   I(4)            4     320            scalar   COM                                                 
 MYJE5                      I(4)            4     256            scalar   COM                                                 
 MYJE5_P1                   I(4)            4     324            scalar   COM                                                 
 MYJE5_P2                   I(4)            4     328            scalar   COM                                                 
 MYJE_P1                    I(4)            4     260            scalar   COM                                                 
 MYJE_P2                    I(4)            4     264            scalar   COM                                                 
 MYJE_P3                    I(4)            4     268            scalar   COM                                                 
 MYJE_P4                    I(4)            4     272            scalar   COM                                                 
 MYJE_P5                    I(4)            4     276            scalar   COM                                                 
 MYJS                       I(4)            4     140            scalar   COM                                                 
 MYJS1                      I(4)            4     144            scalar   COM                                                 
 MYJS1_P1                   I(4)            4     184            scalar   COM                                                 
 MYJS1_P2                   I(4)            4     188            scalar   COM                                                 
 MYJS1_P3                   I(4)            4     192            scalar   COM                                                 
 MYJS1_P4                   I(4)            4     196            scalar   COM                                                 
 MYJS2                      I(4)            4     148            scalar   COM                                                 
 MYJS2_P1                   I(4)            4     200            scalar   COM                                                 
 MYJS2_P2                   I(4)            4     204            scalar   COM                                                 
 MYJS2_P3                   I(4)            4     208            scalar   COM                                                 
 MYJS2_P4                   I(4)            4     212            scalar   COM                                                 
 MYJS3                      I(4)            4     152            scalar   COM                                                 
 MYJS3_P4                   I(4)            4     216            scalar   COM                                                 
 MYJS4                      I(4)            4     156            scalar   COM                                                 
 MYJS4_P1                   I(4)            4     220            scalar   COM                                                 
 MYJS4_P4                   I(4)            4     224            scalar   COM                                                 
 MYJS5                      I(4)            4     160            scalar   COM                                                 
 MYJS5_P1                   I(4)            4     228            scalar   COM                                                 
 MYJS5_P2                   I(4)            4     232            scalar   COM                                                 
 MYJS_P1                    I(4)            4     164            scalar   COM                                                 
 MYJS_P2                    I(4)            4     168            scalar   COM                                                 
 MYJS_P3                    I(4)            4     172            scalar   COM                                                 
 MYJS_P4                    I(4)            4     176            scalar   COM                                                 
 MYJS_P5                    I(4)            4     180            scalar   COM                                                 
 MYPE                       I(4)            4     0              scalar   COM              709,754,755,756                    
 MY_E                       I(4)            4     336            scalar   COM                                                 
 MY_IE_GLB                  I(4)            4     12             scalar   COM                                                 
 MY_IE_LOC                  I(4)            4     28             scalar   COM              762,770                            
 MY_IS_GLB                  I(4)            4     8              scalar   COM                                                 
 MY_IS_LOC                  I(4)            4     24             scalar   COM              762,770                            
 MY_JE_GLB                  I(4)            4     20             scalar   COM                                                 
 MY_JE_LOC                  I(4)            4     36             scalar   COM              761,769                            
 MY_JS_GLB                  I(4)            4     16             scalar   COM                                                 
 MY_JS_LOC                  I(4)            4     32             scalar   COM              761,769                            
 MY_N                       I(4)            4     332            scalar   COM                                                 
 MY_NE                      I(4)            4     348            scalar   COM                                                 
 MY_NEB                     I(4)            4     364      1     8        COM                                                 
 MY_NW                      I(4)            4     360            scalar   COM                                                 
 MY_S                       I(4)            4     340            scalar   COM                                                 
 MY_SE                      I(4)            4     352            scalar   COM                                                 
 MY_SW                      I(4)            4     356            scalar   COM                                                 

Page 13          Source Listing                  DSTRB
2022-02-15 16:38 Symbol Table                    DSTRB.F

 Name                       Type            Bytes Offset   Dimen Elements Attributes       References                         
                                                                                                                              
 MY_W                       I(4)            4     344            scalar   COM                                                 
 NPES                       I(4)            4     4              scalar   COM              733                                
 TEMP1                      R(4)            4     0        2     91719    COM                                                 
 TEMP10                     R(4)            4     3301884  2     91719    COM                                                 
 TEMP11                     R(4)            4     3668760  2     91719    COM                                                 
 TEMP12                     R(4)            4     4035636  2     91719    COM                                                 
 TEMP13                     R(4)            4     4402512  2     91719    COM                                                 
 TEMP14                     R(4)            4     4769388  2     91719    COM                                                 
 TEMP15                     R(4)            4     5136264  2     91719    COM                                                 
 TEMP16                     R(4)            4     5503140  2     91719    COM                                                 
 TEMP2                      R(4)            4     366876   2     91719    COM                                                 
 TEMP2X                     R(4)            4     0        2     92971    COM                                                 
 TEMP3                      R(4)            4     733752   2     91719    COM                                                 
 TEMP4                      R(4)            4     1100628  2     91719    COM                                                 
 TEMP5                      R(4)            4     1467504  2     91719    COM                                                 
 TEMP6                      R(4)            4     1834380  2     91719    COM                                                 
 TEMP7                      R(4)            4     2201256  2     91719    COM                                                 
 TEMP8                      R(4)            4     2568132  2     91719    COM                                                 
 TEMP9                      R(4)            4     2935008  2     91719    COM                                                 
 TTVG                       R(4)            4     371884   2     92971    COM                                                 

Page 14          Source Listing                  DSTRB
2022-02-15 16:38 Subprograms/Common Blocks       DSTRB.F



SUBPROGRAMS/COMMON BLOCKS

 Name                       Object Declared Type            Bytes Dimen Elements Attributes       References                        
                                                                                                                                    
 DSTRB                      Subr   3                                                                                                
 GLB_TABLE                  Common 112                                  336      SAVE                                               
 MAPPINGS                   Common 131                                  5024     SAVE                                               
 MPIFCMB5                   Common 689                                  4        SAVE                                               
 MPIFCMB9                   Common 690                                  4        SAVE                                               
 MPIPRIV1                   Common 694                                  28       SAVE                                               
 MPIPRIV2                   Common 696                                  24       SAVE                                               
 MPIPRIVC                   Common 699                                  2        SAVE                                               
 MPPCOM                     Common 76                                   1724     SAVE                                               
 TEMPCOM                    Common 117                                  6603768  SAVE                                               
 TOPO                       Common 125                                  17478548 SAVE                                               

COMPILER OPTIONS BEING USED

       -align noall                          -align nonone
       -align nocommons                      -align nodcommons
       -align noqcommons                     -align nozcommons
       -align records                        -align nosequence
       -align norec1byte                     -align norec2byte
       -align norec4byte                     -align norec8byte
       -align norec16byte                    -align norec32byte
       -align norec64byte                    -align noarray8byte
       -align noarray16byte                  -align noarray32byte
       -align noarray64byte                  -align noarray128byte
       -align noarray256byte                 -altparam
       -assume accuracy_sensitive            -assume nobscc
       -assume nobuffered_io                 -assume nobuffered_stdout
       -assume byterecl                      -assume nocontiguous_assumed_shape
       -assume nocontiguous_pointer          -assume nocc_omp
       -assume nocstring                     -assume nodummy_aliases
       -assume nofpe_summary                 -assume noieee_fpe_flags
       -assume nominus0                      -assume noold_boz
       -assume old_complex_align             -assume old_unit_star
       -assume old_inquire_recl              -assume old_ldout_format
       -assume old_ldout_zero                -assume noold_logical_assign
       -assume noold_logical_ldio            -assume old_maxminloc
       -assume old_xor                       -assume noprotect_allocates
       -assume protect_constants             -assume noprotect_parens
       -assume split_common                  -assume source_include
       -assume nostd_intent_in               -assume std_minus0_rounding
       -assume nostd_mod_proc_name           -assume std_value
       -assume realloc_lhs                   -assume underscore
       -assume no2underscores                -assume norecursion
  no   -auto                                 -auto_scalar
  no   -bintext                              -ccdefault default
       -check noarg_temp_created             -check noassume
       -check nobounds                       -check nocontiguous
       -check noformat                       -check nooutput_conversion
       -check nooverflow                     -check nopointers
       -check noshape                        -check nostack
       -check nouninitialized                -check noudio_iostat

Page 15          Source Listing                  DSTRB
2022-02-15 16:38                                 DSTRB.F

       -coarray-num-procs 0             no   -coarray-config-file
       -convert big_endian                   -cross_reference
       -D __INTEL_COMPILER=1910              -D __INTEL_COMPILER_UPDATE=3
       -D __unix__                           -D __unix
       -D __linux__                          -D __linux
       -D __gnu_linux__                      -D unix
       -D linux                              -D __ELF__
       -D __x86_64                           -D __x86_64__
       -D __amd64                            -D __amd64__
       -D __INTEL_COMPILER_BUILD_DATE=20200925       -D __INTEL_OFFLOAD
       -D __MMX__                            -D __SSE__
       -D __SSE_MATH__                       -D __SSE2__
       -D __SSE2_MATH__                      -D __SSE3__
       -D __SSSE3__                          -D __SSE4_1__
       -D __SSE4_2__                         -D __POPCNT__
       -D __PCLMUL__                         -D __AES__
       -D __AVX__                            -D __F16C__
       -D __AVX_I__                          -D __RDRND__
       -D __FMA__                            -D __FP_FAST_FMA
       -D __FP_FAST_FMAF                     -D __BMI__
       -D __LZCNT__                          -D __AVX2__
       -D __haswell                          -D __haswell__
       -D __tune_haswell__                   -D __core_avx2
       -D __core_avx2__                      -D __tune_core_avx2__
       -D __CRAY_X86_ROME                    -D __CRAYXT_COMPUTE_LINUX_TARGET
       -double_size 64                  no   -d_lines
  no   -Qdyncom                              -error_limit 30
  no   -f66                             no   -f77rtl
  no   -fast                                 -fpscomp nofilesfromcmd
       -fpscomp nogeneral                    -fpscomp noioformat
       -fpscomp noldio_spacing               -fpscomp nologicals
       -fixed                           no   -fpconstant
       -fpe3                                 -fprm nearest
  no   -ftz                                  -fp_model precise
       -fp_model nofast                      -fp_model nostrict
       -fp_model nosource                    -fp_model nodouble
       -fp_model noextended                  -fp_model novery_fast
       -fp_model noexcept                    -fp_model nono_except
       -fp_modbits nofp_contract             -fp_modbits nono_fp_contract
       -fp_modbits nofenv_access             -fp_modbits nono_fenv_access
       -fp_modbits nocx_limited_range        -fp_modbits nono_cx_limited_range
       -fp_modbits noprec_div                -fp_modbits nono_prec_div
       -fp_modbits noprec_sqrt               -fp_modbits nono_prec_sqrt
       -fp_modbits noftz                     -fp_modbits no_ftz
       -fp_modbits nointrin_limited_range       -fp_modbits nono_intrin_limited_range
       -fp_modbits notrunc_compares          -fp_modbits nono_trunc_compares
       -fp_modbits noieee_nan_compares       -fp_modbits nono_ieee_nan_compares
       -fp_modbits nohonor_f32_conversion       -fp_modbits nono_honor_f32_conversion
       -fp_modbits nohonor_f64_conversion       -fp_modbits nono_honor_f64_conversion
       -fp_modbits nono_x87_copy             -fp_modbits nono_no_x87_copy
       -fp_modbits noexception_semantics       -fp_modbits nono_exception_semantics
       -fp_modbits noprecise_libm_functions       -fp_modbits nono_precise_libm_functions
       -heap_arrays 0                   no   -threadprivate_compat
       -g2                                   -iface nomixed_str_len_arg
       -iface nono_mixed_str_len_arg         -init noarrays
       -init nohuge                          -init noinfinity
       -init nominus_huge                    -init nominus_infinity

Page 16          Source Listing                  DSTRB
2022-02-15 16:38                                 DSTRB.F

       -init nominus_tiny                    -init nonan
       -init nosnan                          -init notiny
       -init nozero                     no   -intconstant
       -integer_size 32                 no   -mixed_str_len_arg
  no   -module                               -names lowercase
  no   -noinclude                       no   -o
       -offload-build=host                   -openmp-simd
       -O2                              no   -pad_source
       -real_size 32                    no   -recursive
       -reentrancy threaded                  -vec=simd
       -show nofullpath                      -show noinclude
       -show map                             -show options
  no   -syntax_only                     no   -threadcom
  no   -U                               no   -vms
       -w noall                              -w nonone
       -w alignments                         -w nodeclarations
       -w noexternals                        -w general
       -w noignore_bounds                    -w noignore_loc
       -w nointerfaces                       -w noshape
       -w notruncated_source                 -w uncalled
       -w uninitialized                      -w nounused
       -w usage                         no   -wrap-margins

       -includepath : /pe/intel/compilers_and_libraries_2020.4.304/linux/pstl/include/,/pe/intel/compilers_and_libraries_2020.4.304/linux/compiler/include/,
           .f90,./.f90,/opt/cray/pe/mpich/8.1.9/ofi/intel/19.0/include/.f90,/pe/intel/compilers_and_libraries_2020.4.304/linux/ipp/include/.f90,
           /pe/intel/compilers_and_libraries_2020.4.304/linux/mkl/include/.f90,/pe/intel/compilers_and_libraries_2020.4.304/linux/pstl/include/.f90,
           /pe/intel/compilers_and_libraries_2020.4.304/linux/pstl/stdlib/.f90,/pe/intel/compilers_and_libraries_2020.4.304/linux/tbb/include/.f90,
           /pe/intel/compilers_and_libraries_2020.4.304/linux/compiler/include/intel64/.f90,/pe/intel/compilers_and_libraries_2020.4.304/linux/compiler/include/icc/.f90,
           /pe/intel/compilers_and_libraries_2020.4.304/linux/compiler/include/.f90,/usr/lib64/gcc/x86_64-suse-linux/7/include/.f90,
           /usr/lib64/gcc/x86_64-suse-linux/7/include-fixed/.f90,/usr/include/.f90,/usr/include/.f90,/usr/include/.f90
       -list filename : DSTRB.lst
  no   -o

COMPILER: Intel(R) Fortran 19.1-1655
