Page 1           Source Listing                  SGETMO
2022-02-15 16:38                                 /tmp/ifort4OBkME.i

      1 # 1 "SGETMO.F"
      2 c       replacement for ibm routine
      3 c       does a transpose of the matrix
      4      
      5       subroutine SGETMO (a, lda, m, n, b, ldb)
      6       real(4) b(ldb,m),a(lda,n)
      7       integer lda,m,n,ldb
      8       do j=1,n
      9        do i=1,m
     10           b(j,i)=a(i,j)
     11        enddo
     12       enddo
     13       return
     14       end


ENTRY POINTS

  Name               
                     
 sgetmo_             


SYMBOL CROSS REFERENCE

 Name                       Object Declared Type            Bytes Dimen Elements Attributes       References                        
                                                                                                                                    
 A                          Dummy  5        R(4)            4     2     0        ARG,INOUT        10                                
 B                          Dummy  5        R(4)            4     2     0        ARG,INOUT        10                                
 I                          Local  9        I(4)            4           scalar                    9,10                              
 J                          Local  8        I(4)            4           scalar                    8,10                              
 LDA                        Dummy  5        I(4)            4           scalar   ARG,INOUT        6                                 
 LDB                        Dummy  5        I(4)            4           scalar   ARG,INOUT        6                                 
 M                          Dummy  5        I(4)            4           scalar   ARG,INOUT        6,9                               
 N                          Dummy  5        I(4)            4           scalar   ARG,INOUT        6,8                               
 SGETMO                     Subr   5                                                                                                

Page 2           Source Listing                  SGETMO
2022-02-15 16:38 Subprograms/Common Blocks       SGETMO.F



SUBPROGRAMS/COMMON BLOCKS

 Name                       Object Declared Type            Bytes Dimen Elements Attributes       References                        
                                                                                                                                    
 SGETMO                     Subr   5                                                                                                

COMPILER OPTIONS BEING USED

       -align noall                          -align nonone
       -align nocommons                      -align nodcommons
       -align noqcommons                     -align nozcommons
       -align records                        -align nosequence
       -align norec1byte                     -align norec2byte
       -align norec4byte                     -align norec8byte
       -align norec16byte                    -align norec32byte
       -align norec64byte                    -align noarray8byte
       -align noarray16byte                  -align noarray32byte
       -align noarray64byte                  -align noarray128byte
       -align noarray256byte                 -altparam
       -assume accuracy_sensitive            -assume nobscc
       -assume nobuffered_io                 -assume nobuffered_stdout
       -assume byterecl                      -assume nocontiguous_assumed_shape
       -assume nocontiguous_pointer          -assume nocc_omp
       -assume nocstring                     -assume nodummy_aliases
       -assume nofpe_summary                 -assume noieee_fpe_flags
       -assume nominus0                      -assume noold_boz
       -assume old_complex_align             -assume old_unit_star
       -assume old_inquire_recl              -assume old_ldout_format
       -assume old_ldout_zero                -assume noold_logical_assign
       -assume noold_logical_ldio            -assume old_maxminloc
       -assume old_xor                       -assume noprotect_allocates
       -assume protect_constants             -assume noprotect_parens
       -assume split_common                  -assume source_include
       -assume nostd_intent_in               -assume std_minus0_rounding
       -assume nostd_mod_proc_name           -assume std_value
       -assume realloc_lhs                   -assume underscore
       -assume no2underscores                -assume norecursion
  no   -auto                                 -auto_scalar
  no   -bintext                              -ccdefault default
       -check noarg_temp_created             -check noassume
       -check nobounds                       -check nocontiguous
       -check noformat                       -check nooutput_conversion
       -check nooverflow                     -check nopointers
       -check noshape                        -check nostack
       -check nouninitialized                -check noudio_iostat
       -coarray-num-procs 0             no   -coarray-config-file
       -convert big_endian                   -cross_reference
       -D __INTEL_COMPILER=1910              -D __INTEL_COMPILER_UPDATE=3
       -D __unix__                           -D __unix
       -D __linux__                          -D __linux
       -D __gnu_linux__                      -D unix
       -D linux                              -D __ELF__
       -D __x86_64                           -D __x86_64__
       -D __amd64                            -D __amd64__
       -D __INTEL_COMPILER_BUILD_DATE=20200925       -D __INTEL_OFFLOAD

Page 3           Source Listing                  SGETMO
2022-02-15 16:38                                 SGETMO.F

       -D __MMX__                            -D __SSE__
       -D __SSE_MATH__                       -D __SSE2__
       -D __SSE2_MATH__                      -D __SSE3__
       -D __SSSE3__                          -D __SSE4_1__
       -D __SSE4_2__                         -D __POPCNT__
       -D __PCLMUL__                         -D __AES__
       -D __AVX__                            -D __F16C__
       -D __AVX_I__                          -D __RDRND__
       -D __FMA__                            -D __FP_FAST_FMA
       -D __FP_FAST_FMAF                     -D __BMI__
       -D __LZCNT__                          -D __AVX2__
       -D __haswell                          -D __haswell__
       -D __tune_haswell__                   -D __core_avx2
       -D __core_avx2__                      -D __tune_core_avx2__
       -D __CRAY_X86_ROME                    -D __CRAYXT_COMPUTE_LINUX_TARGET
       -double_size 64                  no   -d_lines
  no   -Qdyncom                              -error_limit 30
  no   -f66                             no   -f77rtl
  no   -fast                                 -fpscomp nofilesfromcmd
       -fpscomp nogeneral                    -fpscomp noioformat
       -fpscomp noldio_spacing               -fpscomp nologicals
       -fixed                           no   -fpconstant
       -fpe3                                 -fprm nearest
  no   -ftz                                  -fp_model precise
       -fp_model nofast                      -fp_model nostrict
       -fp_model nosource                    -fp_model nodouble
       -fp_model noextended                  -fp_model novery_fast
       -fp_model noexcept                    -fp_model nono_except
       -fp_modbits nofp_contract             -fp_modbits nono_fp_contract
       -fp_modbits nofenv_access             -fp_modbits nono_fenv_access
       -fp_modbits nocx_limited_range        -fp_modbits nono_cx_limited_range
       -fp_modbits noprec_div                -fp_modbits nono_prec_div
       -fp_modbits noprec_sqrt               -fp_modbits nono_prec_sqrt
       -fp_modbits noftz                     -fp_modbits no_ftz
       -fp_modbits nointrin_limited_range       -fp_modbits nono_intrin_limited_range
       -fp_modbits notrunc_compares          -fp_modbits nono_trunc_compares
       -fp_modbits noieee_nan_compares       -fp_modbits nono_ieee_nan_compares
       -fp_modbits nohonor_f32_conversion       -fp_modbits nono_honor_f32_conversion
       -fp_modbits nohonor_f64_conversion       -fp_modbits nono_honor_f64_conversion
       -fp_modbits nono_x87_copy             -fp_modbits nono_no_x87_copy
       -fp_modbits noexception_semantics       -fp_modbits nono_exception_semantics
       -fp_modbits noprecise_libm_functions       -fp_modbits nono_precise_libm_functions
       -heap_arrays 0                   no   -threadprivate_compat
       -g2                                   -iface nomixed_str_len_arg
       -iface nono_mixed_str_len_arg         -init noarrays
       -init nohuge                          -init noinfinity
       -init nominus_huge                    -init nominus_infinity
       -init nominus_tiny                    -init nonan
       -init nosnan                          -init notiny
       -init nozero                     no   -intconstant
       -integer_size 32                 no   -mixed_str_len_arg
  no   -module                               -names lowercase
  no   -noinclude                       no   -o
       -offload-build=host                   -openmp-simd
       -O2                              no   -pad_source
       -real_size 32                    no   -recursive
       -reentrancy threaded                  -vec=simd

Page 4           Source Listing                  SGETMO
2022-02-15 16:38                                 SGETMO.F

       -show nofullpath                      -show noinclude
       -show map                             -show options
  no   -syntax_only                     no   -threadcom
  no   -U                               no   -vms
       -w noall                              -w nonone
       -w alignments                         -w nodeclarations
       -w noexternals                        -w general
       -w noignore_bounds                    -w noignore_loc
       -w nointerfaces                       -w noshape
       -w notruncated_source                 -w uncalled
       -w uninitialized                      -w nounused
       -w usage                         no   -wrap-margins

       -includepath : /pe/intel/compilers_and_libraries_2020.4.304/linux/pstl/include/,/pe/intel/compilers_and_libraries_2020.4.304/linux/compiler/include/,
           .f90,./.f90,/opt/cray/pe/mpich/8.1.9/ofi/intel/19.0/include/.f90,/pe/intel/compilers_and_libraries_2020.4.304/linux/ipp/include/.f90,
           /pe/intel/compilers_and_libraries_2020.4.304/linux/mkl/include/.f90,/pe/intel/compilers_and_libraries_2020.4.304/linux/pstl/include/.f90,
           /pe/intel/compilers_and_libraries_2020.4.304/linux/pstl/stdlib/.f90,/pe/intel/compilers_and_libraries_2020.4.304/linux/tbb/include/.f90,
           /pe/intel/compilers_and_libraries_2020.4.304/linux/compiler/include/intel64/.f90,/pe/intel/compilers_and_libraries_2020.4.304/linux/compiler/include/icc/.f90,
           /pe/intel/compilers_and_libraries_2020.4.304/linux/compiler/include/.f90,/usr/lib64/gcc/x86_64-suse-linux/7/include/.f90,
           /usr/lib64/gcc/x86_64-suse-linux/7/include-fixed/.f90,/usr/include/.f90,/usr/include/.f90,/usr/include/.f90
       -list filename : SGETMO.lst
  no   -o

COMPILER: Intel(R) Fortran 19.1-1655
