Page 1           Source Listing                  VDIFH
2022-02-15 16:38                                 /tmp/ifortTzyCSc.i

      1 # 1 "VDIFH.F"
      2 C&&&&&&&&&&&&&&&&&&&&&&&&&&&&&&&&&&&&&&&&&&&&&&&&&&&&&&&&&&&&&&&&&&&&&&&
      3       SUBROUTINE VDIFH(LMHK,KTM,DTQ2,THZ0,QZ0,AKHS,CT,CKLQ
      4      &,                T,Q,AKH,APE,Z)
      5 C     ******************************************************************
      6 C     *                                                                *
      7 C     *            VERTICAL DIFFUSION OF MASS VARIABLES                *
      8 C     *                                                                *
      9 C     ******************************************************************
     10 C-----------------------------------------------------------------------
     11       INCLUDE "parmeta"
     35       INCLUDE "mpp.h"
     36 # 1 "./sp.h" 1 
     37 # 4
     38 
     39 # 13 "VDIFH.F" 2 
     40 C-----------------------------------------------------------------------
     99                              P A R A M E T E R
    100      &(LP1=LM+1,LM1=LM-1)
    101 C-----------------------------------------------------------------------
    102                              D I M E N S I O N
    103      & T     (LM),Q     (LM)
    104                              D I M E N S I O N
    105      & AKH   (LM1)
    106      &,APE   (LM)
    107      &,Z     (LP1)
    108                              D I M E N S I O N
    109      & CM    (LM1),CR    (LM1),RST   (LM1),RSQ   (LM1)
    110      &,DTOZ  (LM1),AKCT  (LM1)
    111 C-----------------------------------------------------------------------
    112 C***********************************************************************
    113       DTDIF=DTQ2/FLOAT(KTM)
    114       LMHM=LMHK-1
    115       LMHP=LMHK+1
    116 C-----------------------------------------------------------------------
    117           DO 100 L=1,LMHM
    118       DTOZ(L)=DTDIF/(Z(L)-Z(L+1))
    119       CR(L)=-DTOZ(L)*AKH(L)
    120       AKCT(L)=AKH(L)*(Z(L)-Z(L+2))*0.5*CT
    121  100  CONTINUE
    122 C
    123       CM(1)=DTOZ(1)*AKH(1)+1.
    124 C-----------------------------------------------------------------------
    125                              DO 300 KT=1,KTM
    126 C-----------------------------------------------------------------------
    127       RST(1)=-AKCT(1)*DTOZ(1)+T(1)*APE(1)
    128       RSQ(1)=Q(1)
    129 C-----------------------------------------------------------------------
    130           DO 110 L=2,LMHM
    131       DTOZL=DTOZ(L)
    132       CF=-DTOZL*AKH(L-1)/CM(L-1)
    133       CM(L)=-CR(L-1)*CF+(AKH(L-1)+AKH(L))*DTOZL+1.
    134       RST(L)=-RST(L-1)*CF+(AKCT(L-1)-AKCT(L))*DTOZL+T(L)*APE(L)
    135       RSQ(L)=-RSQ(L-1)*CF+Q(L)
    136  110  CONTINUE
    137 C-----------------------------------------------------------------------
    138       DTOZS=DTDIF/(Z(LMHK)-Z(LMHP))

Page 2           Source Listing                  VDIFH
2022-02-15 16:38                                 VDIFH.F

    139       AKHH=AKH(LMHM)
    140 C
    141       CF=-DTOZS*AKHH/CM(LMHM)
    142       AKQS=AKHS*CKLQ
    143 C
    144       CMB=CR(LMHM)*CF
    145       CMTB=-CMB+(AKHH+AKHS)*DTOZS+1.
    146       CMQB=-CMB+(AKHH+AKQS)*DTOZS+1.
    147 C
    148       RSTB=-RST(LMHM)*CF+(AKCT(LMHM)-AKHS*CT)*DTOZS
    149      &                  +T(LMHK)*APE(LMHK)
    150       RSQB=-RSQ(LMHM)*CF+Q(LMHK)
    151 C-----------------------------------------------------------------------
    152       T(LMHK)=(DTOZS*AKHS*THZ0+RSTB)/(APE(LMHK)*CMTB)
    153       Q(LMHK)=(DTOZS*AKQS*QZ0 +RSQB)/CMQB
    154 C-----------------------------------------------------------------------
    155           DO 120 L=LMHM,1,-1
    156       RCML=1./CM(L)
    157       T(L)=(-CR(L)*T(L+1)*APE(L+1)+RST(L))*RCML/APE(L)
    158       Q(L)=(-CR(L)*Q(L+1)         +RSQ(L))*RCML
    159  120  CONTINUE
    160 C-----------------------------------------------------------------------
    161  300                         CONTINUE
    162 C-----------------------------------------------------------------------
    163                              RETURN
    164                              END


ENTRY POINTS

  Name              
                    
 vdifh_             

Page 3           Source Listing                  VDIFH
2022-02-15 16:38 Symbol Table                    VDIFH.F



SYMBOL CROSS REFERENCE

 Name                       Object Declared Type            Bytes Dimen Elements Attributes       References                        
                                                                                                                                    
 100                        Label  121                                                            117                               
 110                        Label  136                                                            130                               
 120                        Label  159                                                            155                               
 300                        Label  161                                                            125                               
 AKCT                       Local  110      R(4)            4     1     44                        120,127,134,148                   
 AKH                        Dummy  4        R(4)            4     1     44       ARG,INOUT        119,120,123,132,133,139           
 AKHH                       Local  139      R(4)            4           scalar                    139,141,145,146                   
 AKHS                       Dummy  3        R(4)            4           scalar   ARG,INOUT        142,145,148,152                   
 AKQS                       Local  142      R(4)            4           scalar                    142,146,153                       
 APE                        Dummy  4        R(4)            4     1     45       ARG,INOUT        127,134,149,152,157               
 CF                         Local  132      R(4)            4           scalar                    132,133,134,135,141,144,148,150   
 CKLQ                       Dummy  3        R(4)            4           scalar   ARG,INOUT        142                               
 CM                         Local  109      R(4)            4     1     44                        123,132,133,141,156               
 CMB                        Local  144      R(4)            4           scalar                    144,145,146                       
 CMQB                       Local  146      R(4)            4           scalar                    146,153                           
 CMTB                       Local  145      R(4)            4           scalar                    145,152                           
 CR                         Local  109      R(4)            4     1     44                        119,133,144,157,158               
 CT                         Dummy  3        R(4)            4           scalar   ARG,INOUT        120,148                           
 DTDIF                      Local  113      R(4)            4           scalar                    113,118,138                       
 DTOZ                       Local  110      R(4)            4     1     44                        118,119,123,127,131               
 DTOZL                      Local  131      R(4)            4           scalar                    131,132,133,134                   
 DTOZS                      Local  138      R(4)            4           scalar                    138,141,145,146,148,152,153       
 DTQ2                       Dummy  3        R(4)            4           scalar   ARG,INOUT        113                               
 FLOAT                      Func   113                                  scalar                    113                               
 GLB_TABLE                  Common 77                                   336      SAVE                                               
 IDIM1                      Param  31       I(4)            4           scalar                                                      
 IDIM2                      Param  31       I(4)            4           scalar                                                      
 IGSTL                      Param  26       I(4)            4           scalar                    31                                
 IGSTR                      Param  26       I(4)            4           scalar                    31                                
 IM                         Param  14       I(4)            4           scalar                    28,31,83,84,85,86,87,91,92,97     
 INPES                      Param  23       I(4)            4           scalar                    28,31,67,68,69,78,79              
 ITAIL                      Param  28       I(4)            4           scalar                                                      
 JDIM1                      Param  32       I(4)            4           scalar                                                      
 JDIM2                      Param  32       I(4)            4           scalar                                                      
 JGSTL                      Param  27       I(4)            4           scalar                    32                                
 JGSTR                      Param  27       I(4)            4           scalar                    32                                
 JM                         Param  14       I(4)            4           scalar                    29,32,83,84,85,86,87,91,92,97     
 JNPES                      Param  23       I(4)            4           scalar                    29,32,67,68,69,78,79              
 JTAIL                      Param  29       I(4)            4           scalar                                                      
 KT                         Local  125      I(4)            4           scalar                    125                               
 KTM                        Dummy  3        I(4)            4           scalar   ARG,INOUT        113,125                           
 L                          Local  117      I(4)            4           scalar                    117,118,119,120,130,131,132,133,13
                                                                                                  4,135,155,156,157,158             
 LM                         Param  14       I(4)            4           scalar                    92,100,103,106                    
 LM1                        Param  100      I(4)            4           scalar                    105,109,110                       
 LMHK                       Dummy  3        I(4)            4           scalar   ARG,INOUT        114,115,138,149,150,152,153       
 LMHM                       Local  114      I(4)            4           scalar                    114,117,130,139,141,144,148,150,15
                                                                                                  5                                 
 LMHP                       Local  115      I(4)            4           scalar                    115,138                           
 LP1                        Param  100      I(4)            4           scalar                    107                               
 LSM                        Param  14       I(4)            4           scalar                                                      

Page 4           Source Listing                  VDIFH
2022-02-15 16:38 Symbol Table                    VDIFH.F

 Name                       Object Declared Type            Bytes Dimen Elements Attributes       References                        
                                                                                                                                    
 MAPPINGS                   Common 96                                   5024     SAVE                                               
 MPPCOM                     Common 41                                   1724     SAVE                                               
 Q                          Dummy  4        R(4)            4     1     45       ARG,INOUT        128,135,150,153,158               
 QZ0                        Dummy  3        R(4)            4           scalar   ARG,INOUT        153                               
 RCML                       Local  156      R(4)            4           scalar                    156,157,158                       
 RSQ                        Local  109      R(4)            4     1     44                        128,135,150,158                   
 RSQB                       Local  150      R(4)            4           scalar                    150,153                           
 RST                        Local  109      R(4)            4     1     44                        127,134,148,157                   
 RSTB                       Local  148      R(4)            4           scalar                    148,152                           
 T                          Dummy  4        R(4)            4     1     45       ARG,INOUT        127,134,149,152,157               
 TEMPCOM                    Common 82                                   6603768  SAVE                                               
 THZ0                       Dummy  3        R(4)            4           scalar   ARG,INOUT        152                               
 TOPO                       Common 90                                   17478548 SAVE                                               
 VDIFH                      Subr   3                                                                                                
 Z                          Dummy  4        R(4)            4     1     46       ARG,INOUT        118,120,138                       


TYPE COMPONENTS/COMMON VARIABLES

 Name                       Type            Bytes Offset   Dimen Elements Attributes       References                         
                                                                                                                              
 G2LI                       I(4)            4     0        1     239      COM                                                 
 G2LJ                       I(4)            4     1912     1     389      COM                                                 
 HTMG                       R(4)            4     743768   3     4183695  COM                                                 
 IBROW                      I(4)            4     404            scalar   COM                                                 
 ICHUNKTAB                  I(4)            4     828      1     21       COM                                                 
 IE_GLB_TABLE               I(4)            4     84       1     21       COM                                                 
 IE_LOC_TABLE               I(4)            4     660      1     21       COM                                                 
 ILCOL                      I(4)            4     396            scalar   COM                                                 
 ILPAD1                     I(4)            4     412            scalar   COM                                                 
 ILPAD2                     I(4)            4     416            scalar   COM                                                 
 ILPAD3                     I(4)            4     420            scalar   COM                                                 
 ILPAD4                     I(4)            4     424            scalar   COM                                                 
 ILPAD5                     I(4)            4     428            scalar   COM                                                 
 INUMQ                      I(4)            4     1324     1     100      COM                                                 
 IQUILT_GROUP               I(4)            4     1320           scalar   COM                                                 
 IRCOL                      I(4)            4     400            scalar   COM                                                 
 IRPAD1                     I(4)            4     432            scalar   COM                                                 
 IRPAD2                     I(4)            4     436            scalar   COM                                                 
 IRPAD3                     I(4)            4     440            scalar   COM                                                 
 IRPAD4                     I(4)            4     444            scalar   COM                                                 
 IRPAD5                     I(4)            4     448            scalar   COM                                                 
 IS_GLB_TABLE               I(4)            4     0        1     21       COM                                                 
 IS_LOC_TABLE               I(4)            4     492      1     21       COM                                                 
 ITEMP                      I(4)            4     5870016  2     91719    COM                                                 
 ITEMP2                     I(4)            4     6236892  2     91719    COM                                                 
 ITROW                      I(4)            4     408            scalar   COM                                                 
 JBPAD1                     I(4)            4     452            scalar   COM                                                 
 JBPAD2                     I(4)            4     456            scalar   COM                                                 
 JBPAD3                     I(4)            4     460            scalar   COM                                                 
 JBPAD4                     I(4)            4     464            scalar   COM                                                 
 JBPAD5                     I(4)            4     468            scalar   COM                                                 
 JE_GLB_TABLE               I(4)            4     252      1     21       COM                                                 
 JE_LOC_TABLE               I(4)            4     744      1     21       COM                                                 
 JS_GLB_TABLE               I(4)            4     168      1     21       COM                                                 

Page 5           Source Listing                  VDIFH
2022-02-15 16:38 Symbol Table                    VDIFH.F

 Name                       Type            Bytes Offset   Dimen Elements Attributes       References                         
                                                                                                                              
 JS_LOC_TABLE               I(4)            4     576      1     21       COM                                                 
 JTPAD1                     I(4)            4     472            scalar   COM                                                 
 JTPAD2                     I(4)            4     476            scalar   COM                                                 
 JTPAD3                     I(4)            4     480            scalar   COM                                                 
 JTPAD4                     I(4)            4     484            scalar   COM                                                 
 JTPAD5                     I(4)            4     488            scalar   COM                                                 
 L2GI                       I(4)            4     956      1     239      COM                                                 
 L2GJ                       I(4)            4     3468     1     389      COM                                                 
 MPI_COMM_COMP              I(4)            4     912            scalar   COM                                                 
 MPI_COMM_INTER             I(4)            4     916            scalar   COM                                                 
 MPI_COMM_INTER_ARRAY       I(4)            4     920      1     100      COM                                                 
 MYIE                       I(4)            4     52             scalar   COM                                                 
 MYIE1                      I(4)            4     56             scalar   COM                                                 
 MYIE1_P1                   I(4)            4     120            scalar   COM                                                 
 MYIE1_P2                   I(4)            4     124            scalar   COM                                                 
 MYIE1_P3                   I(4)            4     128            scalar   COM                                                 
 MYIE1_P4                   I(4)            4     132            scalar   COM                                                 
 MYIE2                      I(4)            4     60             scalar   COM                                                 
 MYIE2_P1                   I(4)            4     136            scalar   COM                                                 
 MYIE_P1                    I(4)            4     100            scalar   COM                                                 
 MYIE_P2                    I(4)            4     104            scalar   COM                                                 
 MYIE_P3                    I(4)            4     108            scalar   COM                                                 
 MYIE_P4                    I(4)            4     112            scalar   COM                                                 
 MYIE_P5                    I(4)            4     116            scalar   COM                                                 
 MYIS                       I(4)            4     40             scalar   COM                                                 
 MYIS1                      I(4)            4     44             scalar   COM                                                 
 MYIS1_P1                   I(4)            4     84             scalar   COM                                                 
 MYIS1_P2                   I(4)            4     88             scalar   COM                                                 
 MYIS1_P3                   I(4)            4     92             scalar   COM                                                 
 MYIS1_P4                   I(4)            4     96             scalar   COM                                                 
 MYIS2                      I(4)            4     48             scalar   COM                                                 
 MYIS_P1                    I(4)            4     64             scalar   COM                                                 
 MYIS_P2                    I(4)            4     68             scalar   COM                                                 
 MYIS_P3                    I(4)            4     72             scalar   COM                                                 
 MYIS_P4                    I(4)            4     76             scalar   COM                                                 
 MYIS_P5                    I(4)            4     80             scalar   COM                                                 
 MYJE                       I(4)            4     236            scalar   COM                                                 
 MYJE1                      I(4)            4     240            scalar   COM                                                 
 MYJE1_P1                   I(4)            4     280            scalar   COM                                                 
 MYJE1_P2                   I(4)            4     284            scalar   COM                                                 
 MYJE1_P3                   I(4)            4     288            scalar   COM                                                 
 MYJE1_P4                   I(4)            4     292            scalar   COM                                                 
 MYJE2                      I(4)            4     244            scalar   COM                                                 
 MYJE2_P1                   I(4)            4     296            scalar   COM                                                 
 MYJE2_P2                   I(4)            4     300            scalar   COM                                                 
 MYJE2_P3                   I(4)            4     304            scalar   COM                                                 
 MYJE2_P4                   I(4)            4     308            scalar   COM                                                 
 MYJE3                      I(4)            4     248            scalar   COM                                                 
 MYJE3_P4                   I(4)            4     312            scalar   COM                                                 
 MYJE4                      I(4)            4     252            scalar   COM                                                 
 MYJE4_P1                   I(4)            4     316            scalar   COM                                                 
 MYJE4_P4                   I(4)            4     320            scalar   COM                                                 
 MYJE5                      I(4)            4     256            scalar   COM                                                 
 MYJE5_P1                   I(4)            4     324            scalar   COM                                                 
 MYJE5_P2                   I(4)            4     328            scalar   COM                                                 

Page 6           Source Listing                  VDIFH
2022-02-15 16:38 Symbol Table                    VDIFH.F

 Name                       Type            Bytes Offset   Dimen Elements Attributes       References                         
                                                                                                                              
 MYJE_P1                    I(4)            4     260            scalar   COM                                                 
 MYJE_P2                    I(4)            4     264            scalar   COM                                                 
 MYJE_P3                    I(4)            4     268            scalar   COM                                                 
 MYJE_P4                    I(4)            4     272            scalar   COM                                                 
 MYJE_P5                    I(4)            4     276            scalar   COM                                                 
 MYJS                       I(4)            4     140            scalar   COM                                                 
 MYJS1                      I(4)            4     144            scalar   COM                                                 
 MYJS1_P1                   I(4)            4     184            scalar   COM                                                 
 MYJS1_P2                   I(4)            4     188            scalar   COM                                                 
 MYJS1_P3                   I(4)            4     192            scalar   COM                                                 
 MYJS1_P4                   I(4)            4     196            scalar   COM                                                 
 MYJS2                      I(4)            4     148            scalar   COM                                                 
 MYJS2_P1                   I(4)            4     200            scalar   COM                                                 
 MYJS2_P2                   I(4)            4     204            scalar   COM                                                 
 MYJS2_P3                   I(4)            4     208            scalar   COM                                                 
 MYJS2_P4                   I(4)            4     212            scalar   COM                                                 
 MYJS3                      I(4)            4     152            scalar   COM                                                 
 MYJS3_P4                   I(4)            4     216            scalar   COM                                                 
 MYJS4                      I(4)            4     156            scalar   COM                                                 
 MYJS4_P1                   I(4)            4     220            scalar   COM                                                 
 MYJS4_P4                   I(4)            4     224            scalar   COM                                                 
 MYJS5                      I(4)            4     160            scalar   COM                                                 
 MYJS5_P1                   I(4)            4     228            scalar   COM                                                 
 MYJS5_P2                   I(4)            4     232            scalar   COM                                                 
 MYJS_P1                    I(4)            4     164            scalar   COM                                                 
 MYJS_P2                    I(4)            4     168            scalar   COM                                                 
 MYJS_P3                    I(4)            4     172            scalar   COM                                                 
 MYJS_P4                    I(4)            4     176            scalar   COM                                                 
 MYJS_P5                    I(4)            4     180            scalar   COM                                                 
 MYPE                       I(4)            4     0              scalar   COM                                                 
 MY_E                       I(4)            4     336            scalar   COM                                                 
 MY_IE_GLB                  I(4)            4     12             scalar   COM                                                 
 MY_IE_LOC                  I(4)            4     28             scalar   COM                                                 
 MY_IS_GLB                  I(4)            4     8              scalar   COM                                                 
 MY_IS_LOC                  I(4)            4     24             scalar   COM                                                 
 MY_JE_GLB                  I(4)            4     20             scalar   COM                                                 
 MY_JE_LOC                  I(4)            4     36             scalar   COM                                                 
 MY_JS_GLB                  I(4)            4     16             scalar   COM                                                 
 MY_JS_LOC                  I(4)            4     32             scalar   COM                                                 
 MY_N                       I(4)            4     332            scalar   COM                                                 
 MY_NE                      I(4)            4     348            scalar   COM                                                 
 MY_NEB                     I(4)            4     364      1     8        COM                                                 
 MY_NW                      I(4)            4     360            scalar   COM                                                 
 MY_S                       I(4)            4     340            scalar   COM                                                 
 MY_SE                      I(4)            4     352            scalar   COM                                                 
 MY_SW                      I(4)            4     356            scalar   COM                                                 
 MY_W                       I(4)            4     344            scalar   COM                                                 
 NPES                       I(4)            4     4              scalar   COM                                                 
 TEMP1                      R(4)            4     0        2     91719    COM                                                 
 TEMP10                     R(4)            4     3301884  2     91719    COM                                                 
 TEMP11                     R(4)            4     3668760  2     91719    COM                                                 
 TEMP12                     R(4)            4     4035636  2     91719    COM                                                 
 TEMP13                     R(4)            4     4402512  2     91719    COM                                                 
 TEMP14                     R(4)            4     4769388  2     91719    COM                                                 
 TEMP15                     R(4)            4     5136264  2     91719    COM                                                 

Page 7           Source Listing                  VDIFH
2022-02-15 16:38 Symbol Table                    VDIFH.F

 Name                       Type            Bytes Offset   Dimen Elements Attributes       References                         
                                                                                                                              
 TEMP16                     R(4)            4     5503140  2     91719    COM                                                 
 TEMP2                      R(4)            4     366876   2     91719    COM                                                 
 TEMP2X                     R(4)            4     0        2     92971    COM                                                 
 TEMP3                      R(4)            4     733752   2     91719    COM                                                 
 TEMP4                      R(4)            4     1100628  2     91719    COM                                                 
 TEMP5                      R(4)            4     1467504  2     91719    COM                                                 
 TEMP6                      R(4)            4     1834380  2     91719    COM                                                 
 TEMP7                      R(4)            4     2201256  2     91719    COM                                                 
 TEMP8                      R(4)            4     2568132  2     91719    COM                                                 
 TEMP9                      R(4)            4     2935008  2     91719    COM                                                 
 TTVG                       R(4)            4     371884   2     92971    COM                                                 

Page 8           Source Listing                  VDIFH
2022-02-15 16:38                                 VDIFH.F

    165 

Page 9           Source Listing                  VDIFH
2022-02-15 16:38 Subprograms/Common Blocks       VDIFH.F



SUBPROGRAMS/COMMON BLOCKS

 Name                       Object Declared Type            Bytes Dimen Elements Attributes       References                        
                                                                                                                                    
 GLB_TABLE                  Common 77                                   336      SAVE                                               
 MAPPINGS                   Common 96                                   5024     SAVE                                               
 MPPCOM                     Common 41                                   1724     SAVE                                               
 TEMPCOM                    Common 82                                   6603768  SAVE                                               
 TOPO                       Common 90                                   17478548 SAVE                                               
 VDIFH                      Subr   3                                                                                                

COMPILER OPTIONS BEING USED

       -align noall                          -align nonone
       -align nocommons                      -align nodcommons
       -align noqcommons                     -align nozcommons
       -align records                        -align nosequence
       -align norec1byte                     -align norec2byte
       -align norec4byte                     -align norec8byte
       -align norec16byte                    -align norec32byte
       -align norec64byte                    -align noarray8byte
       -align noarray16byte                  -align noarray32byte
       -align noarray64byte                  -align noarray128byte
       -align noarray256byte                 -altparam
       -assume accuracy_sensitive            -assume nobscc
       -assume nobuffered_io                 -assume nobuffered_stdout
       -assume byterecl                      -assume nocontiguous_assumed_shape
       -assume nocontiguous_pointer          -assume nocc_omp
       -assume nocstring                     -assume nodummy_aliases
       -assume nofpe_summary                 -assume noieee_fpe_flags
       -assume nominus0                      -assume noold_boz
       -assume old_complex_align             -assume old_unit_star
       -assume old_inquire_recl              -assume old_ldout_format
       -assume old_ldout_zero                -assume noold_logical_assign
       -assume noold_logical_ldio            -assume old_maxminloc
       -assume old_xor                       -assume noprotect_allocates
       -assume protect_constants             -assume noprotect_parens
       -assume split_common                  -assume source_include
       -assume nostd_intent_in               -assume std_minus0_rounding
       -assume nostd_mod_proc_name           -assume std_value
       -assume realloc_lhs                   -assume underscore
       -assume no2underscores                -assume norecursion
  no   -auto                                 -auto_scalar
  no   -bintext                              -ccdefault default
       -check noarg_temp_created             -check noassume
       -check nobounds                       -check nocontiguous
       -check noformat                       -check nooutput_conversion
       -check nooverflow                     -check nopointers
       -check noshape                        -check nostack
       -check nouninitialized                -check noudio_iostat
       -coarray-num-procs 0             no   -coarray-config-file
       -convert big_endian                   -cross_reference
       -D __INTEL_COMPILER=1910              -D __INTEL_COMPILER_UPDATE=3
       -D __unix__                           -D __unix
       -D __linux__                          -D __linux

Page 10          Source Listing                  VDIFH
2022-02-15 16:38                                 VDIFH.F

       -D __gnu_linux__                      -D unix
       -D linux                              -D __ELF__
       -D __x86_64                           -D __x86_64__
       -D __amd64                            -D __amd64__
       -D __INTEL_COMPILER_BUILD_DATE=20200925       -D __INTEL_OFFLOAD
       -D __MMX__                            -D __SSE__
       -D __SSE_MATH__                       -D __SSE2__
       -D __SSE2_MATH__                      -D __SSE3__
       -D __SSSE3__                          -D __SSE4_1__
       -D __SSE4_2__                         -D __POPCNT__
       -D __PCLMUL__                         -D __AES__
       -D __AVX__                            -D __F16C__
       -D __AVX_I__                          -D __RDRND__
       -D __FMA__                            -D __FP_FAST_FMA
       -D __FP_FAST_FMAF                     -D __BMI__
       -D __LZCNT__                          -D __AVX2__
       -D __haswell                          -D __haswell__
       -D __tune_haswell__                   -D __core_avx2
       -D __core_avx2__                      -D __tune_core_avx2__
       -D __CRAY_X86_ROME                    -D __CRAYXT_COMPUTE_LINUX_TARGET
       -double_size 64                  no   -d_lines
  no   -Qdyncom                              -error_limit 30
  no   -f66                             no   -f77rtl
  no   -fast                                 -fpscomp nofilesfromcmd
       -fpscomp nogeneral                    -fpscomp noioformat
       -fpscomp noldio_spacing               -fpscomp nologicals
       -fixed                           no   -fpconstant
       -fpe3                                 -fprm nearest
  no   -ftz                                  -fp_model precise
       -fp_model nofast                      -fp_model nostrict
       -fp_model nosource                    -fp_model nodouble
       -fp_model noextended                  -fp_model novery_fast
       -fp_model noexcept                    -fp_model nono_except
       -fp_modbits nofp_contract             -fp_modbits nono_fp_contract
       -fp_modbits nofenv_access             -fp_modbits nono_fenv_access
       -fp_modbits nocx_limited_range        -fp_modbits nono_cx_limited_range
       -fp_modbits noprec_div                -fp_modbits nono_prec_div
       -fp_modbits noprec_sqrt               -fp_modbits nono_prec_sqrt
       -fp_modbits noftz                     -fp_modbits no_ftz
       -fp_modbits nointrin_limited_range       -fp_modbits nono_intrin_limited_range
       -fp_modbits notrunc_compares          -fp_modbits nono_trunc_compares
       -fp_modbits noieee_nan_compares       -fp_modbits nono_ieee_nan_compares
       -fp_modbits nohonor_f32_conversion       -fp_modbits nono_honor_f32_conversion
       -fp_modbits nohonor_f64_conversion       -fp_modbits nono_honor_f64_conversion
       -fp_modbits nono_x87_copy             -fp_modbits nono_no_x87_copy
       -fp_modbits noexception_semantics       -fp_modbits nono_exception_semantics
       -fp_modbits noprecise_libm_functions       -fp_modbits nono_precise_libm_functions
       -heap_arrays 0                   no   -threadprivate_compat
       -g2                                   -iface nomixed_str_len_arg
       -iface nono_mixed_str_len_arg         -init noarrays
       -init nohuge                          -init noinfinity
       -init nominus_huge                    -init nominus_infinity
       -init nominus_tiny                    -init nonan
       -init nosnan                          -init notiny
       -init nozero                     no   -intconstant
       -integer_size 32                 no   -mixed_str_len_arg
  no   -module                               -names lowercase

Page 11          Source Listing                  VDIFH
2022-02-15 16:38                                 VDIFH.F

  no   -noinclude                       no   -o
       -offload-build=host                   -openmp-simd
       -O2                              no   -pad_source
       -real_size 32                    no   -recursive
       -reentrancy threaded                  -vec=simd
       -show nofullpath                      -show noinclude
       -show map                             -show options
  no   -syntax_only                     no   -threadcom
  no   -U                               no   -vms
       -w noall                              -w nonone
       -w alignments                         -w nodeclarations
       -w noexternals                        -w general
       -w noignore_bounds                    -w noignore_loc
       -w nointerfaces                       -w noshape
       -w notruncated_source                 -w uncalled
       -w uninitialized                      -w nounused
       -w usage                         no   -wrap-margins

       -includepath : /pe/intel/compilers_and_libraries_2020.4.304/linux/pstl/include/,/pe/intel/compilers_and_libraries_2020.4.304/linux/compiler/include/,
           .f90,./.f90,/opt/cray/pe/mpich/8.1.9/ofi/intel/19.0/include/.f90,/pe/intel/compilers_and_libraries_2020.4.304/linux/ipp/include/.f90,
           /pe/intel/compilers_and_libraries_2020.4.304/linux/mkl/include/.f90,/pe/intel/compilers_and_libraries_2020.4.304/linux/pstl/include/.f90,
           /pe/intel/compilers_and_libraries_2020.4.304/linux/pstl/stdlib/.f90,/pe/intel/compilers_and_libraries_2020.4.304/linux/tbb/include/.f90,
           /pe/intel/compilers_and_libraries_2020.4.304/linux/compiler/include/intel64/.f90,/pe/intel/compilers_and_libraries_2020.4.304/linux/compiler/include/icc/.f90,
           /pe/intel/compilers_and_libraries_2020.4.304/linux/compiler/include/.f90,/usr/lib64/gcc/x86_64-suse-linux/7/include/.f90,
           /usr/lib64/gcc/x86_64-suse-linux/7/include-fixed/.f90,/usr/include/.f90,/usr/include/.f90,/usr/include/.f90
       -list filename : VDIFH.lst
  no   -o

COMPILER: Intel(R) Fortran 19.1-1655
