Page 1           Source Listing                  DIST
2022-02-15 16:36                                 /tmp/ifort0HAN1M.i

      1 # 1 "DIST.F"
      2       SUBROUTINE DIST ( A, B ) 
      3 C$$$  SUBPROGRAM DOCUMENTATION BLOCK
      4 C                .      .    .
      5 C   SUBROUTINE:  DIST        DISTRIBUTES DATA FROM TASK 0
      6 C   PRGRMMR: TUCCILLO        ORG:  IBM       DATE: 00-01-20
      7 C
      8 C ABSTRACT:   DISTRIBUTES DATA FROM TASK 0
      9 C
     10 C PROGRAM HISTORY LOG:
     11 C   00-01-20  TUCCILLO - ORIGINATOR
     12 C
     13 C USAGE:  CALL DIST(A,B)
     14 C
     15 C   INPUT ARGUMENT LIST:
     16 C     A - ARRAY TO BE DISTRIBUTED
     17 C
     18 C   OUTPUT ARGUMENT LIST:
     19 C     B - DISTRIBUTED DATA
     20 C
     21 C   INPUT FILES:  NONE
     22 C
     23 C   OUTPUT FILES:  NONE
     24 C
     25 C   SUBPROGRAMS CALLED:
     26 C     UNIQUE:
     27 C            MPI_SEND
     28 C            MPI_RECV
     29 C
     30 C   EXIT STATES:
     31 C     COND =   0 - NORMAL EXIT
     32 C
     33 C ATTRIBUTES:
     34 C   LANGUAGE: FORTRAN 90
     35 C   MACHINE : IBM SP
     36 C
     37 C$$$
     38       include "parmeta"
     61       include "PARA.comm"
     69       include 'mpif.h'
    631       include "mpp.h"
    690       real a ( im, jm ) 
    691       real b ( im, my_jsd:my_jed )
    692       real buf ( im * jm )
    693       integer status(MPI_STATUS_SIZE)
    694       integer i, j
    695       integer ierr
    696 c
    697       if ( me .eq. 0 ) then
    698 c
    699          do k = jsta(me), jend(me)
    700             do j =  my_js_glb_a(k), my_je_glb_a(k)
    701                do i =  my_is_glb_a(k), my_ie_glb_a(k)
    702                   b ( i, j ) = a ( i, j )
    703                end do
    704             end do
    705          end do

Page 2           Source Listing                  DIST
2022-02-15 16:36                                 DIST.F

    706 
    707 c        send to everyone else
    708 c
    709          do ii = 1, num_procs - 1
    710             iii = 0
    711             do k = jsta(ii), jend(ii)
    712                do j =  my_js_glb_a(k), my_je_glb_a(k)
    713                   do i =  my_is_glb_a(k), my_ie_glb_a(k)
    714                      iii = iii + 1
    715                      buf ( iii ) = a ( i, j )
    716                   end do
    717                end do
    718              end do
    719             call mpi_send(buf,iii,MPI_REAL,ii,
    720      *           ii,MPI_COMM_COMP,ierr)
    721          end do
    722       else
    723          call mpi_recv(buf,im*jm,MPI_REAL,0,
    724      *             me,MPI_COMM_COMP,status,ierr)
    725          iii = 0
    726          do k = jsta(me), jend(me)
    727             do j =  my_js_glb_a(k), my_je_glb_a(k)
    728               do i =  my_is_glb_a(k), my_ie_glb_a(k)
    729                  iii = iii + 1
    730                  b ( i, j ) = buf ( iii )
    731               end do
    732             end do
    733          end do
    734 c
    735       end if
    736       end               

Page 3           Source Listing                  DIST
2022-02-15 16:36 Entry Points                    DIST.F



ENTRY POINTS

  Name             
                   
 dist_             


SYMBOL CROSS REFERENCE

 Name                       Object Declared Type            Bytes Dimen Elements Attributes       References                        
                                                                                                                                    
 A                          Dummy  2        R(4)            4     2     91719    ARG,INOUT        702,715                           
 B                          Dummy  2        R(4)            4     2     0        ARG,INOUT        702,730                           
 BUF                        Local  692      R(4)            4     1     91719                     715,719,723,730                   
 DIST                       Subr   2                                                                                                
 GLB_TABLE                  Common 668                                  128      SAVE                                               
 I                          Local  694      I(4)            4           scalar                    701,702,713,715,728,730           
 IDIM1                      Param  57       I(4)            4           scalar                                                      
 IDIM2                      Param  57       I(4)            4           scalar                                                      
 IERR                       Local  695      I(4)            4           scalar                    720,724                           
 IGSTL                      Param  52       I(4)            4           scalar                    57                                
 IGSTR                      Param  52       I(4)            4           scalar                    57                                
 II                         Local  709      I(4)            4           scalar                    709,711,719,720                   
 III                        Local  710      I(4)            4           scalar                    710,714,715,719,725,729,730       
 IM                         Param  41       I(4)            4           scalar                    54,57,674,675,676,677,678,682,683,
                                                                                                  688,690,691,692,723               
 INPES                      Param  49       I(4)            4           scalar                    54,57,658,659,660,669,670         
 ITAIL                      Param  54       I(4)            4           scalar                                                      
 J                          Local  694      I(4)            4           scalar                    700,702,712,715,727,730           
 JDIM1                      Param  58       I(4)            4           scalar                                                      
 JDIM2                      Param  58       I(4)            4           scalar                                                      
 JGSTL                      Param  53       I(4)            4           scalar                    58                                
 JGSTR                      Param  53       I(4)            4           scalar                    58                                
 JM                         Param  41       I(4)            4           scalar                    55,58,674,675,676,677,678,682,683,
                                                                                                  688,690,692,723                   
 JNPES                      Param  49       I(4)            4           scalar                    55,58,658,659,660,669,670         
 JTAIL                      Param  55       I(4)            4           scalar                                                      
 K                          Local  699      I(4)            4           scalar                    699,700,701,711,712,713,726,727,72
                                                                                                  8                                 
 LM                         Param  41       I(4)            4           scalar                    683                               
 LSM                        Param  41       I(4)            4           scalar                                                      
 MAPPINGS                   Common 687                                  5024     SAVE                                               
 MPIFCMB5                   Common 619                                  4        SAVE                                               
 MPIFCMB9                   Common 620                                  4        SAVE                                               
 MPIPRIV1                   Common 624                                  28       SAVE                                               
 MPIPRIV2                   Common 626                                  24       SAVE                                               
 MPIPRIVC                   Common 629                                  2        SAVE                                               
 MPI_2DOUBLE_PRECISION      Param  365      I(4)            4           scalar                                                      
 MPI_2INT                   Param  449      I(4)            4           scalar                                                      
 MPI_2INTEGER               Param  363      I(4)            4           scalar                                                      
 MPI_2REAL                  Param  367      I(4)            4           scalar                                                      
 MPI_ADDRESS_KIND           Param  401      I(4)            4           scalar                                                      
 MPI_AINT                   Param  479      I(4)            4           scalar                                                      
 MPI_ANY_SOURCE             Param  331      I(4)            4           scalar                                                      
 MPI_ANY_TAG                Param  333      I(4)            4           scalar                                                      

Page 4           Source Listing                  DIST
2022-02-15 16:36 Symbol Table                    DIST.F

 Name                       Object Declared Type            Bytes Dimen Elements Attributes       References                        
                                                                                                                                    
 MPI_APPNUM                 Param  295      I(4)            4           scalar                                                      
 MPI_ASYNC_PROTECTS_NONBLOC                                                                                                         
 KING                       Param  601      L(4)            4           scalar                                                      
 MPI_BAND                   Param  239      I(4)            4           scalar                                                      
 MPI_BOR                    Param  243      I(4)            4           scalar                                                      
 MPI_BSEND_OVERHEAD         Param  327      I(4)            4           scalar                                                      
 MPI_BXOR                   Param  247      I(4)            4           scalar                                                      
 MPI_BYTE                   Param  371      I(4)            4           scalar                                                      
 MPI_CART                   Param  339      I(4)            4           scalar                                                      
 MPI_CHAR                   Param  409      I(4)            4           scalar                                                      
 MPI_CHARACTER              Param  369      I(4)            4           scalar                                                      
 MPI_COMBINER_CONTIGUOUS    Param  497      I(4)            4           scalar                                                      
 MPI_COMBINER_DARRAY        Param  519      I(4)            4           scalar                                                      
 MPI_COMBINER_DUP           Param  495      I(4)            4           scalar                                                      
 MPI_COMBINER_F90_COMPLEX   Param  523      I(4)            4           scalar                                                      
 MPI_COMBINER_F90_INTEGER   Param  525      I(4)            4           scalar                                                      
 MPI_COMBINER_F90_REAL      Param  521      I(4)            4           scalar                                                      
 MPI_COMBINER_HINDEXED      Param  509      I(4)            4           scalar                                                      
 MPI_COMBINER_HINDEXED_BLOC                                                                                                         
 K                          Param  529      I(4)            4           scalar                                                      
 MPI_COMBINER_HINDEXED_INTE                                                                                                         
 GER                        Param  507      I(4)            4           scalar                                                      
 MPI_COMBINER_HVECTOR       Param  503      I(4)            4           scalar                                                      
 MPI_COMBINER_HVECTOR_INTEG                                                                                                         
 ER                         Param  501      I(4)            4           scalar                                                      
 MPI_COMBINER_INDEXED       Param  505      I(4)            4           scalar                                                      
 MPI_COMBINER_INDEXED_BLOCK Param  511      I(4)            4           scalar                                                      
 MPI_COMBINER_NAMED         Param  493      I(4)            4           scalar                                                      
 MPI_COMBINER_RESIZED       Param  527      I(4)            4           scalar                                                      
 MPI_COMBINER_STRUCT        Param  515      I(4)            4           scalar                                                      
 MPI_COMBINER_STRUCT_INTEGE                                                                                                         
 R                          Param  513      I(4)            4           scalar                                                      
 MPI_COMBINER_SUBARRAY      Param  517      I(4)            4           scalar                                                      
 MPI_COMBINER_VECTOR        Param  499      I(4)            4           scalar                                                      
 MPI_COMM_DUP_FN            Subr   608                                  scalar                                                      
 MPI_COMM_NULL              Param  263      I(4)            4           scalar                                                      
 MPI_COMM_NULL_COPY_FN      Subr   609                                  scalar                                                      
 MPI_COMM_NULL_DELETE_FN    Subr   608                                  scalar                                                      
 MPI_COMM_SELF              Param  259      I(4)            4           scalar                                                      
 MPI_COMM_TYPE_SHARED       Param  547      I(4)            4           scalar                                                      
 MPI_COMM_WORLD             Param  257      I(4)            4           scalar                                                      
 MPI_COMPLEX                Param  351      I(4)            4           scalar                                                      
 MPI_COMPLEX16              Param  397      I(4)            4           scalar                                                      
 MPI_COMPLEX32              Param  399      I(4)            4           scalar                                                      
 MPI_COMPLEX8               Param  395      I(4)            4           scalar                                                      
 MPI_CONGRUENT              Param  211      I(4)            4           scalar                                                      
 MPI_CONVERSION_FN_NULL     Subr   614                                  scalar                                                      
 MPI_COUNT                  Param  483      I(4)            4           scalar                                                      
 MPI_COUNT_KIND             Param  405      I(4)            4           scalar                                                      
 MPI_CXX_BOOL               Param  485      I(4)            4           scalar                                                      
 MPI_CXX_DOUBLE_COMPLEX     Param  489      I(4)            4           scalar                                                      
 MPI_CXX_FLOAT_COMPLEX      Param  487      I(4)            4           scalar                                                      
 MPI_CXX_LONG_DOUBLE_COMPLE                                                                                                         
 X                          Param  491      I(4)            4           scalar                                                      
 MPI_C_BOOL                 Param  469      I(4)            4           scalar                                                      

Page 5           Source Listing                  DIST
2022-02-15 16:36 Symbol Table                    DIST.F

 Name                       Object Declared Type            Bytes Dimen Elements Attributes       References                        
                                                                                                                                    
 MPI_C_COMPLEX              Param  473      I(4)            4           scalar                                                      
 MPI_C_DOUBLE_COMPLEX       Param  475      I(4)            4           scalar                                                      
 MPI_C_FLOAT_COMPLEX        Param  471      I(4)            4           scalar                                                      
 MPI_C_LONG_DOUBLE_COMPLEX  Param  477      I(4)            4           scalar                                                      
 MPI_DATATYPE_NULL          Param  273      I(4)            4           scalar                    388,486,488,490,492               
 MPI_DISPLACEMENT_CURRENT   Param  597      I(8)            8           scalar                                                      
 MPI_DISTRIBUTE_BLOCK       Param  589      I(4)            4           scalar                                                      
 MPI_DISTRIBUTE_CYCLIC      Param  591      I(4)            4           scalar                                                      
 MPI_DISTRIBUTE_DFLT_DARG   Param  595      I(4)            4           scalar                                                      
 MPI_DISTRIBUTE_NONE        Param  593      I(4)            4           scalar                                                      
 MPI_DIST_GRAPH             Param  341      I(4)            4           scalar                                                      
 MPI_DOUBLE                 Param  431      I(4)            4           scalar                                                      
 MPI_DOUBLE_COMPLEX         Param  353      I(4)            4           scalar                                                      
 MPI_DOUBLE_INT             Param  443      I(4)            4           scalar                                                      
 MPI_DOUBLE_PRECISION       Param  359      I(4)            4           scalar                                                      
 MPI_DUP_FN                 Subr   605                                  scalar                                                      
 MPI_ERRHANDLER_NULL        Param  277      I(4)            4           scalar                                                      
 MPI_ERROR                  Param  78       I(4)            4           scalar                                                      
 MPI_ERRORS_ARE_FATAL       Param  205      I(4)            4           scalar                                                      
 MPI_ERRORS_RETURN          Param  207      I(4)            4           scalar                                                      
 MPI_ERR_ACCESS             Param  191      I(4)            4           scalar                                                      
 MPI_ERR_AMODE              Param  157      I(4)            4           scalar                                                      
 MPI_ERR_ARG                Param  167      I(4)            4           scalar                                                      
 MPI_ERR_ASSERT             Param  101      I(4)            4           scalar                                                      
 MPI_ERR_BAD_FILE           Param  163      I(4)            4           scalar                                                      
 MPI_ERR_BASE               Param  201      I(4)            4           scalar                                                      
 MPI_ERR_BUFFER             Param  119      I(4)            4           scalar                                                      
 MPI_ERR_COMM               Param  199      I(4)            4           scalar                                                      
 MPI_ERR_CONVERSION         Param  181      I(4)            4           scalar                                                      
 MPI_ERR_COUNT              Param  111      I(4)            4           scalar                                                      
 MPI_ERR_DIMS               Param  89       I(4)            4           scalar                                                      
 MPI_ERR_DISP               Param  147      I(4)            4           scalar                                                      
 MPI_ERR_DUP_DATAREP        Param  177      I(4)            4           scalar                                                      
 MPI_ERR_FILE               Param  137      I(4)            4           scalar                                                      
 MPI_ERR_FILE_EXISTS        Param  189      I(4)            4           scalar                                                      
 MPI_ERR_FILE_IN_USE        Param  183      I(4)            4           scalar                                                      
 MPI_ERR_GROUP              Param  99       I(4)            4           scalar                                                      
 MPI_ERR_INFO               Param  105      I(4)            4           scalar                                                      
 MPI_ERR_INFO_KEY           Param  135      I(4)            4           scalar                                                      
 MPI_ERR_INFO_NOKEY         Param  179      I(4)            4           scalar                                                      
 MPI_ERR_INFO_VALUE         Param  127      I(4)            4           scalar                                                      
 MPI_ERR_INTERN             Param  155      I(4)            4           scalar                                                      
 MPI_ERR_IN_STATUS          Param  129      I(4)            4           scalar                                                      
 MPI_ERR_IO                 Param  115      I(4)            4           scalar                                                      
 MPI_ERR_KEYVAL             Param  159      I(4)            4           scalar                                                      
 MPI_ERR_LASTCODE           Param  195      I(4)            4           scalar                                                      
 MPI_ERR_LOCKTYPE           Param  175      I(4)            4           scalar                                                      
 MPI_ERR_NAME               Param  95       I(4)            4           scalar                                                      
 MPI_ERR_NOT_SAME           Param  113      I(4)            4           scalar                                                      
 MPI_ERR_NO_MEM             Param  125      I(4)            4           scalar                                                      
 MPI_ERR_NO_SPACE           Param  117      I(4)            4           scalar                                                      
 MPI_ERR_NO_SUCH_FILE       Param  187      I(4)            4           scalar                                                      
 MPI_ERR_OP                 Param  91       I(4)            4           scalar                                                      
 MPI_ERR_OTHER              Param  143      I(4)            4           scalar                                                      
 MPI_ERR_PENDING            Param  131      I(4)            4           scalar                                                      

Page 6           Source Listing                  DIST
2022-02-15 16:36 Symbol Table                    DIST.F

 Name                       Object Declared Type            Bytes Dimen Elements Attributes       References                        
                                                                                                                                    
 MPI_ERR_PORT               Param  121      I(4)            4           scalar                                                      
 MPI_ERR_QUOTA              Param  93       I(4)            4           scalar                                                      
 MPI_ERR_RANK               Param  197      I(4)            4           scalar                                                      
 MPI_ERR_READ_ONLY          Param  139      I(4)            4           scalar                                                      
 MPI_ERR_REQUEST            Param  141      I(4)            4           scalar                                                      
 MPI_ERR_RMA_ATTACH         Param  123      I(4)            4           scalar                                                      
 MPI_ERR_RMA_CONFLICT       Param  109      I(4)            4           scalar                                                      
 MPI_ERR_RMA_FLAVOR         Param  97       I(4)            4           scalar                                                      
 MPI_ERR_RMA_RANGE          Param  133      I(4)            4           scalar                                                      
 MPI_ERR_RMA_SHARED         Param  193      I(4)            4           scalar                                                      
 MPI_ERR_RMA_SYNC           Param  173      I(4)            4           scalar                                                      
 MPI_ERR_ROOT               Param  161      I(4)            4           scalar                                                      
 MPI_ERR_SERVICE            Param  185      I(4)            4           scalar                                                      
 MPI_ERR_SIZE               Param  107      I(4)            4           scalar                                                      
 MPI_ERR_SPAWN              Param  149      I(4)            4           scalar                                                      
 MPI_ERR_TAG                Param  169      I(4)            4           scalar                                                      
 MPI_ERR_TOPOLOGY           Param  171      I(4)            4           scalar                                                      
 MPI_ERR_TRUNCATE           Param  145      I(4)            4           scalar                                                      
 MPI_ERR_TYPE               Param  165      I(4)            4           scalar                                                      
 MPI_ERR_UNKNOWN            Param  153      I(4)            4           scalar                                                      
 MPI_ERR_UNSUPPORTED_DATARE                                                                                                         
 P                          Param  103      I(4)            4           scalar                                                      
 MPI_ERR_UNSUPPORTED_OPERAT                                                                                                         
 ION                        Param  151      I(4)            4           scalar                                                      
 MPI_ERR_WIN                Param  203      I(4)            4           scalar                                                      
 MPI_FILE_NULL              Param  267      I(4)            4           scalar                                                      
 MPI_FLOAT                  Param  429      I(4)            4           scalar                                                      
 MPI_FLOAT_INT              Param  441      I(4)            4           scalar                                                      
 MPI_GRAPH                  Param  337      I(4)            4           scalar                                                      
 MPI_GROUP_EMPTY            Param  261      I(4)            4           scalar                                                      
 MPI_GROUP_NULL             Param  269      I(4)            4           scalar                                                      
 MPI_HOST                   Param  285      I(4)            4           scalar                                                      
 MPI_IDENT                  Param  209      I(4)            4           scalar                                                      
 MPI_INFO_ENV               Param  281      I(4)            4           scalar                                                      
 MPI_INFO_NULL              Param  279      I(4)            4           scalar                                                      
 MPI_INT                    Param  421      I(4)            4           scalar                                                      
 MPI_INT16_T                Param  455      I(4)            4           scalar                                                      
 MPI_INT32_T                Param  457      I(4)            4           scalar                                                      
 MPI_INT64_T                Param  459      I(4)            4           scalar                                                      
 MPI_INT8_T                 Param  453      I(4)            4           scalar                                                      
 MPI_INTEGER                Param  361      I(4)            4           scalar                                                      
 MPI_INTEGER1               Param  379      I(4)            4           scalar                                                      
 MPI_INTEGER16              Param  387      I(4)            4           scalar                                                      
 MPI_INTEGER2               Param  381      I(4)            4           scalar                                                      
 MPI_INTEGER4               Param  383      I(4)            4           scalar                                                      
 MPI_INTEGER8               Param  385      I(4)            4           scalar                                                      
 MPI_INTEGER_KIND           Param  407      I(4)            4           scalar                                                      
 MPI_IO                     Param  287      I(4)            4           scalar                                                      
 MPI_KEYVAL_INVALID         Param  325      I(4)            4           scalar                                                      
 MPI_LAND                   Param  237      I(4)            4           scalar                                                      
 MPI_LASTUSEDCODE           Param  293      I(4)            4           scalar                                                      
 MPI_LB                     Param  375      I(4)            4           scalar                                                      
 MPI_LOCK_EXCLUSIVE         Param  347      I(4)            4           scalar                                                      
 MPI_LOCK_SHARED            Param  349      I(4)            4           scalar                                                      
 MPI_LOGICAL                Param  355      I(4)            4           scalar                                                      

Page 7           Source Listing                  DIST
2022-02-15 16:36 Symbol Table                    DIST.F

 Name                       Object Declared Type            Bytes Dimen Elements Attributes       References                        
                                                                                                                                    
 MPI_LONG                   Param  425      I(4)            4           scalar                                                      
 MPI_LONG_DOUBLE            Param  433      I(4)            4           scalar                                                      
 MPI_LONG_DOUBLE_INT        Param  451      I(4)            4           scalar                                                      
 MPI_LONG_INT               Param  445      I(4)            4           scalar                                                      
 MPI_LONG_LONG              Param  439      I(4)            4           scalar                                                      
 MPI_LONG_LONG_INT          Param  435      I(4)            4           scalar                                                      
 MPI_LOR                    Param  241      I(4)            4           scalar                                                      
 MPI_LXOR                   Param  245      I(4)            4           scalar                                                      
 MPI_MAX                    Param  229      I(4)            4           scalar                                                      
 MPI_MAXLOC                 Param  251      I(4)            4           scalar                                                      
 MPI_MAX_DATAREP_STRING     Param  319      I(4)            4           scalar                                                      
 MPI_MAX_ERROR_STRING       Param  307      I(4)            4           scalar                                                      
 MPI_MAX_INFO_KEY           Param  313      I(4)            4           scalar                                                      
 MPI_MAX_INFO_VAL           Param  315      I(4)            4           scalar                                                      
 MPI_MAX_LIBRARY_VERSION_ST                                                                                                         
 RING                       Param  321      I(4)            4           scalar                                                      
 MPI_MAX_OBJECT_NAME        Param  311      I(4)            4           scalar                                                      
 MPI_MAX_PORT_NAME          Param  309      I(4)            4           scalar                                                      
 MPI_MAX_PROCESSOR_NAME     Param  317      I(4)            4           scalar                                                      
 MPI_MESSAGE_NO_PROC        Param  551      I(4)            4           scalar                                                      
 MPI_MESSAGE_NULL           Param  549      I(4)            4           scalar                                                      
 MPI_MIN                    Param  231      I(4)            4           scalar                                                      
 MPI_MINLOC                 Param  249      I(4)            4           scalar                                                      
 MPI_MODE_APPEND            Param  575      I(4)            4           scalar                                                      
 MPI_MODE_CREATE            Param  571      I(4)            4           scalar                                                      
 MPI_MODE_DELETE_ON_CLOSE   Param  567      I(4)            4           scalar                                                      
 MPI_MODE_EXCL              Param  573      I(4)            4           scalar                                                      
 MPI_MODE_NOCHECK           Param  537      I(4)            4           scalar                                                      
 MPI_MODE_NOPRECEDE         Param  543      I(4)            4           scalar                                                      
 MPI_MODE_NOPUT             Param  541      I(4)            4           scalar                                                      
 MPI_MODE_NOSTORE           Param  539      I(4)            4           scalar                                                      
 MPI_MODE_NOSUCCEED         Param  545      I(4)            4           scalar                                                      
 MPI_MODE_RDONLY            Param  561      I(4)            4           scalar                                                      
 MPI_MODE_RDWR              Param  563      I(4)            4           scalar                                                      
 MPI_MODE_SEQUENTIAL        Param  577      I(4)            4           scalar                                                      
 MPI_MODE_UNIQUE_OPEN       Param  569      I(4)            4           scalar                                                      
 MPI_MODE_WRONLY            Param  565      I(4)            4           scalar                                                      
 MPI_NO_OP                  Param  255      I(4)            4           scalar                                                      
 MPI_NULL_COPY_FN           Subr   605                                  scalar                                                      
 MPI_NULL_DELETE_FN         Subr   605                                  scalar                                                      
 MPI_OFFSET                 Param  481      I(4)            4           scalar                                                      
 MPI_OFFSET_KIND            Param  403      I(4)            4           scalar                                                      
 MPI_OP_NULL                Param  271      I(4)            4           scalar                                                      
 MPI_ORDER_C                Param  585      I(4)            4           scalar                                                      
 MPI_ORDER_FORTRAN          Param  587      I(4)            4           scalar                                                      
 MPI_PACKED                 Param  377      I(4)            4           scalar                                                      
 MPI_PROC_NULL              Param  329      I(4)            4           scalar                                                      
 MPI_PROD                   Param  235      I(4)            4           scalar                                                      
 MPI_REAL                   Param  357      I(4)            4           scalar                    719,723                           
 MPI_REAL16                 Param  393      I(4)            4           scalar                                                      
 MPI_REAL4                  Param  389      I(4)            4           scalar                                                      
 MPI_REAL8                  Param  391      I(4)            4           scalar                                                      
 MPI_RECV                   Subr   723                                                            723                               
 MPI_REPLACE                Param  253      I(4)            4           scalar                                                      
 MPI_REQUEST_NULL           Param  275      I(4)            4           scalar                                                      

Page 8           Source Listing                  DIST
2022-02-15 16:36 Symbol Table                    DIST.F

 Name                       Object Declared Type            Bytes Dimen Elements Attributes       References                        
                                                                                                                                    
 MPI_ROOT                   Param  335      I(4)            4           scalar                                                      
 MPI_SEEK_CUR               Param  581      I(4)            4           scalar                                                      
 MPI_SEEK_END               Param  583      I(4)            4           scalar                                                      
 MPI_SEEK_SET               Param  579      I(4)            4           scalar                                                      
 MPI_SEND                   Subr   719                                                            719                               
 MPI_SHORT                  Param  417      I(4)            4           scalar                                                      
 MPI_SHORT_INT              Param  447      I(4)            4           scalar                                                      
 MPI_SIGNED_CHAR            Param  411      I(4)            4           scalar                                                      
 MPI_SIMILAR                Param  213      I(4)            4           scalar                                                      
 MPI_SOURCE                 Param  78       I(4)            4           scalar                                                      
 MPI_STATUS_SIZE            Param  80       I(4)            4           scalar                    82,83,693                         
 MPI_SUBARRAYS_SUPPORTED    Param  599      L(4)            4           scalar                                                      
 MPI_SUBVERSION             Param  345      I(4)            4           scalar                                                      
 MPI_SUCCESS                Param  87       I(4)            4           scalar                                                      
 MPI_SUM                    Param  233      I(4)            4           scalar                                                      
 MPI_TAG                    Param  78       I(4)            4           scalar                                                      
 MPI_TAG_UB                 Param  283      I(4)            4           scalar                                                      
 MPI_THREAD_FUNNELED        Param  555      I(4)            4           scalar                                                      
 MPI_THREAD_MULTIPLE        Param  559      I(4)            4           scalar                                                      
 MPI_THREAD_SERIALIZED      Param  557      I(4)            4           scalar                                                      
 MPI_THREAD_SINGLE          Param  553      I(4)            4           scalar                                                      
 MPI_TYPECLASS_COMPLEX      Param  535      I(4)            4           scalar                                                      
 MPI_TYPECLASS_INTEGER      Param  533      I(4)            4           scalar                                                      
 MPI_TYPECLASS_REAL         Param  531      I(4)            4           scalar                                                      
 MPI_TYPE_DUP_FN            Subr   612                                  scalar                                                      
 MPI_TYPE_NULL_COPY_FN      Subr   613                                  scalar                                                      
 MPI_TYPE_NULL_DELETE_FN    Subr   612                                  scalar                                                      
 MPI_UB                     Param  373      I(4)            4           scalar                                                      
 MPI_UINT16_T               Param  463      I(4)            4           scalar                                                      
 MPI_UINT32_T               Param  465      I(4)            4           scalar                                                      
 MPI_UINT64_T               Param  467      I(4)            4           scalar                                                      
 MPI_UINT8_T                Param  461      I(4)            4           scalar                                                      
 MPI_UNDEFINED              Param  323      I(4)            4           scalar                                                      
 MPI_UNEQUAL                Param  215      I(4)            4           scalar                                                      
 MPI_UNIVERSE_SIZE          Param  291      I(4)            4           scalar                                                      
 MPI_UNSIGNED               Param  423      I(4)            4           scalar                                                      
 MPI_UNSIGNED_CHAR          Param  413      I(4)            4           scalar                                                      
 MPI_UNSIGNED_LONG          Param  427      I(4)            4           scalar                                                      
 MPI_UNSIGNED_LONG_LONG     Param  437      I(4)            4           scalar                                                      
 MPI_UNSIGNED_SHORT         Param  419      I(4)            4           scalar                                                      
 MPI_VERSION                Param  343      I(4)            4           scalar                                                      
 MPI_WCHAR                  Param  415      I(4)            4           scalar                                                      
 MPI_WIN_BASE               Param  297      I(4)            4           scalar                                                      
 MPI_WIN_CREATE_FLAVOR      Param  303      I(4)            4           scalar                                                      
 MPI_WIN_DISP_UNIT          Param  301      I(4)            4           scalar                                                      
 MPI_WIN_DUP_FN             Subr   610                                  scalar                                                      
 MPI_WIN_FLAVOR_ALLOCATE    Param  219      I(4)            4           scalar                                                      
 MPI_WIN_FLAVOR_CREATE      Param  217      I(4)            4           scalar                                                      
 MPI_WIN_FLAVOR_DYNAMIC     Param  221      I(4)            4           scalar                                                      
 MPI_WIN_FLAVOR_SHARED      Param  223      I(4)            4           scalar                                                      
 MPI_WIN_MODEL              Param  305      I(4)            4           scalar                                                      
 MPI_WIN_NULL               Param  265      I(4)            4           scalar                                                      
 MPI_WIN_NULL_COPY_FN       Subr   611                                  scalar                                                      
 MPI_WIN_NULL_DELETE_FN     Subr   610                                  scalar                                                      
 MPI_WIN_SEPARATE           Param  225      I(4)            4           scalar                                                      

Page 9           Source Listing                  DIST
2022-02-15 16:36 Symbol Table                    DIST.F

 Name                       Object Declared Type            Bytes Dimen Elements Attributes       References                        
                                                                                                                                    
 MPI_WIN_SIZE               Param  299      I(4)            4           scalar                                                      
 MPI_WIN_UNIFIED            Param  227      I(4)            4           scalar                                                      
 MPI_WTICK                  Func   606      R(8)            8           scalar                                                      
 MPI_WTIME                  Func   606      R(8)            8           scalar                                                      
 MPI_WTIME_IS_GLOBAL        Param  289      I(4)            4           scalar                                                      
 MPPCOM                     Common 632                                  1464     SAVE                                               
 PARA                       Common 62                                   24632    SAVE                                               
 PMPI_WTICK                 Func   607      R(8)            8           scalar                                                      
 PMPI_WTIME                 Func   607      R(8)            8           scalar                                                      
 STATUS                     Local  693      I(4)            4     1     5                         724                               
 TEMPCOM                    Common 673                                  6603768  SAVE                                               
 TOPO                       Common 681                                  17478548 SAVE                                               


TYPE COMPONENTS/COMMON VARIABLES

 Name                       Type            Bytes Offset   Dimen Elements Attributes       References                         
                                                                                                                              
 G2LI                       I(4)            4     0        1     239      COM                                                 
 G2LJ                       I(4)            4     1912     1     389      COM                                                 
 HTMG                       R(4)            4     743768   3     4183695  COM                                                 
 IBROW                      I(4)            4     404            scalar   COM                                                 
 ICHUNKTAB                  I(4)            4     620      1     8        COM                                                 
 IDN                        I(4)            4     24628          scalar   COM                                                 
 IE_GLB_TABLE               I(4)            4     32       1     8        COM                                                 
 IE_LOC_TABLE               I(4)            4     556      1     8        COM                                                 
 ILCOL                      I(4)            4     396            scalar   COM                                                 
 ILPAD1                     I(4)            4     412            scalar   COM                                                 
 ILPAD2                     I(4)            4     416            scalar   COM                                                 
 ILPAD3                     I(4)            4     420            scalar   COM                                                 
 ILPAD4                     I(4)            4     424            scalar   COM                                                 
 ILPAD5                     I(4)            4     428            scalar   COM                                                 
 INUMQ                      I(4)            4     1064     1     100      COM                                                 
 IQUILT_GROUP               I(4)            4     1060           scalar   COM                                                 
 IRCOL                      I(4)            4     400            scalar   COM                                                 
 IRPAD1                     I(4)            4     432            scalar   COM                                                 
 IRPAD2                     I(4)            4     436            scalar   COM                                                 
 IRPAD3                     I(4)            4     440            scalar   COM                                                 
 IRPAD4                     I(4)            4     444            scalar   COM                                                 
 IRPAD5                     I(4)            4     448            scalar   COM                                                 
 IS_GLB_TABLE               I(4)            4     0        1     8        COM                                                 
 IS_LOC_TABLE               I(4)            4     492      1     8        COM                                                 
 ITEMP                      I(4)            4     5870016  2     91719    COM                                                 
 ITEMP2                     I(4)            4     6236892  2     91719    COM                                                 
 ITROW                      I(4)            4     408            scalar   COM                                                 
 IUP                        I(4)            4     24624          scalar   COM                                                 
 JBPAD1                     I(4)            4     452            scalar   COM                                                 
 JBPAD2                     I(4)            4     456            scalar   COM                                                 
 JBPAD3                     I(4)            4     460            scalar   COM                                                 
 JBPAD4                     I(4)            4     464            scalar   COM                                                 
 JBPAD5                     I(4)            4     468            scalar   COM                                                 
 JEND                       I(4)            4     4104     1     1024     COM              699,711,726                        
 JEND_I                     I(4)            4     24604          scalar   COM                                                 
 JEND_IM                    I(4)            4     24612          scalar   COM                                                 
 JEND_IM2                   I(4)            4     24620          scalar   COM                                                 

Page 10          Source Listing                  DIST
2022-02-15 16:36 Symbol Table                    DIST.F

 Name                       Type            Bytes Offset   Dimen Elements Attributes       References                         
                                                                                                                              
 JE_GLB_TABLE               I(4)            4     96       1     8        COM                                                 
 JE_LOC_TABLE               I(4)            4     588      1     8        COM                                                 
 JSTA                       I(4)            4     8        1     1024     COM              699,711,726                        
 JSTA_I                     I(4)            4     24600          scalar   COM                                                 
 JSTA_IM                    I(4)            4     24608          scalar   COM                                                 
 JSTA_IM2                   I(4)            4     24616          scalar   COM                                                 
 JS_GLB_TABLE               I(4)            4     64       1     8        COM                                                 
 JS_LOC_TABLE               I(4)            4     524      1     8        COM                                                 
 JTPAD1                     I(4)            4     472            scalar   COM                                                 
 JTPAD2                     I(4)            4     476            scalar   COM                                                 
 JTPAD3                     I(4)            4     480            scalar   COM                                                 
 JTPAD4                     I(4)            4     484            scalar   COM                                                 
 JTPAD5                     I(4)            4     488            scalar   COM                                                 
 L2GI                       I(4)            4     956      1     239      COM                                                 
 L2GJ                       I(4)            4     3468     1     389      COM                                                 
 ME                         I(4)            4     4              scalar   COM              697,699,724,726                    
 MPI_ARGVS_NULL             CHAR            1     0        2     1        COM                                                 
 MPI_ARGV_NULL              CHAR            1     1        1     1        COM                                                 
 MPI_BOTTOM                 I(4)            4     0              scalar   COM                                                 
 MPI_COMM_COMP              I(4)            4     652            scalar   COM              720,724                            
 MPI_COMM_INTER             I(4)            4     656            scalar   COM                                                 
 MPI_COMM_INTER_ARRAY       I(4)            4     660      1     100      COM                                                 
 MPI_ERRCODES_IGNORE        I(4)            4     20       1     1        COM                                                 
 MPI_IN_PLACE               I(4)            4     4              scalar   COM                                                 
 MPI_STATUSES_IGNORE        I(4)            4     0        2     5        COM                                                 
 MPI_STATUS_IGNORE          I(4)            4     8        1     5        COM                                                 
 MPI_UNWEIGHTED             I(4)            4     0              scalar   COM                                                 
 MPI_WEIGHTS_EMPTY          I(4)            4     0              scalar   COM                                                 
 MYIE                       I(4)            4     52             scalar   COM                                                 
 MYIE1                      I(4)            4     56             scalar   COM                                                 
 MYIE1_P1                   I(4)            4     120            scalar   COM                                                 
 MYIE1_P2                   I(4)            4     124            scalar   COM                                                 
 MYIE1_P3                   I(4)            4     128            scalar   COM                                                 
 MYIE1_P4                   I(4)            4     132            scalar   COM                                                 
 MYIE2                      I(4)            4     60             scalar   COM                                                 
 MYIE2_P1                   I(4)            4     136            scalar   COM                                                 
 MYIE_P1                    I(4)            4     100            scalar   COM                                                 
 MYIE_P2                    I(4)            4     104            scalar   COM                                                 
 MYIE_P3                    I(4)            4     108            scalar   COM                                                 
 MYIE_P4                    I(4)            4     112            scalar   COM                                                 
 MYIE_P5                    I(4)            4     116            scalar   COM                                                 
 MYIS                       I(4)            4     40             scalar   COM                                                 
 MYIS1                      I(4)            4     44             scalar   COM                                                 
 MYIS1_P1                   I(4)            4     84             scalar   COM                                                 
 MYIS1_P2                   I(4)            4     88             scalar   COM                                                 
 MYIS1_P3                   I(4)            4     92             scalar   COM                                                 
 MYIS1_P4                   I(4)            4     96             scalar   COM                                                 
 MYIS2                      I(4)            4     48             scalar   COM                                                 
 MYIS_P1                    I(4)            4     64             scalar   COM                                                 
 MYIS_P2                    I(4)            4     68             scalar   COM                                                 
 MYIS_P3                    I(4)            4     72             scalar   COM                                                 
 MYIS_P4                    I(4)            4     76             scalar   COM                                                 
 MYIS_P5                    I(4)            4     80             scalar   COM                                                 
 MYJE                       I(4)            4     236            scalar   COM                                                 
 MYJE1                      I(4)            4     240            scalar   COM                                                 

Page 11          Source Listing                  DIST
2022-02-15 16:36 Symbol Table                    DIST.F

 Name                       Type            Bytes Offset   Dimen Elements Attributes       References                         
                                                                                                                              
 MYJE1_P1                   I(4)            4     280            scalar   COM                                                 
 MYJE1_P2                   I(4)            4     284            scalar   COM                                                 
 MYJE1_P3                   I(4)            4     288            scalar   COM                                                 
 MYJE1_P4                   I(4)            4     292            scalar   COM                                                 
 MYJE2                      I(4)            4     244            scalar   COM                                                 
 MYJE2_P1                   I(4)            4     296            scalar   COM                                                 
 MYJE2_P2                   I(4)            4     300            scalar   COM                                                 
 MYJE2_P3                   I(4)            4     304            scalar   COM                                                 
 MYJE2_P4                   I(4)            4     308            scalar   COM                                                 
 MYJE3                      I(4)            4     248            scalar   COM                                                 
 MYJE3_P4                   I(4)            4     312            scalar   COM                                                 
 MYJE4                      I(4)            4     252            scalar   COM                                                 
 MYJE4_P1                   I(4)            4     316            scalar   COM                                                 
 MYJE4_P4                   I(4)            4     320            scalar   COM                                                 
 MYJE5                      I(4)            4     256            scalar   COM                                                 
 MYJE5_P1                   I(4)            4     324            scalar   COM                                                 
 MYJE5_P2                   I(4)            4     328            scalar   COM                                                 
 MYJE_P1                    I(4)            4     260            scalar   COM                                                 
 MYJE_P2                    I(4)            4     264            scalar   COM                                                 
 MYJE_P3                    I(4)            4     268            scalar   COM                                                 
 MYJE_P4                    I(4)            4     272            scalar   COM                                                 
 MYJE_P5                    I(4)            4     276            scalar   COM                                                 
 MYJS                       I(4)            4     140            scalar   COM                                                 
 MYJS1                      I(4)            4     144            scalar   COM                                                 
 MYJS1_P1                   I(4)            4     184            scalar   COM                                                 
 MYJS1_P2                   I(4)            4     188            scalar   COM                                                 
 MYJS1_P3                   I(4)            4     192            scalar   COM                                                 
 MYJS1_P4                   I(4)            4     196            scalar   COM                                                 
 MYJS2                      I(4)            4     148            scalar   COM                                                 
 MYJS2_P1                   I(4)            4     200            scalar   COM                                                 
 MYJS2_P2                   I(4)            4     204            scalar   COM                                                 
 MYJS2_P3                   I(4)            4     208            scalar   COM                                                 
 MYJS2_P4                   I(4)            4     212            scalar   COM                                                 
 MYJS3                      I(4)            4     152            scalar   COM                                                 
 MYJS3_P4                   I(4)            4     216            scalar   COM                                                 
 MYJS4                      I(4)            4     156            scalar   COM                                                 
 MYJS4_P1                   I(4)            4     220            scalar   COM                                                 
 MYJS4_P4                   I(4)            4     224            scalar   COM                                                 
 MYJS5                      I(4)            4     160            scalar   COM                                                 
 MYJS5_P1                   I(4)            4     228            scalar   COM                                                 
 MYJS5_P2                   I(4)            4     232            scalar   COM                                                 
 MYJS_P1                    I(4)            4     164            scalar   COM                                                 
 MYJS_P2                    I(4)            4     168            scalar   COM                                                 
 MYJS_P3                    I(4)            4     172            scalar   COM                                                 
 MYJS_P4                    I(4)            4     176            scalar   COM                                                 
 MYJS_P5                    I(4)            4     180            scalar   COM                                                 
 MYPE                       I(4)            4     0              scalar   COM                                                 
 MY_E                       I(4)            4     336            scalar   COM                                                 
 MY_IED                     I(4)            4     24588          scalar   COM                                                 
 MY_IE_GLB                  I(4)            4     12             scalar   COM                                                 
 MY_IE_GLB_A                I(4)            4     12296    1     1024     COM              701,713,728                        
 MY_IE_LOC                  I(4)            4     28             scalar   COM                                                 
 MY_ISD                     I(4)            4     24584          scalar   COM                                                 
 MY_IS_GLB                  I(4)            4     8              scalar   COM                                                 
 MY_IS_GLB_A                I(4)            4     8200     1     1024     COM              701,713,728                        

Page 12          Source Listing                  DIST
2022-02-15 16:36 Symbol Table                    DIST.F

 Name                       Type            Bytes Offset   Dimen Elements Attributes       References                         
                                                                                                                              
 MY_IS_LOC                  I(4)            4     24             scalar   COM                                                 
 MY_JED                     I(4)            4     24596          scalar   COM              691                                
 MY_JE_GLB                  I(4)            4     20             scalar   COM                                                 
 MY_JE_GLB_A                I(4)            4     20488    1     1024     COM              700,712,727                        
 MY_JE_LOC                  I(4)            4     36             scalar   COM                                                 
 MY_JSD                     I(4)            4     24592          scalar   COM              691                                
 MY_JS_GLB                  I(4)            4     16             scalar   COM                                                 
 MY_JS_GLB_A                I(4)            4     16392    1     1024     COM              700,712,727                        
 MY_JS_LOC                  I(4)            4     32             scalar   COM                                                 
 MY_N                       I(4)            4     332            scalar   COM                                                 
 MY_NE                      I(4)            4     348            scalar   COM                                                 
 MY_NEB                     I(4)            4     364      1     8        COM                                                 
 MY_NW                      I(4)            4     360            scalar   COM                                                 
 MY_S                       I(4)            4     340            scalar   COM                                                 
 MY_SE                      I(4)            4     352            scalar   COM                                                 
 MY_SW                      I(4)            4     356            scalar   COM                                                 
 MY_W                       I(4)            4     344            scalar   COM                                                 
 NPES                       I(4)            4     4              scalar   COM                                                 
 NUM_PROCS                  I(4)            4     0              scalar   COM              709                                
 TEMP1                      R(4)            4     0        2     91719    COM                                                 
 TEMP10                     R(4)            4     3301884  2     91719    COM                                                 
 TEMP11                     R(4)            4     3668760  2     91719    COM                                                 
 TEMP12                     R(4)            4     4035636  2     91719    COM                                                 
 TEMP13                     R(4)            4     4402512  2     91719    COM                                                 
 TEMP14                     R(4)            4     4769388  2     91719    COM                                                 
 TEMP15                     R(4)            4     5136264  2     91719    COM                                                 
 TEMP16                     R(4)            4     5503140  2     91719    COM                                                 
 TEMP2                      R(4)            4     366876   2     91719    COM                                                 
 TEMP2X                     R(4)            4     0        2     92971    COM                                                 
 TEMP3                      R(4)            4     733752   2     91719    COM                                                 
 TEMP4                      R(4)            4     1100628  2     91719    COM                                                 
 TEMP5                      R(4)            4     1467504  2     91719    COM                                                 
 TEMP6                      R(4)            4     1834380  2     91719    COM                                                 
 TEMP7                      R(4)            4     2201256  2     91719    COM                                                 
 TEMP8                      R(4)            4     2568132  2     91719    COM                                                 
 TEMP9                      R(4)            4     2935008  2     91719    COM                                                 
 TTVG                       R(4)            4     371884   2     92971    COM                                                 

Page 13          Source Listing                  DIST
2022-02-15 16:36 Subprograms/Common Blocks       DIST.F



SUBPROGRAMS/COMMON BLOCKS

 Name                       Object Declared Type            Bytes Dimen Elements Attributes       References                        
                                                                                                                                    
 DIST                       Subr   2                                                                                                
 GLB_TABLE                  Common 668                                  128      SAVE                                               
 MAPPINGS                   Common 687                                  5024     SAVE                                               
 MPIFCMB5                   Common 619                                  4        SAVE                                               
 MPIFCMB9                   Common 620                                  4        SAVE                                               
 MPIPRIV1                   Common 624                                  28       SAVE                                               
 MPIPRIV2                   Common 626                                  24       SAVE                                               
 MPIPRIVC                   Common 629                                  2        SAVE                                               
 MPPCOM                     Common 632                                  1464     SAVE                                               
 PARA                       Common 62                                   24632    SAVE                                               
 TEMPCOM                    Common 673                                  6603768  SAVE                                               
 TOPO                       Common 681                                  17478548 SAVE                                               

COMPILER OPTIONS BEING USED

       -align noall                          -align nonone
       -align nocommons                      -align nodcommons
       -align noqcommons                     -align nozcommons
       -align records                        -align nosequence
       -align norec1byte                     -align norec2byte
       -align norec4byte                     -align norec8byte
       -align norec16byte                    -align norec32byte
       -align norec64byte                    -align noarray8byte
       -align noarray16byte                  -align noarray32byte
       -align noarray64byte                  -align noarray128byte
       -align noarray256byte                 -altparam
       -assume accuracy_sensitive            -assume nobscc
       -assume nobuffered_io                 -assume nobuffered_stdout
       -assume byterecl                      -assume nocontiguous_assumed_shape
       -assume nocontiguous_pointer          -assume nocc_omp
       -assume nocstring                     -assume nodummy_aliases
       -assume nofpe_summary                 -assume noieee_fpe_flags
       -assume nominus0                      -assume noold_boz
       -assume old_complex_align             -assume old_unit_star
       -assume old_inquire_recl              -assume old_ldout_format
       -assume old_ldout_zero                -assume noold_logical_assign
       -assume noold_logical_ldio            -assume old_maxminloc
       -assume old_xor                       -assume noprotect_allocates
       -assume protect_constants             -assume noprotect_parens
       -assume split_common                  -assume source_include
       -assume nostd_intent_in               -assume std_minus0_rounding
       -assume nostd_mod_proc_name           -assume std_value
       -assume realloc_lhs                   -assume underscore
       -assume no2underscores                -assume norecursion
  no   -auto                                 -auto_scalar
  no   -bintext                              -ccdefault default
       -check noarg_temp_created             -check noassume
       -check nobounds                       -check nocontiguous
       -check noformat                       -check nooutput_conversion
       -check nooverflow                     -check nopointers
       -check noshape                        -check nostack

Page 14          Source Listing                  DIST
2022-02-15 16:36                                 DIST.F

       -check nouninitialized                -check noudio_iostat
       -coarray-num-procs 0             no   -coarray-config-file
       -convert big_endian                   -cross_reference
       -D __INTEL_COMPILER=1910              -D __INTEL_COMPILER_UPDATE=3
       -D __unix__                           -D __unix
       -D __linux__                          -D __linux
       -D __gnu_linux__                      -D unix
       -D linux                              -D __ELF__
       -D __x86_64                           -D __x86_64__
       -D __amd64                            -D __amd64__
       -D __INTEL_COMPILER_BUILD_DATE=20200925       -D __INTEL_OFFLOAD
       -D __MMX__                            -D __SSE__
       -D __SSE_MATH__                       -D __SSE2__
       -D __SSE2_MATH__                      -D __SSE3__
       -D __SSSE3__                          -D __SSE4_1__
       -D __SSE4_2__                         -D __POPCNT__
       -D __PCLMUL__                         -D __AES__
       -D __AVX__                            -D __F16C__
       -D __AVX_I__                          -D __RDRND__
       -D __FMA__                            -D __FP_FAST_FMA
       -D __FP_FAST_FMAF                     -D __BMI__
       -D __LZCNT__                          -D __AVX2__
       -D __haswell                          -D __haswell__
       -D __tune_haswell__                   -D __core_avx2
       -D __core_avx2__                      -D __tune_core_avx2__
       -D __CRAY_X86_ROME                    -D __CRAYXT_COMPUTE_LINUX_TARGET
       -double_size 64                  no   -d_lines
  no   -Qdyncom                              -error_limit 30
  no   -f66                             no   -f77rtl
  no   -fast                                 -fpscomp nofilesfromcmd
       -fpscomp nogeneral                    -fpscomp noioformat
       -fpscomp noldio_spacing               -fpscomp nologicals
       -fixed                           no   -fpconstant
       -fpe3                                 -fprm nearest
  no   -ftz                                  -fp_model precise
       -fp_model nofast                      -fp_model nostrict
       -fp_model nosource                    -fp_model nodouble
       -fp_model noextended                  -fp_model novery_fast
       -fp_model noexcept                    -fp_model nono_except
       -fp_modbits nofp_contract             -fp_modbits nono_fp_contract
       -fp_modbits nofenv_access             -fp_modbits nono_fenv_access
       -fp_modbits nocx_limited_range        -fp_modbits nono_cx_limited_range
       -fp_modbits noprec_div                -fp_modbits nono_prec_div
       -fp_modbits noprec_sqrt               -fp_modbits nono_prec_sqrt
       -fp_modbits noftz                     -fp_modbits no_ftz
       -fp_modbits nointrin_limited_range       -fp_modbits nono_intrin_limited_range
       -fp_modbits notrunc_compares          -fp_modbits nono_trunc_compares
       -fp_modbits noieee_nan_compares       -fp_modbits nono_ieee_nan_compares
       -fp_modbits nohonor_f32_conversion       -fp_modbits nono_honor_f32_conversion
       -fp_modbits nohonor_f64_conversion       -fp_modbits nono_honor_f64_conversion
       -fp_modbits nono_x87_copy             -fp_modbits nono_no_x87_copy
       -fp_modbits noexception_semantics       -fp_modbits nono_exception_semantics
       -fp_modbits noprecise_libm_functions       -fp_modbits nono_precise_libm_functions
       -heap_arrays 0                   no   -threadprivate_compat
       -g2                                   -iface nomixed_str_len_arg
       -iface nono_mixed_str_len_arg         -init noarrays
       -init nohuge                          -init noinfinity

Page 15          Source Listing                  DIST
2022-02-15 16:36                                 DIST.F

       -init nominus_huge                    -init nominus_infinity
       -init nominus_tiny                    -init nonan
       -init nosnan                          -init notiny
       -init nozero                     no   -intconstant
       -integer_size 32                 no   -mixed_str_len_arg
  no   -module                               -names lowercase
  no   -noinclude                       no   -o
       -offload-build=host                   -openmp-simd
       -O2                              no   -pad_source
       -real_size 32                    no   -recursive
       -reentrancy threaded                  -vec=simd
       -show nofullpath                      -show noinclude
       -show map                             -show options
  no   -syntax_only                     no   -threadcom
  no   -U                               no   -vms
       -w noall                              -w nonone
       -w alignments                         -w nodeclarations
       -w noexternals                        -w general
       -w noignore_bounds                    -w noignore_loc
       -w nointerfaces                       -w noshape
       -w notruncated_source                 -w uncalled
       -w uninitialized                      -w nounused
       -w usage                         no   -wrap-margins

       -includepath : /pe/intel/compilers_and_libraries_2020.4.304/linux/pstl/include/,/pe/intel/compilers_and_libraries_2020.4.304/linux/compiler/include/,
           .f90,./.f90,/opt/cray/pe/mpich/8.1.9/ofi/intel/19.0/include/.f90,/pe/intel/compilers_and_libraries_2020.4.304/linux/ipp/include/.f90,
           /pe/intel/compilers_and_libraries_2020.4.304/linux/mkl/include/.f90,/pe/intel/compilers_and_libraries_2020.4.304/linux/pstl/include/.f90,
           /pe/intel/compilers_and_libraries_2020.4.304/linux/pstl/stdlib/.f90,/pe/intel/compilers_and_libraries_2020.4.304/linux/tbb/include/.f90,
           /pe/intel/compilers_and_libraries_2020.4.304/linux/compiler/include/intel64/.f90,/pe/intel/compilers_and_libraries_2020.4.304/linux/compiler/include/icc/.f90,
           /pe/intel/compilers_and_libraries_2020.4.304/linux/compiler/include/.f90,/usr/lib64/gcc/x86_64-suse-linux/7/include/.f90,
           /usr/lib64/gcc/x86_64-suse-linux/7/include-fixed/.f90,/usr/include/.f90,/usr/include/.f90,/usr/include/.f90
       -list filename : DIST.lst
  no   -o

COMPILER: Intel(R) Fortran 19.1-1655
