Page 1           Source Listing                  MPI_FIRST
2022-02-15 16:37                                 /tmp/ifortTPCYc7.i

      1 # 1 "MPI_FIRST.F"
      2       SUBROUTINE MPI_FIRST
      3 C$$$  SUBPROGRAM DOCUMENTATION BLOCK
      4 C                .      .    .
      5 C   SUBROUTINE:  MPI_FIRST   INTIALIZES MPI STUFF
      6 C   PRGRMMR: TUCCILLO        ORG:  IBM       DATE: 00-01-20
      7 C
      8 C ABSTRACT:   INTIALIZES MPI STUFF
      9 C
     10 C PROGRAM HISTORY LOG:
     11 C   00-01-20  TUCCILLO - ORIGINATOR
     12 C
     13 C USAGE:  CALL MPI_FIRST
     14 C
     15 C   INPUT ARGUMENT LIST:
     16 C
     17 C   OUTPUT ARGUMENT LIST:
     18 C
     19 C   INPUT FILES:  NONE
     20 C
     21 C   OUTPUT FILES:  NONE
     22 C
     23 C   SUBPROGRAMS CALLED:
     24 C     UNIQUE:
     25 C            MPI_INIT
     26 C            MPI_COMM_SIZE
     27 C            MPI_COMM_RANK
     28 C            PARA_RANGE
     29 C
     30 C   EXIT STATES:
     31 C     COND =   0 - NORMAL EXIT
     32 C
     33 C ATTRIBUTES:
     34 C   LANGUAGE: FORTRAN 90
     35 C   MACHINE : IBM SP
     36 C
     37 C$$$
     38 c
     39       include "parmeta"
     62       include "PARA.comm"
     70       include 'mpif.h'
    632       include "mpp.h"
    633 c
    634 C
    693       integer ierr
    694        LNIP = IM/INPES
    695        LNJP=JM/JNPES
    696 c
    697 C***
    698 C***  NUM_PROCS IS THE NUMBER OF TASKS DOING THE QUILTING
    699 C***  IN THIS SERVER GROUP
    700 C***
    701       call mpi_comm_size(mpi_comm_comp,num_procs, ierr )
    702       call mpi_comm_rank(mpi_comm_comp,me, ierr )
    703 c
    704 c     if ( me .eq. 0 ) then
    705          print *, ' num_procs = ',num_procs

Page 2           Source Listing                  MPI_FIRST
2022-02-15 16:37                                 MPI_FIRST.F

    706 c     end if
    707 
    708       if ( num_procs .gt. JNPES ) then
    709          print *, ' too many MPI tasks, max is ',JNPES, ', stopping'
    710          call MPI_ABORT(MPI_COMM_WORLD,1,ierr)
    711       end if
    712 c
    713       if ( num_procs .gt. 1024 ) then
    714          print *, ' too many MPI tasks, max is 1024, stopping'
    715          call MPI_ABORT(MPI_COMM_WORLD,1,ierr)
    716       end if
    717 c
    718 C***
    719 C***  JS_X AND JS_Y ARE THE STARTING AND ENDING ROWS OF TASKS
    720 C***  IN THE MODEL FORECAST DECOMPOSITION THAT WILL BE SENDING
    721 C***  TO EACH QUILT TASK
    722 C***
    723 C***  JSTA IS THE FIRST FORECAST TASK AND JEND IS THE LAST
    724 C***  FORECAST TASK IN THE ENTIRE RANGE OF FORECAST TASKS
    725 C***  THAT WILL BE SENDING TO EACH QUILT TASK.  REMEMBER
    726 C***  THAT AN INTEGER NUMBER OF FORECAST TASK ROWS IS
    727 C***  SENT TO EACH QUILT TASK.
    728 C***
    729       do i = 0, num_procs - 1
    730          call para_range(0,JNPES-1,num_procs,i,js_x,je_x)
    731          jsta(i) = js_x * INPES
    732          jend(i) = jsta(i) + (je_x-js_x+1)*INPES -1
    733          if ( me .eq. 0 ) then
    734             print *, ' task id, jsta, end = ',i,jsta(i),jend(i)
    735          end if
    736       end do
    737 c
    738 c     locations
    739 C
    740 C***  PARAMETER LNIP (LNJP) IS SMALLEST THAT THE I (J) EXTENT
    741 C***  OF EACH SUBDOMAIN CAN BE.
    742 C***  IRMND (JRMND) IS THE NUMBER OF "REMAINDER" I (J) POINTS
    743 C***  THAT WILL BE GIVEN TO THE LEFTMOST (LOWERMOST) PEs.
    744 
    745       IRMND=MOD(IM,INPES)
    746       JRMND=MOD(JM,JNPES)
    747 
    748       DO IPE = 0, NPES - 1
    749 C
    750       IPOSN=MOD(IPE,INPES)+1
    751       JPOSN=IPE/INPES+1
    752 C
    753 C***  GLOBAL LIMITS OF THIS PE's SUBDOMAIN
    754 C
    755       MY_IS_GLB_A(IPE)=(IPOSN-1)*LNIP+MIN(IRMND,IPOSN-1)+1
    756       MY_IE_GLB_A(IPE)=MY_IS_GLB_A(IPE)+LNIP-1
    757       IF(IPOSN.LE.IRMND)MY_IE_GLB_A(IPE)=MY_IE_GLB_A(IPE)+1
    758 C
    759       MY_JS_GLB_A(IPE)=(JPOSN-1)*LNJP+MIN(JRMND,JPOSN-1)+1
    760       MY_JE_GLB_A(IPE)=MY_JS_GLB_A(IPE)+LNJP-1
    761       IF(JPOSN.LE.JRMND)MY_JE_GLB_A(IPE)=MY_JE_GLB_A(IPE)+1
    762 c

Page 3           Source Listing                  MPI_FIRST
2022-02-15 16:37                                 MPI_FIRST.F

    763       if ( me .eq. 0 ) then
    764 c        print *, ' ipe,  MY_IS_GLB,MY_IE_GLB,MY_JS_GLB, MY_JE_GLB =',
    765 c    * ipe, MY_IS_GLB_A(IPE),MY_IE_GLB_A(IPE),
    766 c    * MY_JS_GLB_A(IPE),MY_JE_GLB_A(IPE)
    767       end if
    768       END DO
    769 c
    770 c     dimensioning information
    771 c
    772       MY_ISD = 1
    773       MY_IED = IM
    774       MY_JSD = MY_JS_GLB_A(jsta(me)) -2
    775       MY_JED = MY_JE_GLB_A(jend(me)) +2
    776       IF ( MY_JSD .lt. 1 ) MY_JSD = 1
    777       IF ( MY_JED .gt. JM ) MY_JED = JM
    778 C
    779       print *, ' ME, MY_ISD,MY_IED,MY_JSD,MY_JED = ',
    780      & me, MY_ISD,MY_IED,MY_JSD,MY_JED
    781 C
    782       jsta_i = MY_JS_GLB_A(jsta(me))
    783       jend_i = MY_JE_GLB_A(jend(me))
    784       jsta_im  = jsta_i
    785       jsta_im2 = jsta_i
    786       jend_im  = jend_i
    787       jend_im2 = jend_i
    788       if ( me .eq. 0 ) then
    789          jsta_im  = 2
    790          jsta_im2 = 3
    791       end if
    792       if ( me .eq. num_procs - 1 ) then
    793          jend_im  = jm - 1
    794          jend_im2 = jm - 2
    795       end if
    796 c
    797       print *, ' jsta_i,jend_i,jsta_im,jend_im,jsta_im2,jend_im2= ',
    798      * jsta_i,jend_i,jsta_im,jend_im,jsta_im2,jend_im2
    799 c     neighbors
    800 c
    801       iup = me + 1
    802       idn = me - 1
    803       if ( me .eq. 0 ) then
    804          idn = MPI_PROC_NULL
    805       end if
    806       if ( me .eq. num_procs - 1 ) then
    807          iup = MPI_PROC_NULL
    808       end if
    809 C
    810 c     print *, ' ME, NUM_PROCS = ',me,num_procs
    811 
    812 
    813       end

Page 4           Source Listing                  MPI_FIRST
2022-02-15 16:37 Entry Points                    MPI_FIRST.F



ENTRY POINTS

  Name                  
                        
 mpi_first_             


SYMBOL CROSS REFERENCE

 Name                       Object Declared Type            Bytes Dimen Elements Attributes       References                        
                                                                                                                                    
 GLB_TABLE                  Common 671                                  128      SAVE                                               
 I                          Local  729      I(4)            4           scalar                    729,730,731,732,734               
 IDIM1                      Param  58       I(4)            4           scalar                                                      
 IDIM2                      Param  58       I(4)            4           scalar                                                      
 IERR                       Local  693      I(4)            4           scalar                    701,702,710,715                   
 IGSTL                      Param  53       I(4)            4           scalar                    58                                
 IGSTR                      Param  53       I(4)            4           scalar                    58                                
 IM                         Param  42       I(4)            4           scalar                    55,58,677,678,679,680,681,685,686,
                                                                                                  691,694,745,773                   
 INPES                      Param  50       I(4)            4           scalar                    55,58,661,662,663,672,673,694,731,
                                                                                                  732,745,750,751                   
 IPE                        Local  748      I(4)            4           scalar                    748,750,751,755,756,757,759,760,76
                                                                                                  1                                 
 IPOSN                      Local  750      I(4)            4           scalar                    750,755,757                       
 IRMND                      Local  745      I(4)            4           scalar                    745,755,757                       
 ITAIL                      Param  55       I(4)            4           scalar                                                      
 JDIM1                      Param  59       I(4)            4           scalar                                                      
 JDIM2                      Param  59       I(4)            4           scalar                                                      
 JE_X                       Local  730      I(4)            4           scalar                    730,732                           
 JGSTL                      Param  54       I(4)            4           scalar                    59                                
 JGSTR                      Param  54       I(4)            4           scalar                    59                                
 JM                         Param  42       I(4)            4           scalar                    56,59,677,678,679,680,681,685,686,
                                                                                                  691,695,746,777,793,794           
 JNPES                      Param  50       I(4)            4           scalar                    56,59,661,662,663,672,673,695,708,
                                                                                                  709,730,746                       
 JPOSN                      Local  751      I(4)            4           scalar                    751,759,761                       
 JRMND                      Local  746      I(4)            4           scalar                    746,759,761                       
 JS_X                       Local  730      I(4)            4           scalar                    730,731,732                       
 JTAIL                      Param  56       I(4)            4           scalar                                                      
 LM                         Param  42       I(4)            4           scalar                    686                               
 LNIP                       Local  694      I(4)            4           scalar                    694,755,756                       
 LNJP                       Local  695      I(4)            4           scalar                    695,759,760                       
 LSM                        Param  42       I(4)            4           scalar                                                      
 MAPPINGS                   Common 690                                  5024     SAVE                                               
 MIN                        Func   755                                  scalar                    755,759                           
 MOD                        Func   745                                  scalar                    745,746,750                       
 MPIFCMB5                   Common 620                                  4        SAVE                                               
 MPIFCMB9                   Common 621                                  4        SAVE                                               
 MPIPRIV1                   Common 625                                  28       SAVE                                               
 MPIPRIV2                   Common 627                                  24       SAVE                                               
 MPIPRIVC                   Common 630                                  2        SAVE                                               
 MPI_2DOUBLE_PRECISION      Param  366      I(4)            4           scalar                                                      
 MPI_2INT                   Param  450      I(4)            4           scalar                                                      
 MPI_2INTEGER               Param  364      I(4)            4           scalar                                                      

Page 5           Source Listing                  MPI_FIRST
2022-02-15 16:37 Symbol Table                    MPI_FIRST.F

 Name                       Object Declared Type            Bytes Dimen Elements Attributes       References                        
                                                                                                                                    
 MPI_2REAL                  Param  368      I(4)            4           scalar                                                      
 MPI_ABORT                  Subr   710                                                            710,715                           
 MPI_ADDRESS_KIND           Param  402      I(4)            4           scalar                                                      
 MPI_AINT                   Param  480      I(4)            4           scalar                                                      
 MPI_ANY_SOURCE             Param  332      I(4)            4           scalar                                                      
 MPI_ANY_TAG                Param  334      I(4)            4           scalar                                                      
 MPI_APPNUM                 Param  296      I(4)            4           scalar                                                      
 MPI_ASYNC_PROTECTS_NONBLOC                                                                                                         
 KING                       Param  602      L(4)            4           scalar                                                      
 MPI_BAND                   Param  240      I(4)            4           scalar                                                      
 MPI_BOR                    Param  244      I(4)            4           scalar                                                      
 MPI_BSEND_OVERHEAD         Param  328      I(4)            4           scalar                                                      
 MPI_BXOR                   Param  248      I(4)            4           scalar                                                      
 MPI_BYTE                   Param  372      I(4)            4           scalar                                                      
 MPI_CART                   Param  340      I(4)            4           scalar                                                      
 MPI_CHAR                   Param  410      I(4)            4           scalar                                                      
 MPI_CHARACTER              Param  370      I(4)            4           scalar                                                      
 MPI_COMBINER_CONTIGUOUS    Param  498      I(4)            4           scalar                                                      
 MPI_COMBINER_DARRAY        Param  520      I(4)            4           scalar                                                      
 MPI_COMBINER_DUP           Param  496      I(4)            4           scalar                                                      
 MPI_COMBINER_F90_COMPLEX   Param  524      I(4)            4           scalar                                                      
 MPI_COMBINER_F90_INTEGER   Param  526      I(4)            4           scalar                                                      
 MPI_COMBINER_F90_REAL      Param  522      I(4)            4           scalar                                                      
 MPI_COMBINER_HINDEXED      Param  510      I(4)            4           scalar                                                      
 MPI_COMBINER_HINDEXED_BLOC                                                                                                         
 K                          Param  530      I(4)            4           scalar                                                      
 MPI_COMBINER_HINDEXED_INTE                                                                                                         
 GER                        Param  508      I(4)            4           scalar                                                      
 MPI_COMBINER_HVECTOR       Param  504      I(4)            4           scalar                                                      
 MPI_COMBINER_HVECTOR_INTEG                                                                                                         
 ER                         Param  502      I(4)            4           scalar                                                      
 MPI_COMBINER_INDEXED       Param  506      I(4)            4           scalar                                                      
 MPI_COMBINER_INDEXED_BLOCK Param  512      I(4)            4           scalar                                                      
 MPI_COMBINER_NAMED         Param  494      I(4)            4           scalar                                                      
 MPI_COMBINER_RESIZED       Param  528      I(4)            4           scalar                                                      
 MPI_COMBINER_STRUCT        Param  516      I(4)            4           scalar                                                      
 MPI_COMBINER_STRUCT_INTEGE                                                                                                         
 R                          Param  514      I(4)            4           scalar                                                      
 MPI_COMBINER_SUBARRAY      Param  518      I(4)            4           scalar                                                      
 MPI_COMBINER_VECTOR        Param  500      I(4)            4           scalar                                                      
 MPI_COMM_DUP_FN            Subr   609                                  scalar                                                      
 MPI_COMM_NULL              Param  264      I(4)            4           scalar                                                      
 MPI_COMM_NULL_COPY_FN      Subr   610                                  scalar                                                      
 MPI_COMM_NULL_DELETE_FN    Subr   609                                  scalar                                                      
 MPI_COMM_RANK              Subr   702                                                            702                               
 MPI_COMM_SELF              Param  260      I(4)            4           scalar                                                      
 MPI_COMM_SIZE              Subr   701                                                            701                               
 MPI_COMM_TYPE_SHARED       Param  548      I(4)            4           scalar                                                      
 MPI_COMM_WORLD             Param  258      I(4)            4           scalar                    710,715                           
 MPI_COMPLEX                Param  352      I(4)            4           scalar                                                      
 MPI_COMPLEX16              Param  398      I(4)            4           scalar                                                      
 MPI_COMPLEX32              Param  400      I(4)            4           scalar                                                      
 MPI_COMPLEX8               Param  396      I(4)            4           scalar                                                      
 MPI_CONGRUENT              Param  212      I(4)            4           scalar                                                      
 MPI_CONVERSION_FN_NULL     Subr   615                                  scalar                                                      

Page 6           Source Listing                  MPI_FIRST
2022-02-15 16:37 Symbol Table                    MPI_FIRST.F

 Name                       Object Declared Type            Bytes Dimen Elements Attributes       References                        
                                                                                                                                    
 MPI_COUNT                  Param  484      I(4)            4           scalar                                                      
 MPI_COUNT_KIND             Param  406      I(4)            4           scalar                                                      
 MPI_CXX_BOOL               Param  486      I(4)            4           scalar                                                      
 MPI_CXX_DOUBLE_COMPLEX     Param  490      I(4)            4           scalar                                                      
 MPI_CXX_FLOAT_COMPLEX      Param  488      I(4)            4           scalar                                                      
 MPI_CXX_LONG_DOUBLE_COMPLE                                                                                                         
 X                          Param  492      I(4)            4           scalar                                                      
 MPI_C_BOOL                 Param  470      I(4)            4           scalar                                                      
 MPI_C_COMPLEX              Param  474      I(4)            4           scalar                                                      
 MPI_C_DOUBLE_COMPLEX       Param  476      I(4)            4           scalar                                                      
 MPI_C_FLOAT_COMPLEX        Param  472      I(4)            4           scalar                                                      
 MPI_C_LONG_DOUBLE_COMPLEX  Param  478      I(4)            4           scalar                                                      
 MPI_DATATYPE_NULL          Param  274      I(4)            4           scalar                    389,487,489,491,493               
 MPI_DISPLACEMENT_CURRENT   Param  598      I(8)            8           scalar                                                      
 MPI_DISTRIBUTE_BLOCK       Param  590      I(4)            4           scalar                                                      
 MPI_DISTRIBUTE_CYCLIC      Param  592      I(4)            4           scalar                                                      
 MPI_DISTRIBUTE_DFLT_DARG   Param  596      I(4)            4           scalar                                                      
 MPI_DISTRIBUTE_NONE        Param  594      I(4)            4           scalar                                                      
 MPI_DIST_GRAPH             Param  342      I(4)            4           scalar                                                      
 MPI_DOUBLE                 Param  432      I(4)            4           scalar                                                      
 MPI_DOUBLE_COMPLEX         Param  354      I(4)            4           scalar                                                      
 MPI_DOUBLE_INT             Param  444      I(4)            4           scalar                                                      
 MPI_DOUBLE_PRECISION       Param  360      I(4)            4           scalar                                                      
 MPI_DUP_FN                 Subr   606                                  scalar                                                      
 MPI_ERRHANDLER_NULL        Param  278      I(4)            4           scalar                                                      
 MPI_ERROR                  Param  79       I(4)            4           scalar                                                      
 MPI_ERRORS_ARE_FATAL       Param  206      I(4)            4           scalar                                                      
 MPI_ERRORS_RETURN          Param  208      I(4)            4           scalar                                                      
 MPI_ERR_ACCESS             Param  192      I(4)            4           scalar                                                      
 MPI_ERR_AMODE              Param  158      I(4)            4           scalar                                                      
 MPI_ERR_ARG                Param  168      I(4)            4           scalar                                                      
 MPI_ERR_ASSERT             Param  102      I(4)            4           scalar                                                      
 MPI_ERR_BAD_FILE           Param  164      I(4)            4           scalar                                                      
 MPI_ERR_BASE               Param  202      I(4)            4           scalar                                                      
 MPI_ERR_BUFFER             Param  120      I(4)            4           scalar                                                      
 MPI_ERR_COMM               Param  200      I(4)            4           scalar                                                      
 MPI_ERR_CONVERSION         Param  182      I(4)            4           scalar                                                      
 MPI_ERR_COUNT              Param  112      I(4)            4           scalar                                                      
 MPI_ERR_DIMS               Param  90       I(4)            4           scalar                                                      
 MPI_ERR_DISP               Param  148      I(4)            4           scalar                                                      
 MPI_ERR_DUP_DATAREP        Param  178      I(4)            4           scalar                                                      
 MPI_ERR_FILE               Param  138      I(4)            4           scalar                                                      
 MPI_ERR_FILE_EXISTS        Param  190      I(4)            4           scalar                                                      
 MPI_ERR_FILE_IN_USE        Param  184      I(4)            4           scalar                                                      
 MPI_ERR_GROUP              Param  100      I(4)            4           scalar                                                      
 MPI_ERR_INFO               Param  106      I(4)            4           scalar                                                      
 MPI_ERR_INFO_KEY           Param  136      I(4)            4           scalar                                                      
 MPI_ERR_INFO_NOKEY         Param  180      I(4)            4           scalar                                                      
 MPI_ERR_INFO_VALUE         Param  128      I(4)            4           scalar                                                      
 MPI_ERR_INTERN             Param  156      I(4)            4           scalar                                                      
 MPI_ERR_IN_STATUS          Param  130      I(4)            4           scalar                                                      
 MPI_ERR_IO                 Param  116      I(4)            4           scalar                                                      
 MPI_ERR_KEYVAL             Param  160      I(4)            4           scalar                                                      
 MPI_ERR_LASTCODE           Param  196      I(4)            4           scalar                                                      
 MPI_ERR_LOCKTYPE           Param  176      I(4)            4           scalar                                                      

Page 7           Source Listing                  MPI_FIRST
2022-02-15 16:37 Symbol Table                    MPI_FIRST.F

 Name                       Object Declared Type            Bytes Dimen Elements Attributes       References                        
                                                                                                                                    
 MPI_ERR_NAME               Param  96       I(4)            4           scalar                                                      
 MPI_ERR_NOT_SAME           Param  114      I(4)            4           scalar                                                      
 MPI_ERR_NO_MEM             Param  126      I(4)            4           scalar                                                      
 MPI_ERR_NO_SPACE           Param  118      I(4)            4           scalar                                                      
 MPI_ERR_NO_SUCH_FILE       Param  188      I(4)            4           scalar                                                      
 MPI_ERR_OP                 Param  92       I(4)            4           scalar                                                      
 MPI_ERR_OTHER              Param  144      I(4)            4           scalar                                                      
 MPI_ERR_PENDING            Param  132      I(4)            4           scalar                                                      
 MPI_ERR_PORT               Param  122      I(4)            4           scalar                                                      
 MPI_ERR_QUOTA              Param  94       I(4)            4           scalar                                                      
 MPI_ERR_RANK               Param  198      I(4)            4           scalar                                                      
 MPI_ERR_READ_ONLY          Param  140      I(4)            4           scalar                                                      
 MPI_ERR_REQUEST            Param  142      I(4)            4           scalar                                                      
 MPI_ERR_RMA_ATTACH         Param  124      I(4)            4           scalar                                                      
 MPI_ERR_RMA_CONFLICT       Param  110      I(4)            4           scalar                                                      
 MPI_ERR_RMA_FLAVOR         Param  98       I(4)            4           scalar                                                      
 MPI_ERR_RMA_RANGE          Param  134      I(4)            4           scalar                                                      
 MPI_ERR_RMA_SHARED         Param  194      I(4)            4           scalar                                                      
 MPI_ERR_RMA_SYNC           Param  174      I(4)            4           scalar                                                      
 MPI_ERR_ROOT               Param  162      I(4)            4           scalar                                                      
 MPI_ERR_SERVICE            Param  186      I(4)            4           scalar                                                      
 MPI_ERR_SIZE               Param  108      I(4)            4           scalar                                                      
 MPI_ERR_SPAWN              Param  150      I(4)            4           scalar                                                      
 MPI_ERR_TAG                Param  170      I(4)            4           scalar                                                      
 MPI_ERR_TOPOLOGY           Param  172      I(4)            4           scalar                                                      
 MPI_ERR_TRUNCATE           Param  146      I(4)            4           scalar                                                      
 MPI_ERR_TYPE               Param  166      I(4)            4           scalar                                                      
 MPI_ERR_UNKNOWN            Param  154      I(4)            4           scalar                                                      
 MPI_ERR_UNSUPPORTED_DATARE                                                                                                         
 P                          Param  104      I(4)            4           scalar                                                      
 MPI_ERR_UNSUPPORTED_OPERAT                                                                                                         
 ION                        Param  152      I(4)            4           scalar                                                      
 MPI_ERR_WIN                Param  204      I(4)            4           scalar                                                      
 MPI_FILE_NULL              Param  268      I(4)            4           scalar                                                      
 MPI_FIRST                  Subr   2                                                                                                
 MPI_FLOAT                  Param  430      I(4)            4           scalar                                                      
 MPI_FLOAT_INT              Param  442      I(4)            4           scalar                                                      
 MPI_GRAPH                  Param  338      I(4)            4           scalar                                                      
 MPI_GROUP_EMPTY            Param  262      I(4)            4           scalar                                                      
 MPI_GROUP_NULL             Param  270      I(4)            4           scalar                                                      
 MPI_HOST                   Param  286      I(4)            4           scalar                                                      
 MPI_IDENT                  Param  210      I(4)            4           scalar                                                      
 MPI_INFO_ENV               Param  282      I(4)            4           scalar                                                      
 MPI_INFO_NULL              Param  280      I(4)            4           scalar                                                      
 MPI_INT                    Param  422      I(4)            4           scalar                                                      
 MPI_INT16_T                Param  456      I(4)            4           scalar                                                      
 MPI_INT32_T                Param  458      I(4)            4           scalar                                                      
 MPI_INT64_T                Param  460      I(4)            4           scalar                                                      
 MPI_INT8_T                 Param  454      I(4)            4           scalar                                                      
 MPI_INTEGER                Param  362      I(4)            4           scalar                                                      
 MPI_INTEGER1               Param  380      I(4)            4           scalar                                                      
 MPI_INTEGER16              Param  388      I(4)            4           scalar                                                      
 MPI_INTEGER2               Param  382      I(4)            4           scalar                                                      
 MPI_INTEGER4               Param  384      I(4)            4           scalar                                                      
 MPI_INTEGER8               Param  386      I(4)            4           scalar                                                      

Page 8           Source Listing                  MPI_FIRST
2022-02-15 16:37 Symbol Table                    MPI_FIRST.F

 Name                       Object Declared Type            Bytes Dimen Elements Attributes       References                        
                                                                                                                                    
 MPI_INTEGER_KIND           Param  408      I(4)            4           scalar                                                      
 MPI_IO                     Param  288      I(4)            4           scalar                                                      
 MPI_KEYVAL_INVALID         Param  326      I(4)            4           scalar                                                      
 MPI_LAND                   Param  238      I(4)            4           scalar                                                      
 MPI_LASTUSEDCODE           Param  294      I(4)            4           scalar                                                      
 MPI_LB                     Param  376      I(4)            4           scalar                                                      
 MPI_LOCK_EXCLUSIVE         Param  348      I(4)            4           scalar                                                      
 MPI_LOCK_SHARED            Param  350      I(4)            4           scalar                                                      
 MPI_LOGICAL                Param  356      I(4)            4           scalar                                                      
 MPI_LONG                   Param  426      I(4)            4           scalar                                                      
 MPI_LONG_DOUBLE            Param  434      I(4)            4           scalar                                                      
 MPI_LONG_DOUBLE_INT        Param  452      I(4)            4           scalar                                                      
 MPI_LONG_INT               Param  446      I(4)            4           scalar                                                      
 MPI_LONG_LONG              Param  440      I(4)            4           scalar                                                      
 MPI_LONG_LONG_INT          Param  436      I(4)            4           scalar                                                      
 MPI_LOR                    Param  242      I(4)            4           scalar                                                      
 MPI_LXOR                   Param  246      I(4)            4           scalar                                                      
 MPI_MAX                    Param  230      I(4)            4           scalar                                                      
 MPI_MAXLOC                 Param  252      I(4)            4           scalar                                                      
 MPI_MAX_DATAREP_STRING     Param  320      I(4)            4           scalar                                                      
 MPI_MAX_ERROR_STRING       Param  308      I(4)            4           scalar                                                      
 MPI_MAX_INFO_KEY           Param  314      I(4)            4           scalar                                                      
 MPI_MAX_INFO_VAL           Param  316      I(4)            4           scalar                                                      
 MPI_MAX_LIBRARY_VERSION_ST                                                                                                         
 RING                       Param  322      I(4)            4           scalar                                                      
 MPI_MAX_OBJECT_NAME        Param  312      I(4)            4           scalar                                                      
 MPI_MAX_PORT_NAME          Param  310      I(4)            4           scalar                                                      
 MPI_MAX_PROCESSOR_NAME     Param  318      I(4)            4           scalar                                                      
 MPI_MESSAGE_NO_PROC        Param  552      I(4)            4           scalar                                                      
 MPI_MESSAGE_NULL           Param  550      I(4)            4           scalar                                                      
 MPI_MIN                    Param  232      I(4)            4           scalar                                                      
 MPI_MINLOC                 Param  250      I(4)            4           scalar                                                      
 MPI_MODE_APPEND            Param  576      I(4)            4           scalar                                                      
 MPI_MODE_CREATE            Param  572      I(4)            4           scalar                                                      
 MPI_MODE_DELETE_ON_CLOSE   Param  568      I(4)            4           scalar                                                      
 MPI_MODE_EXCL              Param  574      I(4)            4           scalar                                                      
 MPI_MODE_NOCHECK           Param  538      I(4)            4           scalar                                                      
 MPI_MODE_NOPRECEDE         Param  544      I(4)            4           scalar                                                      
 MPI_MODE_NOPUT             Param  542      I(4)            4           scalar                                                      
 MPI_MODE_NOSTORE           Param  540      I(4)            4           scalar                                                      
 MPI_MODE_NOSUCCEED         Param  546      I(4)            4           scalar                                                      
 MPI_MODE_RDONLY            Param  562      I(4)            4           scalar                                                      
 MPI_MODE_RDWR              Param  564      I(4)            4           scalar                                                      
 MPI_MODE_SEQUENTIAL        Param  578      I(4)            4           scalar                                                      
 MPI_MODE_UNIQUE_OPEN       Param  570      I(4)            4           scalar                                                      
 MPI_MODE_WRONLY            Param  566      I(4)            4           scalar                                                      
 MPI_NO_OP                  Param  256      I(4)            4           scalar                                                      
 MPI_NULL_COPY_FN           Subr   606                                  scalar                                                      
 MPI_NULL_DELETE_FN         Subr   606                                  scalar                                                      
 MPI_OFFSET                 Param  482      I(4)            4           scalar                                                      
 MPI_OFFSET_KIND            Param  404      I(4)            4           scalar                                                      
 MPI_OP_NULL                Param  272      I(4)            4           scalar                                                      
 MPI_ORDER_C                Param  586      I(4)            4           scalar                                                      
 MPI_ORDER_FORTRAN          Param  588      I(4)            4           scalar                                                      
 MPI_PACKED                 Param  378      I(4)            4           scalar                                                      

Page 9           Source Listing                  MPI_FIRST
2022-02-15 16:37 Symbol Table                    MPI_FIRST.F

 Name                       Object Declared Type            Bytes Dimen Elements Attributes       References                        
                                                                                                                                    
 MPI_PROC_NULL              Param  330      I(4)            4           scalar                    804,807                           
 MPI_PROD                   Param  236      I(4)            4           scalar                                                      
 MPI_REAL                   Param  358      I(4)            4           scalar                                                      
 MPI_REAL16                 Param  394      I(4)            4           scalar                                                      
 MPI_REAL4                  Param  390      I(4)            4           scalar                                                      
 MPI_REAL8                  Param  392      I(4)            4           scalar                                                      
 MPI_REPLACE                Param  254      I(4)            4           scalar                                                      
 MPI_REQUEST_NULL           Param  276      I(4)            4           scalar                                                      
 MPI_ROOT                   Param  336      I(4)            4           scalar                                                      
 MPI_SEEK_CUR               Param  582      I(4)            4           scalar                                                      
 MPI_SEEK_END               Param  584      I(4)            4           scalar                                                      
 MPI_SEEK_SET               Param  580      I(4)            4           scalar                                                      
 MPI_SHORT                  Param  418      I(4)            4           scalar                                                      
 MPI_SHORT_INT              Param  448      I(4)            4           scalar                                                      
 MPI_SIGNED_CHAR            Param  412      I(4)            4           scalar                                                      
 MPI_SIMILAR                Param  214      I(4)            4           scalar                                                      
 MPI_SOURCE                 Param  79       I(4)            4           scalar                                                      
 MPI_STATUS_SIZE            Param  81       I(4)            4           scalar                    83,84                             
 MPI_SUBARRAYS_SUPPORTED    Param  600      L(4)            4           scalar                                                      
 MPI_SUBVERSION             Param  346      I(4)            4           scalar                                                      
 MPI_SUCCESS                Param  88       I(4)            4           scalar                                                      
 MPI_SUM                    Param  234      I(4)            4           scalar                                                      
 MPI_TAG                    Param  79       I(4)            4           scalar                                                      
 MPI_TAG_UB                 Param  284      I(4)            4           scalar                                                      
 MPI_THREAD_FUNNELED        Param  556      I(4)            4           scalar                                                      
 MPI_THREAD_MULTIPLE        Param  560      I(4)            4           scalar                                                      
 MPI_THREAD_SERIALIZED      Param  558      I(4)            4           scalar                                                      
 MPI_THREAD_SINGLE          Param  554      I(4)            4           scalar                                                      
 MPI_TYPECLASS_COMPLEX      Param  536      I(4)            4           scalar                                                      
 MPI_TYPECLASS_INTEGER      Param  534      I(4)            4           scalar                                                      
 MPI_TYPECLASS_REAL         Param  532      I(4)            4           scalar                                                      
 MPI_TYPE_DUP_FN            Subr   613                                  scalar                                                      
 MPI_TYPE_NULL_COPY_FN      Subr   614                                  scalar                                                      
 MPI_TYPE_NULL_DELETE_FN    Subr   613                                  scalar                                                      
 MPI_UB                     Param  374      I(4)            4           scalar                                                      
 MPI_UINT16_T               Param  464      I(4)            4           scalar                                                      
 MPI_UINT32_T               Param  466      I(4)            4           scalar                                                      
 MPI_UINT64_T               Param  468      I(4)            4           scalar                                                      
 MPI_UINT8_T                Param  462      I(4)            4           scalar                                                      
 MPI_UNDEFINED              Param  324      I(4)            4           scalar                                                      
 MPI_UNEQUAL                Param  216      I(4)            4           scalar                                                      
 MPI_UNIVERSE_SIZE          Param  292      I(4)            4           scalar                                                      
 MPI_UNSIGNED               Param  424      I(4)            4           scalar                                                      
 MPI_UNSIGNED_CHAR          Param  414      I(4)            4           scalar                                                      
 MPI_UNSIGNED_LONG          Param  428      I(4)            4           scalar                                                      
 MPI_UNSIGNED_LONG_LONG     Param  438      I(4)            4           scalar                                                      
 MPI_UNSIGNED_SHORT         Param  420      I(4)            4           scalar                                                      
 MPI_VERSION                Param  344      I(4)            4           scalar                                                      
 MPI_WCHAR                  Param  416      I(4)            4           scalar                                                      
 MPI_WIN_BASE               Param  298      I(4)            4           scalar                                                      
 MPI_WIN_CREATE_FLAVOR      Param  304      I(4)            4           scalar                                                      
 MPI_WIN_DISP_UNIT          Param  302      I(4)            4           scalar                                                      
 MPI_WIN_DUP_FN             Subr   611                                  scalar                                                      
 MPI_WIN_FLAVOR_ALLOCATE    Param  220      I(4)            4           scalar                                                      
 MPI_WIN_FLAVOR_CREATE      Param  218      I(4)            4           scalar                                                      

Page 10          Source Listing                  MPI_FIRST
2022-02-15 16:37 Symbol Table                    MPI_FIRST.F

 Name                       Object Declared Type            Bytes Dimen Elements Attributes       References                        
                                                                                                                                    
 MPI_WIN_FLAVOR_DYNAMIC     Param  222      I(4)            4           scalar                                                      
 MPI_WIN_FLAVOR_SHARED      Param  224      I(4)            4           scalar                                                      
 MPI_WIN_MODEL              Param  306      I(4)            4           scalar                                                      
 MPI_WIN_NULL               Param  266      I(4)            4           scalar                                                      
 MPI_WIN_NULL_COPY_FN       Subr   612                                  scalar                                                      
 MPI_WIN_NULL_DELETE_FN     Subr   611                                  scalar                                                      
 MPI_WIN_SEPARATE           Param  226      I(4)            4           scalar                                                      
 MPI_WIN_SIZE               Param  300      I(4)            4           scalar                                                      
 MPI_WIN_UNIFIED            Param  228      I(4)            4           scalar                                                      
 MPI_WTICK                  Func   607      R(8)            8           scalar                                                      
 MPI_WTIME                  Func   607      R(8)            8           scalar                                                      
 MPI_WTIME_IS_GLOBAL        Param  290      I(4)            4           scalar                                                      
 MPPCOM                     Common 635                                  1464     SAVE                                               
 PARA                       Common 63                                   24632    SAVE                                               
 PARA_RANGE                 Subr   730                                                            730                               
 PMPI_WTICK                 Func   608      R(8)            8           scalar                                                      
 PMPI_WTIME                 Func   608      R(8)            8           scalar                                                      
 TEMPCOM                    Common 676                                  6603768  SAVE                                               
 TOPO                       Common 684                                  17478548 SAVE                                               


TYPE COMPONENTS/COMMON VARIABLES

 Name                       Type            Bytes Offset   Dimen Elements Attributes       References                         
                                                                                                                              
 G2LI                       I(4)            4     0        1     239      COM                                                 
 G2LJ                       I(4)            4     1912     1     389      COM                                                 
 HTMG                       R(4)            4     743768   3     4183695  COM                                                 
 IBROW                      I(4)            4     404            scalar   COM                                                 
 ICHUNKTAB                  I(4)            4     620      1     8        COM                                                 
 IDN                        I(4)            4     24628          scalar   COM              802,804                            
 IE_GLB_TABLE               I(4)            4     32       1     8        COM                                                 
 IE_LOC_TABLE               I(4)            4     556      1     8        COM                                                 
 ILCOL                      I(4)            4     396            scalar   COM                                                 
 ILPAD1                     I(4)            4     412            scalar   COM                                                 
 ILPAD2                     I(4)            4     416            scalar   COM                                                 
 ILPAD3                     I(4)            4     420            scalar   COM                                                 
 ILPAD4                     I(4)            4     424            scalar   COM                                                 
 ILPAD5                     I(4)            4     428            scalar   COM                                                 
 INUMQ                      I(4)            4     1064     1     100      COM                                                 
 IQUILT_GROUP               I(4)            4     1060           scalar   COM                                                 
 IRCOL                      I(4)            4     400            scalar   COM                                                 
 IRPAD1                     I(4)            4     432            scalar   COM                                                 
 IRPAD2                     I(4)            4     436            scalar   COM                                                 
 IRPAD3                     I(4)            4     440            scalar   COM                                                 
 IRPAD4                     I(4)            4     444            scalar   COM                                                 
 IRPAD5                     I(4)            4     448            scalar   COM                                                 
 IS_GLB_TABLE               I(4)            4     0        1     8        COM                                                 
 IS_LOC_TABLE               I(4)            4     492      1     8        COM                                                 
 ITEMP                      I(4)            4     5870016  2     91719    COM                                                 
 ITEMP2                     I(4)            4     6236892  2     91719    COM                                                 
 ITROW                      I(4)            4     408            scalar   COM                                                 
 IUP                        I(4)            4     24624          scalar   COM              801,807                            
 JBPAD1                     I(4)            4     452            scalar   COM                                                 
 JBPAD2                     I(4)            4     456            scalar   COM                                                 

Page 11          Source Listing                  MPI_FIRST
2022-02-15 16:37 Symbol Table                    MPI_FIRST.F

 Name                       Type            Bytes Offset   Dimen Elements Attributes       References                         
                                                                                                                              
 JBPAD3                     I(4)            4     460            scalar   COM                                                 
 JBPAD4                     I(4)            4     464            scalar   COM                                                 
 JBPAD5                     I(4)            4     468            scalar   COM                                                 
 JEND                       I(4)            4     4104     1     1024     COM              732,734,775,783                    
 JEND_I                     I(4)            4     24604          scalar   COM              783,786,787,798                    
 JEND_IM                    I(4)            4     24612          scalar   COM              786,793,798                        
 JEND_IM2                   I(4)            4     24620          scalar   COM              787,794,798                        
 JE_GLB_TABLE               I(4)            4     96       1     8        COM                                                 
 JE_LOC_TABLE               I(4)            4     588      1     8        COM                                                 
 JSTA                       I(4)            4     8        1     1024     COM              731,732,734,774,782                
 JSTA_I                     I(4)            4     24600          scalar   COM              782,784,785,798                    
 JSTA_IM                    I(4)            4     24608          scalar   COM              784,789,798                        
 JSTA_IM2                   I(4)            4     24616          scalar   COM              785,790,798                        
 JS_GLB_TABLE               I(4)            4     64       1     8        COM                                                 
 JS_LOC_TABLE               I(4)            4     524      1     8        COM                                                 
 JTPAD1                     I(4)            4     472            scalar   COM                                                 
 JTPAD2                     I(4)            4     476            scalar   COM                                                 
 JTPAD3                     I(4)            4     480            scalar   COM                                                 
 JTPAD4                     I(4)            4     484            scalar   COM                                                 
 JTPAD5                     I(4)            4     488            scalar   COM                                                 
 L2GI                       I(4)            4     956      1     239      COM                                                 
 L2GJ                       I(4)            4     3468     1     389      COM                                                 
 ME                         I(4)            4     4              scalar   COM              702,733,763,774,775,780,782,783,78 
                                                                                           8,792,801,802,803,806              
 MPI_ARGVS_NULL             CHAR            1     0        2     1        COM                                                 
 MPI_ARGV_NULL              CHAR            1     1        1     1        COM                                                 
 MPI_BOTTOM                 I(4)            4     0              scalar   COM                                                 
 MPI_COMM_COMP              I(4)            4     652            scalar   COM              701,702                            
 MPI_COMM_INTER             I(4)            4     656            scalar   COM                                                 
 MPI_COMM_INTER_ARRAY       I(4)            4     660      1     100      COM                                                 
 MPI_ERRCODES_IGNORE        I(4)            4     20       1     1        COM                                                 
 MPI_IN_PLACE               I(4)            4     4              scalar   COM                                                 
 MPI_STATUSES_IGNORE        I(4)            4     0        2     5        COM                                                 
 MPI_STATUS_IGNORE          I(4)            4     8        1     5        COM                                                 
 MPI_UNWEIGHTED             I(4)            4     0              scalar   COM                                                 
 MPI_WEIGHTS_EMPTY          I(4)            4     0              scalar   COM                                                 
 MYIE                       I(4)            4     52             scalar   COM                                                 
 MYIE1                      I(4)            4     56             scalar   COM                                                 
 MYIE1_P1                   I(4)            4     120            scalar   COM                                                 
 MYIE1_P2                   I(4)            4     124            scalar   COM                                                 
 MYIE1_P3                   I(4)            4     128            scalar   COM                                                 
 MYIE1_P4                   I(4)            4     132            scalar   COM                                                 
 MYIE2                      I(4)            4     60             scalar   COM                                                 
 MYIE2_P1                   I(4)            4     136            scalar   COM                                                 
 MYIE_P1                    I(4)            4     100            scalar   COM                                                 
 MYIE_P2                    I(4)            4     104            scalar   COM                                                 
 MYIE_P3                    I(4)            4     108            scalar   COM                                                 
 MYIE_P4                    I(4)            4     112            scalar   COM                                                 
 MYIE_P5                    I(4)            4     116            scalar   COM                                                 
 MYIS                       I(4)            4     40             scalar   COM                                                 
 MYIS1                      I(4)            4     44             scalar   COM                                                 
 MYIS1_P1                   I(4)            4     84             scalar   COM                                                 
 MYIS1_P2                   I(4)            4     88             scalar   COM                                                 
 MYIS1_P3                   I(4)            4     92             scalar   COM                                                 
 MYIS1_P4                   I(4)            4     96             scalar   COM                                                 

Page 12          Source Listing                  MPI_FIRST
2022-02-15 16:37 Symbol Table                    MPI_FIRST.F

 Name                       Type            Bytes Offset   Dimen Elements Attributes       References                         
                                                                                                                              
 MYIS2                      I(4)            4     48             scalar   COM                                                 
 MYIS_P1                    I(4)            4     64             scalar   COM                                                 
 MYIS_P2                    I(4)            4     68             scalar   COM                                                 
 MYIS_P3                    I(4)            4     72             scalar   COM                                                 
 MYIS_P4                    I(4)            4     76             scalar   COM                                                 
 MYIS_P5                    I(4)            4     80             scalar   COM                                                 
 MYJE                       I(4)            4     236            scalar   COM                                                 
 MYJE1                      I(4)            4     240            scalar   COM                                                 
 MYJE1_P1                   I(4)            4     280            scalar   COM                                                 
 MYJE1_P2                   I(4)            4     284            scalar   COM                                                 
 MYJE1_P3                   I(4)            4     288            scalar   COM                                                 
 MYJE1_P4                   I(4)            4     292            scalar   COM                                                 
 MYJE2                      I(4)            4     244            scalar   COM                                                 
 MYJE2_P1                   I(4)            4     296            scalar   COM                                                 
 MYJE2_P2                   I(4)            4     300            scalar   COM                                                 
 MYJE2_P3                   I(4)            4     304            scalar   COM                                                 
 MYJE2_P4                   I(4)            4     308            scalar   COM                                                 
 MYJE3                      I(4)            4     248            scalar   COM                                                 
 MYJE3_P4                   I(4)            4     312            scalar   COM                                                 
 MYJE4                      I(4)            4     252            scalar   COM                                                 
 MYJE4_P1                   I(4)            4     316            scalar   COM                                                 
 MYJE4_P4                   I(4)            4     320            scalar   COM                                                 
 MYJE5                      I(4)            4     256            scalar   COM                                                 
 MYJE5_P1                   I(4)            4     324            scalar   COM                                                 
 MYJE5_P2                   I(4)            4     328            scalar   COM                                                 
 MYJE_P1                    I(4)            4     260            scalar   COM                                                 
 MYJE_P2                    I(4)            4     264            scalar   COM                                                 
 MYJE_P3                    I(4)            4     268            scalar   COM                                                 
 MYJE_P4                    I(4)            4     272            scalar   COM                                                 
 MYJE_P5                    I(4)            4     276            scalar   COM                                                 
 MYJS                       I(4)            4     140            scalar   COM                                                 
 MYJS1                      I(4)            4     144            scalar   COM                                                 
 MYJS1_P1                   I(4)            4     184            scalar   COM                                                 
 MYJS1_P2                   I(4)            4     188            scalar   COM                                                 
 MYJS1_P3                   I(4)            4     192            scalar   COM                                                 
 MYJS1_P4                   I(4)            4     196            scalar   COM                                                 
 MYJS2                      I(4)            4     148            scalar   COM                                                 
 MYJS2_P1                   I(4)            4     200            scalar   COM                                                 
 MYJS2_P2                   I(4)            4     204            scalar   COM                                                 
 MYJS2_P3                   I(4)            4     208            scalar   COM                                                 
 MYJS2_P4                   I(4)            4     212            scalar   COM                                                 
 MYJS3                      I(4)            4     152            scalar   COM                                                 
 MYJS3_P4                   I(4)            4     216            scalar   COM                                                 
 MYJS4                      I(4)            4     156            scalar   COM                                                 
 MYJS4_P1                   I(4)            4     220            scalar   COM                                                 
 MYJS4_P4                   I(4)            4     224            scalar   COM                                                 
 MYJS5                      I(4)            4     160            scalar   COM                                                 
 MYJS5_P1                   I(4)            4     228            scalar   COM                                                 
 MYJS5_P2                   I(4)            4     232            scalar   COM                                                 
 MYJS_P1                    I(4)            4     164            scalar   COM                                                 
 MYJS_P2                    I(4)            4     168            scalar   COM                                                 
 MYJS_P3                    I(4)            4     172            scalar   COM                                                 
 MYJS_P4                    I(4)            4     176            scalar   COM                                                 
 MYJS_P5                    I(4)            4     180            scalar   COM                                                 
 MYPE                       I(4)            4     0              scalar   COM                                                 

Page 13          Source Listing                  MPI_FIRST
2022-02-15 16:37 Symbol Table                    MPI_FIRST.F

 Name                       Type            Bytes Offset   Dimen Elements Attributes       References                         
                                                                                                                              
 MY_E                       I(4)            4     336            scalar   COM                                                 
 MY_IED                     I(4)            4     24588          scalar   COM              773,780                            
 MY_IE_GLB                  I(4)            4     12             scalar   COM                                                 
 MY_IE_GLB_A                I(4)            4     12296    1     1024     COM              756,757                            
 MY_IE_LOC                  I(4)            4     28             scalar   COM                                                 
 MY_ISD                     I(4)            4     24584          scalar   COM              772,780                            
 MY_IS_GLB                  I(4)            4     8              scalar   COM                                                 
 MY_IS_GLB_A                I(4)            4     8200     1     1024     COM              755,756                            
 MY_IS_LOC                  I(4)            4     24             scalar   COM                                                 
 MY_JED                     I(4)            4     24596          scalar   COM              775,777,780                        
 MY_JE_GLB                  I(4)            4     20             scalar   COM                                                 
 MY_JE_GLB_A                I(4)            4     20488    1     1024     COM              760,761,775,783                    
 MY_JE_LOC                  I(4)            4     36             scalar   COM                                                 
 MY_JSD                     I(4)            4     24592          scalar   COM              774,776,780                        
 MY_JS_GLB                  I(4)            4     16             scalar   COM                                                 
 MY_JS_GLB_A                I(4)            4     16392    1     1024     COM              759,760,774,782                    
 MY_JS_LOC                  I(4)            4     32             scalar   COM                                                 
 MY_N                       I(4)            4     332            scalar   COM                                                 
 MY_NE                      I(4)            4     348            scalar   COM                                                 
 MY_NEB                     I(4)            4     364      1     8        COM                                                 
 MY_NW                      I(4)            4     360            scalar   COM                                                 
 MY_S                       I(4)            4     340            scalar   COM                                                 
 MY_SE                      I(4)            4     352            scalar   COM                                                 
 MY_SW                      I(4)            4     356            scalar   COM                                                 
 MY_W                       I(4)            4     344            scalar   COM                                                 
 NPES                       I(4)            4     4              scalar   COM              748                                
 NUM_PROCS                  I(4)            4     0              scalar   COM              701,705,708,713,729,730,792,806    
 TEMP1                      R(4)            4     0        2     91719    COM                                                 
 TEMP10                     R(4)            4     3301884  2     91719    COM                                                 
 TEMP11                     R(4)            4     3668760  2     91719    COM                                                 
 TEMP12                     R(4)            4     4035636  2     91719    COM                                                 
 TEMP13                     R(4)            4     4402512  2     91719    COM                                                 
 TEMP14                     R(4)            4     4769388  2     91719    COM                                                 
 TEMP15                     R(4)            4     5136264  2     91719    COM                                                 
 TEMP16                     R(4)            4     5503140  2     91719    COM                                                 
 TEMP2                      R(4)            4     366876   2     91719    COM                                                 
 TEMP2X                     R(4)            4     0        2     92971    COM                                                 
 TEMP3                      R(4)            4     733752   2     91719    COM                                                 
 TEMP4                      R(4)            4     1100628  2     91719    COM                                                 
 TEMP5                      R(4)            4     1467504  2     91719    COM                                                 
 TEMP6                      R(4)            4     1834380  2     91719    COM                                                 
 TEMP7                      R(4)            4     2201256  2     91719    COM                                                 
 TEMP8                      R(4)            4     2568132  2     91719    COM                                                 
 TEMP9                      R(4)            4     2935008  2     91719    COM                                                 
 TTVG                       R(4)            4     371884   2     92971    COM                                                 

Page 14          Source Listing                  MPI_FIRST
2022-02-15 16:37 Subprograms/Common Blocks       MPI_FIRST.F



SUBPROGRAMS/COMMON BLOCKS

 Name                       Object Declared Type            Bytes Dimen Elements Attributes       References                        
                                                                                                                                    
 GLB_TABLE                  Common 671                                  128      SAVE                                               
 MAPPINGS                   Common 690                                  5024     SAVE                                               
 MPIFCMB5                   Common 620                                  4        SAVE                                               
 MPIFCMB9                   Common 621                                  4        SAVE                                               
 MPIPRIV1                   Common 625                                  28       SAVE                                               
 MPIPRIV2                   Common 627                                  24       SAVE                                               
 MPIPRIVC                   Common 630                                  2        SAVE                                               
 MPI_FIRST                  Subr   2                                                                                                
 MPPCOM                     Common 635                                  1464     SAVE                                               
 PARA                       Common 63                                   24632    SAVE                                               
 TEMPCOM                    Common 676                                  6603768  SAVE                                               
 TOPO                       Common 684                                  17478548 SAVE                                               

COMPILER OPTIONS BEING USED

       -align noall                          -align nonone
       -align nocommons                      -align nodcommons
       -align noqcommons                     -align nozcommons
       -align records                        -align nosequence
       -align norec1byte                     -align norec2byte
       -align norec4byte                     -align norec8byte
       -align norec16byte                    -align norec32byte
       -align norec64byte                    -align noarray8byte
       -align noarray16byte                  -align noarray32byte
       -align noarray64byte                  -align noarray128byte
       -align noarray256byte                 -altparam
       -assume accuracy_sensitive            -assume nobscc
       -assume nobuffered_io                 -assume nobuffered_stdout
       -assume byterecl                      -assume nocontiguous_assumed_shape
       -assume nocontiguous_pointer          -assume nocc_omp
       -assume nocstring                     -assume nodummy_aliases
       -assume nofpe_summary                 -assume noieee_fpe_flags
       -assume nominus0                      -assume noold_boz
       -assume old_complex_align             -assume old_unit_star
       -assume old_inquire_recl              -assume old_ldout_format
       -assume old_ldout_zero                -assume noold_logical_assign
       -assume noold_logical_ldio            -assume old_maxminloc
       -assume old_xor                       -assume noprotect_allocates
       -assume protect_constants             -assume noprotect_parens
       -assume split_common                  -assume source_include
       -assume nostd_intent_in               -assume std_minus0_rounding
       -assume nostd_mod_proc_name           -assume std_value
       -assume realloc_lhs                   -assume underscore
       -assume no2underscores                -assume norecursion
  no   -auto                                 -auto_scalar
  no   -bintext                              -ccdefault default
       -check noarg_temp_created             -check noassume
       -check nobounds                       -check nocontiguous
       -check noformat                       -check nooutput_conversion
       -check nooverflow                     -check nopointers
       -check noshape                        -check nostack

Page 15          Source Listing                  MPI_FIRST
2022-02-15 16:37                                 MPI_FIRST.F

       -check nouninitialized                -check noudio_iostat
       -coarray-num-procs 0             no   -coarray-config-file
       -convert big_endian                   -cross_reference
       -D __INTEL_COMPILER=1910              -D __INTEL_COMPILER_UPDATE=3
       -D __unix__                           -D __unix
       -D __linux__                          -D __linux
       -D __gnu_linux__                      -D unix
       -D linux                              -D __ELF__
       -D __x86_64                           -D __x86_64__
       -D __amd64                            -D __amd64__
       -D __INTEL_COMPILER_BUILD_DATE=20200925       -D __INTEL_OFFLOAD
       -D __MMX__                            -D __SSE__
       -D __SSE_MATH__                       -D __SSE2__
       -D __SSE2_MATH__                      -D __SSE3__
       -D __SSSE3__                          -D __SSE4_1__
       -D __SSE4_2__                         -D __POPCNT__
       -D __PCLMUL__                         -D __AES__
       -D __AVX__                            -D __F16C__
       -D __AVX_I__                          -D __RDRND__
       -D __FMA__                            -D __FP_FAST_FMA
       -D __FP_FAST_FMAF                     -D __BMI__
       -D __LZCNT__                          -D __AVX2__
       -D __haswell                          -D __haswell__
       -D __tune_haswell__                   -D __core_avx2
       -D __core_avx2__                      -D __tune_core_avx2__
       -D __CRAY_X86_ROME                    -D __CRAYXT_COMPUTE_LINUX_TARGET
       -double_size 64                  no   -d_lines
  no   -Qdyncom                              -error_limit 30
  no   -f66                             no   -f77rtl
  no   -fast                                 -fpscomp nofilesfromcmd
       -fpscomp nogeneral                    -fpscomp noioformat
       -fpscomp noldio_spacing               -fpscomp nologicals
       -fixed                           no   -fpconstant
       -fpe3                                 -fprm nearest
  no   -ftz                                  -fp_model precise
       -fp_model nofast                      -fp_model nostrict
       -fp_model nosource                    -fp_model nodouble
       -fp_model noextended                  -fp_model novery_fast
       -fp_model noexcept                    -fp_model nono_except
       -fp_modbits nofp_contract             -fp_modbits nono_fp_contract
       -fp_modbits nofenv_access             -fp_modbits nono_fenv_access
       -fp_modbits nocx_limited_range        -fp_modbits nono_cx_limited_range
       -fp_modbits noprec_div                -fp_modbits nono_prec_div
       -fp_modbits noprec_sqrt               -fp_modbits nono_prec_sqrt
       -fp_modbits noftz                     -fp_modbits no_ftz
       -fp_modbits nointrin_limited_range       -fp_modbits nono_intrin_limited_range
       -fp_modbits notrunc_compares          -fp_modbits nono_trunc_compares
       -fp_modbits noieee_nan_compares       -fp_modbits nono_ieee_nan_compares
       -fp_modbits nohonor_f32_conversion       -fp_modbits nono_honor_f32_conversion
       -fp_modbits nohonor_f64_conversion       -fp_modbits nono_honor_f64_conversion
       -fp_modbits nono_x87_copy             -fp_modbits nono_no_x87_copy
       -fp_modbits noexception_semantics       -fp_modbits nono_exception_semantics
       -fp_modbits noprecise_libm_functions       -fp_modbits nono_precise_libm_functions
       -heap_arrays 0                   no   -threadprivate_compat
       -g2                                   -iface nomixed_str_len_arg
       -iface nono_mixed_str_len_arg         -init noarrays
       -init nohuge                          -init noinfinity

Page 16          Source Listing                  MPI_FIRST
2022-02-15 16:37                                 MPI_FIRST.F

       -init nominus_huge                    -init nominus_infinity
       -init nominus_tiny                    -init nonan
       -init nosnan                          -init notiny
       -init nozero                     no   -intconstant
       -integer_size 32                 no   -mixed_str_len_arg
  no   -module                               -names lowercase
  no   -noinclude                       no   -o
       -offload-build=host                   -openmp-simd
       -O2                              no   -pad_source
       -real_size 32                    no   -recursive
       -reentrancy threaded                  -vec=simd
       -show nofullpath                      -show noinclude
       -show map                             -show options
  no   -syntax_only                     no   -threadcom
  no   -U                               no   -vms
       -w noall                              -w nonone
       -w alignments                         -w nodeclarations
       -w noexternals                        -w general
       -w noignore_bounds                    -w noignore_loc
       -w nointerfaces                       -w noshape
       -w notruncated_source                 -w uncalled
       -w uninitialized                      -w nounused
       -w usage                         no   -wrap-margins

       -includepath : /pe/intel/compilers_and_libraries_2020.4.304/linux/pstl/include/,/pe/intel/compilers_and_libraries_2020.4.304/linux/compiler/include/,
           .f90,./.f90,/opt/cray/pe/mpich/8.1.9/ofi/intel/19.0/include/.f90,/pe/intel/compilers_and_libraries_2020.4.304/linux/ipp/include/.f90,
           /pe/intel/compilers_and_libraries_2020.4.304/linux/mkl/include/.f90,/pe/intel/compilers_and_libraries_2020.4.304/linux/pstl/include/.f90,
           /pe/intel/compilers_and_libraries_2020.4.304/linux/pstl/stdlib/.f90,/pe/intel/compilers_and_libraries_2020.4.304/linux/tbb/include/.f90,
           /pe/intel/compilers_and_libraries_2020.4.304/linux/compiler/include/intel64/.f90,/pe/intel/compilers_and_libraries_2020.4.304/linux/compiler/include/icc/.f90,
           /pe/intel/compilers_and_libraries_2020.4.304/linux/compiler/include/.f90,/usr/lib64/gcc/x86_64-suse-linux/7/include/.f90,
           /usr/lib64/gcc/x86_64-suse-linux/7/include-fixed/.f90,/usr/include/.f90,/usr/include/.f90,/usr/include/.f90
       -list filename : MPI_FIRST.lst
  no   -o

COMPILER: Intel(R) Fortran 19.1-1655
