Page 1           Source Listing                  VDIFV
2022-02-15 16:37                                 /tmp/iforttIhqYh.i

      1 # 1 "VDIFV.F"
      2 C&&&&&&&&&&&&&&&&&&&&&&&&&&&&&&&&&&&&&&&&&&&&&&&&&&&&&&&&&&&&&&&&&&&&&&&
      3       SUBROUTINE VDIFV(LMVK,KTM,DTQ2,UZ0,VZ0,AKMS,U,V,AKM,Z)
      4 C     ******************************************************************
      5 C     *                                                                *
      6 C     *  VERTICAL DIFFUSION                                            *
      7 C     *                                                                *
      8 C     ******************************************************************
      9 C-----------------------------------------------------------------------
     10       INCLUDE "parmeta"
     33       INCLUDE "mpp.h"
     34 # 1 "./sp.h" 1 
     35 # 4
     36 
     37 # 12 "VDIFV.F" 2 
     38 C-----------------------------------------------------------------------
     97                              P A R A M E T E R
     98      &(LP1=LM+1,LM1=LM-1)
     99 C-----------------------------------------------------------------------
    100                              D I M E N S I O N
    101      & U     (LM),V     (LM)
    102                              D I M E N S I O N
    103      & AKM   (LM1)
    104      &,Z     (LP1)
    105                              D I M E N S I O N
    106      & CM    (LM1),CR    (LM1),RSU   (LM1),RSV   (LM1)
    107      &,DTOZ  (LM1)
    108 C-----------------------------------------------------------------------
    109 C***********************************************************************
    110       DTDIF=DTQ2/FLOAT(KTM)
    111       LMVM=LMVK-1
    112       LMVP=LMVK+1
    113 C-----------------------------------------------------------------------
    114                              DO 300 KT=1,KTM
    115 C-----------------------------------------------------------------------
    116           DO 100 L=1,LMVM
    117       DTOZ(L)=DTDIF/(Z(L)-Z(L+1))
    118       CR(L)=-DTOZ(L)*AKM(L)
    119  100  CONTINUE
    120 C
    121       CM(1)=DTOZ(1)*AKM(1)+1.
    122       RSU(1)=U(1)
    123       RSV(1)=V(1)
    124 C-----------------------------------------------------------------------
    125           DO 110 L=2,LMVM
    126       DTOZL=DTOZ(L)
    127       CF=-DTOZL*AKM(L-1)/CM(L-1)
    128       CM(L)=-CR(L-1)*CF+(AKM(L-1)+AKM(L))*DTOZL+1.
    129       RSU(L)=-RSU(L-1)*CF+U(L)
    130       RSV(L)=-RSV(L-1)*CF+V(L)
    131  110  CONTINUE
    132 C-----------------------------------------------------------------------
    133       DTOZS=DTDIF/(Z(LMVK)-Z(LMVP))
    134       AKMH=AKM(LMVM)
    135 C
    136       CF=-DTOZS*AKMH/CM(LMVM)
    137       RCMVB=1./((AKMH+AKMS)*DTOZS-CR(LMVM)*CF+1.)

Page 2           Source Listing                  VDIFV
2022-02-15 16:37                                 VDIFV.F

    138       DTOZAK=DTOZS*AKMS
    139 C-----------------------------------------------------------------------
    140       U(LMVK)=(DTOZAK*UZ0-RSU(LMVM)*CF+U(LMVK))*RCMVB
    141       V(LMVK)=(DTOZAK*VZ0-RSV(LMVM)*CF+V(LMVK))*RCMVB
    142 C-----------------------------------------------------------------------
    143           DO 120 IVI=1,LMVM
    144       L=LMVK-IVI
    145       RCML=1./CM(L)
    146       U(L)=(-CR(L)*U(L+1)+RSU(L))*RCML
    147       V(L)=(-CR(L)*V(L+1)+RSV(L))*RCML
    148  120  CONTINUE
    149 C-----------------------------------------------------------------------
    150  300                         CONTINUE
    151 C-----------------------------------------------------------------------
    152                              RETURN
    153                              END


ENTRY POINTS

  Name              
                    
 vdifv_             


SYMBOL CROSS REFERENCE

 Name                       Object Declared Type            Bytes Dimen Elements Attributes       References                        
                                                                                                                                    
 100                        Label  119                                                            116                               
 110                        Label  131                                                            125                               
 120                        Label  148                                                            143                               
 300                        Label  150                                                            114                               
 AKM                        Dummy  3        R(4)            4     1     44       ARG,INOUT        118,121,127,128,134               
 AKMH                       Local  134      R(4)            4           scalar                    134,136,137                       
 AKMS                       Dummy  3        R(4)            4           scalar   ARG,INOUT        137,138                           
 CF                         Local  127      R(4)            4           scalar                    127,128,129,130,136,137,140,141   
 CM                         Local  106      R(4)            4     1     44                        121,127,128,136,145               
 CR                         Local  106      R(4)            4     1     44                        118,128,137,146,147               
 DTDIF                      Local  110      R(4)            4           scalar                    110,117,133                       
 DTOZ                       Local  107      R(4)            4     1     44                        117,118,121,126                   
 DTOZAK                     Local  138      R(4)            4           scalar                    138,140,141                       
 DTOZL                      Local  126      R(4)            4           scalar                    126,127,128                       
 DTOZS                      Local  133      R(4)            4           scalar                    133,136,137,138                   
 DTQ2                       Dummy  3        R(4)            4           scalar   ARG,INOUT        110                               
 FLOAT                      Func   110                                  scalar                    110                               
 GLB_TABLE                  Common 75                                   128      SAVE                                               
 IDIM1                      Param  29       I(4)            4           scalar                                                      
 IDIM2                      Param  29       I(4)            4           scalar                                                      
 IGSTL                      Param  24       I(4)            4           scalar                    29                                
 IGSTR                      Param  24       I(4)            4           scalar                    29                                
 IM                         Param  13       I(4)            4           scalar                    26,29,81,82,83,84,85,89,90,95     
 INPES                      Param  21       I(4)            4           scalar                    26,29,65,66,67,76,77              
 ITAIL                      Param  26       I(4)            4           scalar                                                      
 IVI                        Local  143      I(4)            4           scalar                    143,144                           
 JDIM1                      Param  30       I(4)            4           scalar                                                      
 JDIM2                      Param  30       I(4)            4           scalar                                                      

Page 3           Source Listing                  VDIFV
2022-02-15 16:37 Symbol Table                    VDIFV.F

 Name                       Object Declared Type            Bytes Dimen Elements Attributes       References                        
                                                                                                                                    
 JGSTL                      Param  25       I(4)            4           scalar                    30                                
 JGSTR                      Param  25       I(4)            4           scalar                    30                                
 JM                         Param  13       I(4)            4           scalar                    27,30,81,82,83,84,85,89,90,95     
 JNPES                      Param  21       I(4)            4           scalar                    27,30,65,66,67,76,77              
 JTAIL                      Param  27       I(4)            4           scalar                                                      
 KT                         Local  114      I(4)            4           scalar                    114                               
 KTM                        Dummy  3        I(4)            4           scalar   ARG,INOUT        110,114                           
 L                          Local  116      I(4)            4           scalar                    116,117,118,125,126,127,128,129,13
                                                                                                  0,144,145,146,147                 
 LM                         Param  13       I(4)            4           scalar                    90,98,101                         
 LM1                        Param  98       I(4)            4           scalar                    103,106,107                       
 LMVK                       Dummy  3        I(4)            4           scalar   ARG,INOUT        111,112,133,140,141,144           
 LMVM                       Local  111      I(4)            4           scalar                    111,116,125,134,136,137,140,141,14
                                                                                                  3                                 
 LMVP                       Local  112      I(4)            4           scalar                    112,133                           
 LP1                        Param  98       I(4)            4           scalar                    104                               
 LSM                        Param  13       I(4)            4           scalar                                                      
 MAPPINGS                   Common 94                                   5024     SAVE                                               
 MPPCOM                     Common 39                                   1464     SAVE                                               
 RCML                       Local  145      R(4)            4           scalar                    145,146,147                       
 RCMVB                      Local  137      R(4)            4           scalar                    137,140,141                       
 RSU                        Local  106      R(4)            4     1     44                        122,129,140,146                   
 RSV                        Local  106      R(4)            4     1     44                        123,130,141,147                   
 TEMPCOM                    Common 80                                   6603768  SAVE                                               
 TOPO                       Common 88                                   17478548 SAVE                                               
 U                          Dummy  3        R(4)            4     1     45       ARG,INOUT        122,129,140,146                   
 UZ0                        Dummy  3        R(4)            4           scalar   ARG,INOUT        140                               
 V                          Dummy  3        R(4)            4     1     45       ARG,INOUT        123,130,141,147                   
 VDIFV                      Subr   3                                                                                                
 VZ0                        Dummy  3        R(4)            4           scalar   ARG,INOUT        141                               
 Z                          Dummy  3        R(4)            4     1     46       ARG,INOUT        117,133                           


TYPE COMPONENTS/COMMON VARIABLES

 Name                       Type            Bytes Offset   Dimen Elements Attributes       References                         
                                                                                                                              
 G2LI                       I(4)            4     0        1     239      COM                                                 
 G2LJ                       I(4)            4     1912     1     389      COM                                                 
 HTMG                       R(4)            4     743768   3     4183695  COM                                                 
 IBROW                      I(4)            4     404            scalar   COM                                                 
 ICHUNKTAB                  I(4)            4     620      1     8        COM                                                 
 IE_GLB_TABLE               I(4)            4     32       1     8        COM                                                 
 IE_LOC_TABLE               I(4)            4     556      1     8        COM                                                 
 ILCOL                      I(4)            4     396            scalar   COM                                                 
 ILPAD1                     I(4)            4     412            scalar   COM                                                 
 ILPAD2                     I(4)            4     416            scalar   COM                                                 
 ILPAD3                     I(4)            4     420            scalar   COM                                                 
 ILPAD4                     I(4)            4     424            scalar   COM                                                 
 ILPAD5                     I(4)            4     428            scalar   COM                                                 
 INUMQ                      I(4)            4     1064     1     100      COM                                                 
 IQUILT_GROUP               I(4)            4     1060           scalar   COM                                                 
 IRCOL                      I(4)            4     400            scalar   COM                                                 
 IRPAD1                     I(4)            4     432            scalar   COM                                                 
 IRPAD2                     I(4)            4     436            scalar   COM                                                 

Page 4           Source Listing                  VDIFV
2022-02-15 16:37 Symbol Table                    VDIFV.F

 Name                       Type            Bytes Offset   Dimen Elements Attributes       References                         
                                                                                                                              
 IRPAD3                     I(4)            4     440            scalar   COM                                                 
 IRPAD4                     I(4)            4     444            scalar   COM                                                 
 IRPAD5                     I(4)            4     448            scalar   COM                                                 
 IS_GLB_TABLE               I(4)            4     0        1     8        COM                                                 
 IS_LOC_TABLE               I(4)            4     492      1     8        COM                                                 
 ITEMP                      I(4)            4     5870016  2     91719    COM                                                 
 ITEMP2                     I(4)            4     6236892  2     91719    COM                                                 
 ITROW                      I(4)            4     408            scalar   COM                                                 
 JBPAD1                     I(4)            4     452            scalar   COM                                                 
 JBPAD2                     I(4)            4     456            scalar   COM                                                 
 JBPAD3                     I(4)            4     460            scalar   COM                                                 
 JBPAD4                     I(4)            4     464            scalar   COM                                                 
 JBPAD5                     I(4)            4     468            scalar   COM                                                 
 JE_GLB_TABLE               I(4)            4     96       1     8        COM                                                 
 JE_LOC_TABLE               I(4)            4     588      1     8        COM                                                 
 JS_GLB_TABLE               I(4)            4     64       1     8        COM                                                 
 JS_LOC_TABLE               I(4)            4     524      1     8        COM                                                 
 JTPAD1                     I(4)            4     472            scalar   COM                                                 
 JTPAD2                     I(4)            4     476            scalar   COM                                                 
 JTPAD3                     I(4)            4     480            scalar   COM                                                 
 JTPAD4                     I(4)            4     484            scalar   COM                                                 
 JTPAD5                     I(4)            4     488            scalar   COM                                                 
 L2GI                       I(4)            4     956      1     239      COM                                                 
 L2GJ                       I(4)            4     3468     1     389      COM                                                 
 MPI_COMM_COMP              I(4)            4     652            scalar   COM                                                 
 MPI_COMM_INTER             I(4)            4     656            scalar   COM                                                 
 MPI_COMM_INTER_ARRAY       I(4)            4     660      1     100      COM                                                 
 MYIE                       I(4)            4     52             scalar   COM                                                 
 MYIE1                      I(4)            4     56             scalar   COM                                                 
 MYIE1_P1                   I(4)            4     120            scalar   COM                                                 
 MYIE1_P2                   I(4)            4     124            scalar   COM                                                 
 MYIE1_P3                   I(4)            4     128            scalar   COM                                                 
 MYIE1_P4                   I(4)            4     132            scalar   COM                                                 
 MYIE2                      I(4)            4     60             scalar   COM                                                 
 MYIE2_P1                   I(4)            4     136            scalar   COM                                                 
 MYIE_P1                    I(4)            4     100            scalar   COM                                                 
 MYIE_P2                    I(4)            4     104            scalar   COM                                                 
 MYIE_P3                    I(4)            4     108            scalar   COM                                                 
 MYIE_P4                    I(4)            4     112            scalar   COM                                                 
 MYIE_P5                    I(4)            4     116            scalar   COM                                                 
 MYIS                       I(4)            4     40             scalar   COM                                                 
 MYIS1                      I(4)            4     44             scalar   COM                                                 
 MYIS1_P1                   I(4)            4     84             scalar   COM                                                 
 MYIS1_P2                   I(4)            4     88             scalar   COM                                                 
 MYIS1_P3                   I(4)            4     92             scalar   COM                                                 
 MYIS1_P4                   I(4)            4     96             scalar   COM                                                 
 MYIS2                      I(4)            4     48             scalar   COM                                                 
 MYIS_P1                    I(4)            4     64             scalar   COM                                                 
 MYIS_P2                    I(4)            4     68             scalar   COM                                                 
 MYIS_P3                    I(4)            4     72             scalar   COM                                                 
 MYIS_P4                    I(4)            4     76             scalar   COM                                                 
 MYIS_P5                    I(4)            4     80             scalar   COM                                                 
 MYJE                       I(4)            4     236            scalar   COM                                                 
 MYJE1                      I(4)            4     240            scalar   COM                                                 
 MYJE1_P1                   I(4)            4     280            scalar   COM                                                 

Page 5           Source Listing                  VDIFV
2022-02-15 16:37 Symbol Table                    VDIFV.F

 Name                       Type            Bytes Offset   Dimen Elements Attributes       References                         
                                                                                                                              
 MYJE1_P2                   I(4)            4     284            scalar   COM                                                 
 MYJE1_P3                   I(4)            4     288            scalar   COM                                                 
 MYJE1_P4                   I(4)            4     292            scalar   COM                                                 
 MYJE2                      I(4)            4     244            scalar   COM                                                 
 MYJE2_P1                   I(4)            4     296            scalar   COM                                                 
 MYJE2_P2                   I(4)            4     300            scalar   COM                                                 
 MYJE2_P3                   I(4)            4     304            scalar   COM                                                 
 MYJE2_P4                   I(4)            4     308            scalar   COM                                                 
 MYJE3                      I(4)            4     248            scalar   COM                                                 
 MYJE3_P4                   I(4)            4     312            scalar   COM                                                 
 MYJE4                      I(4)            4     252            scalar   COM                                                 
 MYJE4_P1                   I(4)            4     316            scalar   COM                                                 
 MYJE4_P4                   I(4)            4     320            scalar   COM                                                 
 MYJE5                      I(4)            4     256            scalar   COM                                                 
 MYJE5_P1                   I(4)            4     324            scalar   COM                                                 
 MYJE5_P2                   I(4)            4     328            scalar   COM                                                 
 MYJE_P1                    I(4)            4     260            scalar   COM                                                 
 MYJE_P2                    I(4)            4     264            scalar   COM                                                 
 MYJE_P3                    I(4)            4     268            scalar   COM                                                 
 MYJE_P4                    I(4)            4     272            scalar   COM                                                 
 MYJE_P5                    I(4)            4     276            scalar   COM                                                 
 MYJS                       I(4)            4     140            scalar   COM                                                 
 MYJS1                      I(4)            4     144            scalar   COM                                                 
 MYJS1_P1                   I(4)            4     184            scalar   COM                                                 
 MYJS1_P2                   I(4)            4     188            scalar   COM                                                 
 MYJS1_P3                   I(4)            4     192            scalar   COM                                                 
 MYJS1_P4                   I(4)            4     196            scalar   COM                                                 
 MYJS2                      I(4)            4     148            scalar   COM                                                 
 MYJS2_P1                   I(4)            4     200            scalar   COM                                                 
 MYJS2_P2                   I(4)            4     204            scalar   COM                                                 
 MYJS2_P3                   I(4)            4     208            scalar   COM                                                 
 MYJS2_P4                   I(4)            4     212            scalar   COM                                                 
 MYJS3                      I(4)            4     152            scalar   COM                                                 
 MYJS3_P4                   I(4)            4     216            scalar   COM                                                 
 MYJS4                      I(4)            4     156            scalar   COM                                                 
 MYJS4_P1                   I(4)            4     220            scalar   COM                                                 
 MYJS4_P4                   I(4)            4     224            scalar   COM                                                 
 MYJS5                      I(4)            4     160            scalar   COM                                                 
 MYJS5_P1                   I(4)            4     228            scalar   COM                                                 
 MYJS5_P2                   I(4)            4     232            scalar   COM                                                 
 MYJS_P1                    I(4)            4     164            scalar   COM                                                 
 MYJS_P2                    I(4)            4     168            scalar   COM                                                 
 MYJS_P3                    I(4)            4     172            scalar   COM                                                 
 MYJS_P4                    I(4)            4     176            scalar   COM                                                 
 MYJS_P5                    I(4)            4     180            scalar   COM                                                 
 MYPE                       I(4)            4     0              scalar   COM                                                 
 MY_E                       I(4)            4     336            scalar   COM                                                 
 MY_IE_GLB                  I(4)            4     12             scalar   COM                                                 
 MY_IE_LOC                  I(4)            4     28             scalar   COM                                                 
 MY_IS_GLB                  I(4)            4     8              scalar   COM                                                 
 MY_IS_LOC                  I(4)            4     24             scalar   COM                                                 
 MY_JE_GLB                  I(4)            4     20             scalar   COM                                                 
 MY_JE_LOC                  I(4)            4     36             scalar   COM                                                 
 MY_JS_GLB                  I(4)            4     16             scalar   COM                                                 
 MY_JS_LOC                  I(4)            4     32             scalar   COM                                                 

Page 6           Source Listing                  VDIFV
2022-02-15 16:37 Symbol Table                    VDIFV.F

 Name                       Type            Bytes Offset   Dimen Elements Attributes       References                         
                                                                                                                              
 MY_N                       I(4)            4     332            scalar   COM                                                 
 MY_NE                      I(4)            4     348            scalar   COM                                                 
 MY_NEB                     I(4)            4     364      1     8        COM                                                 
 MY_NW                      I(4)            4     360            scalar   COM                                                 
 MY_S                       I(4)            4     340            scalar   COM                                                 
 MY_SE                      I(4)            4     352            scalar   COM                                                 
 MY_SW                      I(4)            4     356            scalar   COM                                                 
 MY_W                       I(4)            4     344            scalar   COM                                                 
 NPES                       I(4)            4     4              scalar   COM                                                 
 TEMP1                      R(4)            4     0        2     91719    COM                                                 
 TEMP10                     R(4)            4     3301884  2     91719    COM                                                 
 TEMP11                     R(4)            4     3668760  2     91719    COM                                                 
 TEMP12                     R(4)            4     4035636  2     91719    COM                                                 
 TEMP13                     R(4)            4     4402512  2     91719    COM                                                 
 TEMP14                     R(4)            4     4769388  2     91719    COM                                                 
 TEMP15                     R(4)            4     5136264  2     91719    COM                                                 
 TEMP16                     R(4)            4     5503140  2     91719    COM                                                 
 TEMP2                      R(4)            4     366876   2     91719    COM                                                 
 TEMP2X                     R(4)            4     0        2     92971    COM                                                 
 TEMP3                      R(4)            4     733752   2     91719    COM                                                 
 TEMP4                      R(4)            4     1100628  2     91719    COM                                                 
 TEMP5                      R(4)            4     1467504  2     91719    COM                                                 
 TEMP6                      R(4)            4     1834380  2     91719    COM                                                 
 TEMP7                      R(4)            4     2201256  2     91719    COM                                                 
 TEMP8                      R(4)            4     2568132  2     91719    COM                                                 
 TEMP9                      R(4)            4     2935008  2     91719    COM                                                 
 TTVG                       R(4)            4     371884   2     92971    COM                                                 

Page 7           Source Listing                  VDIFV
2022-02-15 16:37                                 VDIFV.F

    154 
    155 

Page 8           Source Listing                  VDIFV
2022-02-15 16:37 Subprograms/Common Blocks       VDIFV.F



SUBPROGRAMS/COMMON BLOCKS

 Name                       Object Declared Type            Bytes Dimen Elements Attributes       References                        
                                                                                                                                    
 GLB_TABLE                  Common 75                                   128      SAVE                                               
 MAPPINGS                   Common 94                                   5024     SAVE                                               
 MPPCOM                     Common 39                                   1464     SAVE                                               
 TEMPCOM                    Common 80                                   6603768  SAVE                                               
 TOPO                       Common 88                                   17478548 SAVE                                               
 VDIFV                      Subr   3                                                                                                

COMPILER OPTIONS BEING USED

       -align noall                          -align nonone
       -align nocommons                      -align nodcommons
       -align noqcommons                     -align nozcommons
       -align records                        -align nosequence
       -align norec1byte                     -align norec2byte
       -align norec4byte                     -align norec8byte
       -align norec16byte                    -align norec32byte
       -align norec64byte                    -align noarray8byte
       -align noarray16byte                  -align noarray32byte
       -align noarray64byte                  -align noarray128byte
       -align noarray256byte                 -altparam
       -assume accuracy_sensitive            -assume nobscc
       -assume nobuffered_io                 -assume nobuffered_stdout
       -assume byterecl                      -assume nocontiguous_assumed_shape
       -assume nocontiguous_pointer          -assume nocc_omp
       -assume nocstring                     -assume nodummy_aliases
       -assume nofpe_summary                 -assume noieee_fpe_flags
       -assume nominus0                      -assume noold_boz
       -assume old_complex_align             -assume old_unit_star
       -assume old_inquire_recl              -assume old_ldout_format
       -assume old_ldout_zero                -assume noold_logical_assign
       -assume noold_logical_ldio            -assume old_maxminloc
       -assume old_xor                       -assume noprotect_allocates
       -assume protect_constants             -assume noprotect_parens
       -assume split_common                  -assume source_include
       -assume nostd_intent_in               -assume std_minus0_rounding
       -assume nostd_mod_proc_name           -assume std_value
       -assume realloc_lhs                   -assume underscore
       -assume no2underscores                -assume norecursion
  no   -auto                                 -auto_scalar
  no   -bintext                              -ccdefault default
       -check noarg_temp_created             -check noassume
       -check nobounds                       -check nocontiguous
       -check noformat                       -check nooutput_conversion
       -check nooverflow                     -check nopointers
       -check noshape                        -check nostack
       -check nouninitialized                -check noudio_iostat
       -coarray-num-procs 0             no   -coarray-config-file
       -convert big_endian                   -cross_reference
       -D __INTEL_COMPILER=1910              -D __INTEL_COMPILER_UPDATE=3
       -D __unix__                           -D __unix
       -D __linux__                          -D __linux

Page 9           Source Listing                  VDIFV
2022-02-15 16:37                                 VDIFV.F

       -D __gnu_linux__                      -D unix
       -D linux                              -D __ELF__
       -D __x86_64                           -D __x86_64__
       -D __amd64                            -D __amd64__
       -D __INTEL_COMPILER_BUILD_DATE=20200925       -D __INTEL_OFFLOAD
       -D __MMX__                            -D __SSE__
       -D __SSE_MATH__                       -D __SSE2__
       -D __SSE2_MATH__                      -D __SSE3__
       -D __SSSE3__                          -D __SSE4_1__
       -D __SSE4_2__                         -D __POPCNT__
       -D __PCLMUL__                         -D __AES__
       -D __AVX__                            -D __F16C__
       -D __AVX_I__                          -D __RDRND__
       -D __FMA__                            -D __FP_FAST_FMA
       -D __FP_FAST_FMAF                     -D __BMI__
       -D __LZCNT__                          -D __AVX2__
       -D __haswell                          -D __haswell__
       -D __tune_haswell__                   -D __core_avx2
       -D __core_avx2__                      -D __tune_core_avx2__
       -D __CRAY_X86_ROME                    -D __CRAYXT_COMPUTE_LINUX_TARGET
       -double_size 64                  no   -d_lines
  no   -Qdyncom                              -error_limit 30
  no   -f66                             no   -f77rtl
  no   -fast                                 -fpscomp nofilesfromcmd
       -fpscomp nogeneral                    -fpscomp noioformat
       -fpscomp noldio_spacing               -fpscomp nologicals
       -fixed                           no   -fpconstant
       -fpe3                                 -fprm nearest
  no   -ftz                                  -fp_model precise
       -fp_model nofast                      -fp_model nostrict
       -fp_model nosource                    -fp_model nodouble
       -fp_model noextended                  -fp_model novery_fast
       -fp_model noexcept                    -fp_model nono_except
       -fp_modbits nofp_contract             -fp_modbits nono_fp_contract
       -fp_modbits nofenv_access             -fp_modbits nono_fenv_access
       -fp_modbits nocx_limited_range        -fp_modbits nono_cx_limited_range
       -fp_modbits noprec_div                -fp_modbits nono_prec_div
       -fp_modbits noprec_sqrt               -fp_modbits nono_prec_sqrt
       -fp_modbits noftz                     -fp_modbits no_ftz
       -fp_modbits nointrin_limited_range       -fp_modbits nono_intrin_limited_range
       -fp_modbits notrunc_compares          -fp_modbits nono_trunc_compares
       -fp_modbits noieee_nan_compares       -fp_modbits nono_ieee_nan_compares
       -fp_modbits nohonor_f32_conversion       -fp_modbits nono_honor_f32_conversion
       -fp_modbits nohonor_f64_conversion       -fp_modbits nono_honor_f64_conversion
       -fp_modbits nono_x87_copy             -fp_modbits nono_no_x87_copy
       -fp_modbits noexception_semantics       -fp_modbits nono_exception_semantics
       -fp_modbits noprecise_libm_functions       -fp_modbits nono_precise_libm_functions
       -heap_arrays 0                   no   -threadprivate_compat
       -g2                                   -iface nomixed_str_len_arg
       -iface nono_mixed_str_len_arg         -init noarrays
       -init nohuge                          -init noinfinity
       -init nominus_huge                    -init nominus_infinity
       -init nominus_tiny                    -init nonan
       -init nosnan                          -init notiny
       -init nozero                     no   -intconstant
       -integer_size 32                 no   -mixed_str_len_arg
  no   -module                               -names lowercase

Page 10          Source Listing                  VDIFV
2022-02-15 16:37                                 VDIFV.F

  no   -noinclude                       no   -o
       -offload-build=host                   -openmp-simd
       -O2                              no   -pad_source
       -real_size 32                    no   -recursive
       -reentrancy threaded                  -vec=simd
       -show nofullpath                      -show noinclude
       -show map                             -show options
  no   -syntax_only                     no   -threadcom
  no   -U                               no   -vms
       -w noall                              -w nonone
       -w alignments                         -w nodeclarations
       -w noexternals                        -w general
       -w noignore_bounds                    -w noignore_loc
       -w nointerfaces                       -w noshape
       -w notruncated_source                 -w uncalled
       -w uninitialized                      -w nounused
       -w usage                         no   -wrap-margins

       -includepath : /pe/intel/compilers_and_libraries_2020.4.304/linux/pstl/include/,/pe/intel/compilers_and_libraries_2020.4.304/linux/compiler/include/,
           .f90,./.f90,/opt/cray/pe/mpich/8.1.9/ofi/intel/19.0/include/.f90,/pe/intel/compilers_and_libraries_2020.4.304/linux/ipp/include/.f90,
           /pe/intel/compilers_and_libraries_2020.4.304/linux/mkl/include/.f90,/pe/intel/compilers_and_libraries_2020.4.304/linux/pstl/include/.f90,
           /pe/intel/compilers_and_libraries_2020.4.304/linux/pstl/stdlib/.f90,/pe/intel/compilers_and_libraries_2020.4.304/linux/tbb/include/.f90,
           /pe/intel/compilers_and_libraries_2020.4.304/linux/compiler/include/intel64/.f90,/pe/intel/compilers_and_libraries_2020.4.304/linux/compiler/include/icc/.f90,
           /pe/intel/compilers_and_libraries_2020.4.304/linux/compiler/include/.f90,/usr/lib64/gcc/x86_64-suse-linux/7/include/.f90,
           /usr/lib64/gcc/x86_64-suse-linux/7/include-fixed/.f90,/usr/include/.f90,/usr/include/.f90,/usr/include/.f90
       -list filename : VDIFV.lst
  no   -o

COMPILER: Intel(R) Fortran 19.1-1655
